2018-04-04 10:55:59,646 INFO  DownloadService - Downloading "https://github.com/DreaminginCodeZH/PatternLock/archive/master.zip", attempt 3
2018-04-04 10:57:00,092 INFO  GithubDownloadService - Could not find ZIP archive for master branch
2018-04-04 10:57:00,804 INFO  GithubDownloadService - Default branch of this repository: master
2018-04-04 10:57:00,804 INFO  DownloadService - Downloading "https://github.com/DreaminginCodeZH/PatternLock/archive/master.zip", attempt 3
2018-04-04 10:58:02,172 DEBUG FullProcessService - Repository https://github.com/DreaminginCodeZH/PatternLock available: true
2018-04-04 10:58:02,172 INFO  FullProcessService - Could not download ZIP file from Github, lets clone it
2018-04-04 10:58:02,172 INFO  SysUtils - Execute command: [git, clone, -q, --single-branch, --depth, 1, https://github.com/DreaminginCodeZH/PatternLock, /tmp/rdisk/1790/src]
2018-04-04 10:58:06,869 INFO  SysUtils - 
2018-04-04 10:58:06,874 INFO  GitService - Deleted "/tmp/rdisk/1790/src/.git": true
2018-04-04 10:58:06,877 INFO  FullProcessService - Size of directory with sources: 366 KB
2018-04-04 10:58:06,877 INFO  SysUtils - Execute command: [git, init, /tmp/rdisk/1790/src]
2018-04-04 10:58:06,881 INFO  SysUtils - Initialized empty Git repository in /tmp/rdisk/1790/src/.git/

2018-04-04 10:58:06,884 INFO  ProjectBuildService - Gradle wrapper(s): /tmp/rdisk/1790/src/gradlew
2018-04-04 10:58:06,887 INFO  ProjectBuildService - Build script(s): /tmp/rdisk/1790/src/library/build.gradle /tmp/rdisk/1790/src/sample/build.gradle /tmp/rdisk/1790/src/build.gradle
2018-04-04 10:58:06,889 INFO  ProjectBuildService - All script(s): /tmp/rdisk/1790/src/settings.gradle /tmp/rdisk/1790/src/sample/build.gradle /tmp/rdisk/1790/src/library/build.gradle /tmp/rdisk/1790/src/gradle-mvn-push.gradle /tmp/rdisk/1790/src/build.gradle
2018-04-04 10:58:06,889 INFO  ProjectBuildService - Remote scripts: none
2018-04-04 10:58:06,889 INFO  ProjectFixService - Fixing project...
2018-04-04 10:58:06,897 INFO  LocalPropertiesFixService - Created fake /tmp/rdisk/1790/src/library/local.properties
2018-04-04 10:58:06,900 INFO  ProjectFixService - Build info for "/tmp/rdisk/1790/src/library/build.gradle": [buildToolsVersion=<null>,compileSdkVersion=<null>,minSdkVersion=<null>,targetSdkVersion=<null>]
2018-04-04 10:58:06,900 INFO  ProjectFixService - Fixed build info for "/tmp/rdisk/1790/src/library/build.gradle": [buildToolsVersion=28.0.0-rc1,compileSdkVersion=27,minSdkVersion=27,targetSdkVersion=27]
2018-04-04 10:58:06,901 INFO  LocalPropertiesFixService - Created fake /tmp/rdisk/1790/src/sample/local.properties
2018-04-04 10:58:06,904 INFO  ProjectFixService - Build info for "/tmp/rdisk/1790/src/sample/build.gradle": [buildToolsVersion=<null>,compileSdkVersion=<null>,minSdkVersion=<null>,targetSdkVersion=<null>]
2018-04-04 10:58:06,904 INFO  ProjectFixService - Fixed build info for "/tmp/rdisk/1790/src/sample/build.gradle": [buildToolsVersion=28.0.0-rc1,compileSdkVersion=27,minSdkVersion=27,targetSdkVersion=27]
2018-04-04 10:58:06,905 INFO  LocalPropertiesFixService - Created fake /tmp/rdisk/1790/src/local.properties
2018-04-04 10:58:06,905 INFO  WrapperPropertiesFixService - Gradle wrapper: https://services.gradle.org/distributions/gradle-3.3-all.zip
2018-04-04 10:58:06,905 INFO  WrapperPropertiesFixService - Gradle wrapper was changed from "-all.zip" to "-bin.zip" (https://services.gradle.org/distributions/gradle-3.3-bin.zip)
2018-04-04 10:58:06,908 INFO  ProjectFixService - Build info for "/tmp/rdisk/1790/src/build.gradle": [buildToolsVersion=<null>,compileSdkVersion=<null>,minSdkVersion=<null>,targetSdkVersion=<null>]
2018-04-04 10:58:06,908 INFO  ProjectFixService - Fixed build info for "/tmp/rdisk/1790/src/build.gradle": [buildToolsVersion=28.0.0-rc1,compileSdkVersion=27,minSdkVersion=27,targetSdkVersion=27]
2018-04-04 10:58:06,908 INFO  ProjectFixService - Project was maybe fixed
2018-04-04 10:58:06,908 INFO  ProjectTaskService - Detecting possible tasks...
2018-04-04 10:58:06,909 INFO  SysUtils - Execute command: [/tmp/rdisk/1790/src/gradlew, -b, /tmp/rdisk/1790/src/library/build.gradle, -Dorg.gradle.daemon=false, -Dorg.gradle.daemon.performance.enable-monitoring=false, -Dorg.gradle.configureondemand=true, tasks]
2018-04-04 10:58:19,945 INFO  ProjectTaskService - Detected possible tasks: 69
2018-04-04 10:58:19,946 INFO  ProjectTaskService - Excluded tasks (16): lintDebug mockableAndroidJar deviceCheck lint testReleaseUnitTest deviceAndroidTest uninstallDebugAndroidTest installDebugAndroidTest connectedCheck connectedDebugAndroidTest uninstallAll test check testDebugUnitTest connectedAndroidTest lintRelease
2018-04-04 10:58:19,946 INFO  SysUtils - Execute command: [/tmp/rdisk/1790/src/gradlew, -b, /tmp/rdisk/1790/src/library/build.gradle, -Dorg.gradle.daemon=false, -Dorg.gradle.daemon.performance.enable-monitoring=false, -Dorg.gradle.configureondemand=true, --stacktrace, -x, lintDebug, -x, mockableAndroidJar, -x, deviceCheck, -x, lint, -x, testReleaseUnitTest, -x, deviceAndroidTest, -x, uninstallDebugAndroidTest, -x, installDebugAndroidTest, -x, connectedCheck, -x, connectedDebugAndroidTest, -x, uninstallAll, -x, test, -x, check, -x, testDebugUnitTest, -x, connectedAndroidTest, -x, lintRelease, build]
2018-04-04 10:58:36,566 INFO  SysUtils - Configuration on demand is an incubating feature.
Observed package id 'build-tools;28.0.0-preview' in inconsistent location '/root/Applications/android-sdk/build-tools/28.0.0-rc1' (Expected '/root/Applications/android-sdk/build-tools/28.0.0-preview')
Observed package id 'build-tools;28.0.0-preview' in inconsistent location '/root/Applications/android-sdk/build-tools/28.0.0-rc1' (Expected '/root/Applications/android-sdk/build-tools/28.0.0-preview')
Incremental java compilation is an incubating feature.
:library:androidJavadocs/tmp/rdisk/1790/src/library/src/main/java/me/zhanghai/android/patternlock/BasePatternActivity.java:9: error: package android.support.v7.app does not exist
import android.support.v7.app.AppCompatActivity;
                             ^
/tmp/rdisk/1790/src/library/src/main/java/me/zhanghai/android/patternlock/BasePatternActivity.java:14: error: cannot find symbol
public class BasePatternActivity extends AppCompatActivity {
                                         ^
  symbol: class AppCompatActivity
/tmp/rdisk/1790/src/library/src/main/java/me/zhanghai/android/patternlock/PatternView.java:31: error: package android.support.v4.view does not exist
import android.support.v4.view.ViewCompat;
                              ^
/tmp/rdisk/1790/src/library/src/main/java/me/zhanghai/android/patternlock/PatternView.java:32: error: package android.support.v4.view.accessibility does not exist
import android.support.v4.view.accessibility.AccessibilityNodeInfoCompat;
                                            ^
/tmp/rdisk/1790/src/library/src/main/java/me/zhanghai/android/patternlock/PatternView.java:33: error: package android.support.v4.view.accessibility.AccessibilityNodeInfoCompat does not exist
import android.support.v4.view.accessibility.AccessibilityNodeInfoCompat.AccessibilityActionCompat;
                                                                        ^
/tmp/rdisk/1790/src/library/src/main/java/me/zhanghai/android/patternlock/PatternView.java:34: error: package android.support.v4.view.animation does not exist
import android.support.v4.view.animation.FastOutSlowInInterpolator;
                                        ^
/tmp/rdisk/1790/src/library/src/main/java/me/zhanghai/android/patternlock/PatternView.java:35: error: package android.support.v4.view.animation does not exist
import android.support.v4.view.animation.LinearOutSlowInInterpolator;
                                        ^
/tmp/rdisk/1790/src/library/src/main/java/me/zhanghai/android/patternlock/PatternView.java:36: error: package android.support.v4.widget does not exist
import android.support.v4.widget.ExploreByTouchHelper;
                                ^
/tmp/rdisk/1790/src/library/src/main/java/me/zhanghai/android/patternlock/PatternView.java:1325: error: cannot find symbol
    private final class PatternExploreByTouchHelper extends ExploreByTouchHelper {
                                                            ^
  symbol:   class ExploreByTouchHelper
  location: class PatternView
/tmp/rdisk/1790/src/library/src/main/java/me/zhanghai/android/patternlock/PatternView.java:1388: error: cannot find symbol
                                                    AccessibilityNodeInfoCompat node) {
                                                    ^
  symbol:   class AccessibilityNodeInfoCompat
  location: class PatternView.PatternExploreByTouchHelper
error: cannot find symbol

  symbol:   variable RESULT_FIRST_USER
  location: class ConfirmPatternActivity
/tmp/rdisk/1790/src/library/src/main/java/me/zhanghai/android/patternlock/PatternUtils.java:61: warning: no @param for pattern
    public static String patternToString(List<PatternView.Cell> pattern, int columnCount) {
                         ^
/tmp/rdisk/1790/src/library/src/main/java/me/zhanghai/android/patternlock/PatternUtils.java:61: warning: no @param for columnCount
    public static String patternToString(List<PatternView.Cell> pattern, int columnCount) {
                         ^
/tmp/rdisk/1790/src/library/src/main/java/me/zhanghai/android/patternlock/PatternUtils.java:61: warning: no @return
    public static String patternToString(List<PatternView.Cell> pattern, int columnCount) {
                         ^
/tmp/rdisk/1790/src/library/src/main/java/me/zhanghai/android/patternlock/PatternUtils.java:68: warning: no @param for pattern
    public static String patternToString(List<PatternView.Cell> pattern) {
                         ^
/tmp/rdisk/1790/src/library/src/main/java/me/zhanghai/android/patternlock/PatternUtils.java:68: warning: no @return
    public static String patternToString(List<PatternView.Cell> pattern) {
                         ^
/tmp/rdisk/1790/src/library/src/main/java/me/zhanghai/android/patternlock/PatternView.java:430: warning: no @return
    public DisplayMode getDisplayMode() {
                       ^
/tmp/rdisk/1790/src/library/src/main/java/me/zhanghai/android/patternlock/PatternView.java:571: warning: no @param for enabled
    public void setInputEnabled(boolean enabled) {
                ^

1 error
17 warnings
:library:androidJavadocsJar
:library:androidSourcesJar
:library:preBuild UP-TO-DATE
:library:preDebugBuild UP-TO-DATE
:library:checkDebugManifest
:library:preDebugAndroidTestBuild UP-TO-DATE
:library:preDebugUnitTestBuild UP-TO-DATE
:library:preReleaseBuild UP-TO-DATE
:library:preReleaseUnitTestBuild UP-TO-DATE
:library:prepareComAndroidSupportAnimatedVectorDrawable2531Library
:library:prepareComAndroidSupportAppcompatV72531Library
:library:prepareComAndroidSupportSupportCompat2531Library
:library:prepareComAndroidSupportSupportCoreUi2531Library
:library:prepareComAndroidSupportSupportCoreUtils2531Library
:library:prepareComAndroidSupportSupportFragment2531Library
:library:prepareComAndroidSupportSupportMediaCompat2531Library
:library:prepareComAndroidSupportSupportV42531Library
:library:prepareComAndroidSupportSupportVectorDrawable2531Library
:library:prepareDebugDependencies
:library:compileDebugAidl
:library:compileDebugNdk UP-TO-DATE
:library:compileLint
:library:copyDebugLint UP-TO-DATE
:library:compileDebugRenderscript
:library:generateDebugBuildConfig
:library:generateDebugResValues
:library:generateDebugResources
:library:mergeDebugResources
:library:processDebugManifest
:library:processDebugResources
:library:generateDebugSources
:library:incrementalDebugJavaCompilationSafeguard
:library:javaPreCompileDebug
:library:compileDebugJavaWithJavac
:library:compileDebugJavaWithJavac - is not incremental (e.g. outputs have changed, no previous execution, etc.).
Note: /tmp/rdisk/1790/src/library/src/main/java/me/zhanghai/android/patternlock/SetPatternActivity.java uses or overrides a deprecated API.
Note: Recompile with -Xlint:deprecation for details.
:library:extractDebugAnnotations
:library:mergeDebugShaders
:library:compileDebugShaders
:library:generateDebugAssets
:library:mergeDebugAssets
:library:mergeDebugProguardFiles
:library:packageDebugRenderscript UP-TO-DATE
:library:packageDebugResources
:library:processDebugJavaRes UP-TO-DATE
:library:transformResourcesWithMergeJavaResForDebug
:library:transformClassesAndResourcesWithSyncLibJarsForDebug
:library:mergeDebugJniLibFolders
:library:transformNativeLibsWithMergeJniLibsForDebug
:library:transformNativeLibsWithStripDebugSymbolForDebug
:library:transformNativeLibsWithSyncJniLibsForDebug
:library:bundleDebug
:library:compileDebugSources
:library:assembleDebug
:library:checkReleaseManifest
:library:prepareReleaseDependencies
:library:compileReleaseAidl
:library:compileReleaseNdk UP-TO-DATE
:library:copyReleaseLint UP-TO-DATE
:library:compileReleaseRenderscript
:library:generateReleaseBuildConfig
:library:generateReleaseResValues
:library:generateReleaseResources
:library:mergeReleaseResources
:library:processReleaseManifest
:library:processReleaseResources
:library:generateReleaseSources
:library:incrementalReleaseJavaCompilationSafeguard
:library:javaPreCompileRelease
:library:compileReleaseJavaWithJavac
:library:compileReleaseJavaWithJavac - is not incremental (e.g. outputs have changed, no previous execution, etc.).
Note: /tmp/rdisk/1790/src/library/src/main/java/me/zhanghai/android/patternlock/SetPatternActivity.java uses or overrides a deprecated API.
Note: Recompile with -Xlint:deprecation for details.
:library:extractReleaseAnnotations
:library:mergeReleaseShaders
:library:compileReleaseShaders
:library:generateReleaseAssets
:library:mergeReleaseAssets
:library:mergeReleaseProguardFiles
:library:packageReleaseRenderscript UP-TO-DATE
:library:packageReleaseResources
:library:processReleaseJavaRes UP-TO-DATE
:library:transformResourcesWithMergeJavaResForRelease
:library:transformClassesAndResourcesWithSyncLibJarsForRelease
:library:mergeReleaseJniLibFolders
:library:transformNativeLibsWithMergeJniLibsForRelease
:library:transformNativeLibsWithStripDebugSymbolForRelease
:library:transformNativeLibsWithSyncJniLibsForRelease
:library:bundleRelease
:library:compileReleaseSources
:library:assembleRelease
:library:signArchives SKIPPED
:library:assemble
:library:build

BUILD SUCCESSFUL

Total time: 16.193 secs

2018-04-04 10:58:36,611 INFO  ProjectTaskService - Detecting possible tasks...
2018-04-04 10:58:36,611 INFO  SysUtils - Execute command: [/tmp/rdisk/1790/src/gradlew, -b, /tmp/rdisk/1790/src/sample/build.gradle, -Dorg.gradle.daemon=false, -Dorg.gradle.daemon.performance.enable-monitoring=false, -Dorg.gradle.configureondemand=true, tasks]
2018-04-04 10:58:47,151 INFO  ProjectTaskService - Detected possible tasks: 69
2018-04-04 10:58:47,151 INFO  ProjectTaskService - Excluded tasks (20): lintDebug mockableAndroidJar deviceCheck lint testReleaseUnitTest uninstallRelease deviceAndroidTest uninstallDebugAndroidTest installRelease installDebugAndroidTest connectedCheck connectedDebugAndroidTest uninstallAll test check testDebugUnitTest connectedAndroidTest installDebug lintRelease uninstallDebug
2018-04-04 10:58:47,151 INFO  SysUtils - Execute command: [/tmp/rdisk/1790/src/gradlew, -b, /tmp/rdisk/1790/src/sample/build.gradle, -Dorg.gradle.daemon=false, -Dorg.gradle.daemon.performance.enable-monitoring=false, -Dorg.gradle.configureondemand=true, --stacktrace, -x, lintDebug, -x, mockableAndroidJar, -x, deviceCheck, -x, lint, -x, testReleaseUnitTest, -x, uninstallRelease, -x, deviceAndroidTest, -x, uninstallDebugAndroidTest, -x, installRelease, -x, installDebugAndroidTest, -x, connectedCheck, -x, connectedDebugAndroidTest, -x, uninstallAll, -x, test, -x, check, -x, testDebugUnitTest, -x, connectedAndroidTest, -x, installDebug, -x, lintRelease, -x, uninstallDebug, build]
2018-04-04 10:59:55,617 ERROR SysUtils - Could not process external command
org.apache.commons.exec.ExecuteException: Process exited with an error: 1 (Exit value: 1)
	at org.apache.commons.exec.DefaultExecutor.executeInternal(DefaultExecutor.java:404)
	at org.apache.commons.exec.DefaultExecutor.execute(DefaultExecutor.java:166)
	at com.github.vbauer.apkmaster.util.SysUtils.execute(SysUtils.java:67)
	at com.github.vbauer.apkmaster.util.SysUtils.executeSimple(SysUtils.java:43)
	at com.github.vbauer.apkmaster.service.assembly.ProjectBuildService.buildProject(ProjectBuildService.java:78)
	at com.github.vbauer.apkmaster.service.assembly.ProjectBuildService.buildProject(ProjectBuildService.java:64)
	at com.github.vbauer.apkmaster.service.assembly.ProjectBuildService.buildProject(ProjectBuildService.java:43)
	at com.github.vbauer.apkmaster.service.FullProcessService.build(FullProcessService.java:84)
	at com.github.vbauer.apkmaster.service.FullProcessService.process(FullProcessService.java:34)
	at com.github.vbauer.apkmaster.app.MainApplication.process(MainApplication.java:38)
	at com.github.vbauer.apkmaster.app.MainApplication.main(MainApplication.java:20)
	at sun.reflect.GeneratedMethodAccessor8.invoke(Unknown Source)
	at sun.reflect.DelegatingMethodAccessorImpl.invoke(DelegatingMethodAccessorImpl.java:43)
	at java.lang.reflect.Method.invoke(Method.java:498)
	at com.android.arsenal.util.ReflectionUtils.invoke(ReflectionUtils.java:42)
	at com.android.arsenal.util.ApkMasterUtils.main(ApkMasterUtils.java:30)
	at com.android.arsenal.service.processor.impl.BuildProcessorServiceImpl.buildProject(BuildProcessorServiceImpl.java:197)
	at com.android.arsenal.service.processor.impl.BuildProcessorServiceImpl.build(BuildProcessorServiceImpl.java:131)
	at com.android.arsenal.service.processor.impl.BuildProcessorServiceImpl.lambda$null$1(BuildProcessorServiceImpl.java:114)
	at java.util.concurrent.FutureTask.run(FutureTask.java:266)
	at java.util.concurrent.Executors$RunnableAdapter.call(Executors.java:511)
	at java.util.concurrent.FutureTask.run(FutureTask.java:266)
	at java.util.concurrent.ThreadPoolExecutor.runWorker(ThreadPoolExecutor.java:1149)
	at java.util.concurrent.ThreadPoolExecutor$Worker.run(ThreadPoolExecutor.java:624)
	at java.lang.Thread.run(Thread.java:748)
2018-04-04 10:59:55,617 INFO  SysUtils - Configuration on demand is an incubating feature.
Observed package id 'build-tools;28.0.0-preview' in inconsistent location '/root/Applications/android-sdk/build-tools/28.0.0-rc1' (Expected '/root/Applications/android-sdk/build-tools/28.0.0-preview')
Observed package id 'build-tools;28.0.0-preview' in inconsistent location '/root/Applications/android-sdk/build-tools/28.0.0-rc1' (Expected '/root/Applications/android-sdk/build-tools/28.0.0-preview')
Incremental java compilation is an incubating feature.
:library:preBuild UP-TO-DATE
:library:preReleaseBuild UP-TO-DATE
:library:checkReleaseManifest
:library:preDebugAndroidTestBuild UP-TO-DATE
:library:preDebugBuild UP-TO-DATE
:library:preDebugUnitTestBuild UP-TO-DATE
:library:preReleaseUnitTestBuild UP-TO-DATE
:library:prepareComAndroidSupportAnimatedVectorDrawable2531Library
:library:prepareComAndroidSupportAppcompatV72531Library
:library:prepareComAndroidSupportSupportCompat2531Library
:library:prepareComAndroidSupportSupportCoreUi2531Library
:library:prepareComAndroidSupportSupportCoreUtils2531Library
:library:prepareComAndroidSupportSupportFragment2531Library
:library:prepareComAndroidSupportSupportMediaCompat2531Library
:library:prepareComAndroidSupportSupportV42531Library
:library:prepareComAndroidSupportSupportVectorDrawable2531Library
:library:prepareReleaseDependencies
:library:compileReleaseAidl UP-TO-DATE
:library:compileReleaseNdk UP-TO-DATE
:library:compileLint UP-TO-DATE
:library:copyReleaseLint UP-TO-DATE
:library:compileReleaseRenderscript UP-TO-DATE
:library:generateReleaseBuildConfig UP-TO-DATE
:library:generateReleaseResValues UP-TO-DATE
:library:generateReleaseResources UP-TO-DATE
:library:mergeReleaseResources UP-TO-DATE
:library:processReleaseManifest UP-TO-DATE
:library:processReleaseResources UP-TO-DATE
:library:generateReleaseSources UP-TO-DATE
:library:incrementalReleaseJavaCompilationSafeguard UP-TO-DATE
:library:javaPreCompileRelease
:library:compileReleaseJavaWithJavac UP-TO-DATE
:library:extractReleaseAnnotations UP-TO-DATE
:library:mergeReleaseShaders UP-TO-DATE
:library:compileReleaseShaders UP-TO-DATE
:library:generateReleaseAssets UP-TO-DATE
:library:mergeReleaseAssets UP-TO-DATE
:library:mergeReleaseProguardFiles UP-TO-DATE
:library:packageReleaseRenderscript UP-TO-DATE
:library:packageReleaseResources UP-TO-DATE
:library:processReleaseJavaRes UP-TO-DATE
:library:transformResourcesWithMergeJavaResForRelease UP-TO-DATE
:library:transformClassesAndResourcesWithSyncLibJarsForRelease UP-TO-DATE
:library:mergeReleaseJniLibFolders UP-TO-DATE
:library:transformNativeLibsWithMergeJniLibsForRelease UP-TO-DATE
:library:transformNativeLibsWithStripDebugSymbolForRelease UP-TO-DATE
:library:transformNativeLibsWithSyncJniLibsForRelease UP-TO-DATE
:library:bundleRelease UP-TO-DATE
:sample:preBuild UP-TO-DATE
:sample:preDebugBuild UP-TO-DATE
:sample:checkDebugManifest
:sample:extractProguardFiles
:sample:preReleaseBuild
:sample:prepareComAndroidSupportAnimatedVectorDrawable2531Library
:sample:prepareComAndroidSupportAppcompatV72531Library
:sample:prepareComAndroidSupportPreferenceV142531Library
:sample:prepareComAndroidSupportPreferenceV72531Library
:sample:prepareComAndroidSupportRecyclerviewV72531Library
:sample:prepareComAndroidSupportSupportCompat2531Library
:sample:prepareComAndroidSupportSupportCoreUi2531Library
:sample:prepareComAndroidSupportSupportCoreUtils2531Library
:sample:prepareComAndroidSupportSupportFragment2531Library
:sample:prepareComAndroidSupportSupportMediaCompat2531Library
:sample:prepareComAndroidSupportSupportV42531Library
:sample:prepareComAndroidSupportSupportVectorDrawable2531Library
:sample:prepareComJakewhartonButterknife851Library
:sample:prepareComTakisoftFixPreferenceV725310Library
:sample:prepareDebugDependencies
:sample:compileDebugAidl
:sample:compileDebugRenderscript
:sample:generateDebugBuildConfig
:sample:generateDebugResValues
:sample:generateDebugResources
:sample:mergeDebugResources
:sample:processDebugManifest
:sample:processDebugResources
:sample:generateDebugSources
:sample:incrementalDebugJavaCompilationSafeguard
:sample:javaPreCompileDebug
:sample:compileDebugJavaWithJavacNote: /tmp/rdisk/1790/src/sample/src/main/java/me/zhanghai/android/patternlock/sample/util/FragmentUtils.java uses unchecked or unsafe operations.
Note: Recompile with -Xlint:unchecked for details.

:sample:compileDebugNdk UP-TO-DATE
:sample:compileDebugSources
:sample:mergeDebugShaders
:sample:compileDebugShaders
:sample:generateDebugAssets
:sample:mergeDebugAssets
:sample:transformClassesWithDexForDebug
:sample:mergeDebugJniLibFolders
:sample:transformNativeLibsWithMergeJniLibsForDebug
:sample:transformNativeLibsWithStripDebugSymbolForDebug
:sample:processDebugJavaRes UP-TO-DATE
:sample:transformResourcesWithMergeJavaResForDebug
:sample:validateSigningDebug
:sample:packageDebug
:sample:assembleDebug
:sample:checkReleaseManifest
:sample:prepareReleaseDependencies
:sample:compileReleaseAidl
:sample:compileReleaseRenderscript
:sample:generateReleaseBuildConfig
:sample:generateReleaseResValues
:sample:generateReleaseResources
:sample:mergeReleaseResources
:sample:processReleaseManifest
:sample:processReleaseResources
:sample:generateReleaseSources
:sample:incrementalReleaseJavaCompilationSafeguard
:sample:javaPreCompileRelease
:sample:compileReleaseJavaWithJavacNote: /tmp/rdisk/1790/src/sample/src/main/java/me/zhanghai/android/patternlock/sample/util/FragmentUtils.java uses unchecked or unsafe operations.
Note: Recompile with -Xlint:unchecked for details.

:sample:compileReleaseNdk UP-TO-DATE
:sample:compileReleaseSources
:sample:lintVitalRelease
:sample:mergeReleaseShaders
:sample:compileReleaseShaders
:sample:generateReleaseAssets
:sample:mergeReleaseAssets
:sample:processReleaseJavaRes UP-TO-DATE
:sample:transformResourcesWithMergeJavaResForRelease
:sample:transformClassesAndResourcesWithProguardForRelease
ProGuard, version 5.3.2
Reading input...
Reading program jar [/root/.android/build-cache/edc6082b913ecbb7489bfdfe5ec5cb94012cc7e5/output/jars/classes.jar] (filtered)
Reading program jar [/root/.gradle/caches/modules-2/files-2.1/com.jakewharton/butterknife-annotations/8.5.1/bb67dad90bab7cd77a8f7f1b8442b47e3a2326bc/butterknife-annotations-8.5.1.jar] (filtered)
Reading program jar [/root/.android/build-cache/c936349b234d95dade0eb27257c41a35cbce16f1/output/jars/classes.jar] (filtered)
Reading program jar [/root/.android/build-cache/d48f51d05d563779628cf56adaa484a2e5754d49/output/jars/classes.jar] (filtered)
Reading program jar [/root/.android/build-cache/857c19c072ff349404d379e6064842bd1e908ca3/output/jars/classes.jar] (filtered)
Reading program jar [/root/.android/build-cache/f568d10c7902ce186a0e8af2c51a15e9df5c94ac/output/jars/classes.jar] (filtered)
Reading program jar [/root/.android/build-cache/4de0d516d9f36107157f9a876791bb97e8756472/output/jars/classes.jar] (filtered)
Reading program jar [/root/.android/build-cache/043579c699ba8895cf1a70abda82c2e7dcdc4b82/output/jars/classes.jar] (filtered)
Reading program jar [/root/.android/build-cache/46727d0bcceedde7b9127db8688be3200f6898c7/output/jars/classes.jar] (filtered)
Reading program jar [/root/.android/build-cache/d037f003e0b71e6fb898a228c9dbcc4cc3a5a362/output/jars/classes.jar] (filtered)
Reading program jar [/root/Applications/android-sdk/extras/android/m2repository/com/android/support/support-annotations/25.3.1/support-annotations-25.3.1.jar] (filtered)
Reading program jar [/root/.android/build-cache/94b67ef6ab0ca04600749eaf13e4ef596a84ab3e/output/jars/classes.jar] (filtered)
Reading program jar [/root/.android/build-cache/00614ad4519da4927bdb26a08f9a1fe8db1ace3b/output/jars/classes.jar] (filtered)
Reading program jar [/root/.android/build-cache/16724f70507c6c2a69c4fcf4b8f5ae648c55a678/output/jars/classes.jar] (filtered)
Reading program jar [/root/.android/build-cache/add2ab899d65b2f185fd36e5d3462883bf7aa7c2/output/jars/classes.jar] (filtered)
Reading program jar [/root/.android/build-cache/5cb29d018565e36f90797c29b21215f02ed6c744/output/jars/classes.jar] (filtered)
Reading program jar [/tmp/rdisk/1790/src/library/build/intermediates/bundles/default/classes.jar] (filtered)
Reading program directory [/tmp/rdisk/1790/src/sample/build/intermediates/classes/release] (filtered)
Reading library jar [/root/Applications/android-sdk/platforms/android-25/android.jar]
Reading library jar [/root/Applications/android-sdk/platforms/android-25/optional/org.apache.http.legacy.jar]
Note: duplicate definition of library class [android.net.http.HttpResponseCache]
Note: duplicate definition of library class [android.net.http.SslCertificate$DName]
Note: duplicate definition of library class [android.net.http.SslError]
Note: duplicate definition of library class [android.net.http.SslCertificate]
Note: duplicate definition of library class [org.apache.http.params.CoreConnectionPNames]
Note: duplicate definition of library class [org.apache.http.params.HttpConnectionParams]
Note: duplicate definition of library class [org.apache.http.params.HttpParams]
Note: duplicate definition of library class [org.apache.http.conn.scheme.SocketFactory]
Note: duplicate definition of library class [org.apache.http.conn.scheme.LayeredSocketFactory]
Note: duplicate definition of library class [org.apache.http.conn.scheme.HostNameResolver]
Note: duplicate definition of library class [org.apache.http.conn.ConnectTimeoutException]
Note: there were 11 duplicate class definitions.
      (http://proguard.sourceforge.net/manual/troubleshooting.html#duplicateclass)
Initializing...
Note: the configuration keeps the entry point 'me.zhanghai.android.patternlock.PatternView { void setOnPatternListener(me.zhanghai.android.patternlock.PatternView$OnPatternListener); }', but not the descriptor class 'me.zhanghai.android.patternlock.PatternView$OnPatternListener'
Note: the configuration keeps the entry point 'me.zhanghai.android.patternlock.PatternView { void setDisplayMode(me.zhanghai.android.patternlock.PatternView$DisplayMode); }', but not the descriptor class 'me.zhanghai.android.patternlock.PatternView$DisplayMode'
Note: there were 2 unkept descriptor classes in kept class members.
      You should consider explicitly keeping the mentioned classes
      (using '-keep').
      (http://proguard.sourceforge.net/manual/troubleshooting.html#descriptorclass)
Ignoring unused library classes...
  Original number of library classes: 4237
  Final number of library classes:    999
Printing kept classes, fields, and methods...
Shrinking...
Printing usage to [/tmp/rdisk/1790/src/sample/build/outputs/mapping/release/usage.txt]...
Removing unused program classes and class elements...
  Original number of program classes: 2110
  Final number of program classes:    1035
Optimizing...
  Number of finalized classes:                 481
  Number of unboxed enum classes:              0
  Number of vertically merged classes:         0   (disabled)
  Number of horizontally merged classes:       0   (disabled)
  Number of removed write-only fields:         0   (disabled)
  Number of privatized fields:                 0   (disabled)
  Number of inlined constant fields:           0   (disabled)
  Number of privatized methods:                475
  Number of staticized methods:                209
  Number of finalized methods:                 3464
  Number of removed method parameters:         292
  Number of inlined constant parameters:       87
  Number of inlined constant return values:    45
  Number of inlined short method calls:        928
  Number of inlined unique method calls:       1518
  Number of inlined tail recursion calls:      13
  Number of merged code blocks:                60
  Number of variable peephole optimizations:   4696
  Number of arithmetic peephole optimizations: 0   (disabled)
  Number of cast peephole optimizations:       0   (disabled)
  Number of field peephole optimizations:      21
  Number of branch peephole optimizations:     1248
  Number of string peephole optimizations:     300
  Number of simplified instructions:           441
  Number of removed instructions:              2159
  Number of removed local variables:           152
  Number of removed exception blocks:          32
  Number of optimized local variable frames:   1742
Shrinking...
Removing unused program classes and class elements...
  Original number of program classes: 1035
  Final number of program classes:    955
Optimizing...
  Number of finalized classes:                 0
  Number of unboxed enum classes:              0
  Number of vertically merged classes:         0   (disabled)
  Number of horizontally merged classes:       0   (disabled)
  Number of removed write-only fields:         0   (disabled)
  Number of privatized fields:                 0   (disabled)
  Number of inlined constant fields:           0   (disabled)
  Number of privatized methods:                2
  Number of staticized methods:                9
  Number of finalized methods:                 24
  Number of removed method parameters:         109
  Number of inlined constant parameters:       65
  Number of inlined constant return values:    15
  Number of inlined short method calls:        19
  Number of inlined unique method calls:       15
  Number of inlined tail recursion calls:      3
  Number of merged code blocks:                6
  Number of variable peephole optimizations:   454
  Number of arithmetic peephole optimizations: 0   (disabled)
  Number of cast peephole optimizations:       0   (disabled)
  Number of field peephole optimizations:      0
  Number of branch peephole optimizations:     48
  Number of string peephole optimizations:     0
  Number of simplified instructions:           144
  Number of removed instructions:              4127
  Number of removed local variables:           76
  Number of removed exception blocks:          0
  Number of optimized local variable frames:   100
Shrinking...
Removing unused program classes and class elements...
  Original number of program classes: 955
  Final number of program classes:    955
Optimizing...
  Number of finalized classes:                 0
  Number of unboxed enum classes:              0
  Number of vertically merged classes:         0   (disabled)
  Number of horizontally merged classes:       0   (disabled)
  Number of removed write-only fields:         0   (disabled)
  Number of privatized fields:                 0   (disabled)
  Number of inlined constant fields:           0   (disabled)
  Number of privatized methods:                0
  Number of staticized methods:                1
  Number of finalized methods:                 3
  Number of removed method parameters:         51
  Number of inlined constant parameters:       16
  Number of inlined constant return values:    15
  Number of inlined short method calls:        0
  Number of inlined unique method calls:       5
  Number of inlined tail recursion calls:      0
  Number of merged code blocks:                0
  Number of variable peephole optimizations:   78
  Number of arithmetic peephole optimizations: 0   (disabled)
  Number of cast peephole optimizations:       0   (disabled)
  Number of field peephole optimizations:      0
  Number of branch peephole optimizations:     5
  Number of string peephole optimizations:     0
  Number of simplified instructions:           15
  Number of removed instructions:              485
  Number of removed local variables:           3
  Number of removed exception blocks:          0
  Number of optimized local variable frames:   11
Shrinking...
Removing unused program classes and class elements...
  Original number of program classes: 955
  Final number of program classes:    955
Optimizing...
  Number of finalized classes:                 0
  Number of unboxed enum classes:              0
  Number of vertically merged classes:         0   (disabled)
  Number of horizontally merged classes:       0   (disabled)
  Number of removed write-only fields:         0   (disabled)
  Number of privatized fields:                 0   (disabled)
  Number of inlined constant fields:           0   (disabled)
  Number of privatized methods:                0
  Number of staticized methods:                0
  Number of finalized methods:                 1
  Number of removed method parameters:         5
  Number of inlined constant parameters:       0
  Number of inlined constant return values:    0
  Number of inlined short method calls:        0
  Number of inlined unique method calls:       0
  Number of inlined tail recursion calls:      0
  Number of merged code blocks:                0
  Number of variable peephole optimizations:   14
  Number of arithmetic peephole optimizations: 0   (disabled)
  Number of cast peephole optimizations:       0   (disabled)
  Number of field peephole optimizations:      0
  Number of branch peephole optimizations:     0
  Number of string peephole optimizations:     0
  Number of simplified instructions:           0
  Number of removed instructions:              65
  Number of removed local variables:           1
  Number of removed exception blocks:          0
  Number of optimized local variable frames:   0
Shrinking...
Removing unused program classes and class elements...
  Original number of program classes: 955
  Final number of program classes:    955
Optimizing...
  Number of finalized classes:                 0
  Number of unboxed enum classes:              0
  Number of vertically merged classes:         0   (disabled)
  Number of horizontally merged classes:       0   (disabled)
  Number of removed write-only fields:         0   (disabled)
  Number of privatized fields:                 0   (disabled)
  Number of inlined constant fields:           0   (disabled)
  Number of privatized methods:                0
  Number of staticized methods:                0
  Number of finalized methods:                 0
  Number of removed method parameters:         0
  Number of inlined constant parameters:       0
  Number of inlined constant return values:    0
  Number of inlined short method calls:        0
  Number of inlined unique method calls:       0
  Number of inlined tail recursion calls:      0
  Number of merged code blocks:                0
  Number of variable peephole optimizations:   8
  Number of arithmetic peephole optimizations: 0   (disabled)
  Number of cast peephole optimizations:       0   (disabled)
  Number of field peephole optimizations:      0
  Number of branch peephole optimizations:     0
  Number of string peephole optimizations:     0
  Number of simplified instructions:           0
  Number of removed instructions:              2
  Number of removed local variables:           0
  Number of removed exception blocks:          0
  Number of optimized local variable frames:   0
Shrinking...
Removing unused program classes and class elements...
  Original number of program classes: 955
  Final number of program classes:    955
Obfuscating...
Printing mapping to [/tmp/rdisk/1790/src/sample/build/outputs/mapping/release/mapping.txt]...
Writing output...
Preparing output jar [/tmp/rdisk/1790/src/sample/build/intermediates/transforms/proguard/release/jars/3/1f/main.jar]
  Copying resources from program jar [/root/.android/build-cache/edc6082b913ecbb7489bfdfe5ec5cb94012cc7e5/output/jars/classes.jar] (filtered)
  Copying resources from program jar [/root/.gradle/caches/modules-2/files-2.1/com.jakewharton/butterknife-annotations/8.5.1/bb67dad90bab7cd77a8f7f1b8442b47e3a2326bc/butterknife-annotations-8.5.1.jar] (filtered)
  Copying resources from program jar [/root/.android/build-cache/c936349b234d95dade0eb27257c41a35cbce16f1/output/jars/classes.jar] (filtered)
  Copying resources from program jar [/root/.android/build-cache/d48f51d05d563779628cf56adaa484a2e5754d49/output/jars/classes.jar] (filtered)
  Copying resources from program jar [/root/.android/build-cache/857c19c072ff349404d379e6064842bd1e908ca3/output/jars/classes.jar] (filtered)
  Copying resources from program jar [/root/.android/build-cache/f568d10c7902ce186a0e8af2c51a15e9df5c94ac/output/jars/classes.jar] (filtered)
  Copying resources from program jar [/root/.android/build-cache/4de0d516d9f36107157f9a876791bb97e8756472/output/jars/classes.jar] (filtered)
  Copying resources from program jar [/root/.android/build-cache/043579c699ba8895cf1a70abda82c2e7dcdc4b82/output/jars/classes.jar] (filtered)
  Copying resources from program jar [/root/.android/build-cache/46727d0bcceedde7b9127db8688be3200f6898c7/output/jars/classes.jar] (filtered)
  Copying resources from program jar [/root/.android/build-cache/d037f003e0b71e6fb898a228c9dbcc4cc3a5a362/output/jars/classes.jar] (filtered)
  Copying resources from program jar [/root/Applications/android-sdk/extras/android/m2repository/com/android/support/support-annotations/25.3.1/support-annotations-25.3.1.jar] (filtered)
  Copying resources from program jar [/root/.android/build-cache/94b67ef6ab0ca04600749eaf13e4ef596a84ab3e/output/jars/classes.jar] (filtered)
  Copying resources from program jar [/root/.android/build-cache/00614ad4519da4927bdb26a08f9a1fe8db1ace3b/output/jars/classes.jar] (filtered)
  Copying resources from program jar [/root/.android/build-cache/16724f70507c6c2a69c4fcf4b8f5ae648c55a678/output/jars/classes.jar] (filtered)
  Copying resources from program jar [/root/.android/build-cache/add2ab899d65b2f185fd36e5d3462883bf7aa7c2/output/jars/classes.jar] (filtered)
  Copying resources from program jar [/root/.android/build-cache/5cb29d018565e36f90797c29b21215f02ed6c744/output/jars/classes.jar] (filtered)
  Copying resources from program jar [/tmp/rdisk/1790/src/library/build/intermediates/bundles/default/classes.jar] (filtered)
  Copying resources from program directory [/tmp/rdisk/1790/src/sample/build/intermediates/classes/release] (filtered)
Printing classes to [/tmp/rdisk/1790/src/sample/build/outputs/mapping/release/dump.txt]...
:sample:transformClassesWithDexForRelease
:sample:transformClassesWithShrinkResForRelease
Removed unused resources: Binary resource data reduced from 555KB to 539KB: Removed 2%
:sample:mergeReleaseJniLibFolders
:sample:transformNativeLibsWithMergeJniLibsForRelease
:sample:transformNativeLibsWithStripDebugSymbolForRelease
:sample:validateSigningRelease FAILED

FAILURE: Build failed with an exception.

* What went wrong:
Execution failed for task ':sample:validateSigningRelease'.
> Keystore file /tmp/rdisk/1790/github.jks not found for signing config 'release'.

* Try:
Run with --info or --debug option to get more log output.

* Exception is:
org.gradle.api.tasks.TaskExecutionException: Execution failed for task ':sample:validateSigningRelease'.
	at org.gradle.api.internal.tasks.execution.ExecuteActionsTaskExecuter.executeActions(ExecuteActionsTaskExecuter.java:84)
	at org.gradle.api.internal.tasks.execution.ExecuteActionsTaskExecuter.execute(ExecuteActionsTaskExecuter.java:55)
	at org.gradle.api.internal.tasks.execution.SkipUpToDateTaskExecuter.execute(SkipUpToDateTaskExecuter.java:62)
	at org.gradle.api.internal.tasks.execution.ValidatingTaskExecuter.execute(ValidatingTaskExecuter.java:58)
	at org.gradle.api.internal.tasks.execution.SkipEmptySourceFilesTaskExecuter.execute(SkipEmptySourceFilesTaskExecuter.java:88)
	at org.gradle.api.internal.tasks.execution.ResolveTaskArtifactStateTaskExecuter.execute(ResolveTaskArtifactStateTaskExecuter.java:46)

BUILD FAILED
	at org.gradle.api.internal.tasks.execution.SkipTaskWithNoActionsExecuter.execute(SkipTaskWithNoActionsExecuter.java:51)
	at org.gradle.api.internal.tasks.execution.SkipOnlyIfTaskExecuter.execute(SkipOnlyIfTaskExecuter.java:54)
	at org.gradle.api.internal.tasks.execution.ExecuteAtMostOnceTaskExecuter.execute(ExecuteAtMostOnceTaskExecuter.java:43)
	at org.gradle.api.internal.tasks.execution.CatchExceptionTaskExecuter.execute(CatchExceptionTaskExecuter.java:34)
	at org.gradle.execution.taskgraph.DefaultTaskGraphExecuter$EventFiringTaskWorker$1.execute(DefaultTaskGraphExecuter.java:236)
	at org.gradle.execution.taskgraph.DefaultTaskGraphExecuter$EventFiringTaskWorker$1.execute(DefaultTaskGraphExecuter.java:228)
	at org.gradle.internal.Transformers$4.transform(Transformers.java:169)
	at org.gradle.internal.progress.DefaultBuildOperationExecutor.run(DefaultBuildOperationExecutor.java:106)
	at org.gradle.internal.progress.DefaultBuildOperationExecutor.run(DefaultBuildOperationExecutor.java:61)
	at org.gradle.execution.taskgraph.DefaultTaskGraphExecuter$EventFiringTaskWorker.execute(DefaultTaskGraphExecuter.java:228)
	at org.gradle.execution.taskgraph.DefaultTaskGraphExecuter$EventFiringTaskWorker.execute(DefaultTaskGraphExecuter.java:215)
	at org.gradle.execution.taskgraph.AbstractTaskPlanExecutor$TaskExecutorWorker.processTask(AbstractTaskPlanExecutor.java:77)
	at org.gradle.execution.taskgraph.AbstractTaskPlanExecutor$TaskExecutorWorker.run(AbstractTaskPlanExecutor.java:58)
	at org.gradle.execution.taskgraph.DefaultTaskPlanExecutor.process(DefaultTaskPlanExecutor.java:32)
	at org.gradle.execution.taskgraph.DefaultTaskGraphExecuter.execute(DefaultTaskGraphExecuter.java:113)
	at org.gradle.execution.SelectedTaskExecutionAction.execute(SelectedTaskExecutionAction.java:37)
	at org.gradle.execution.DefaultBuildExecuter.execute(DefaultBuildExecuter.java:37)
	at org.gradle.execution.DefaultBuildExecuter.access$000(DefaultBuildExecuter.java:23)
	at org.gradle.execution.DefaultBuildExecuter$1.proceed(DefaultBuildExecuter.java:43)
	at org.gradle.execution.DryRunBuildExecutionAction.execute(DryRunBuildExecutionAction.java:32)
	at org.gradle.execution.DefaultBuildExecuter.execute(DefaultBuildExecuter.java:37)
	at org.gradle.execution.DefaultBuildExecuter.execute(DefaultBuildExecuter.java:30)
	at org.gradle.initialization.DefaultGradleLauncher$3.execute(DefaultGradleLauncher.java:196)
	at org.gradle.initialization.DefaultGradleLauncher$3.execute(DefaultGradleLauncher.java:193)
	at org.gradle.internal.Transformers$4.transform(Transformers.java:169)
	at org.gradle.internal.progress.DefaultBuildOperationExecutor.run(DefaultBuildOperationExecutor.java:106)
	at org.gradle.internal.progress.DefaultBuildOperationExecutor.run(DefaultBuildOperationExecutor.java:56)
	at org.gradle.initialization.DefaultGradleLauncher.doBuildStages(DefaultGradleLauncher.java:193)
	at org.gradle.initialization.DefaultGradleLauncher.doBuild(DefaultGradleLauncher.java:119)
	at org.gradle.initialization.DefaultGradleLauncher.run(DefaultGradleLauncher.java:102)
	at org.gradle.launcher.exec.GradleBuildController.run(GradleBuildController.java:71)
	at org.gradle.tooling.internal.provider.ExecuteBuildActionRunner.run(ExecuteBuildActionRunner.java:28)
	at org.gradle.launcher.exec.ChainingBuildActionRunner.run(ChainingBuildActionRunner.java:35)
	at org.gradle.launcher.exec.InProcessBuildActionExecuter.execute(InProcessBuildActionExecuter.java:41)
	at org.gradle.launcher.exec.InProcessBuildActionExecuter.execute(InProcessBuildActionExecuter.java:26)
	at org.gradle.tooling.internal.provider.ContinuousBuildActionExecuter.execute(ContinuousBuildActionExecuter.java:75)
	at org.gradle.tooling.internal.provider.ContinuousBuildActionExecuter.execute(ContinuousBuildActionExecuter.java:49)
	at org.gradle.tooling.internal.provider.ServicesSetupBuildActionExecuter.execute(ServicesSetupBuildActionExecuter.java:44)
	at org.gradle.tooling.internal.provider.ServicesSetupBuildActionExecuter.execute(ServicesSetupBuildActionExecuter.java:29)
	at org.gradle.launcher.cli.RunBuildAction.run(RunBuildAction.java:51)
	at org.gradle.internal.Actions$RunnableActionAdapter.execute(Actions.java:173)
	at org.gradle.launcher.cli.CommandLineActionFactory$ParseAndBuildAction.execute(CommandLineActionFactory.java:244)
	at org.gradle.launcher.cli.CommandLineActionFactory$ParseAndBuildAction.execute(CommandLineActionFactory.java:217)
	at org.gradle.launcher.cli.JavaRuntimeValidationAction.execute(JavaRuntimeValidationAction.java:33)
	at org.gradle.launcher.cli.JavaRuntimeValidationAction.execute(JavaRuntimeValidationAction.java:24)
	at org.gradle.launcher.cli.ExceptionReportingAction.execute(ExceptionReportingAction.java:33)
	at org.gradle.launcher.cli.ExceptionReportingAction.execute(ExceptionReportingAction.java:22)
	at org.gradle.launcher.cli.CommandLineActionFactory$WithLogging.execute(CommandLineActionFactory.java:210)
	at org.gradle.launcher.cli.CommandLineActionFactory$WithLogging.execute(CommandLineActionFactory.java:174)
	at org.gradle.launcher.Main.doAction(Main.java:33)
	at org.gradle.launcher.bootstrap.EntryPoint.run(EntryPoint.java:45)
	at org.gradle.launcher.bootstrap.ProcessBootstrap.runNoExit(ProcessBootstrap.java:60)
	at org.gradle.launcher.bootstrap.ProcessBootstrap.run(ProcessBootstrap.java:37)
	at org.gradle.launcher.GradleMain.main(GradleMain.java:23)
	at org.gradle.wrapper.BootstrapMainStarter.start(BootstrapMainStarter.java:33)
	at org.gradle.wrapper.WrapperExecutor.execute(WrapperExecutor.java:130)
	at org.gradle.wrapper.GradleWrapperMain.main(GradleWrapperMain.java:48)
Caused by: java.lang.IllegalArgumentException: Keystore file /tmp/rdisk/1790/github.jks not found for signing config 'release'.
	at com.android.build.gradle.internal.tasks.ValidateSigningTask.validate(ValidateSigningTask.java:107)
	at org.gradle.internal.reflect.JavaMethod.invoke(JavaMethod.java:73)
	at org.gradle.api.internal.project.taskfactory.DefaultTaskClassInfoStore$StandardTaskAction.doExecute(DefaultTaskClassInfoStore.java:141)
	at org.gradle.api.internal.project.taskfactory.DefaultTaskClassInfoStore$StandardTaskAction.execute(DefaultTaskClassInfoStore.java:134)
	at org.gradle.api.internal.project.taskfactory.DefaultTaskClassInfoStore$StandardTaskAction.execute(DefaultTaskClassInfoStore.java:123)
	at org.gradle.api.internal.AbstractTask$TaskActionWrapper.execute(AbstractTask.java:632)
	at org.gradle.api.internal.AbstractTask$TaskActionWrapper.execute(AbstractTask.java:615)
	at org.gradle.api.internal.tasks.execution.ExecuteActionsTaskExecuter.executeAction(ExecuteActionsTaskExecuter.java:95)
	at org.gradle.api.internal.tasks.execution.ExecuteActionsTaskExecuter.executeActions(ExecuteActionsTaskExecuter.java:76)
	... 62 more


Total time: 1 mins 8.125 secs

2018-04-04 10:59:55,708 INFO  FullProcessService - Found APK file: /tmp/rdisk/1790/src/sample/build/outputs/apk/sample-debug.apk
