2018-04-04 04:54:24,545 INFO  DownloadService - Downloading "https://github.com/darsh2/MultipleImageSelect/archive/master.zip", attempt 3
2018-04-04 04:55:25,115 INFO  GithubDownloadService - Could not find ZIP archive for master branch
2018-04-04 04:55:25,813 INFO  GithubDownloadService - Default branch of this repository: master
2018-04-04 04:55:25,813 INFO  DownloadService - Downloading "https://github.com/darsh2/MultipleImageSelect/archive/master.zip", attempt 3
2018-04-04 04:56:26,994 DEBUG FullProcessService - Repository https://github.com/darsh2/MultipleImageSelect available: true
2018-04-04 04:56:26,994 INFO  FullProcessService - Could not download ZIP file from Github, lets clone it
2018-04-04 04:56:26,994 INFO  SysUtils - Execute command: [git, clone, -q, --single-branch, --depth, 1, https://github.com/darsh2/MultipleImageSelect, /tmp/rdisk/1889/src]
2018-04-04 04:56:29,243 INFO  SysUtils - 
2018-04-04 04:56:29,248 INFO  GitService - Deleted "/tmp/rdisk/1889/src/.git": true
2018-04-04 04:56:29,252 INFO  FullProcessService - Size of directory with sources: 7 MB
2018-04-04 04:56:29,252 INFO  SysUtils - Execute command: [git, init, /tmp/rdisk/1889/src]
2018-04-04 04:56:29,262 INFO  SysUtils - Initialized empty Git repository in /tmp/rdisk/1889/src/.git/

2018-04-04 04:56:29,265 INFO  ProjectBuildService - Gradle wrapper(s): /tmp/rdisk/1889/src/gradlew
2018-04-04 04:56:29,268 INFO  ProjectBuildService - Build script(s): /tmp/rdisk/1889/src/multipleimageselect/build.gradle /tmp/rdisk/1889/src/sample/build.gradle /tmp/rdisk/1889/src/build.gradle
2018-04-04 04:56:29,271 INFO  ProjectBuildService - All script(s): /tmp/rdisk/1889/src/settings.gradle /tmp/rdisk/1889/src/sample/build.gradle /tmp/rdisk/1889/src/multipleimageselect/build.gradle /tmp/rdisk/1889/src/build.gradle
2018-04-04 04:56:29,271 INFO  ProjectBuildService - Remote scripts: none
2018-04-04 04:56:29,271 INFO  ProjectFixService - Fixing project...
2018-04-04 04:56:29,279 INFO  LocalPropertiesFixService - Created fake /tmp/rdisk/1889/src/multipleimageselect/local.properties
2018-04-04 04:56:29,279 INFO  ProjectFixService - Build info for "/tmp/rdisk/1889/src/multipleimageselect/build.gradle": [buildToolsVersion=24.0.1,compileSdkVersion=24,minSdkVersion=11,targetSdkVersion=24]
2018-04-04 04:56:29,279 INFO  LocalPropertiesFixService - Created fake /tmp/rdisk/1889/src/sample/local.properties
2018-04-04 04:56:29,280 INFO  ProjectFixService - Build info for "/tmp/rdisk/1889/src/sample/build.gradle": [buildToolsVersion=24.0.1,compileSdkVersion=24,minSdkVersion=11,targetSdkVersion=24]
2018-04-04 04:56:29,280 INFO  LocalPropertiesFixService - Created fake /tmp/rdisk/1889/src/local.properties
2018-04-04 04:56:29,280 INFO  WrapperPropertiesFixService - Gradle wrapper: https://services.gradle.org/distributions/gradle-2.10-all.zip
2018-04-04 04:56:29,280 INFO  WrapperPropertiesFixService - Gradle wrapper was changed from "-all.zip" to "-bin.zip" (https://services.gradle.org/distributions/gradle-2.10-bin.zip)
2018-04-04 04:56:29,281 INFO  ProjectFixService - Build info for "/tmp/rdisk/1889/src/build.gradle": [buildToolsVersion=24.0.1,compileSdkVersion=24,minSdkVersion=11,targetSdkVersion=24]
2018-04-04 04:56:29,281 INFO  ProjectFixService - Project was maybe fixed
2018-04-04 04:56:29,281 INFO  ProjectTaskService - Detecting possible tasks...
2018-04-04 04:56:29,281 INFO  SysUtils - Execute command: [/tmp/rdisk/1889/src/gradlew, -b, /tmp/rdisk/1889/src/multipleimageselect/build.gradle, -Dorg.gradle.daemon=false, -Dorg.gradle.daemon.performance.enable-monitoring=false, -Dorg.gradle.configureondemand=true, tasks]
2018-04-04 04:56:37,221 ERROR ProjectTaskService - Could not detect possible Gradle tasks: Process exited with an error: 1 (Exit value: 1)
2018-04-04 04:56:37,221 INFO  ProjectTaskService - Detected possible tasks: 0
2018-04-04 04:56:37,221 INFO  ProjectTaskService - Excluded tasks (0): none
2018-04-04 04:56:37,222 INFO  SysUtils - Execute command: [/tmp/rdisk/1889/src/gradlew, -b, /tmp/rdisk/1889/src/multipleimageselect/build.gradle, -Dorg.gradle.daemon=false, -Dorg.gradle.daemon.performance.enable-monitoring=false, -Dorg.gradle.configureondemand=true, --stacktrace, build]
2018-04-04 04:56:58,235 ERROR SysUtils - Could not process external command
org.apache.commons.exec.ExecuteException: Process exited with an error: 1 (Exit value: 1)
	at org.apache.commons.exec.DefaultExecutor.executeInternal(DefaultExecutor.java:404)
	at org.apache.commons.exec.DefaultExecutor.execute(DefaultExecutor.java:166)
	at com.github.vbauer.apkmaster.util.SysUtils.execute(SysUtils.java:67)
	at com.github.vbauer.apkmaster.util.SysUtils.executeSimple(SysUtils.java:43)
	at com.github.vbauer.apkmaster.service.assembly.ProjectBuildService.buildProject(ProjectBuildService.java:78)
	at com.github.vbauer.apkmaster.service.assembly.ProjectBuildService.buildProject(ProjectBuildService.java:64)
	at com.github.vbauer.apkmaster.service.assembly.ProjectBuildService.buildProject(ProjectBuildService.java:43)
	at com.github.vbauer.apkmaster.service.FullProcessService.build(FullProcessService.java:84)
	at com.github.vbauer.apkmaster.service.FullProcessService.process(FullProcessService.java:34)
	at com.github.vbauer.apkmaster.app.MainApplication.process(MainApplication.java:38)
	at com.github.vbauer.apkmaster.app.MainApplication.main(MainApplication.java:20)
	at sun.reflect.GeneratedMethodAccessor8.invoke(Unknown Source)
	at sun.reflect.DelegatingMethodAccessorImpl.invoke(DelegatingMethodAccessorImpl.java:43)
	at java.lang.reflect.Method.invoke(Method.java:498)
	at com.android.arsenal.util.ReflectionUtils.invoke(ReflectionUtils.java:42)
	at com.android.arsenal.util.ApkMasterUtils.main(ApkMasterUtils.java:30)
	at com.android.arsenal.service.processor.impl.BuildProcessorServiceImpl.buildProject(BuildProcessorServiceImpl.java:197)
	at com.android.arsenal.service.processor.impl.BuildProcessorServiceImpl.build(BuildProcessorServiceImpl.java:131)
	at com.android.arsenal.service.processor.impl.BuildProcessorServiceImpl.lambda$null$1(BuildProcessorServiceImpl.java:114)
	at java.util.concurrent.FutureTask.run(FutureTask.java:266)
	at java.util.concurrent.Executors$RunnableAdapter.call(Executors.java:511)
	at java.util.concurrent.FutureTask.run(FutureTask.java:266)
	at java.util.concurrent.ThreadPoolExecutor.runWorker(ThreadPoolExecutor.java:1149)
	at java.util.concurrent.ThreadPoolExecutor$Worker.run(ThreadPoolExecutor.java:624)
	at java.lang.Thread.run(Thread.java:748)
2018-04-04 04:56:58,235 INFO  SysUtils - Configuration on demand is an incubating feature.
Observed package id 'build-tools;28.0.0-preview' in inconsistent location '/root/Applications/android-sdk/build-tools/28.0.0-rc1' (Expected '/root/Applications/android-sdk/build-tools/28.0.0-preview')
Incremental java compilation is an incubating feature.
:multipleimageselect:preBuild UP-TO-DATE
:multipleimageselect:preDebugBuild UP-TO-DATE
:multipleimageselect:compileDebugNdk UP-TO-DATE
:multipleimageselect:compileLint
:multipleimageselect:copyDebugLint UP-TO-DATE
:multipleimageselect:checkDebugManifest
:multipleimageselect:preDebugAndroidTestBuild UP-TO-DATE
:multipleimageselect:preDebugUnitTestBuild UP-TO-DATE
:multipleimageselect:preReleaseBuild UP-TO-DATE
:multipleimageselect:preReleaseUnitTestBuild UP-TO-DATE
:multipleimageselect:prepareComAndroidSupportAnimatedVectorDrawable2421Library
:multipleimageselect:prepareComAndroidSupportAppcompatV72421Library
:multipleimageselect:prepareComAndroidSupportDesign2421Library
:multipleimageselect:prepareComAndroidSupportRecyclerviewV72421Library
:multipleimageselect:prepareComAndroidSupportSupportCompat2421Library
:multipleimageselect:prepareComAndroidSupportSupportCoreUi2421Library
:multipleimageselect:prepareComAndroidSupportSupportCoreUtils2421Library
:multipleimageselect:prepareComAndroidSupportSupportFragment2421Library
:multipleimageselect:prepareComAndroidSupportSupportMediaCompat2421Library
:multipleimageselect:prepareComAndroidSupportSupportV42421Library
:multipleimageselect:prepareComAndroidSupportSupportVectorDrawable2421Library
:multipleimageselect:prepareDebugDependencies
:multipleimageselect:compileDebugAidl
:multipleimageselect:compileDebugRenderscript
:multipleimageselect:generateDebugBuildConfig
:multipleimageselect:mergeDebugShaders
:multipleimageselect:compileDebugShaders
:multipleimageselect:generateDebugAssets
:multipleimageselect:mergeDebugAssets
:multipleimageselect:generateDebugResValues
:multipleimageselect:generateDebugResources
:multipleimageselect:mergeDebugResources
:multipleimageselect:processDebugManifest
:multipleimageselect:processDebugResources
:multipleimageselect:generateDebugSources
:multipleimageselect:incrementalDebugJavaCompilationSafeguard
:multipleimageselect:compileDebugJavaWithJavac
:multipleimageselect:compileDebugJavaWithJavac - is not incremental (e.g. outputs have changed, no previous execution, etc.).
Note: /tmp/rdisk/1889/src/multipleimageselect/src/main/java/com/darsh/multipleimageselect/adapters/CustomImageSelectAdapter.java uses or overrides a deprecated API.
Note: Recompile with -Xlint:deprecation for details.
:multipleimageselect:extractDebugAnnotations
:multipleimageselect:mergeDebugProguardFiles
:multipleimageselect:packageDebugRenderscript UP-TO-DATE
:multipleimageselect:packageDebugResources
:multipleimageselect:processDebugJavaRes UP-TO-DATE
:multipleimageselect:transformResourcesWithMergeJavaResForDebug
:multipleimageselect:transformClassesAndResourcesWithSyncLibJarsForDebug
:multipleimageselect:mergeDebugJniLibFolders
:multipleimageselect:transformNative_libsWithMergeJniLibsForDebug
:multipleimageselect:transformNative_libsWithSyncJniLibsForDebug
:multipleimageselect:bundleDebug
:multipleimageselect:compileDebugSources
:multipleimageselect:assembleDebug
:multipleimageselect:compileReleaseNdk UP-TO-DATE
:multipleimageselect:copyReleaseLint UP-TO-DATE
:multipleimageselect:checkReleaseManifest
:multipleimageselect:prepareReleaseDependencies
:multipleimageselect:compileReleaseAidl
:multipleimageselect:compileReleaseRenderscript
:multipleimageselect:generateReleaseBuildConfig
:multipleimageselect:mergeReleaseShaders
:multipleimageselect:compileReleaseShaders
:multipleimageselect:generateReleaseAssets
:multipleimageselect:mergeReleaseAssets
:multipleimageselect:generateReleaseResValues
:multipleimageselect:generateReleaseResources
:multipleimageselect:mergeReleaseResources
:multipleimageselect:processReleaseManifest
:multipleimageselect:processReleaseResources
:multipleimageselect:generateReleaseSources
:multipleimageselect:incrementalReleaseJavaCompilationSafeguard
:multipleimageselect:compileReleaseJavaWithJavac
:multipleimageselect:compileReleaseJavaWithJavac - is not incremental (e.g. outputs have changed, no previous execution, etc.).
Note: /tmp/rdisk/1889/src/multipleimageselect/src/main/java/com/darsh/multipleimageselect/adapters/CustomImageSelectAdapter.java uses or overrides a deprecated API.
Note: Recompile with -Xlint:deprecation for details.
:multipleimageselect:extractReleaseAnnotations
:multipleimageselect:mergeReleaseProguardFiles
:multipleimageselect:packageReleaseRenderscript UP-TO-DATE
:multipleimageselect:packageReleaseResources
:multipleimageselect:processReleaseJavaRes UP-TO-DATE
:multipleimageselect:transformResourcesWithMergeJavaResForRelease
:multipleimageselect:transformClassesAndResourcesWithSyncLibJarsForRelease
:multipleimageselect:mergeReleaseJniLibFolders
:multipleimageselect:transformNative_libsWithMergeJniLibsForRelease
:multipleimageselect:transformNative_libsWithSyncJniLibsForRelease
:multipleimageselect:bundleRelease
:multipleimageselect:compileReleaseSources
:multipleimageselect:assembleRelease
:multipleimageselect:assemble
:multipleimageselect:lint
Ran lint on variant debug: 34 issues found
Ran lint on variant release: 34 issues found
Wrote HTML report to file:///tmp/rdisk/1889/src/multipleimageselect/build/outputs/lint-results-debug.html
Wrote XML report to file:///tmp/rdisk/1889/src/multipleimageselect/build/outputs/lint-results-debug.xml
:multipleimageselect:lint FAILED

FAILURE: Build failed with an exception.

* What went wrong:
Execution failed for task ':multipleimageselect:lint'.
> Lint found errors in the project; aborting build.
  
  Fix the issues identified by lint, or add the following to your build script to proceed with errors:
  ...
  android {
      lintOptions {
          abortOnError false
      }
  }
  ...

* Try:
Run with --info or --debug option to get more log output.

* Exception is:
org.gradle.api.tasks.TaskExecutionException: Execution failed for task ':multipleimageselect:lint'.
	at org.gradle.api.internal.tasks.execution.ExecuteActionsTaskExecuter.executeActions(ExecuteActionsTaskExecuter.java:69)
	at org.gradle.api.internal.tasks.execution.ExecuteActionsTaskExecuter.execute(ExecuteActionsTaskExecuter.java:46)
	at org.gradle.api.internal.tasks.execution.PostExecutionAnalysisTaskExecuter.execute(PostExecutionAnalysisTaskExecuter.java:35)
	at org.gradle.api.internal.tasks.execution.SkipUpToDateTaskExecuter.execute(SkipUpToDateTaskExecuter.java:64)
	at org.gradle.api.internal.tasks.execution.ValidatingTaskExecuter.execute(ValidatingTaskExecuter.java:58)
	at org.gradle.api.internal.tasks.execution.SkipEmptySourceFilesTaskExecuter.execute(SkipEmptySourceFilesTaskExecuter.java:52)
	at org.gradle.api.internal.tasks.execution.SkipTaskWithNoActionsExecuter.execute(SkipTaskWithNoActionsExecuter.java:52)
	at org.gradle.api.internal.tasks.execution.SkipOnlyIfTaskExecuter.execute(SkipOnlyIfTaskExecuter.java:53)
	at org.gradle.api.internal.tasks.execution.ExecuteAtMostOnceTaskExecuter.execute(ExecuteAtMostOnceTaskExecuter.java:43)
	at org.gradle.execution.taskgraph.DefaultTaskGraphExecuter$EventFiringTaskWorker.execute(DefaultTaskGraphExecuter.java:203)
	at org.gradle.execution.taskgraph.DefaultTaskGraphExecuter$EventFiringTaskWorker.execute(DefaultTaskGraphExecuter.java:185)
	at org.gradle.execution.taskgraph.AbstractTaskPlanExecutor$TaskExecutorWorker.processTask(AbstractTaskPlanExecutor.java:66)
	at org.gradle.execution.taskgraph.AbstractTaskPlanExecutor$TaskExecutorWorker.run(AbstractTaskPlanExecutor.java:50)
	at org.gradle.execution.taskgraph.DefaultTaskPlanExecutor.process(DefaultTaskPlanExecutor.java:25)
	at org.gradle.execution.taskgraph.DefaultTaskGraphExecuter.execute(DefaultTaskGraphExecuter.java:110)
	at org.gradle.execution.SelectedTaskExecutionAction.execute(SelectedTaskExecutionAction.java:37)
	at org.gradle.execution.DefaultBuildExecuter.execute(DefaultBuildExecuter.java:37)
	at org.gradle.execution.DefaultBuildExecuter.access$000(DefaultBuildExecuter.java:23)
	at org.gradle.execution.DefaultBuildExecuter$1.proceed(DefaultBuildExecuter.java:43)
	at org.gradle.execution.DryRunBuildExecutionAction.execute(DryRunBuildExecutionAction.java:32)
	at org.gradle.execution.DefaultBuildExecuter.execute(DefaultBuildExecuter.java:37)
	at org.gradle.execution.DefaultBuildExecuter.execute(DefaultBuildExecuter.java:30)
	at org.gradle.initialization.DefaultGradleLauncher$4.run(DefaultGradleLauncher.java:154)
	at org.gradle.internal.Factories$1.create(Factories.java:22)
	at org.gradle.internal.progress.DefaultBuildOperationExecutor.run(DefaultBuildOperationExecutor.java:90)
	at org.gradle.internal.progress.DefaultBuildOperationExecutor.run(DefaultBuildOperationExecutor.java:52)
	at org.gradle.initialization.DefaultGradleLauncher.doBuildStages(DefaultGradleLauncher.java:151)
	at org.gradle.initialization.DefaultGradleLauncher.access$200(DefaultGradleLauncher.java:32)
	at org.gradle.initialization.DefaultGradleLauncher$1.create(DefaultGradleLauncher.java:99)
	at org.gradle.initialization.DefaultGradleLauncher$1.create(DefaultGradleLauncher.java:93)
	at org.gradle.internal.progress.DefaultBuildOperationExecutor.run(DefaultBuildOperationExecutor.java:90)
	at org.gradle.internal.progress.DefaultBuildOperationExecutor.run(DefaultBuildOperationExecutor.java:62)
	at org.gradle.initialization.DefaultGradleLauncher.doBuild(DefaultGradleLauncher.java:93)
	at org.gradle.initialization.DefaultGradleLauncher.run(DefaultGradleLauncher.java:82)
	at org.gradle.launcher.exec.InProcessBuildActionExecuter$DefaultBuildController.run(InProcessBuildActionExecuter.java:94)
	at org.gradle.tooling.internal.provider.ExecuteBuildActionRunner.run(ExecuteBuildActionRunner.java:28)
	at org.gradle.launcher.exec.ChainingBuildActionRunner.run(ChainingBuildActionRunner.java:35)
	at org.gradle.launcher.exec.InProcessBuildActionExecuter.execute(InProcessBuildActionExecuter.java:43)
	at org.gradle.launcher.exec.InProcessBuildActionExecuter.execute(InProcessBuildActionExecuter.java:28)
	at org.gradle.launcher.exec.ContinuousBuildActionExecuter.execute(ContinuousBuildActionExecuter.java:78)
	at org.gradle.launcher.exec.ContinuousBuildActionExecuter.execute(ContinuousBuildActionExecuter.java:48)
	at org.gradle.launcher.exec.DaemonUsageSuggestingBuildActionExecuter.execute(DaemonUsageSuggestingBuildActionExecuter.java:51)
	at org.gradle.launcher.exec.DaemonUsageSuggestingBuildActionExecuter.execute(DaemonUsageSuggestingBuildActionExecuter.java:28)
	at org.gradle.launcher.cli.RunBuildAction.run(RunBuildAction.java:43)
	at org.gradle.internal.Actions$RunnableActionAdapter.execute(Actions.java:170)
	at org.gradle.launcher.cli.CommandLineActionFactory$ParseAndBuildAction.execute(CommandLineActionFactory.java:237)
	at org.gradle.launcher.cli.CommandLineActionFactory$ParseAndBuildAction.execute(CommandLineActionFactory.java:210)
	at org.gradle.launcher.cli.JavaRuntimeValidationAction.execute(JavaRuntimeValidationAction.java:35)
	at org.gradle.launcher.cli.JavaRuntimeValidationAction.execute(JavaRuntimeValidationAction.java:24)
	at org.gradle.launcher.cli.CommandLineActionFactory$WithLogging.execute(CommandLineActionFactory.java:206)
	at org.gradle.launcher.cli.CommandLineActionFactory$WithLogging.execute(CommandLineActionFactory.java:169)
	at org.gradle.launcher.cli.ExceptionReportingAction.execute(ExceptionReportingAction.java:33)
	at org.gradle.launcher.cli.ExceptionReportingAction.execute(ExceptionReportingAction.java:22)
	at org.gradle.launcher.Main.doAction(Main.java:33)
	at org.gradle.launcher.bootstrap.EntryPoint.run(EntryPoint.java:45)
	at org.gradle.launcher.bootstrap.ProcessBootstrap.runNoExit(ProcessBootstrap.java:54)
	at org.gradle.launcher.bootstrap.ProcessBootstrap.run(ProcessBootstrap.java:35)
	at org.gradle.launcher.GradleMain.main(GradleMain.java:23)
	at org.gradle.wrapper.BootstrapMainStarter.start(BootstrapMainStarter.java:33)
	at org.gradle.wrapper.WrapperExecutor.execute(WrapperExecutor.java:130)
	at org.gradle.wrapper.GradleWrapperMain.main(GradleWrapperMain.java:48)
Caused by: org.gradle.api.GradleException: Lint found errors in the project; aborting build.

Fix the issues identified by lint, or add the following to your build script to proceed with errors:
...
android {
    lintOptions {
        abortOnError false
    }
}
...
	at com.android.build.gradle.tasks.Lint.abort(Lint.groovy:191)
	at com.android.build.gradle.tasks.Lint.lintAllVariants(Lint.groovy:155)
	at com.android.build.gradle.tasks.Lint$lintAllVariants$2.callCurrent(Unknown Source)
	at com.android.build.gradle.tasks.Lint.lint(Lint.groovy:81)
	at org.gradle.internal.reflect.JavaMethod.invoke(JavaMethod.java:75)
	at org.gradle.api.internal.project.taskfactory.AnnotationProcessingTaskFactory$StandardTaskAction.doExecute(AnnotationProcessingTaskFactory.java:227)
	at org.gradle.api.internal.project.taskfactory.AnnotationProcessingTaskFactory$StandardTaskAction.execute(AnnotationProcessingTaskFactory.java:220)
	at org.gradle.api.internal.project.taskfactory.AnnotationProcessingTaskFactory$StandardTaskAction.execute(AnnotationProcessingTaskFactory.java:209)
	at org.gradle.api.internal.AbstractTask$TaskActionWrapper.execute(AbstractTask.java:585)
	at org.gradle.api.internal.AbstractTask$TaskActionWrapper.execute(AbstractTask.java:568)
	at org.gradle.api.internal.tasks.execution.ExecuteActionsTaskExecuter.executeAction(ExecuteActionsTaskExecuter.java:80)
	at org.gradle.api.internal.tasks.execution.ExecuteActionsTaskExecuter.executeActions(ExecuteActionsTaskExecuter.java:61)
	... 60 more


BUILD FAILED

Total time: 20.556 secs

2018-04-04 04:56:58,302 INFO  ProjectTaskService - Detecting possible tasks...
2018-04-04 04:56:58,302 INFO  SysUtils - Execute command: [/tmp/rdisk/1889/src/gradlew, -b, /tmp/rdisk/1889/src/sample/build.gradle, -Dorg.gradle.daemon=false, -Dorg.gradle.daemon.performance.enable-monitoring=false, -Dorg.gradle.configureondemand=true, tasks]
2018-04-04 04:57:05,337 INFO  ProjectTaskService - Detected possible tasks: 70
2018-04-04 04:57:05,338 INFO  ProjectTaskService - Excluded tasks (19): lintDebug mockableAndroidJar deviceCheck lint testReleaseUnitTest uninstallRelease deviceAndroidTest uninstallDebugAndroidTest installDebugAndroidTest connectedCheck connectedDebugAndroidTest uninstallAll test check testDebugUnitTest connectedAndroidTest installDebug lintRelease uninstallDebug
2018-04-04 04:57:05,338 INFO  SysUtils - Execute command: [/tmp/rdisk/1889/src/gradlew, -b, /tmp/rdisk/1889/src/sample/build.gradle, -Dorg.gradle.daemon=false, -Dorg.gradle.daemon.performance.enable-monitoring=false, -Dorg.gradle.configureondemand=true, --stacktrace, -x, lintDebug, -x, mockableAndroidJar, -x, deviceCheck, -x, lint, -x, testReleaseUnitTest, -x, uninstallRelease, -x, deviceAndroidTest, -x, uninstallDebugAndroidTest, -x, installDebugAndroidTest, -x, connectedCheck, -x, connectedDebugAndroidTest, -x, uninstallAll, -x, test, -x, check, -x, testDebugUnitTest, -x, connectedAndroidTest, -x, installDebug, -x, lintRelease, -x, uninstallDebug, build]
2018-04-04 04:57:48,908 INFO  SysUtils - Configuration on demand is an incubating feature.
Observed package id 'build-tools;28.0.0-preview' in inconsistent location '/root/Applications/android-sdk/build-tools/28.0.0-rc1' (Expected '/root/Applications/android-sdk/build-tools/28.0.0-preview')
Incremental java compilation is an incubating feature.
:multipleimageselect:preBuild UP-TO-DATE
:multipleimageselect:preReleaseBuild UP-TO-DATE
:multipleimageselect:compileReleaseNdk UP-TO-DATE
:multipleimageselect:compileLint
:multipleimageselect:copyReleaseLint UP-TO-DATE
:multipleimageselect:checkReleaseManifest
:multipleimageselect:preDebugAndroidTestBuild UP-TO-DATE
:multipleimageselect:preDebugBuild UP-TO-DATE
:multipleimageselect:preDebugUnitTestBuild UP-TO-DATE
:multipleimageselect:preReleaseUnitTestBuild UP-TO-DATE
:multipleimageselect:prepareComAndroidSupportAnimatedVectorDrawable2421Library UP-TO-DATE
:multipleimageselect:prepareComAndroidSupportAppcompatV72421Library UP-TO-DATE
:multipleimageselect:prepareComAndroidSupportDesign2421Library UP-TO-DATE
:multipleimageselect:prepareComAndroidSupportRecyclerviewV72421Library UP-TO-DATE
:multipleimageselect:prepareComAndroidSupportSupportCompat2421Library UP-TO-DATE
:multipleimageselect:prepareComAndroidSupportSupportCoreUi2421Library UP-TO-DATE
:multipleimageselect:prepareComAndroidSupportSupportCoreUtils2421Library UP-TO-DATE
:multipleimageselect:prepareComAndroidSupportSupportFragment2421Library UP-TO-DATE
:multipleimageselect:prepareComAndroidSupportSupportMediaCompat2421Library UP-TO-DATE
:multipleimageselect:prepareComAndroidSupportSupportV42421Library UP-TO-DATE
:multipleimageselect:prepareComAndroidSupportSupportVectorDrawable2421Library UP-TO-DATE
:multipleimageselect:prepareReleaseDependencies
:multipleimageselect:compileReleaseAidl UP-TO-DATE
:multipleimageselect:compileReleaseRenderscript UP-TO-DATE
:multipleimageselect:generateReleaseBuildConfig UP-TO-DATE
:multipleimageselect:mergeReleaseShaders UP-TO-DATE
:multipleimageselect:compileReleaseShaders UP-TO-DATE
:multipleimageselect:generateReleaseAssets UP-TO-DATE
:multipleimageselect:mergeReleaseAssets UP-TO-DATE
:multipleimageselect:generateReleaseResValues UP-TO-DATE
:multipleimageselect:generateReleaseResources UP-TO-DATE
:multipleimageselect:mergeReleaseResources UP-TO-DATE
:multipleimageselect:processReleaseManifest UP-TO-DATE
:multipleimageselect:processReleaseResources UP-TO-DATE
:multipleimageselect:generateReleaseSources UP-TO-DATE
:multipleimageselect:incrementalReleaseJavaCompilationSafeguard UP-TO-DATE
:multipleimageselect:compileReleaseJavaWithJavac UP-TO-DATE
:multipleimageselect:extractReleaseAnnotations UP-TO-DATE
:multipleimageselect:mergeReleaseProguardFiles UP-TO-DATE
:multipleimageselect:packageReleaseRenderscript UP-TO-DATE
:multipleimageselect:packageReleaseResources UP-TO-DATE
:multipleimageselect:processReleaseJavaRes UP-TO-DATE
:multipleimageselect:transformResourcesWithMergeJavaResForRelease UP-TO-DATE
:multipleimageselect:transformClassesAndResourcesWithSyncLibJarsForRelease UP-TO-DATE
:multipleimageselect:mergeReleaseJniLibFolders UP-TO-DATE
:multipleimageselect:transformNative_libsWithMergeJniLibsForRelease UP-TO-DATE
:multipleimageselect:transformNative_libsWithSyncJniLibsForRelease UP-TO-DATE
:multipleimageselect:bundleRelease UP-TO-DATE
:sample:preBuild UP-TO-DATE
:sample:preDebugBuild UP-TO-DATE
:sample:checkDebugManifest
:sample:preReleaseBuild UP-TO-DATE
:sample:prepareComAndroidSupportAnimatedVectorDrawable2421Library
:sample:prepareComAndroidSupportAppcompatV72421Library
:sample:prepareComAndroidSupportDesign2421Library
:sample:prepareComAndroidSupportMultidex101Library
:sample:prepareComAndroidSupportRecyclerviewV72421Library
:sample:prepareComAndroidSupportSupportCompat2421Library
:sample:prepareComAndroidSupportSupportCoreUi2421Library
:sample:prepareComAndroidSupportSupportCoreUtils2421Library
:sample:prepareComAndroidSupportSupportFragment2421Library
:sample:prepareComAndroidSupportSupportMediaCompat2421Library
:sample:prepareComAndroidSupportSupportV42421Library
:sample:prepareComAndroidSupportSupportVectorDrawable2421Library
:sample:prepareSrcMultipleimageselectUnspecifiedLibrary
:sample:prepareDebugDependencies
:sample:compileDebugAidl
:sample:compileDebugRenderscript
:sample:generateDebugBuildConfig
:sample:mergeDebugShaders
:sample:compileDebugShaders
:sample:generateDebugAssets
:sample:mergeDebugAssets
:sample:generateDebugResValues
:sample:generateDebugResources
:sample:mergeDebugResources
:sample:processDebugManifest
:sample:processDebugResources
:sample:generateDebugSources
:sample:incrementalDebugJavaCompilationSafeguard
:sample:compileDebugJavaWithJavac
:sample:compileDebugJavaWithJavac - is not incremental (e.g. outputs have changed, no previous execution, etc.).
:sample:compileDebugNdk UP-TO-DATE
:sample:compileDebugSources
:sample:prePackageMarkerForDebug
:sample:transformClassesWithJarMergingForDebug
:sample:collectDebugMultiDexComponents
:sample:transformClassesWithMultidexlistForDebug
ProGuard, version 5.2.1
Reading program jar [/tmp/rdisk/1889/src/sample/build/intermediates/transforms/jarMerging/debug/jars/1/1f/combined.jar]
Reading library jar [/root/Applications/android-sdk/build-tools/24.0.1/lib/shrinkedAndroid.jar]
Preparing output jar [/tmp/rdisk/1889/src/sample/build/intermediates/multi-dex/debug/componentClasses.jar]
  Copying resources from program jar [/tmp/rdisk/1889/src/sample/build/intermediates/transforms/jarMerging/debug/jars/1/1f/combined.jar]
:sample:transformClassesWithDexForDebug
To run dex in process, the Gradle daemon needs a larger heap.
It currently has approximately 1623 MB.
For faster builds, increase the maximum heap size for the Gradle daemon to more than 2048 MB.
To do this set org.gradle.jvmargs=-Xmx2048M in the project gradle.properties.
For more information see https://docs.gradle.org/current/userguide/build_environment.html
:sample:mergeDebugJniLibFolders
:sample:transformNative_libsWithMergeJniLibsForDebug
:sample:processDebugJavaRes UP-TO-DATE
:sample:transformResourcesWithMergeJavaResForDebug
:sample:validateDebugSigning
:sample:packageDebug
:sample:zipalignDebug
:sample:assembleDebug
:sample:checkReleaseManifest
:sample:prepareReleaseDependencies
:sample:compileReleaseAidl
:sample:compileReleaseRenderscript
:sample:generateReleaseBuildConfig
:sample:mergeReleaseShaders
:sample:compileReleaseShaders
:sample:generateReleaseAssets
:sample:mergeReleaseAssets
:sample:generateReleaseResValues
:sample:generateReleaseResources
:sample:mergeReleaseResources
:sample:processReleaseManifest
:sample:processReleaseResources
:sample:generateReleaseSources
:sample:incrementalReleaseJavaCompilationSafeguard
:sample:compileReleaseJavaWithJavac
:sample:compileReleaseJavaWithJavac - is not incremental (e.g. outputs have changed, no previous execution, etc.).
:sample:compileReleaseNdk UP-TO-DATE
:sample:compileReleaseSources
:sample:lintVitalRelease
:sample:prePackageMarkerForRelease
:sample:transformClassesWithJarMergingForRelease
:sample:collectReleaseMultiDexComponents
:sample:transformClassesWithMultidexlistForRelease
ProGuard, version 5.2.1
Reading program jar [/tmp/rdisk/1889/src/sample/build/intermediates/transforms/jarMerging/release/jars/1/1f/combined.jar]
Reading library jar [/root/Applications/android-sdk/build-tools/24.0.1/lib/shrinkedAndroid.jar]
Preparing output jar [/tmp/rdisk/1889/src/sample/build/intermediates/multi-dex/release/componentClasses.jar]
  Copying resources from program jar [/tmp/rdisk/1889/src/sample/build/intermediates/transforms/jarMerging/release/jars/1/1f/combined.jar]
:sample:transformClassesWithDexForRelease
:sample:mergeReleaseJniLibFolders
:sample:transformNative_libsWithMergeJniLibsForRelease
:sample:processReleaseJavaRes UP-TO-DATE
:sample:transformResourcesWithMergeJavaResForRelease
:sample:packageRelease
:sample:assembleRelease
:sample:assemble
:sample:build

BUILD SUCCESSFUL

Total time: 43.146 secs

2018-04-04 04:57:49,011 INFO  FullProcessService - Found APK file: /tmp/rdisk/1889/src/sample/build/outputs/apk/sample-release-unsigned.apk
