2018-04-04 10:53:54,229 INFO  DownloadService - Downloading "https://github.com/polok/localify/archive/master.zip", attempt 3
2018-04-04 10:54:54,873 INFO  GithubDownloadService - Could not find ZIP archive for master branch
2018-04-04 10:54:55,702 INFO  GithubDownloadService - Default branch of this repository: master
2018-04-04 10:54:55,702 INFO  DownloadService - Downloading "https://github.com/polok/localify/archive/master.zip", attempt 3
2018-04-04 10:55:57,051 DEBUG FullProcessService - Repository https://github.com/polok/localify available: true
2018-04-04 10:55:57,051 INFO  FullProcessService - Could not download ZIP file from Github, lets clone it
2018-04-04 10:55:57,051 INFO  SysUtils - Execute command: [git, clone, -q, --single-branch, --depth, 1, https://github.com/polok/localify, /tmp/rdisk/1791/src]
2018-04-04 10:55:58,515 INFO  SysUtils - 
2018-04-04 10:55:58,529 INFO  GitService - Deleted "/tmp/rdisk/1791/src/.git": true
2018-04-04 10:55:58,532 INFO  FullProcessService - Size of directory with sources: 99 KB
2018-04-04 10:55:58,532 INFO  SysUtils - Execute command: [git, init, /tmp/rdisk/1791/src]
2018-04-04 10:55:58,536 INFO  SysUtils - Initialized empty Git repository in /tmp/rdisk/1791/src/.git/

2018-04-04 10:55:58,539 INFO  ProjectBuildService - Gradle wrapper(s): /tmp/rdisk/1791/src/gradlew
2018-04-04 10:55:58,541 INFO  ProjectBuildService - Build script(s): /tmp/rdisk/1791/src/app/build.gradle /tmp/rdisk/1791/src/library/build.gradle /tmp/rdisk/1791/src/build.gradle
2018-04-04 10:55:58,544 INFO  ProjectBuildService - All script(s): /tmp/rdisk/1791/src/settings.gradle /tmp/rdisk/1791/src/library/build.gradle /tmp/rdisk/1791/src/build.gradle /tmp/rdisk/1791/src/app/build.gradle
2018-04-04 10:55:58,544 INFO  DownloadService - Downloading "https://raw.github.com/chrisbanes/gradle-mvn-push/master/gradle-mvn-push.gradle", attempt 3
2018-04-04 10:55:58,901 INFO  DownloadService - Downloaded https://raw.github.com/chrisbanes/gradle-mvn-push/master/gradle-mvn-push.gradle, attempt 3
2018-04-04 10:55:58,901 INFO  ProjectBuildService - Remote scripts: https://raw.github.com/chrisbanes/gradle-mvn-push/master/gradle-mvn-push.gradle
2018-04-04 10:55:58,902 INFO  ProjectFixService - Fixing project...
2018-04-04 10:55:58,908 INFO  LocalPropertiesFixService - Created fake /tmp/rdisk/1791/src/app/local.properties
2018-04-04 10:55:58,908 INFO  ProjectFixService - Build info for "/tmp/rdisk/1791/src/app/build.gradle": [buildToolsVersion=22.0.1,compileSdkVersion=21,minSdkVersion=10,targetSdkVersion=21]
2018-04-04 10:55:58,908 INFO  LocalPropertiesFixService - Created fake /tmp/rdisk/1791/src/library/local.properties
2018-04-04 10:55:58,909 INFO  ProjectFixService - Build info for "/tmp/rdisk/1791/src/library/build.gradle": [buildToolsVersion=22.0.1,compileSdkVersion=21,minSdkVersion=10,targetSdkVersion=21]
2018-04-04 10:55:58,909 INFO  LocalPropertiesFixService - Created fake /tmp/rdisk/1791/src/local.properties
2018-04-04 10:55:58,910 INFO  ProjectFixService - Build info for "/tmp/rdisk/1791/src/build.gradle": [buildToolsVersion=22.0.1,compileSdkVersion=21,minSdkVersion=10,targetSdkVersion=21]
2018-04-04 10:55:58,910 INFO  ProjectFixService - Project was maybe fixed
2018-04-04 10:55:58,910 INFO  ProjectTaskService - Detecting possible tasks...
2018-04-04 10:55:58,910 INFO  SysUtils - Execute command: [/tmp/rdisk/1791/src/gradlew, -b, /tmp/rdisk/1791/src/app/build.gradle, -Dorg.gradle.daemon=false, -Dorg.gradle.daemon.performance.enable-monitoring=false, -Dorg.gradle.configureondemand=true, tasks]
2018-04-04 10:55:59,083 ERROR ProjectTaskService - Could not detect possible Gradle tasks: Process exited with an error: 1 (Exit value: 1)
2018-04-04 10:55:59,083 INFO  ProjectTaskService - Detected possible tasks: 4
2018-04-04 10:55:59,083 INFO  ProjectTaskService - Excluded tasks (3): androidJavadocsJar androidJavadocs androidSourcesJar
2018-04-04 10:55:59,083 INFO  SysUtils - Execute command: [/tmp/rdisk/1791/src/gradlew, -b, /tmp/rdisk/1791/src/app/build.gradle, -Dorg.gradle.daemon=false, -Dorg.gradle.daemon.performance.enable-monitoring=false, -Dorg.gradle.configureondemand=true, --stacktrace, -x, androidJavadocsJar, -x, androidJavadocs, -x, androidSourcesJar, build]
2018-04-04 10:55:59,191 ERROR SysUtils - Could not process external command
org.apache.commons.exec.ExecuteException: Process exited with an error: 1 (Exit value: 1)
	at org.apache.commons.exec.DefaultExecutor.executeInternal(DefaultExecutor.java:404)
	at org.apache.commons.exec.DefaultExecutor.execute(DefaultExecutor.java:166)
	at com.github.vbauer.apkmaster.util.SysUtils.execute(SysUtils.java:67)
	at com.github.vbauer.apkmaster.util.SysUtils.executeSimple(SysUtils.java:43)
	at com.github.vbauer.apkmaster.service.assembly.ProjectBuildService.buildProject(ProjectBuildService.java:78)
	at com.github.vbauer.apkmaster.service.assembly.ProjectBuildService.buildProject(ProjectBuildService.java:64)
	at com.github.vbauer.apkmaster.service.assembly.ProjectBuildService.buildProject(ProjectBuildService.java:43)
	at com.github.vbauer.apkmaster.service.FullProcessService.build(FullProcessService.java:84)
	at com.github.vbauer.apkmaster.service.FullProcessService.process(FullProcessService.java:34)
	at com.github.vbauer.apkmaster.app.MainApplication.process(MainApplication.java:38)
	at com.github.vbauer.apkmaster.app.MainApplication.main(MainApplication.java:20)
	at sun.reflect.GeneratedMethodAccessor8.invoke(Unknown Source)
	at sun.reflect.DelegatingMethodAccessorImpl.invoke(DelegatingMethodAccessorImpl.java:43)
	at java.lang.reflect.Method.invoke(Method.java:498)
	at com.android.arsenal.util.ReflectionUtils.invoke(ReflectionUtils.java:42)
	at com.android.arsenal.util.ApkMasterUtils.main(ApkMasterUtils.java:30)
	at com.android.arsenal.service.processor.impl.BuildProcessorServiceImpl.buildProject(BuildProcessorServiceImpl.java:197)
	at com.android.arsenal.service.processor.impl.BuildProcessorServiceImpl.build(BuildProcessorServiceImpl.java:131)
	at com.android.arsenal.service.processor.impl.BuildProcessorServiceImpl.lambda$null$1(BuildProcessorServiceImpl.java:114)
	at java.util.concurrent.FutureTask.run(FutureTask.java:266)
	at java.util.concurrent.Executors$RunnableAdapter.call(Executors.java:511)
	at java.util.concurrent.FutureTask.run(FutureTask.java:266)
	at java.util.concurrent.ThreadPoolExecutor.runWorker(ThreadPoolExecutor.java:1149)
	at java.util.concurrent.ThreadPoolExecutor$Worker.run(ThreadPoolExecutor.java:624)
	at java.lang.Thread.run(Thread.java:748)
2018-04-04 10:55:59,191 INFO  SysUtils - Error: Could not find or load main class org.gradle.wrapper.GradleWrapperMain

2018-04-04 10:55:59,194 INFO  ProjectTaskService - Detecting possible tasks...
2018-04-04 10:55:59,194 INFO  SysUtils - Execute command: [/tmp/rdisk/1791/src/gradlew, -b, /tmp/rdisk/1791/src/library/build.gradle, -Dorg.gradle.daemon=false, -Dorg.gradle.daemon.performance.enable-monitoring=false, -Dorg.gradle.configureondemand=true, tasks]
2018-04-04 10:55:59,304 ERROR ProjectTaskService - Could not detect possible Gradle tasks: Process exited with an error: 1 (Exit value: 1)
2018-04-04 10:55:59,305 INFO  ProjectTaskService - Detected possible tasks: 4
2018-04-04 10:55:59,305 INFO  ProjectTaskService - Excluded tasks (3): androidJavadocsJar androidJavadocs androidSourcesJar
2018-04-04 10:55:59,305 INFO  SysUtils - Execute command: [/tmp/rdisk/1791/src/gradlew, -b, /tmp/rdisk/1791/src/library/build.gradle, -Dorg.gradle.daemon=false, -Dorg.gradle.daemon.performance.enable-monitoring=false, -Dorg.gradle.configureondemand=true, --stacktrace, -x, androidJavadocsJar, -x, androidJavadocs, -x, androidSourcesJar, build]
2018-04-04 10:55:59,419 ERROR SysUtils - Could not process external command
org.apache.commons.exec.ExecuteException: Process exited with an error: 1 (Exit value: 1)
	at org.apache.commons.exec.DefaultExecutor.executeInternal(DefaultExecutor.java:404)
	at org.apache.commons.exec.DefaultExecutor.execute(DefaultExecutor.java:166)
	at com.github.vbauer.apkmaster.util.SysUtils.execute(SysUtils.java:67)
	at com.github.vbauer.apkmaster.util.SysUtils.executeSimple(SysUtils.java:43)
	at com.github.vbauer.apkmaster.service.assembly.ProjectBuildService.buildProject(ProjectBuildService.java:78)
	at com.github.vbauer.apkmaster.service.assembly.ProjectBuildService.buildProject(ProjectBuildService.java:64)
	at com.github.vbauer.apkmaster.service.assembly.ProjectBuildService.buildProject(ProjectBuildService.java:43)
	at com.github.vbauer.apkmaster.service.FullProcessService.build(FullProcessService.java:84)
	at com.github.vbauer.apkmaster.service.FullProcessService.process(FullProcessService.java:34)
	at com.github.vbauer.apkmaster.app.MainApplication.process(MainApplication.java:38)
	at com.github.vbauer.apkmaster.app.MainApplication.main(MainApplication.java:20)
	at sun.reflect.GeneratedMethodAccessor8.invoke(Unknown Source)
	at sun.reflect.DelegatingMethodAccessorImpl.invoke(DelegatingMethodAccessorImpl.java:43)
	at java.lang.reflect.Method.invoke(Method.java:498)
	at com.android.arsenal.util.ReflectionUtils.invoke(ReflectionUtils.java:42)
	at com.android.arsenal.util.ApkMasterUtils.main(ApkMasterUtils.java:30)
	at com.android.arsenal.service.processor.impl.BuildProcessorServiceImpl.buildProject(BuildProcessorServiceImpl.java:197)
	at com.android.arsenal.service.processor.impl.BuildProcessorServiceImpl.build(BuildProcessorServiceImpl.java:131)
	at com.android.arsenal.service.processor.impl.BuildProcessorServiceImpl.lambda$null$1(BuildProcessorServiceImpl.java:114)
	at java.util.concurrent.FutureTask.run(FutureTask.java:266)
	at java.util.concurrent.Executors$RunnableAdapter.call(Executors.java:511)
	at java.util.concurrent.FutureTask.run(FutureTask.java:266)
	at java.util.concurrent.ThreadPoolExecutor.runWorker(ThreadPoolExecutor.java:1149)
	at java.util.concurrent.ThreadPoolExecutor$Worker.run(ThreadPoolExecutor.java:624)
	at java.lang.Thread.run(Thread.java:748)
2018-04-04 10:55:59,419 INFO  SysUtils - Error: Could not find or load main class org.gradle.wrapper.GradleWrapperMain

2018-04-04 10:55:59,422 INFO  ProjectTaskService - Detecting possible tasks...
2018-04-04 10:55:59,422 INFO  SysUtils - Execute command: [/tmp/rdisk/1791/src/gradlew, -b, /tmp/rdisk/1791/src/build.gradle, -Dorg.gradle.daemon=false, -Dorg.gradle.daemon.performance.enable-monitoring=false, -Dorg.gradle.configureondemand=true, tasks]
2018-04-04 10:55:59,522 ERROR ProjectTaskService - Could not detect possible Gradle tasks: Process exited with an error: 1 (Exit value: 1)
2018-04-04 10:55:59,522 INFO  ProjectTaskService - Detected possible tasks: 4
2018-04-04 10:55:59,522 INFO  ProjectTaskService - Excluded tasks (3): androidJavadocsJar androidJavadocs androidSourcesJar
2018-04-04 10:55:59,522 INFO  SysUtils - Execute command: [/tmp/rdisk/1791/src/gradlew, -b, /tmp/rdisk/1791/src/build.gradle, -Dorg.gradle.daemon=false, -Dorg.gradle.daemon.performance.enable-monitoring=false, -Dorg.gradle.configureondemand=true, --stacktrace, -x, androidJavadocsJar, -x, androidJavadocs, -x, androidSourcesJar, build]
2018-04-04 10:55:59,627 ERROR SysUtils - Could not process external command
org.apache.commons.exec.ExecuteException: Process exited with an error: 1 (Exit value: 1)
	at org.apache.commons.exec.DefaultExecutor.executeInternal(DefaultExecutor.java:404)
	at org.apache.commons.exec.DefaultExecutor.execute(DefaultExecutor.java:166)
	at com.github.vbauer.apkmaster.util.SysUtils.execute(SysUtils.java:67)
	at com.github.vbauer.apkmaster.util.SysUtils.executeSimple(SysUtils.java:43)
	at com.github.vbauer.apkmaster.service.assembly.ProjectBuildService.buildProject(ProjectBuildService.java:78)
	at com.github.vbauer.apkmaster.service.assembly.ProjectBuildService.buildProject(ProjectBuildService.java:64)
	at com.github.vbauer.apkmaster.service.assembly.ProjectBuildService.buildProject(ProjectBuildService.java:43)
	at com.github.vbauer.apkmaster.service.FullProcessService.build(FullProcessService.java:84)
	at com.github.vbauer.apkmaster.service.FullProcessService.process(FullProcessService.java:34)
	at com.github.vbauer.apkmaster.app.MainApplication.process(MainApplication.java:38)
	at com.github.vbauer.apkmaster.app.MainApplication.main(MainApplication.java:20)
	at sun.reflect.GeneratedMethodAccessor8.invoke(Unknown Source)
	at sun.reflect.DelegatingMethodAccessorImpl.invoke(DelegatingMethodAccessorImpl.java:43)
	at java.lang.reflect.Method.invoke(Method.java:498)
	at com.android.arsenal.util.ReflectionUtils.invoke(ReflectionUtils.java:42)
	at com.android.arsenal.util.ApkMasterUtils.main(ApkMasterUtils.java:30)
	at com.android.arsenal.service.processor.impl.BuildProcessorServiceImpl.buildProject(BuildProcessorServiceImpl.java:197)
	at com.android.arsenal.service.processor.impl.BuildProcessorServiceImpl.build(BuildProcessorServiceImpl.java:131)
	at com.android.arsenal.service.processor.impl.BuildProcessorServiceImpl.lambda$null$1(BuildProcessorServiceImpl.java:114)
	at java.util.concurrent.FutureTask.run(FutureTask.java:266)
	at java.util.concurrent.Executors$RunnableAdapter.call(Executors.java:511)
	at java.util.concurrent.FutureTask.run(FutureTask.java:266)
	at java.util.concurrent.ThreadPoolExecutor.runWorker(ThreadPoolExecutor.java:1149)
	at java.util.concurrent.ThreadPoolExecutor$Worker.run(ThreadPoolExecutor.java:624)
	at java.lang.Thread.run(Thread.java:748)
2018-04-04 10:55:59,627 INFO  SysUtils - Error: Could not find or load main class org.gradle.wrapper.GradleWrapperMain

2018-04-04 10:55:59,630 ERROR FullProcessService - Project build has not produced APK file
2018-04-04 10:55:59,632 ERROR FullProcessService - Could not find generated or existed APK file
