2018-04-04 03:49:17,608 INFO  DownloadService - Downloading "https://github.com/dlazaro66/WheelIndicatorView/archive/master.zip", attempt 3
2018-04-04 03:50:18,053 INFO  GithubDownloadService - Could not find ZIP archive for master branch
2018-04-04 03:50:18,749 INFO  GithubDownloadService - Default branch of this repository: master
2018-04-04 03:50:18,749 INFO  DownloadService - Downloading "https://github.com/dlazaro66/WheelIndicatorView/archive/master.zip", attempt 3
2018-04-04 03:51:19,897 DEBUG FullProcessService - Repository https://github.com/dlazaro66/WheelIndicatorView available: true
2018-04-04 03:51:19,897 INFO  FullProcessService - Could not download ZIP file from Github, lets clone it
2018-04-04 03:51:19,897 INFO  SysUtils - Execute command: [git, clone, -q, --single-branch, --depth, 1, https://github.com/dlazaro66/WheelIndicatorView, /tmp/rdisk/1912/src]
2018-04-04 03:51:25,081 INFO  SysUtils - 
2018-04-04 03:51:25,095 INFO  GitService - Deleted "/tmp/rdisk/1912/src/.git": true
2018-04-04 03:51:25,098 INFO  FullProcessService - Size of directory with sources: 790 KB
2018-04-04 03:51:25,098 INFO  SysUtils - Execute command: [git, init, /tmp/rdisk/1912/src]
2018-04-04 03:51:25,105 INFO  SysUtils - Initialized empty Git repository in /tmp/rdisk/1912/src/.git/

2018-04-04 03:51:25,107 INFO  ProjectBuildService - Gradle wrapper(s): /tmp/rdisk/1912/src/gradlew
2018-04-04 03:51:25,110 INFO  ProjectBuildService - Build script(s): /tmp/rdisk/1912/src/WheelIndicatorView/build.gradle /tmp/rdisk/1912/src/sampleapp/build.gradle /tmp/rdisk/1912/src/build.gradle
2018-04-04 03:51:25,112 INFO  ProjectBuildService - All script(s): /tmp/rdisk/1912/src/settings.gradle /tmp/rdisk/1912/src/sampleapp/build.gradle /tmp/rdisk/1912/src/build.gradle /tmp/rdisk/1912/src/WheelIndicatorView/build.gradle
2018-04-04 03:51:25,112 INFO  ProjectBuildService - Remote scripts: none
2018-04-04 03:51:25,112 INFO  ProjectFixService - Fixing project...
2018-04-04 03:51:25,118 INFO  LocalPropertiesFixService - Created fake /tmp/rdisk/1912/src/WheelIndicatorView/local.properties
2018-04-04 03:51:25,118 INFO  ProjectFixService - Build info for "/tmp/rdisk/1912/src/WheelIndicatorView/build.gradle": [buildToolsVersion=21.1.2,compileSdkVersion=21,minSdkVersion=15,targetSdkVersion=21]
2018-04-04 03:51:25,118 INFO  LocalPropertiesFixService - Created fake /tmp/rdisk/1912/src/sampleapp/local.properties
2018-04-04 03:51:25,119 INFO  ProjectFixService - Build info for "/tmp/rdisk/1912/src/sampleapp/build.gradle": [buildToolsVersion=21.1.2,compileSdkVersion=21,minSdkVersion=15,targetSdkVersion=21]
2018-04-04 03:51:25,119 INFO  LocalPropertiesFixService - Created fake /tmp/rdisk/1912/src/local.properties
2018-04-04 03:51:25,119 INFO  WrapperPropertiesFixService - Gradle wrapper: https://services.gradle.org/distributions/gradle-2.2.1-all.zip
2018-04-04 03:51:25,119 INFO  WrapperPropertiesFixService - Gradle wrapper was changed from "-all.zip" to "-bin.zip" (https://services.gradle.org/distributions/gradle-2.2.1-bin.zip)
2018-04-04 03:51:25,120 INFO  ProjectFixService - Build info for "/tmp/rdisk/1912/src/build.gradle": [buildToolsVersion=21.1.2,compileSdkVersion=21,minSdkVersion=15,targetSdkVersion=21]
2018-04-04 03:51:25,120 INFO  ProjectFixService - Project was maybe fixed
2018-04-04 03:51:25,120 INFO  ProjectTaskService - Detecting possible tasks...
2018-04-04 03:51:25,120 INFO  SysUtils - Execute command: [/tmp/rdisk/1912/src/gradlew, -b, /tmp/rdisk/1912/src/WheelIndicatorView/build.gradle, -Dorg.gradle.daemon=false, -Dorg.gradle.daemon.performance.enable-monitoring=false, -Dorg.gradle.configureondemand=true, tasks]
2018-04-04 03:51:34,646 ERROR ProjectTaskService - Could not detect possible Gradle tasks: Process exited with an error: 1 (Exit value: 1)
2018-04-04 03:51:34,646 INFO  ProjectTaskService - Detected possible tasks: 0
2018-04-04 03:51:34,646 INFO  ProjectTaskService - Excluded tasks (0): none
2018-04-04 03:51:34,646 INFO  SysUtils - Execute command: [/tmp/rdisk/1912/src/gradlew, -b, /tmp/rdisk/1912/src/WheelIndicatorView/build.gradle, -Dorg.gradle.daemon=false, -Dorg.gradle.daemon.performance.enable-monitoring=false, -Dorg.gradle.configureondemand=true, --stacktrace, build]
2018-04-04 03:51:46,501 ERROR SysUtils - Could not process external command
org.apache.commons.exec.ExecuteException: Process exited with an error: 1 (Exit value: 1)
	at org.apache.commons.exec.DefaultExecutor.executeInternal(DefaultExecutor.java:404)
	at org.apache.commons.exec.DefaultExecutor.execute(DefaultExecutor.java:166)
	at com.github.vbauer.apkmaster.util.SysUtils.execute(SysUtils.java:67)
	at com.github.vbauer.apkmaster.util.SysUtils.executeSimple(SysUtils.java:43)
	at com.github.vbauer.apkmaster.service.assembly.ProjectBuildService.buildProject(ProjectBuildService.java:78)
	at com.github.vbauer.apkmaster.service.assembly.ProjectBuildService.buildProject(ProjectBuildService.java:64)
	at com.github.vbauer.apkmaster.service.assembly.ProjectBuildService.buildProject(ProjectBuildService.java:43)
	at com.github.vbauer.apkmaster.service.FullProcessService.build(FullProcessService.java:84)
	at com.github.vbauer.apkmaster.service.FullProcessService.process(FullProcessService.java:34)
	at com.github.vbauer.apkmaster.app.MainApplication.process(MainApplication.java:38)
	at com.github.vbauer.apkmaster.app.MainApplication.main(MainApplication.java:20)
	at sun.reflect.GeneratedMethodAccessor8.invoke(Unknown Source)
	at sun.reflect.DelegatingMethodAccessorImpl.invoke(DelegatingMethodAccessorImpl.java:43)
	at java.lang.reflect.Method.invoke(Method.java:498)
	at com.android.arsenal.util.ReflectionUtils.invoke(ReflectionUtils.java:42)
	at com.android.arsenal.util.ApkMasterUtils.main(ApkMasterUtils.java:30)
	at com.android.arsenal.service.processor.impl.BuildProcessorServiceImpl.buildProject(BuildProcessorServiceImpl.java:197)
	at com.android.arsenal.service.processor.impl.BuildProcessorServiceImpl.build(BuildProcessorServiceImpl.java:131)
	at com.android.arsenal.service.processor.impl.BuildProcessorServiceImpl.lambda$null$1(BuildProcessorServiceImpl.java:114)
	at java.util.concurrent.FutureTask.run(FutureTask.java:266)
	at java.util.concurrent.Executors$RunnableAdapter.call(Executors.java:511)
	at java.util.concurrent.FutureTask.run(FutureTask.java:266)
	at java.util.concurrent.ThreadPoolExecutor.runWorker(ThreadPoolExecutor.java:1149)
	at java.util.concurrent.ThreadPoolExecutor$Worker.run(ThreadPoolExecutor.java:624)
	at java.lang.Thread.run(Thread.java:748)
2018-04-04 03:51:46,502 INFO  SysUtils - Configuration on demand is an incubating feature.
:WheelIndicatorView:compileLint
:WheelIndicatorView:copyDebugLint UP-TO-DATE
:WheelIndicatorView:preBuild UP-TO-DATE
:WheelIndicatorView:preDebugBuild UP-TO-DATE
:WheelIndicatorView:checkDebugManifest
:WheelIndicatorView:preDebugAndroidTestBuild UP-TO-DATE
:WheelIndicatorView:preDebugUnitTestBuild UP-TO-DATE
:WheelIndicatorView:preReleaseBuild UP-TO-DATE
:WheelIndicatorView:preReleaseUnitTestBuild UP-TO-DATE
:WheelIndicatorView:prepareComAndroidSupportAppcompatV72211Library
:WheelIndicatorView:prepareComAndroidSupportSupportV42211Library
:WheelIndicatorView:prepareDebugDependencies
:WheelIndicatorView:compileDebugAidl
:WheelIndicatorView:compileDebugRenderscript
:WheelIndicatorView:generateDebugBuildConfig
:WheelIndicatorView:generateDebugAssets UP-TO-DATE
:WheelIndicatorView:mergeDebugAssets
:WheelIndicatorView:generateDebugResValues
:WheelIndicatorView:generateDebugResources
:WheelIndicatorView:mergeDebugResources
:WheelIndicatorView:processDebugManifest
:WheelIndicatorView:processDebugResources
:WheelIndicatorView:generateDebugSources
:WheelIndicatorView:processDebugJavaRes UP-TO-DATE
:WheelIndicatorView:compileDebugJava
:WheelIndicatorView:extractDebugAnnotations
:WheelIndicatorView:mergeDebugProguardFiles
:WheelIndicatorView:packageDebugJar
:WheelIndicatorView:compileDebugNdk UP-TO-DATE
:WheelIndicatorView:packageDebugJniLibs UP-TO-DATE
:WheelIndicatorView:packageDebugLocalJar UP-TO-DATE
:WheelIndicatorView:packageDebugRenderscript UP-TO-DATE
:WheelIndicatorView:packageDebugResources
:WheelIndicatorView:bundleDebug
:WheelIndicatorView:compileDebugSources
:WheelIndicatorView:assembleDebug
:WheelIndicatorView:copyReleaseLint UP-TO-DATE
:WheelIndicatorView:checkReleaseManifest
:WheelIndicatorView:prepareReleaseDependencies
:WheelIndicatorView:compileReleaseAidl
:WheelIndicatorView:compileReleaseRenderscript
:WheelIndicatorView:generateReleaseBuildConfig
:WheelIndicatorView:generateReleaseAssets UP-TO-DATE
:WheelIndicatorView:mergeReleaseAssets
:WheelIndicatorView:generateReleaseResValues
:WheelIndicatorView:generateReleaseResources
:WheelIndicatorView:mergeReleaseResources
:WheelIndicatorView:processReleaseManifest
:WheelIndicatorView:processReleaseResources
:WheelIndicatorView:generateReleaseSources
:WheelIndicatorView:processReleaseJavaRes UP-TO-DATE
:WheelIndicatorView:compileReleaseJava
:WheelIndicatorView:extractReleaseAnnotations
:WheelIndicatorView:mergeReleaseProguardFiles
:WheelIndicatorView:packageReleaseJar
:WheelIndicatorView:compileReleaseNdk UP-TO-DATE
:WheelIndicatorView:packageReleaseJniLibs UP-TO-DATE
:WheelIndicatorView:packageReleaseLocalJar UP-TO-DATE
:WheelIndicatorView:packageReleaseRenderscript UP-TO-DATE
:WheelIndicatorView:packageReleaseResources
:WheelIndicatorView:bundleRelease
:WheelIndicatorView:compileReleaseSources
:WheelIndicatorView:assembleRelease
:WheelIndicatorView:javadoc/tmp/rdisk/1912/src/WheelIndicatorView/src/main/java/com/dlazaro66/wheelindicatorview/WheelIndicatorView.java:26: error: package android.support.v4.view.animation does not exist
import android.support.v4.view.animation.PathInterpolatorCompat;
                                        ^
/tmp/rdisk/1912/src/WheelIndicatorView/src/main/java/com/dlazaro66/wheelindicatorview/WheelIndicatorView.java:30: error: package com.dlazaro66.fitindicatorview does not exist
import com.dlazaro66.fitindicatorview.R;
                                     ^
/tmp/rdisk/1912/src/WheelIndicatorView/src/main/java/com/dlazaro66/wheelindicatorview/WheelIndicatorView.java:37: error: unknown tag: attr
 * @attr ref android.R.styleable#itemsLineWidth the width of the wheel indicator lines
   ^
/tmp/rdisk/1912/src/WheelIndicatorView/src/main/java/com/dlazaro66/wheelindicatorview/WheelIndicatorView.java:38: error: unknown tag: attr
 * @attr ref android.R.styleable#backgroundColor color for the inner circle
   ^
/tmp/rdisk/1912/src/WheelIndicatorView/src/main/java/com/dlazaro66/wheelindicatorview/WheelIndicatorView.java:39: error: unknown tag: attr
 * @attr ref android.R.styleable#filledPercent percent of circle filled by WheelItems values
   ^

3 errors
2 warnings
:WheelIndicatorView:javadoc FAILED

FAILURE: Build failed with an exception.

* What went wrong:
Execution failed for task ':WheelIndicatorView:javadoc'.
> Javadoc generation failed. Generated Javadoc options file (useful for troubleshooting): '/tmp/rdisk/1912/src/WheelIndicatorView/build/tmp/javadoc/javadoc.options'

* Try:
Run with --info or --debug option to get more log output.

* Exception is:
org.gradle.api.tasks.TaskExecutionException: Execution failed for task ':WheelIndicatorView:javadoc'.
	at org.gradle.api.internal.tasks.execution.ExecuteActionsTaskExecuter.executeActions(ExecuteActionsTaskExecuter.java:69)
	at org.gradle.api.internal.tasks.execution.ExecuteActionsTaskExecuter.execute(ExecuteActionsTaskExecuter.java:46)
	at org.gradle.api.internal.tasks.execution.PostExecutionAnalysisTaskExecuter.execute(PostExecutionAnalysisTaskExecuter.java:35)
	at org.gradle.api.internal.tasks.execution.SkipUpToDateTaskExecuter.execute(SkipUpToDateTaskExecuter.java:64)
	at org.gradle.api.internal.tasks.execution.ValidatingTaskExecuter.execute(ValidatingTaskExecuter.java:58)
	at org.gradle.api.internal.tasks.execution.SkipEmptySourceFilesTaskExecuter.execute(SkipEmptySourceFilesTaskExecuter.java:42)
	at org.gradle.api.internal.tasks.execution.SkipTaskWithNoActionsExecuter.execute(SkipTaskWithNoActionsExecuter.java:52)
	at org.gradle.api.internal.tasks.execution.SkipOnlyIfTaskExecuter.execute(SkipOnlyIfTaskExecuter.java:53)
	at org.gradle.api.internal.tasks.execution.ExecuteAtMostOnceTaskExecuter.execute(ExecuteAtMostOnceTaskExecuter.java:43)
	at org.gradle.api.internal.AbstractTask.executeWithoutThrowingTaskFailure(AbstractTask.java:305)
	at org.gradle.execution.taskgraph.AbstractTaskPlanExecutor$TaskExecutorWorker.executeTask(AbstractTaskPlanExecutor.java:79)
	at org.gradle.execution.taskgraph.AbstractTaskPlanExecutor$TaskExecutorWorker.processTask(AbstractTaskPlanExecutor.java:63)
	at org.gradle.execution.taskgraph.AbstractTaskPlanExecutor$TaskExecutorWorker.run(AbstractTaskPlanExecutor.java:51)
	at org.gradle.execution.taskgraph.DefaultTaskPlanExecutor.process(DefaultTaskPlanExecutor.java:23)
	at org.gradle.execution.taskgraph.DefaultTaskGraphExecuter.execute(DefaultTaskGraphExecuter.java:88)
	at org.gradle.execution.SelectedTaskExecutionAction.execute(SelectedTaskExecutionAction.java:29)
	at org.gradle.execution.DefaultBuildExecuter.execute(DefaultBuildExecuter.java:62)
	at org.gradle.execution.DefaultBuildExecuter.access$200(DefaultBuildExecuter.java:23)
	at org.gradle.execution.DefaultBuildExecuter$2.proceed(DefaultBuildExecuter.java:68)
	at org.gradle.execution.DryRunBuildExecutionAction.execute(DryRunBuildExecutionAction.java:32)
	at org.gradle.execution.DefaultBuildExecuter.execute(DefaultBuildExecuter.java:62)
	at org.gradle.execution.DefaultBuildExecuter.execute(DefaultBuildExecuter.java:55)
	at org.gradle.initialization.DefaultGradleLauncher.doBuildStages(DefaultGradleLauncher.java:149)
	at org.gradle.initialization.DefaultGradleLauncher.doBuild(DefaultGradleLauncher.java:106)
	at org.gradle.initialization.DefaultGradleLauncher.run(DefaultGradleLauncher.java:86)
	at org.gradle.launcher.exec.InProcessBuildActionExecuter$DefaultBuildController.run(InProcessBuildActionExecuter.java:80)
	at org.gradle.launcher.cli.ExecuteBuildAction.run(ExecuteBuildAction.java:33)
	at org.gradle.launcher.cli.ExecuteBuildAction.run(ExecuteBuildAction.java:24)
	at org.gradle.launcher.exec.InProcessBuildActionExecuter.execute(InProcessBuildActionExecuter.java:36)
	at org.gradle.launcher.exec.InProcessBuildActionExecuter.execute(InProcessBuildActionExecuter.java:26)
	at org.gradle.launcher.cli.RunBuildAction.run(RunBuildAction.java:51)
	at org.gradle.internal.Actions$RunnableActionAdapter.execute(Actions.java:171)
	at org.gradle.launcher.cli.CommandLineActionFactory$ParseAndBuildAction.execute(CommandLineActionFactory.java:237)
	at org.gradle.launcher.cli.CommandLineActionFactory$ParseAndBuildAction.execute(CommandLineActionFactory.java:210)
	at org.gradle.launcher.cli.JavaRuntimeValidationAction.execute(JavaRuntimeValidationAction.java:35)
	at org.gradle.launcher.cli.JavaRuntimeValidationAction.execute(JavaRuntimeValidationAction.java:24)
	at org.gradle.launcher.cli.CommandLineActionFactory$WithLogging.execute(CommandLineActionFactory.java:206)
	at org.gradle.launcher.cli.CommandLineActionFactory$WithLogging.execute(CommandLineActionFactory.java:169)
	at org.gradle.launcher.cli.ExceptionReportingAction.execute(ExceptionReportingAction.java:33)
	at org.gradle.launcher.cli.ExceptionReportingAction.execute(ExceptionReportingAction.java:22)
	at org.gradle.launcher.Main.doAction(Main.java:33)
	at org.gradle.launcher.bootstrap.EntryPoint.run(EntryPoint.java:45)
	at org.gradle.launcher.bootstrap.ProcessBootstrap.runNoExit(ProcessBootstrap.java:54)
	at org.gradle.launcher.bootstrap.ProcessBootstrap.run(ProcessBootstrap.java:35)
	at org.gradle.launcher.GradleMain.main(GradleMain.java:23)
	at org.gradle.wrapper.BootstrapMainStarter.start(BootstrapMainStarter.java:33)
	at org.gradle.wrapper.WrapperExecutor.execute(WrapperExecutor.java:130)
	at org.gradle.wrapper.GradleWrapperMain.main(GradleWrapperMain.java:48)
Caused by: org.gradle.api.GradleException: Javadoc generation failed. Generated Javadoc options file (useful for troubleshooting): '/tmp/rdisk/1912/src/WheelIndicatorView/build/tmp/javadoc/javadoc.options'
	at org.gradle.api.tasks.javadoc.internal.JavadocGenerator.execute(JavadocGenerator.java:55)
	at org.gradle.api.tasks.javadoc.internal.JavadocGenerator.execute(JavadocGenerator.java:31)
	at org.gradle.api.tasks.javadoc.Javadoc.executeExternalJavadoc(Javadoc.java:140)
	at org.gradle.api.tasks.javadoc.Javadoc.generate(Javadoc.java:128)
	at org.gradle.internal.reflect.JavaMethod.invoke(JavaMethod.java:63)
	at org.gradle.api.internal.project.taskfactory.AnnotationProcessingTaskFactory$StandardTaskAction.doExecute(AnnotationProcessingTaskFactory.java:218)
	at org.gradle.api.internal.project.taskfactory.AnnotationProcessingTaskFactory$StandardTaskAction.execute(AnnotationProcessingTaskFactory.java:211)
	at org.gradle.api.internal.project.taskfactory.AnnotationProcessingTaskFactory$StandardTaskAction.execute(AnnotationProcessingTaskFactory.java:200)
	at org.gradle.api.internal.AbstractTask$TaskActionWrapper.execute(AbstractTask.java:579)
	at org.gradle.api.internal.AbstractTask$TaskActionWrapper.execute(AbstractTask.java:562)
	at org.gradle.api.internal.tasks.execution.ExecuteActionsTaskExecuter.executeAction(ExecuteActionsTaskExecuter.java:80)
	at org.gradle.api.internal.tasks.execution.ExecuteActionsTaskExecuter.executeActions(ExecuteActionsTaskExecuter.java:61)
	... 47 more
Caused by: org.gradle.process.internal.ExecException: Process 'command '/usr/lib/jvm/java-8-oracle/bin/javadoc'' finished with non-zero exit value 1
	at org.gradle.process.internal.DefaultExecHandle$ExecResultImpl.assertNormalExitValue(DefaultExecHandle.java:365)
	at org.gradle.process.internal.DefaultExecAction.execute(DefaultExecAction.java:31)
	at org.gradle.api.tasks.javadoc.internal.JavadocGenerator.execute(JavadocGenerator.java:52)
	... 58 more


BUILD FAILED

Total time: 11.434 secs

2018-04-04 03:51:46,532 INFO  ProjectTaskService - Detecting possible tasks...
2018-04-04 03:51:46,532 INFO  SysUtils - Execute command: [/tmp/rdisk/1912/src/gradlew, -b, /tmp/rdisk/1912/src/sampleapp/build.gradle, -Dorg.gradle.daemon=false, -Dorg.gradle.daemon.performance.enable-monitoring=false, -Dorg.gradle.configureondemand=true, tasks]
2018-04-04 03:51:53,291 INFO  ProjectTaskService - Detected possible tasks: 64
2018-04-04 03:51:53,292 INFO  ProjectTaskService - Excluded tasks (19): lintDebug mockableAndroidJar deviceCheck lint uninstallRelease deviceAndroidTest uninstallDebugAndroidTest installDebugAndroidTest connectedCheck uninstallAll testRelease test check connectedAndroidTest installDebug lintRelease testDebug connectedAndroidTestDebug uninstallDebug
2018-04-04 03:51:53,292 INFO  SysUtils - Execute command: [/tmp/rdisk/1912/src/gradlew, -b, /tmp/rdisk/1912/src/sampleapp/build.gradle, -Dorg.gradle.daemon=false, -Dorg.gradle.daemon.performance.enable-monitoring=false, -Dorg.gradle.configureondemand=true, --stacktrace, -x, lintDebug, -x, mockableAndroidJar, -x, deviceCheck, -x, lint, -x, uninstallRelease, -x, deviceAndroidTest, -x, uninstallDebugAndroidTest, -x, installDebugAndroidTest, -x, connectedCheck, -x, uninstallAll, -x, testRelease, -x, test, -x, check, -x, connectedAndroidTest, -x, installDebug, -x, lintRelease, -x, testDebug, -x, connectedAndroidTestDebug, -x, uninstallDebug, build]
2018-04-04 03:52:17,497 INFO  SysUtils - Configuration on demand is an incubating feature.
:WheelIndicatorView:compileLint
:WheelIndicatorView:copyReleaseLint UP-TO-DATE
:WheelIndicatorView:preBuild UP-TO-DATE
:WheelIndicatorView:preReleaseBuild UP-TO-DATE
:WheelIndicatorView:checkReleaseManifest
:WheelIndicatorView:preDebugAndroidTestBuild UP-TO-DATE
:WheelIndicatorView:preDebugBuild UP-TO-DATE
:WheelIndicatorView:preDebugUnitTestBuild UP-TO-DATE
:WheelIndicatorView:preReleaseUnitTestBuild UP-TO-DATE
:WheelIndicatorView:prepareComAndroidSupportAppcompatV72211Library UP-TO-DATE
:WheelIndicatorView:prepareComAndroidSupportSupportV42211Library UP-TO-DATE
:WheelIndicatorView:prepareReleaseDependencies
:WheelIndicatorView:compileReleaseAidl UP-TO-DATE
:WheelIndicatorView:compileReleaseRenderscript UP-TO-DATE
:WheelIndicatorView:generateReleaseBuildConfig UP-TO-DATE
:WheelIndicatorView:generateReleaseAssets UP-TO-DATE
:WheelIndicatorView:mergeReleaseAssets UP-TO-DATE
:WheelIndicatorView:generateReleaseResValues UP-TO-DATE
:WheelIndicatorView:generateReleaseResources UP-TO-DATE
:WheelIndicatorView:mergeReleaseResources UP-TO-DATE
:WheelIndicatorView:processReleaseManifest UP-TO-DATE
:WheelIndicatorView:processReleaseResources UP-TO-DATE
:WheelIndicatorView:generateReleaseSources UP-TO-DATE
:WheelIndicatorView:processReleaseJavaRes UP-TO-DATE
:WheelIndicatorView:compileReleaseJava UP-TO-DATE
:WheelIndicatorView:extractReleaseAnnotations UP-TO-DATE
:WheelIndicatorView:mergeReleaseProguardFiles UP-TO-DATE
:WheelIndicatorView:packageReleaseJar UP-TO-DATE
:WheelIndicatorView:compileReleaseNdk UP-TO-DATE
:WheelIndicatorView:packageReleaseJniLibs UP-TO-DATE
:WheelIndicatorView:packageReleaseLocalJar UP-TO-DATE
:WheelIndicatorView:packageReleaseRenderscript UP-TO-DATE
:WheelIndicatorView:packageReleaseResources UP-TO-DATE
:WheelIndicatorView:bundleRelease UP-TO-DATE
:sampleapp:preBuild UP-TO-DATE
:sampleapp:preDebugBuild UP-TO-DATE
:sampleapp:checkDebugManifest
:sampleapp:preReleaseBuild UP-TO-DATE
:sampleapp:prepareComAndroidSupportAppcompatV72211Library
:sampleapp:prepareComAndroidSupportSupportV42211Library
:sampleapp:prepareComDlazaro66WheelindicatorviewWheelIndicatorView100Library
:sampleapp:prepareDebugDependencies
:sampleapp:compileDebugAidl
:sampleapp:compileDebugRenderscript
:sampleapp:generateDebugBuildConfig
:sampleapp:generateDebugAssets UP-TO-DATE
:sampleapp:mergeDebugAssets
:sampleapp:generateDebugResValues
:sampleapp:generateDebugResources
:sampleapp:mergeDebugResources
:sampleapp:processDebugManifest
:sampleapp:processDebugResources
:sampleapp:generateDebugSources
:sampleapp:processDebugJavaRes UP-TO-DATE
:sampleapp:compileDebugJava
:sampleapp:compileDebugNdk UP-TO-DATE
:sampleapp:compileDebugSources
:sampleapp:preDexDebug
:sampleapp:dexDebug
:sampleapp:validateDebugSigning
:sampleapp:packageDebug
:sampleapp:zipalignDebug
:sampleapp:assembleDebug
:sampleapp:checkReleaseManifest
:sampleapp:prepareReleaseDependencies
:sampleapp:compileReleaseAidl
:sampleapp:compileReleaseRenderscript
:sampleapp:generateReleaseBuildConfig
:sampleapp:generateReleaseAssets UP-TO-DATE
:sampleapp:mergeReleaseAssets
:sampleapp:generateReleaseResValues
:sampleapp:generateReleaseResources
:sampleapp:mergeReleaseResources
:sampleapp:processReleaseManifest
:sampleapp:processReleaseResources
:sampleapp:generateReleaseSources
:sampleapp:processReleaseJavaRes UP-TO-DATE
:sampleapp:compileReleaseJava
:sampleapp:compileReleaseNdk UP-TO-DATE
:sampleapp:compileReleaseSources
:sampleapp:lintVitalRelease
:sampleapp:preDexRelease
:sampleapp:dexRelease
:sampleapp:packageRelease
:sampleapp:assembleRelease
:sampleapp:assemble
:sampleapp:build

BUILD SUCCESSFUL

Total time: 23.786 secs

2018-04-04 03:52:17,558 INFO  FullProcessService - Found APK file: /tmp/rdisk/1912/src/sampleapp/build/outputs/apk/sampleapp-release-unsigned.apk
