2018-04-04 04:23:28,498 INFO  DownloadService - Downloading "https://github.com/nicolasjafelle/ExpandableView/archive/master.zip", attempt 3
2018-04-04 04:24:29,120 INFO  GithubDownloadService - Could not find ZIP archive for master branch
2018-04-04 04:24:29,788 INFO  GithubDownloadService - Default branch of this repository: master
2018-04-04 04:24:29,788 INFO  DownloadService - Downloading "https://github.com/nicolasjafelle/ExpandableView/archive/master.zip", attempt 3
2018-04-04 04:25:31,079 DEBUG FullProcessService - Repository https://github.com/nicolasjafelle/ExpandableView available: true
2018-04-04 04:25:31,079 INFO  FullProcessService - Could not download ZIP file from Github, lets clone it
2018-04-04 04:25:31,079 INFO  SysUtils - Execute command: [git, clone, -q, --single-branch, --depth, 1, https://github.com/nicolasjafelle/ExpandableView, /tmp/rdisk/1898/src]
2018-04-04 04:25:32,919 INFO  SysUtils - 
2018-04-04 04:25:32,934 INFO  GitService - Deleted "/tmp/rdisk/1898/src/.git": true
2018-04-04 04:25:32,937 INFO  FullProcessService - Size of directory with sources: 966 KB
2018-04-04 04:25:32,937 INFO  SysUtils - Execute command: [git, init, /tmp/rdisk/1898/src]
2018-04-04 04:25:32,942 INFO  SysUtils - Initialized empty Git repository in /tmp/rdisk/1898/src/.git/

2018-04-04 04:25:32,944 INFO  ProjectBuildService - Gradle wrapper(s): /tmp/rdisk/1898/src/ExpandableViewProject/gradlew
2018-04-04 04:25:32,947 INFO  ProjectBuildService - Build script(s): /tmp/rdisk/1898/src/ExpandableViewProject/app/build.gradle /tmp/rdisk/1898/src/ExpandableViewProject/expandableview/build.gradle /tmp/rdisk/1898/src/ExpandableViewProject/build.gradle
2018-04-04 04:25:32,949 INFO  ProjectBuildService - All script(s): /tmp/rdisk/1898/src/ExpandableViewProject/settings.gradle /tmp/rdisk/1898/src/ExpandableViewProject/expandableview/build.gradle /tmp/rdisk/1898/src/ExpandableViewProject/build.gradle /tmp/rdisk/1898/src/ExpandableViewProject/app/build.gradle
2018-04-04 04:25:32,949 INFO  DownloadService - Downloading "https://raw.github.com/chrisbanes/gradle-mvn-push/master/gradle-mvn-push.gradle", attempt 3
2018-04-04 04:25:33,111 INFO  DownloadService - Downloaded https://raw.github.com/chrisbanes/gradle-mvn-push/master/gradle-mvn-push.gradle, attempt 3
2018-04-04 04:25:33,112 INFO  ProjectBuildService - Remote scripts: https://raw.github.com/chrisbanes/gradle-mvn-push/master/gradle-mvn-push.gradle
2018-04-04 04:25:33,112 INFO  ProjectFixService - Fixing project...
2018-04-04 04:25:33,118 INFO  LocalPropertiesFixService - Created fake /tmp/rdisk/1898/src/ExpandableViewProject/app/local.properties
2018-04-04 04:25:33,118 INFO  ProjectFixService - Build info for "/tmp/rdisk/1898/src/ExpandableViewProject/app/build.gradle": [buildToolsVersion=22.0.1,compileSdkVersion=22,minSdkVersion=14,targetSdkVersion=22]
2018-04-04 04:25:33,119 INFO  LocalPropertiesFixService - Created fake /tmp/rdisk/1898/src/ExpandableViewProject/expandableview/local.properties
2018-04-04 04:25:33,119 INFO  ProjectFixService - Build info for "/tmp/rdisk/1898/src/ExpandableViewProject/expandableview/build.gradle": [buildToolsVersion=22.0.1,compileSdkVersion=22,minSdkVersion=14,targetSdkVersion=22]
2018-04-04 04:25:33,119 INFO  LocalPropertiesFixService - Created fake /tmp/rdisk/1898/src/ExpandableViewProject/local.properties
2018-04-04 04:25:33,119 INFO  WrapperPropertiesFixService - Gradle wrapper: https://services.gradle.org/distributions/gradle-2.4-all.zip
2018-04-04 04:25:33,119 INFO  WrapperPropertiesFixService - Gradle wrapper was changed from "-all.zip" to "-bin.zip" (https://services.gradle.org/distributions/gradle-2.4-bin.zip)
2018-04-04 04:25:33,120 INFO  ProjectFixService - Build info for "/tmp/rdisk/1898/src/ExpandableViewProject/build.gradle": [buildToolsVersion=22.0.1,compileSdkVersion=22,minSdkVersion=14,targetSdkVersion=22]
2018-04-04 04:25:33,120 INFO  ProjectFixService - Project was maybe fixed
2018-04-04 04:25:33,120 INFO  ProjectTaskService - Detecting possible tasks...
2018-04-04 04:25:33,120 INFO  SysUtils - Execute command: [/tmp/rdisk/1898/src/ExpandableViewProject/gradlew, -b, /tmp/rdisk/1898/src/ExpandableViewProject/app/build.gradle, -Dorg.gradle.daemon=false, -Dorg.gradle.daemon.performance.enable-monitoring=false, -Dorg.gradle.configureondemand=true, tasks]
2018-04-04 04:25:44,786 INFO  ProjectTaskService - Detected possible tasks: 69
2018-04-04 04:25:44,786 INFO  ProjectTaskService - Excluded tasks (22): lintDebug mockableAndroidJar androidJavadocs deviceCheck lint androidSourcesJar uninstallRelease deviceAndroidTest uninstallDebugAndroidTest installDebugAndroidTest connectedCheck uninstallAll androidJavadocsJar testRelease test check connectedAndroidTest installDebug lintRelease testDebug connectedAndroidTestDebug uninstallDebug
2018-04-04 04:25:44,786 INFO  SysUtils - Execute command: [/tmp/rdisk/1898/src/ExpandableViewProject/gradlew, -b, /tmp/rdisk/1898/src/ExpandableViewProject/app/build.gradle, -Dorg.gradle.daemon=false, -Dorg.gradle.daemon.performance.enable-monitoring=false, -Dorg.gradle.configureondemand=true, --stacktrace, -x, lintDebug, -x, mockableAndroidJar, -x, androidJavadocs, -x, deviceCheck, -x, lint, -x, androidSourcesJar, -x, uninstallRelease, -x, deviceAndroidTest, -x, uninstallDebugAndroidTest, -x, installDebugAndroidTest, -x, connectedCheck, -x, uninstallAll, -x, androidJavadocsJar, -x, testRelease, -x, test, -x, check, -x, connectedAndroidTest, -x, installDebug, -x, lintRelease, -x, testDebug, -x, connectedAndroidTestDebug, -x, uninstallDebug, build]
2018-04-04 04:25:52,071 ERROR SysUtils - Could not process external command
org.apache.commons.exec.ExecuteException: Process exited with an error: 1 (Exit value: 1)
	at org.apache.commons.exec.DefaultExecutor.executeInternal(DefaultExecutor.java:404)
	at org.apache.commons.exec.DefaultExecutor.execute(DefaultExecutor.java:166)
	at com.github.vbauer.apkmaster.util.SysUtils.execute(SysUtils.java:67)
	at com.github.vbauer.apkmaster.util.SysUtils.executeSimple(SysUtils.java:43)
	at com.github.vbauer.apkmaster.service.assembly.ProjectBuildService.buildProject(ProjectBuildService.java:78)
	at com.github.vbauer.apkmaster.service.assembly.ProjectBuildService.buildProject(ProjectBuildService.java:64)
	at com.github.vbauer.apkmaster.service.assembly.ProjectBuildService.buildProject(ProjectBuildService.java:43)
	at com.github.vbauer.apkmaster.service.FullProcessService.build(FullProcessService.java:84)
	at com.github.vbauer.apkmaster.service.FullProcessService.process(FullProcessService.java:34)
	at com.github.vbauer.apkmaster.app.MainApplication.process(MainApplication.java:38)
	at com.github.vbauer.apkmaster.app.MainApplication.main(MainApplication.java:20)
	at sun.reflect.GeneratedMethodAccessor8.invoke(Unknown Source)
	at sun.reflect.DelegatingMethodAccessorImpl.invoke(DelegatingMethodAccessorImpl.java:43)
	at java.lang.reflect.Method.invoke(Method.java:498)
	at com.android.arsenal.util.ReflectionUtils.invoke(ReflectionUtils.java:42)
	at com.android.arsenal.util.ApkMasterUtils.main(ApkMasterUtils.java:30)
	at com.android.arsenal.service.processor.impl.BuildProcessorServiceImpl.buildProject(BuildProcessorServiceImpl.java:197)
	at com.android.arsenal.service.processor.impl.BuildProcessorServiceImpl.build(BuildProcessorServiceImpl.java:131)
	at com.android.arsenal.service.processor.impl.BuildProcessorServiceImpl.lambda$null$1(BuildProcessorServiceImpl.java:114)
	at java.util.concurrent.FutureTask.run(FutureTask.java:266)
	at java.util.concurrent.Executors$RunnableAdapter.call(Executors.java:511)
	at java.util.concurrent.FutureTask.run(FutureTask.java:266)
	at java.util.concurrent.ThreadPoolExecutor.runWorker(ThreadPoolExecutor.java:1149)
	at java.util.concurrent.ThreadPoolExecutor$Worker.run(ThreadPoolExecutor.java:624)
	at java.lang.Thread.run(Thread.java:748)
2018-04-04 04:25:52,071 INFO  SysUtils - Configuration on demand is an incubating feature.

FAILURE: Build failed with an exception.

* What went wrong:
Task 'androidJavadocs' not found in project ':app'.

* Try:
Run gradlew tasks to get a list of available tasks. Run with --info or --debug option to get more log output.

* Exception is:
org.gradle.execution.TaskSelectionException: Task 'androidJavadocs' not found in project ':app'.
	at org.gradle.execution.TaskSelector.getSelection(TaskSelector.java:100)
	at org.gradle.execution.TaskSelector.getFilter(TaskSelector.java:63)
	at org.gradle.execution.ExcludedTaskFilteringBuildConfigurationAction.configure(ExcludedTaskFilteringBuildConfigurationAction.java:42)
	at org.gradle.execution.DefaultBuildExecuter.configure(DefaultBuildExecuter.java:42)
	at org.gradle.execution.DefaultBuildExecuter.access$100(DefaultBuildExecuter.java:23)
	at org.gradle.execution.DefaultBuildExecuter$1.proceed(DefaultBuildExecuter.java:48)
	at org.gradle.execution.DefaultTasksBuildExecutionAction.configure(DefaultTasksBuildExecutionAction.java:44)
	at org.gradle.execution.DefaultBuildExecuter.configure(DefaultBuildExecuter.java:42)
	at org.gradle.execution.DefaultBuildExecuter.select(DefaultBuildExecuter.java:35)
	at org.gradle.initialization.DefaultGradleLauncher.doBuildStages(DefaultGradleLauncher.java:142)
	at org.gradle.initialization.DefaultGradleLauncher.doBuild(DefaultGradleLauncher.java:106)
	at org.gradle.initialization.DefaultGradleLauncher.run(DefaultGradleLauncher.java:86)
	at org.gradle.launcher.exec.InProcessBuildActionExecuter$DefaultBuildController.run(InProcessBuildActionExecuter.java:90)
	at org.gradle.tooling.internal.provider.ExecuteBuildActionRunner.run(ExecuteBuildActionRunner.java:28)
	at org.gradle.launcher.exec.ChainingBuildActionRunner.run(ChainingBuildActionRunner.java:35)
	at org.gradle.launcher.exec.InProcessBuildActionExecuter.execute(InProcessBuildActionExecuter.java:41)
	at org.gradle.launcher.exec.InProcessBuildActionExecuter.execute(InProcessBuildActionExecuter.java:28)
	at org.gradle.launcher.exec.DaemonUsageSuggestingBuildActionExecuter.execute(DaemonUsageSuggestingBuildActionExecuter.java:50)
	at org.gradle.launcher.exec.DaemonUsageSuggestingBuildActionExecuter.execute(DaemonUsageSuggestingBuildActionExecuter.java:27)
	at org.gradle.launcher.cli.RunBuildAction.run(RunBuildAction.java:40)
	at org.gradle.internal.Actions$RunnableActionAdapter.execute(Actions.java:169)
	at org.gradle.launcher.cli.CommandLineActionFactory$ParseAndBuildAction.execute(CommandLineActionFactory.java:237)
	at org.gradle.launcher.cli.CommandLineActionFactory$ParseAndBuildAction.execute(CommandLineActionFactory.java:210)
	at org.gradle.launcher.cli.JavaRuntimeValidationAction.execute(JavaRuntimeValidationAction.java:35)
	at org.gradle.launcher.cli.JavaRuntimeValidationAction.execute(JavaRuntimeValidationAction.java:24)
	at org.gradle.launcher.cli.CommandLineActionFactory$WithLogging.execute(CommandLineActionFactory.java:206)
	at org.gradle.launcher.cli.CommandLineActionFactory$WithLogging.execute(CommandLineActionFactory.java:169)
	at org.gradle.launcher.cli.ExceptionReportingAction.execute(ExceptionReportingAction.java:33)
	at org.gradle.launcher.cli.ExceptionReportingAction.execute(ExceptionReportingAction.java:22)
	at org.gradle.launcher.Main.doAction(Main.java:33)
	at org.gradle.launcher.bootstrap.EntryPoint.run(EntryPoint.java:45)
	at org.gradle.launcher.bootstrap.ProcessBootstrap.runNoExit(ProcessBootstrap.java:54)
	at org.gradle.launcher.bootstrap.ProcessBootstrap.run(ProcessBootstrap.java:35)
	at org.gradle.launcher.GradleMain.main(GradleMain.java:23)
	at org.gradle.wrapper.BootstrapMainStarter.start(BootstrapMainStarter.java:33)
	at org.gradle.wrapper.WrapperExecutor.execute(WrapperExecutor.java:130)
	at org.gradle.wrapper.GradleWrapperMain.main(GradleWrapperMain.java:48)


BUILD FAILED

Total time: 6.844 secs

2018-04-04 04:25:52,071 ERROR ProjectBuildService - Excluded tasks were detected wrong
2018-04-04 04:25:52,072 INFO  SysUtils - Execute command: [/tmp/rdisk/1898/src/ExpandableViewProject/gradlew, -b, /tmp/rdisk/1898/src/ExpandableViewProject/app/build.gradle, -Dorg.gradle.daemon=false, -Dorg.gradle.daemon.performance.enable-monitoring=false, -Dorg.gradle.configureondemand=true, --stacktrace, build]
2018-04-04 04:26:24,516 INFO  SysUtils - Configuration on demand is an incubating feature.
:app:preBuild UP-TO-DATE
:app:preDebugBuild UP-TO-DATE
:app:checkDebugManifest
:app:preReleaseBuild UP-TO-DATE
:expandableview:compileLint
:expandableview:copyReleaseLint UP-TO-DATE
:expandableview:mergeReleaseProguardFiles
:expandableview:preBuild UP-TO-DATE
:expandableview:preReleaseBuild UP-TO-DATE
:expandableview:checkReleaseManifest
:expandableview:prepareReleaseDependencies
:expandableview:compileReleaseAidl
:expandableview:compileReleaseRenderscript
:expandableview:generateReleaseBuildConfig
:expandableview:generateReleaseAssets UP-TO-DATE
:expandableview:mergeReleaseAssets
:expandableview:generateReleaseResValues
:expandableview:generateReleaseResources
:expandableview:packageReleaseResources
:expandableview:processReleaseManifest
:expandableview:processReleaseResources
:expandableview:generateReleaseSources
:expandableview:processReleaseJavaRes UP-TO-DATE
:expandableview:compileReleaseJava
:expandableview:packageReleaseJar
:expandableview:compileReleaseNdk UP-TO-DATE
:expandableview:packageReleaseJniLibs UP-TO-DATE
:expandableview:packageReleaseLocalJar UP-TO-DATE
:expandableview:packageReleaseRenderscript UP-TO-DATE
:expandableview:bundleRelease
:app:prepareComAndroidSupportAppcompatV72210Library
:app:prepareComAndroidSupportSupportV42210Library
:app:prepareExpandableViewProjectExpandableviewUnspecifiedLibrary
:app:prepareDebugDependencies
:app:compileDebugAidl
:app:compileDebugRenderscript
:app:generateDebugBuildConfig
:app:generateDebugAssets UP-TO-DATE
:app:mergeDebugAssets
:app:generateDebugResValues
:app:generateDebugResources
:app:mergeDebugResources
:app:processDebugManifest
:app:processDebugResources
:app:generateDebugSources
:app:processDebugJavaRes UP-TO-DATE
:app:compileDebugJava
:app:compileDebugNdk UP-TO-DATE
:app:compileDebugSources
:app:preDexDebug
:app:dexDebug
:app:validateDebugSigning
:app:packageDebug
:app:zipalignDebug
:app:assembleDebug
:app:checkReleaseManifest
:app:prepareReleaseDependencies
:app:compileReleaseAidl
:app:compileReleaseRenderscript
:app:generateReleaseBuildConfig
:app:generateReleaseAssets UP-TO-DATE
:app:mergeReleaseAssets
:app:generateReleaseResValues
:app:generateReleaseResources
:app:mergeReleaseResources
:app:processReleaseManifest
:app:processReleaseResources
:app:generateReleaseSources
:app:processReleaseJavaRes UP-TO-DATE
:app:compileReleaseJava
:app:compileReleaseNdk UP-TO-DATE
:app:compileReleaseSources
:app:lintVitalRelease SKIPPED
:app:preDexRelease
:app:dexRelease
:app:packageRelease
:app:assembleRelease
:app:assemble
:app:compileLint
:app:lint
Ran lint on variant release: 12 issues found
Ran lint on variant debug: 12 issues found
Wrote HTML report to file:/tmp/rdisk/1898/src/ExpandableViewProject/app/build/outputs/lint-results.html
Wrote XML report to /tmp/rdisk/1898/src/ExpandableViewProject/app/build/outputs/lint-results.xml
:app:preCompileDebugUnitTestJava
:app:preDebugUnitTestBuild UP-TO-DATE
:app:prepareDebugUnitTestDependencies
:app:processDebugUnitTestJavaRes UP-TO-DATE
:app:compileDebugUnitTestJava UP-TO-DATE
:app:compileDebugUnitTestSources UP-TO-DATE
:app:mockableAndroidJar
:app:assembleDebugUnitTest
:app:testDebug
:app:preCompileReleaseUnitTestJava
:app:preReleaseUnitTestBuild UP-TO-DATE
:app:prepareReleaseUnitTestDependencies
:app:processReleaseUnitTestJavaRes UP-TO-DATE
:app:compileReleaseUnitTestJava UP-TO-DATE
:app:compileReleaseUnitTestSources UP-TO-DATE
:app:assembleReleaseUnitTest
:app:testRelease
:app:test
:app:check
:app:build

BUILD SUCCESSFUL

Total time: 31.995 secs

2018-04-04 04:26:24,555 INFO  FullProcessService - Found APK file: /tmp/rdisk/1898/src/ExpandableViewProject/app/build/outputs/apk/app-debug.apk
