2018-04-04 05:15:54,110 INFO  DownloadService - Downloading "https://github.com/KeithYokoma/RemoteViewsReader/archive/master.zip", attempt 3
2018-04-04 05:16:54,585 INFO  GithubDownloadService - Could not find ZIP archive for master branch
2018-04-04 05:16:55,221 INFO  GithubDownloadService - Default branch of this repository: master
2018-04-04 05:16:55,221 INFO  DownloadService - Downloading "https://github.com/KeithYokoma/RemoteViewsReader/archive/master.zip", attempt 3
2018-04-04 05:17:56,614 DEBUG FullProcessService - Repository https://github.com/KeithYokoma/RemoteViewsReader available: true
2018-04-04 05:17:56,614 INFO  FullProcessService - Could not download ZIP file from Github, lets clone it
2018-04-04 05:17:56,614 INFO  SysUtils - Execute command: [git, clone, -q, --single-branch, --depth, 1, https://github.com/KeithYokoma/RemoteViewsReader, /tmp/rdisk/1881/src]
2018-04-04 05:17:58,604 INFO  SysUtils - 
2018-04-04 05:17:58,609 INFO  GitService - Deleted "/tmp/rdisk/1881/src/.git": true
2018-04-04 05:17:58,612 INFO  FullProcessService - Size of directory with sources: 141 KB
2018-04-04 05:17:58,612 INFO  SysUtils - Execute command: [git, init, /tmp/rdisk/1881/src]
2018-04-04 05:17:58,616 INFO  SysUtils - Initialized empty Git repository in /tmp/rdisk/1881/src/.git/

2018-04-04 05:17:58,619 INFO  ProjectBuildService - Gradle wrapper(s): /tmp/rdisk/1881/src/gradlew
2018-04-04 05:17:58,623 INFO  ProjectBuildService - Build script(s): /tmp/rdisk/1881/src/app/build.gradle /tmp/rdisk/1881/src/reader/build.gradle /tmp/rdisk/1881/src/build.gradle
2018-04-04 05:17:58,625 INFO  ProjectBuildService - All script(s): /tmp/rdisk/1881/src/settings.gradle /tmp/rdisk/1881/src/reader/build.gradle /tmp/rdisk/1881/src/build.gradle /tmp/rdisk/1881/src/app/build.gradle
2018-04-04 05:17:58,626 INFO  DownloadService - Downloading "https://raw.github.com/chrisbanes/gradle-mvn-push/master/gradle-mvn-push.gradle", attempt 3
2018-04-04 05:17:59,325 INFO  DownloadService - Downloaded https://raw.github.com/chrisbanes/gradle-mvn-push/master/gradle-mvn-push.gradle, attempt 3
2018-04-04 05:17:59,325 INFO  ProjectBuildService - Remote scripts: https://raw.github.com/chrisbanes/gradle-mvn-push/master/gradle-mvn-push.gradle
2018-04-04 05:17:59,325 INFO  ProjectFixService - Fixing project...
2018-04-04 05:17:59,332 INFO  LocalPropertiesFixService - Created fake /tmp/rdisk/1881/src/app/local.properties
2018-04-04 05:17:59,332 INFO  ProjectFixService - Build info for "/tmp/rdisk/1881/src/app/build.gradle": [buildToolsVersion=24.0.2,compileSdkVersion=24,minSdkVersion=15,targetSdkVersion=24]
2018-04-04 05:17:59,333 INFO  LocalPropertiesFixService - Created fake /tmp/rdisk/1881/src/reader/local.properties
2018-04-04 05:17:59,333 INFO  ProjectFixService - Build info for "/tmp/rdisk/1881/src/reader/build.gradle": [buildToolsVersion=24.0.2,compileSdkVersion=24,minSdkVersion=15,targetSdkVersion=24]
2018-04-04 05:17:59,333 INFO  LocalPropertiesFixService - Created fake /tmp/rdisk/1881/src/local.properties
2018-04-04 05:17:59,333 INFO  WrapperPropertiesFixService - Gradle wrapper: https://services.gradle.org/distributions/gradle-2.14.1-all.zip
2018-04-04 05:17:59,333 INFO  WrapperPropertiesFixService - Gradle wrapper was changed from "-all.zip" to "-bin.zip" (https://services.gradle.org/distributions/gradle-2.14.1-bin.zip)
2018-04-04 05:17:59,334 INFO  ProjectFixService - Build info for "/tmp/rdisk/1881/src/build.gradle": [buildToolsVersion=24.0.2,compileSdkVersion=24,minSdkVersion=15,targetSdkVersion=24]
2018-04-04 05:17:59,334 INFO  ProjectFixService - Project was maybe fixed
2018-04-04 05:17:59,334 INFO  ProjectTaskService - Detecting possible tasks...
2018-04-04 05:17:59,334 INFO  SysUtils - Execute command: [/tmp/rdisk/1881/src/gradlew, -b, /tmp/rdisk/1881/src/app/build.gradle, -Dorg.gradle.daemon=false, -Dorg.gradle.daemon.performance.enable-monitoring=false, -Dorg.gradle.configureondemand=true, tasks]
2018-04-04 05:18:09,476 INFO  ProjectTaskService - Detected possible tasks: 74
2018-04-04 05:18:09,476 INFO  ProjectTaskService - Excluded tasks (22): lintDebug mockableAndroidJar androidJavadocs deviceCheck lint androidSourcesJar testReleaseUnitTest uninstallRelease deviceAndroidTest uninstallDebugAndroidTest installDebugAndroidTest connectedCheck connectedDebugAndroidTest uninstallAll androidJavadocsJar test check testDebugUnitTest connectedAndroidTest installDebug lintRelease uninstallDebug
2018-04-04 05:18:09,476 INFO  SysUtils - Execute command: [/tmp/rdisk/1881/src/gradlew, -b, /tmp/rdisk/1881/src/app/build.gradle, -Dorg.gradle.daemon=false, -Dorg.gradle.daemon.performance.enable-monitoring=false, -Dorg.gradle.configureondemand=true, --stacktrace, -x, lintDebug, -x, mockableAndroidJar, -x, androidJavadocs, -x, deviceCheck, -x, lint, -x, androidSourcesJar, -x, testReleaseUnitTest, -x, uninstallRelease, -x, deviceAndroidTest, -x, uninstallDebugAndroidTest, -x, installDebugAndroidTest, -x, connectedCheck, -x, connectedDebugAndroidTest, -x, uninstallAll, -x, androidJavadocsJar, -x, test, -x, check, -x, testDebugUnitTest, -x, connectedAndroidTest, -x, installDebug, -x, lintRelease, -x, uninstallDebug, build]
2018-04-04 05:18:17,509 ERROR SysUtils - Could not process external command
org.apache.commons.exec.ExecuteException: Process exited with an error: 1 (Exit value: 1)
	at org.apache.commons.exec.DefaultExecutor.executeInternal(DefaultExecutor.java:404)
	at org.apache.commons.exec.DefaultExecutor.execute(DefaultExecutor.java:166)
	at com.github.vbauer.apkmaster.util.SysUtils.execute(SysUtils.java:67)
	at com.github.vbauer.apkmaster.util.SysUtils.executeSimple(SysUtils.java:43)
	at com.github.vbauer.apkmaster.service.assembly.ProjectBuildService.buildProject(ProjectBuildService.java:78)
	at com.github.vbauer.apkmaster.service.assembly.ProjectBuildService.buildProject(ProjectBuildService.java:64)
	at com.github.vbauer.apkmaster.service.assembly.ProjectBuildService.buildProject(ProjectBuildService.java:43)
	at com.github.vbauer.apkmaster.service.FullProcessService.build(FullProcessService.java:84)
	at com.github.vbauer.apkmaster.service.FullProcessService.process(FullProcessService.java:34)
	at com.github.vbauer.apkmaster.app.MainApplication.process(MainApplication.java:38)
	at com.github.vbauer.apkmaster.app.MainApplication.main(MainApplication.java:20)
	at sun.reflect.GeneratedMethodAccessor8.invoke(Unknown Source)
	at sun.reflect.DelegatingMethodAccessorImpl.invoke(DelegatingMethodAccessorImpl.java:43)
	at java.lang.reflect.Method.invoke(Method.java:498)
	at com.android.arsenal.util.ReflectionUtils.invoke(ReflectionUtils.java:42)
	at com.android.arsenal.util.ApkMasterUtils.main(ApkMasterUtils.java:30)
	at com.android.arsenal.service.processor.impl.BuildProcessorServiceImpl.buildProject(BuildProcessorServiceImpl.java:197)
	at com.android.arsenal.service.processor.impl.BuildProcessorServiceImpl.build(BuildProcessorServiceImpl.java:131)
	at com.android.arsenal.service.processor.impl.BuildProcessorServiceImpl.lambda$null$1(BuildProcessorServiceImpl.java:114)
	at java.util.concurrent.FutureTask.run(FutureTask.java:266)
	at java.util.concurrent.Executors$RunnableAdapter.call(Executors.java:511)
	at java.util.concurrent.FutureTask.run(FutureTask.java:266)
	at java.util.concurrent.ThreadPoolExecutor.runWorker(ThreadPoolExecutor.java:1149)
	at java.util.concurrent.ThreadPoolExecutor$Worker.run(ThreadPoolExecutor.java:624)
	at java.lang.Thread.run(Thread.java:748)
2018-04-04 05:18:17,509 INFO  SysUtils - Configuration on demand is an incubating feature.
Observed package id 'build-tools;28.0.0-preview' in inconsistent location '/root/Applications/android-sdk/build-tools/28.0.0-rc1' (Expected '/root/Applications/android-sdk/build-tools/28.0.0-preview')
Incremental java compilation is an incubating feature.

FAILURE: Build failed with an exception.

* What went wrong:
Task 'androidJavadocs' not found in project ':app'.

* Try:
Run gradlew tasks to get a list of available tasks. Run with --info or --debug option to get more log output.

* Exception is:
org.gradle.execution.TaskSelectionException: Task 'androidJavadocs' not found in project ':app'.
	at org.gradle.execution.TaskSelector.getSelection(TaskSelector.java:100)
	at org.gradle.execution.TaskSelector.getFilter(TaskSelector.java:63)
	at org.gradle.execution.ExcludedTaskFilteringBuildConfigurationAction.configure(ExcludedTaskFilteringBuildConfigurationAction.java:42)
	at org.gradle.execution.DefaultBuildConfigurationActionExecuter.configure(DefaultBuildConfigurationActionExecuter.java:48)
	at org.gradle.execution.DefaultBuildConfigurationActionExecuter.select(DefaultBuildConfigurationActionExecuter.java:36)
	at org.gradle.initialization.DefaultGradleLauncher$3.run(DefaultGradleLauncher.java:142)
	at org.gradle.internal.Factories$1.create(Factories.java:22)
	at org.gradle.internal.progress.DefaultBuildOperationExecutor.run(DefaultBuildOperationExecutor.java:91)
	at org.gradle.internal.progress.DefaultBuildOperationExecutor.run(DefaultBuildOperationExecutor.java:53)
	at org.gradle.initialization.DefaultGradleLauncher.doBuildStages(DefaultGradleLauncher.java:139)
	at org.gradle.initialization.DefaultGradleLauncher.access$200(DefaultGradleLauncher.java:32)
	at org.gradle.initialization.DefaultGradleLauncher$1.create(DefaultGradleLauncher.java:98)
	at org.gradle.initialization.DefaultGradleLauncher$1.create(DefaultGradleLauncher.java:92)
	at org.gradle.internal.progress.DefaultBuildOperationExecutor.run(DefaultBuildOperationExecutor.java:91)
	at org.gradle.internal.progress.DefaultBuildOperationExecutor.run(DefaultBuildOperationExecutor.java:63)
	at org.gradle.initialization.DefaultGradleLauncher.doBuild(DefaultGradleLauncher.java:92)
	at org.gradle.initialization.DefaultGradleLauncher.run(DefaultGradleLauncher.java:83)
	at org.gradle.launcher.exec.InProcessBuildActionExecuter$DefaultBuildController.run(InProcessBuildActionExecuter.java:99)
	at org.gradle.tooling.internal.provider.ExecuteBuildActionRunner.run(ExecuteBuildActionRunner.java:28)
	at org.gradle.launcher.exec.ChainingBuildActionRunner.run(ChainingBuildActionRunner.java:35)
	at org.gradle.launcher.exec.InProcessBuildActionExecuter.execute(InProcessBuildActionExecuter.java:48)
	at org.gradle.launcher.exec.InProcessBuildActionExecuter.execute(InProcessBuildActionExecuter.java:30)
	at org.gradle.launcher.exec.ContinuousBuildActionExecuter.execute(ContinuousBuildActionExecuter.java:81)
	at org.gradle.launcher.exec.ContinuousBuildActionExecuter.execute(ContinuousBuildActionExecuter.java:46)
	at org.gradle.launcher.exec.DaemonUsageSuggestingBuildActionExecuter.execute(DaemonUsageSuggestingBuildActionExecuter.java:51)
	at org.gradle.launcher.exec.DaemonUsageSuggestingBuildActionExecuter.execute(DaemonUsageSuggestingBuildActionExecuter.java:28)
	at org.gradle.launcher.cli.RunBuildAction.run(RunBuildAction.java:43)
	at org.gradle.internal.Actions$RunnableActionAdapter.execute(Actions.java:173)
	at org.gradle.launcher.cli.CommandLineActionFactory$ParseAndBuildAction.execute(CommandLineActionFactory.java:239)
	at org.gradle.launcher.cli.CommandLineActionFactory$ParseAndBuildAction.execute(CommandLineActionFactory.java:212)
	at org.gradle.launcher.cli.JavaRuntimeValidationAction.execute(JavaRuntimeValidationAction.java:35)
	at org.gradle.launcher.cli.JavaRuntimeValidationAction.execute(JavaRuntimeValidationAction.java:24)
	at org.gradle.launcher.cli.ExceptionReportingAction.execute(ExceptionReportingAction.java:33)
	at org.gradle.launcher.cli.ExceptionReportingAction.execute(ExceptionReportingAction.java:22)
	at org.gradle.launcher.cli.CommandLineActionFactory$WithLogging.execute(CommandLineActionFactory.java:205)
	at org.gradle.launcher.cli.CommandLineActionFactory$WithLogging.execute(CommandLineActionFactory.java:169)
	at org.gradle.launcher.Main.doAction(Main.java:33)
	at org.gradle.launcher.bootstrap.EntryPoint.run(EntryPoint.java:45)
	at org.gradle.launcher.bootstrap.ProcessBootstrap.runNoExit(ProcessBootstrap.java:55)
	at org.gradle.launcher.bootstrap.ProcessBootstrap.run(ProcessBootstrap.java:36)
	at org.gradle.launcher.GradleMain.main(GradleMain.java:23)
	at org.gradle.wrapper.BootstrapMainStarter.start(BootstrapMainStarter.java:33)
	at org.gradle.wrapper.WrapperExecutor.execute(WrapperExecutor.java:130)
	at org.gradle.wrapper.GradleWrapperMain.main(GradleWrapperMain.java:48)


BUILD FAILED

Total time: 7.618 secs

2018-04-04 05:18:17,509 ERROR ProjectBuildService - Excluded tasks were detected wrong
2018-04-04 05:18:17,509 INFO  SysUtils - Execute command: [/tmp/rdisk/1881/src/gradlew, -b, /tmp/rdisk/1881/src/app/build.gradle, -Dorg.gradle.daemon=false, -Dorg.gradle.daemon.performance.enable-monitoring=false, -Dorg.gradle.configureondemand=true, --stacktrace, build]
2018-04-04 05:18:59,065 INFO  SysUtils - Configuration on demand is an incubating feature.
Observed package id 'build-tools;28.0.0-preview' in inconsistent location '/root/Applications/android-sdk/build-tools/28.0.0-rc1' (Expected '/root/Applications/android-sdk/build-tools/28.0.0-preview')
Incremental java compilation is an incubating feature.
:app:preBuild UP-TO-DATE
:app:preDebugBuild UP-TO-DATE
:app:checkDebugManifest
:app:preReleaseBuild UP-TO-DATE
:reader:preBuild UP-TO-DATE
:reader:preReleaseBuild UP-TO-DATE
:reader:compileReleaseNdk UP-TO-DATE
:reader:compileLint
:reader:copyReleaseLint UP-TO-DATE
:reader:checkReleaseManifest
:reader:prepareReleaseDependencies
:reader:compileReleaseAidl
:reader:compileReleaseRenderscript
:reader:generateReleaseBuildConfig
:reader:mergeReleaseShaders
:reader:compileReleaseShaders
:reader:generateReleaseAssets
:reader:mergeReleaseAssets
:reader:generateReleaseResValues
:reader:generateReleaseResources
:reader:packageReleaseResources
:reader:processReleaseManifest
:reader:processReleaseResources
:reader:generateReleaseSources
:reader:incrementalReleaseJavaCompilationSafeguard
:reader:compileReleaseJavaWithJavac
:reader:compileReleaseJavaWithJavac - is not incremental (e.g. outputs have changed, no previous execution, etc.).
:reader:extractReleaseAnnotations
:reader:mergeReleaseProguardFiles
:reader:packageReleaseRenderscript UP-TO-DATE
:reader:processReleaseJavaRes UP-TO-DATE
:reader:transformResourcesWithMergeJavaResForRelease
:reader:transformClassesAndResourcesWithSyncLibJarsForRelease
:reader:mergeReleaseJniLibFolders
:reader:transformNative_libsWithMergeJniLibsForRelease
:reader:transformNative_libsWithSyncJniLibsForRelease
:reader:bundleRelease
:app:prepareComAndroidSupportAnimatedVectorDrawable2421Library
:app:prepareComAndroidSupportAppcompatV72421Library
:app:prepareComAndroidSupportSupportCompat2421Library
:app:prepareComAndroidSupportSupportCoreUi2421Library
:app:prepareComAndroidSupportSupportCoreUtils2421Library
:app:prepareComAndroidSupportSupportFragment2421Library
:app:prepareComAndroidSupportSupportMediaCompat2421Library
:app:prepareComAndroidSupportSupportV42421Library
:app:prepareComAndroidSupportSupportVectorDrawable2421Library
:app:prepareSrcReaderUnspecifiedLibrary
:app:prepareDebugDependencies
:app:compileDebugAidl
:app:compileDebugRenderscript
:app:generateDebugBuildConfig
:app:mergeDebugShaders
:app:compileDebugShaders
:app:generateDebugAssets
:app:mergeDebugAssets
:app:generateDebugResValues
:app:generateDebugResources
:app:mergeDebugResources
:app:processDebugManifest
:app:processDebugResources
:app:generateDebugSources
:app:incrementalDebugJavaCompilationSafeguard
:app:compileDebugJavaWithJavac
:app:compileDebugJavaWithJavac - is not incremental (e.g. outputs have changed, no previous execution, etc.).
Note: /tmp/rdisk/1881/src/app/src/main/java/jp/yokomark/remoteviews/app/NotificationWatcher.java uses or overrides a deprecated API.
Note: Recompile with -Xlint:deprecation for details.
:app:compileDebugNdk UP-TO-DATE
:app:compileDebugSources
:app:prePackageMarkerForDebug
:app:transformClassesWithDexForDebug
To run dex in process, the Gradle daemon needs a larger heap.
It currently has approximately 1623 MB.
For faster builds, increase the maximum heap size for the Gradle daemon to more than 2048 MB.
To do this set org.gradle.jvmargs=-Xmx2048M in the project gradle.properties.
For more information see https://docs.gradle.org/current/userguide/build_environment.html
:app:mergeDebugJniLibFolders
:app:transformNative_libsWithMergeJniLibsForDebug
:app:processDebugJavaRes UP-TO-DATE
:app:transformResourcesWithMergeJavaResForDebug
:app:validateDebugSigning
:app:packageDebug
:app:zipalignDebug
:app:assembleDebug
:app:checkReleaseManifest
:app:prepareReleaseDependencies
:app:compileReleaseAidl
:app:compileReleaseRenderscript
:app:generateReleaseBuildConfig
:app:mergeReleaseShaders
:app:compileReleaseShaders
:app:generateReleaseAssets
:app:mergeReleaseAssets
:app:generateReleaseResValues
:app:generateReleaseResources
:app:mergeReleaseResources
:app:processReleaseManifest
:app:processReleaseResources
:app:generateReleaseSources
:app:incrementalReleaseJavaCompilationSafeguard
:app:compileReleaseJavaWithJavac
:app:compileReleaseJavaWithJavac - is not incremental (e.g. outputs have changed, no previous execution, etc.).
Note: /tmp/rdisk/1881/src/app/src/main/java/jp/yokomark/remoteviews/app/NotificationWatcher.java uses or overrides a deprecated API.
Note: Recompile with -Xlint:deprecation for details.
:app:compileReleaseNdk UP-TO-DATE
:app:compileReleaseSources
:app:lintVitalRelease
:app:prePackageMarkerForRelease
:app:transformClassesWithDexForRelease
:app:mergeReleaseJniLibFolders
:app:transformNative_libsWithMergeJniLibsForRelease
:app:processReleaseJavaRes UP-TO-DATE
:app:transformResourcesWithMergeJavaResForRelease
:app:packageRelease
:app:assembleRelease
:app:assemble
:app:compileLint
:app:lint
Ran lint on variant debug: 7 issues found
Ran lint on variant release: 7 issues found
Wrote HTML report to file:///tmp/rdisk/1881/src/app/build/outputs/lint-results-debug.html
Wrote XML report to file:///tmp/rdisk/1881/src/app/build/outputs/lint-results-debug.xml
:app:incrementalDebugUnitTestJavaCompilationSafeguard UP-TO-DATE
:app:preDebugUnitTestBuild UP-TO-DATE
:app:prepareDebugUnitTestDependencies
:app:compileDebugUnitTestJavaWithJavac UP-TO-DATE
:app:processDebugUnitTestJavaRes UP-TO-DATE
:app:compileDebugUnitTestSources UP-TO-DATE
:app:mockableAndroidJar
:app:assembleDebugUnitTest
:app:testDebugUnitTest
:app:incrementalReleaseUnitTestJavaCompilationSafeguard UP-TO-DATE
:app:preReleaseUnitTestBuild UP-TO-DATE
:app:prepareReleaseUnitTestDependencies
:app:compileReleaseUnitTestJavaWithJavac UP-TO-DATE
:app:processReleaseUnitTestJavaRes UP-TO-DATE
:app:compileReleaseUnitTestSources UP-TO-DATE
:app:assembleReleaseUnitTest
:app:testReleaseUnitTest
:app:test
:app:check
:app:build

BUILD SUCCESSFUL

Total time: 41.113 secs

2018-04-04 05:18:59,118 INFO  FullProcessService - Found APK file: /tmp/rdisk/1881/src/app/build/outputs/apk/app-debug.apk
