2018-04-04 02:47:23,599 INFO  DownloadService - Downloading "https://github.com/radzio/android-data-binding-recyclerview/archive/master.zip", attempt 3
2018-04-04 02:48:24,068 INFO  GithubDownloadService - Could not find ZIP archive for master branch
2018-04-04 02:48:24,719 INFO  GithubDownloadService - Default branch of this repository: master
2018-04-04 02:48:24,719 INFO  DownloadService - Downloading "https://github.com/radzio/android-data-binding-recyclerview/archive/master.zip", attempt 3
2018-04-04 02:49:25,974 DEBUG FullProcessService - Repository https://github.com/radzio/android-data-binding-recyclerview available: true
2018-04-04 02:49:25,974 INFO  FullProcessService - Could not download ZIP file from Github, lets clone it
2018-04-04 02:49:25,974 INFO  SysUtils - Execute command: [git, clone, -q, --single-branch, --depth, 1, https://github.com/radzio/android-data-binding-recyclerview, /tmp/rdisk/1933/src]
2018-04-04 02:49:27,928 INFO  SysUtils - 
2018-04-04 02:49:27,932 INFO  GitService - Deleted "/tmp/rdisk/1933/src/.git": true
2018-04-04 02:49:27,935 INFO  FullProcessService - Size of directory with sources: 119 KB
2018-04-04 02:49:27,935 INFO  SysUtils - Execute command: [git, init, /tmp/rdisk/1933/src]
2018-04-04 02:49:27,939 INFO  SysUtils - Initialized empty Git repository in /tmp/rdisk/1933/src/.git/

2018-04-04 02:49:27,942 INFO  ProjectBuildService - Gradle wrapper(s): /tmp/rdisk/1933/src/gradlew
2018-04-04 02:49:27,945 INFO  ProjectBuildService - Build script(s): /tmp/rdisk/1933/src/app/build.gradle /tmp/rdisk/1933/src/recyclerview-binding/build.gradle /tmp/rdisk/1933/src/build.gradle
2018-04-04 02:49:27,947 INFO  ProjectBuildService - All script(s): /tmp/rdisk/1933/src/settings.gradle /tmp/rdisk/1933/src/recyclerview-binding/build.gradle /tmp/rdisk/1933/src/build.gradle /tmp/rdisk/1933/src/app/build.gradle
2018-04-04 02:49:27,948 INFO  DownloadService - Downloading "https://raw.github.com/chrisbanes/gradle-mvn-push/master/gradle-mvn-push.gradle", attempt 3
2018-04-04 02:49:28,667 INFO  DownloadService - Downloaded https://raw.github.com/chrisbanes/gradle-mvn-push/master/gradle-mvn-push.gradle, attempt 3
2018-04-04 02:49:28,667 INFO  ProjectBuildService - Remote scripts: https://raw.github.com/chrisbanes/gradle-mvn-push/master/gradle-mvn-push.gradle
2018-04-04 02:49:28,667 INFO  ProjectFixService - Fixing project...
2018-04-04 02:49:28,675 INFO  LocalPropertiesFixService - Created fake /tmp/rdisk/1933/src/app/local.properties
2018-04-04 02:49:28,675 INFO  ProjectFixService - Build info for "/tmp/rdisk/1933/src/app/build.gradle": [buildToolsVersion=23.0.2,compileSdkVersion=23,minSdkVersion=19,targetSdkVersion=23]
2018-04-04 02:49:28,675 INFO  LocalPropertiesFixService - Created fake /tmp/rdisk/1933/src/recyclerview-binding/local.properties
2018-04-04 02:49:28,675 INFO  ProjectFixService - Build info for "/tmp/rdisk/1933/src/recyclerview-binding/build.gradle": [buildToolsVersion=23.0.2,compileSdkVersion=23,minSdkVersion=7,targetSdkVersion=23]
2018-04-04 02:49:28,675 INFO  LocalPropertiesFixService - Created fake /tmp/rdisk/1933/src/local.properties
2018-04-04 02:49:28,676 INFO  WrapperPropertiesFixService - Gradle wrapper: https://services.gradle.org/distributions/gradle-2.9-all.zip
2018-04-04 02:49:28,676 INFO  WrapperPropertiesFixService - Gradle wrapper was changed from "-all.zip" to "-bin.zip" (https://services.gradle.org/distributions/gradle-2.9-bin.zip)
2018-04-04 02:49:28,676 INFO  ProjectFixService - Build info for "/tmp/rdisk/1933/src/build.gradle": [buildToolsVersion=23.0.2,compileSdkVersion=23,minSdkVersion=7,targetSdkVersion=23]
2018-04-04 02:49:28,676 INFO  ProjectFixService - Project was maybe fixed
2018-04-04 02:49:28,677 INFO  ProjectTaskService - Detecting possible tasks...
2018-04-04 02:49:28,677 INFO  SysUtils - Execute command: [/tmp/rdisk/1933/src/gradlew, -b, /tmp/rdisk/1933/src/app/build.gradle, -Dorg.gradle.daemon=false, -Dorg.gradle.daemon.performance.enable-monitoring=false, -Dorg.gradle.configureondemand=true, tasks]
2018-04-04 02:49:37,170 INFO  ProjectTaskService - Detected possible tasks: 71
2018-04-04 02:49:37,170 INFO  ProjectTaskService - Excluded tasks (22): lintDebug mockableAndroidJar androidJavadocs deviceCheck lint androidSourcesJar testReleaseUnitTest uninstallRelease deviceAndroidTest uninstallDebugAndroidTest installDebugAndroidTest connectedCheck connectedDebugAndroidTest uninstallAll androidJavadocsJar test check testDebugUnitTest connectedAndroidTest installDebug lintRelease uninstallDebug
2018-04-04 02:49:37,170 INFO  SysUtils - Execute command: [/tmp/rdisk/1933/src/gradlew, -b, /tmp/rdisk/1933/src/app/build.gradle, -Dorg.gradle.daemon=false, -Dorg.gradle.daemon.performance.enable-monitoring=false, -Dorg.gradle.configureondemand=true, --stacktrace, -x, lintDebug, -x, mockableAndroidJar, -x, androidJavadocs, -x, deviceCheck, -x, lint, -x, androidSourcesJar, -x, testReleaseUnitTest, -x, uninstallRelease, -x, deviceAndroidTest, -x, uninstallDebugAndroidTest, -x, installDebugAndroidTest, -x, connectedCheck, -x, connectedDebugAndroidTest, -x, uninstallAll, -x, androidJavadocsJar, -x, test, -x, check, -x, testDebugUnitTest, -x, connectedAndroidTest, -x, installDebug, -x, lintRelease, -x, uninstallDebug, build]
2018-04-04 02:49:44,200 ERROR SysUtils - Could not process external command
org.apache.commons.exec.ExecuteException: Process exited with an error: 1 (Exit value: 1)
	at org.apache.commons.exec.DefaultExecutor.executeInternal(DefaultExecutor.java:404)
	at org.apache.commons.exec.DefaultExecutor.execute(DefaultExecutor.java:166)
	at com.github.vbauer.apkmaster.util.SysUtils.execute(SysUtils.java:67)
	at com.github.vbauer.apkmaster.util.SysUtils.executeSimple(SysUtils.java:43)
	at com.github.vbauer.apkmaster.service.assembly.ProjectBuildService.buildProject(ProjectBuildService.java:78)
	at com.github.vbauer.apkmaster.service.assembly.ProjectBuildService.buildProject(ProjectBuildService.java:64)
	at com.github.vbauer.apkmaster.service.assembly.ProjectBuildService.buildProject(ProjectBuildService.java:43)
	at com.github.vbauer.apkmaster.service.FullProcessService.build(FullProcessService.java:84)
	at com.github.vbauer.apkmaster.service.FullProcessService.process(FullProcessService.java:34)
	at com.github.vbauer.apkmaster.app.MainApplication.process(MainApplication.java:38)
	at com.github.vbauer.apkmaster.app.MainApplication.main(MainApplication.java:20)
	at sun.reflect.GeneratedMethodAccessor8.invoke(Unknown Source)
	at sun.reflect.DelegatingMethodAccessorImpl.invoke(DelegatingMethodAccessorImpl.java:43)
	at java.lang.reflect.Method.invoke(Method.java:498)
	at com.android.arsenal.util.ReflectionUtils.invoke(ReflectionUtils.java:42)
	at com.android.arsenal.util.ApkMasterUtils.main(ApkMasterUtils.java:30)
	at com.android.arsenal.service.processor.impl.BuildProcessorServiceImpl.buildProject(BuildProcessorServiceImpl.java:197)
	at com.android.arsenal.service.processor.impl.BuildProcessorServiceImpl.build(BuildProcessorServiceImpl.java:131)
	at com.android.arsenal.service.processor.impl.BuildProcessorServiceImpl.lambda$null$1(BuildProcessorServiceImpl.java:114)
	at java.util.concurrent.FutureTask.run(FutureTask.java:266)
	at java.util.concurrent.Executors$RunnableAdapter.call(Executors.java:511)
	at java.util.concurrent.FutureTask.run(FutureTask.java:266)
	at java.util.concurrent.ThreadPoolExecutor.runWorker(ThreadPoolExecutor.java:1149)
	at java.util.concurrent.ThreadPoolExecutor$Worker.run(ThreadPoolExecutor.java:624)
	at java.lang.Thread.run(Thread.java:748)
2018-04-04 02:49:44,200 INFO  SysUtils - Configuration on demand is an incubating feature.

FAILURE: Build failed with an exception.

* What went wrong:
Task 'androidJavadocs' not found in project ':app'.

* Try:
Run gradlew tasks to get a list of available tasks. Run with --info or --debug option to get more log output.

* Exception is:
org.gradle.execution.TaskSelectionException: Task 'androidJavadocs' not found in project ':app'.
	at org.gradle.execution.TaskSelector.getSelection(TaskSelector.java:100)
	at org.gradle.execution.TaskSelector.getFilter(TaskSelector.java:63)
	at org.gradle.execution.ExcludedTaskFilteringBuildConfigurationAction.configure(ExcludedTaskFilteringBuildConfigurationAction.java:42)
	at org.gradle.execution.DefaultBuildConfigurationActionExecuter.configure(DefaultBuildConfigurationActionExecuter.java:48)
	at org.gradle.execution.DefaultBuildConfigurationActionExecuter.select(DefaultBuildConfigurationActionExecuter.java:36)
	at org.gradle.initialization.DefaultGradleLauncher$3.run(DefaultGradleLauncher.java:143)
	at org.gradle.internal.Factories$1.create(Factories.java:22)
	at org.gradle.internal.progress.DefaultBuildOperationExecutor.run(DefaultBuildOperationExecutor.java:90)
	at org.gradle.internal.progress.DefaultBuildOperationExecutor.run(DefaultBuildOperationExecutor.java:52)
	at org.gradle.initialization.DefaultGradleLauncher.doBuildStages(DefaultGradleLauncher.java:140)
	at org.gradle.initialization.DefaultGradleLauncher.access$200(DefaultGradleLauncher.java:32)
	at org.gradle.initialization.DefaultGradleLauncher$1.create(DefaultGradleLauncher.java:99)
	at org.gradle.initialization.DefaultGradleLauncher$1.create(DefaultGradleLauncher.java:93)
	at org.gradle.internal.progress.DefaultBuildOperationExecutor.run(DefaultBuildOperationExecutor.java:90)
	at org.gradle.internal.progress.DefaultBuildOperationExecutor.run(DefaultBuildOperationExecutor.java:62)
	at org.gradle.initialization.DefaultGradleLauncher.doBuild(DefaultGradleLauncher.java:93)
	at org.gradle.initialization.DefaultGradleLauncher.run(DefaultGradleLauncher.java:82)
	at org.gradle.launcher.exec.InProcessBuildActionExecuter$DefaultBuildController.run(InProcessBuildActionExecuter.java:94)
	at org.gradle.tooling.internal.provider.ExecuteBuildActionRunner.run(ExecuteBuildActionRunner.java:28)
	at org.gradle.launcher.exec.ChainingBuildActionRunner.run(ChainingBuildActionRunner.java:35)
	at org.gradle.launcher.exec.InProcessBuildActionExecuter.execute(InProcessBuildActionExecuter.java:43)
	at org.gradle.launcher.exec.InProcessBuildActionExecuter.execute(InProcessBuildActionExecuter.java:28)
	at org.gradle.launcher.exec.ContinuousBuildActionExecuter.execute(ContinuousBuildActionExecuter.java:77)
	at org.gradle.launcher.exec.ContinuousBuildActionExecuter.execute(ContinuousBuildActionExecuter.java:47)
	at org.gradle.launcher.exec.DaemonUsageSuggestingBuildActionExecuter.execute(DaemonUsageSuggestingBuildActionExecuter.java:51)
	at org.gradle.launcher.exec.DaemonUsageSuggestingBuildActionExecuter.execute(DaemonUsageSuggestingBuildActionExecuter.java:28)
	at org.gradle.launcher.cli.RunBuildAction.run(RunBuildAction.java:43)
	at org.gradle.internal.Actions$RunnableActionAdapter.execute(Actions.java:170)
	at org.gradle.launcher.cli.CommandLineActionFactory$ParseAndBuildAction.execute(CommandLineActionFactory.java:237)
	at org.gradle.launcher.cli.CommandLineActionFactory$ParseAndBuildAction.execute(CommandLineActionFactory.java:210)
	at org.gradle.launcher.cli.JavaRuntimeValidationAction.execute(JavaRuntimeValidationAction.java:35)
	at org.gradle.launcher.cli.JavaRuntimeValidationAction.execute(JavaRuntimeValidationAction.java:24)
	at org.gradle.launcher.cli.CommandLineActionFactory$WithLogging.execute(CommandLineActionFactory.java:206)
	at org.gradle.launcher.cli.CommandLineActionFactory$WithLogging.execute(CommandLineActionFactory.java:169)
	at org.gradle.launcher.cli.ExceptionReportingAction.execute(ExceptionReportingAction.java:33)
	at org.gradle.launcher.cli.ExceptionReportingAction.execute(ExceptionReportingAction.java:22)
	at org.gradle.launcher.Main.doAction(Main.java:33)
	at org.gradle.launcher.bootstrap.EntryPoint.run(EntryPoint.java:45)
	at org.gradle.launcher.bootstrap.ProcessBootstrap.runNoExit(ProcessBootstrap.java:54)
	at org.gradle.launcher.bootstrap.ProcessBootstrap.run(ProcessBootstrap.java:35)
	at org.gradle.launcher.GradleMain.main(GradleMain.java:23)
	at org.gradle.wrapper.BootstrapMainStarter.start(BootstrapMainStarter.java:33)
	at org.gradle.wrapper.WrapperExecutor.execute(WrapperExecutor.java:130)
	at org.gradle.wrapper.GradleWrapperMain.main(GradleWrapperMain.java:48)


BUILD FAILED

Total time: 6.589 secs

2018-04-04 02:49:44,200 ERROR ProjectBuildService - Excluded tasks were detected wrong
2018-04-04 02:49:44,200 INFO  SysUtils - Execute command: [/tmp/rdisk/1933/src/gradlew, -b, /tmp/rdisk/1933/src/app/build.gradle, -Dorg.gradle.daemon=false, -Dorg.gradle.daemon.performance.enable-monitoring=false, -Dorg.gradle.configureondemand=true, --stacktrace, build]
2018-04-04 02:50:36,974 INFO  SysUtils - Configuration on demand is an incubating feature.
:app:preBuild UP-TO-DATE
:app:preDebugBuild UP-TO-DATE
:app:checkDebugManifest
:app:preReleaseBuild UP-TO-DATE
:recyclerview-binding:preBuild UP-TO-DATE
:recyclerview-binding:preReleaseBuild UP-TO-DATE
:recyclerview-binding:compileReleaseNdk UP-TO-DATE
:recyclerview-binding:compileLint
:recyclerview-binding:copyReleaseLint UP-TO-DATE
:recyclerview-binding:checkReleaseManifest
:recyclerview-binding:preDebugAndroidTestBuild UP-TO-DATE
:recyclerview-binding:preDebugBuild UP-TO-DATE
:recyclerview-binding:preDebugUnitTestBuild UP-TO-DATE
:recyclerview-binding:preReleaseUnitTestBuild UP-TO-DATE
:recyclerview-binding:prepareComAndroidDatabindingAdapters10Rc3Library
:recyclerview-binding:prepareComAndroidDatabindingLibrary10Rc3Library
:recyclerview-binding:prepareComAndroidSupportRecyclerviewV72310Library
:recyclerview-binding:prepareComAndroidSupportSupportV42310Library
:recyclerview-binding:prepareReleaseDependencies
:recyclerview-binding:compileReleaseAidl
:recyclerview-binding:compileReleaseRenderscript
:recyclerview-binding:generateReleaseResValues
:recyclerview-binding:generateReleaseResources
:recyclerview-binding:mergeReleaseResources
:recyclerview-binding:dataBindingProcessLayoutsRelease
:recyclerview-binding:dataBindingExportBuildInfoRelease
:recyclerview-binding:generateReleaseBuildConfig
:recyclerview-binding:generateReleaseAssets UP-TO-DATE
:recyclerview-binding:mergeReleaseAssets
:recyclerview-binding:processReleaseManifest
:recyclerview-binding:processReleaseResources
:recyclerview-binding:generateReleaseSources
:recyclerview-binding:compileReleaseJavaWithJavacNote: Some input files use unchecked or unsafe operations.
Note: Recompile with -Xlint:unchecked for details.

:recyclerview-binding:extractReleaseAnnotations
:recyclerview-binding:mergeReleaseProguardFiles
:recyclerview-binding:packageReleaseRenderscript UP-TO-DATE
:recyclerview-binding:packageReleaseResources
:recyclerview-binding:processReleaseJavaRes UP-TO-DATE
:recyclerview-binding:transformResourcesWithMergeJavaResForRelease
:recyclerview-binding:transformClassesAndResourcesWithSyncLibJarsForRelease
:recyclerview-binding:mergeReleaseJniLibFolders
:recyclerview-binding:transformNative_libsWithMergeJniLibsForRelease
:recyclerview-binding:transformNative_libsWithSyncJniLibsForRelease
:recyclerview-binding:bundleRelease
:app:prepareComAndroidDatabindingAdapters10Rc3Library
:app:prepareComAndroidDatabindingLibrary10Rc3Library
:app:prepareComAndroidSupportAppcompatV72311Library
:app:prepareComAndroidSupportRecyclerviewV72311Library
:app:prepareComAndroidSupportSupportV42311Library
:app:prepareSrcRecyclerviewBindingUnspecifiedLibrary
:app:prepareDebugDependencies
:app:compileDebugAidl
:app:compileDebugRenderscript
:app:generateDebugResValues
:app:generateDebugResources
:app:mergeDebugResources
:app:dataBindingProcessLayoutsDebug
:app:dataBindingExportBuildInfoDebug
:app:generateDebugBuildConfig
:app:generateDebugAssets UP-TO-DATE
:app:mergeDebugAssets
:app:processDebugManifest
:app:processDebugResources
:app:generateDebugSources
:app:compileDebugJavaWithJavacNote: Some input files use unchecked or unsafe operations.
Note: Recompile with -Xlint:unchecked for details.

:app:compileDebugNdk UP-TO-DATE
:app:compileDebugSources
:app:transformClassesWithDexForDebug
:app:mergeDebugJniLibFolders
:app:transformNative_libsWithMergeJniLibsForDebug
:app:processDebugJavaRes UP-TO-DATE
:app:transformResourcesWithMergeJavaResForDebug
:app:validateDebugSigning
:app:packageDebug
:app:zipalignDebug
:app:assembleDebug
:app:checkReleaseManifest
:app:prepareReleaseDependencies
:app:compileReleaseAidl
:app:compileReleaseRenderscript
:app:generateReleaseResValues
:app:generateReleaseResources
:app:mergeReleaseResources
:app:dataBindingProcessLayoutsRelease
:app:dataBindingExportBuildInfoRelease
:app:generateReleaseBuildConfig
:app:generateReleaseAssets UP-TO-DATE
:app:mergeReleaseAssets
:app:processReleaseManifest
:app:processReleaseResources
:app:generateReleaseSources
:app:compileReleaseJavaWithJavacNote: Some input files use unchecked or unsafe operations.
Note: Recompile with -Xlint:unchecked for details.

:app:compileReleaseNdk UP-TO-DATE
:app:compileReleaseSources
:app:lintVitalRelease
:app:transformClassesWithDexForRelease
:app:mergeReleaseJniLibFolders
:app:transformNative_libsWithMergeJniLibsForRelease
:app:processReleaseJavaRes UP-TO-DATE
:app:transformResourcesWithMergeJavaResForRelease
:app:packageRelease
:app:assembleRelease
:app:assemble
:app:compileLint
:app:lint
Wrote HTML report to file:///tmp/rdisk/1933/src/app/build/outputs/lint-results.html
Wrote XML report to file:///tmp/rdisk/1933/src/app/build/outputs/lint-results.xml
Lint found 2 errors and 22 warnings
:app:preDebugUnitTestBuild UP-TO-DATE
:app:prepareDebugUnitTestDependencies
:app:compileDebugUnitTestJavaWithJavac
:app:processDebugUnitTestJavaRes UP-TO-DATE
:app:compileDebugUnitTestSources
:app:mockableAndroidJar
:app:assembleDebugUnitTest
:app:testDebugUnitTest
:app:preReleaseUnitTestBuild UP-TO-DATE
:app:prepareReleaseUnitTestDependencies
:app:compileReleaseUnitTestJavaWithJavac
:app:processReleaseUnitTestJavaRes UP-TO-DATE
:app:compileReleaseUnitTestSources
:app:assembleReleaseUnitTest
:app:testReleaseUnitTest
:app:test
:app:check
:app:build

BUILD SUCCESSFUL

Total time: 52.326 secs

2018-04-04 02:50:37,040 INFO  FullProcessService - Found APK file: /tmp/rdisk/1933/src/app/build/outputs/apk/app-debug.apk
