2018-04-04 08:37:14,115 INFO  DownloadService - Downloading "https://github.com/mrmilu/WPEditText/archive/master.zip", attempt 3
2018-04-04 08:38:14,559 INFO  GithubDownloadService - Could not find ZIP archive for master branch
2018-04-04 08:38:15,340 INFO  GithubDownloadService - Default branch of this repository: master
2018-04-04 08:38:15,340 INFO  DownloadService - Downloading "https://github.com/mrmilu/WPEditText/archive/master.zip", attempt 3
2018-04-04 08:39:16,846 DEBUG FullProcessService - Repository https://github.com/mrmilu/WPEditText available: true
2018-04-04 08:39:16,846 INFO  FullProcessService - Could not download ZIP file from Github, lets clone it
2018-04-04 08:39:16,846 INFO  SysUtils - Execute command: [git, clone, -q, --single-branch, --depth, 1, https://github.com/mrmilu/WPEditText, /tmp/rdisk/1843/src]
2018-04-04 08:39:18,276 INFO  SysUtils - 
2018-04-04 08:39:18,286 INFO  GitService - Deleted "/tmp/rdisk/1843/src/.git": true
2018-04-04 08:39:18,288 INFO  FullProcessService - Size of directory with sources: 232 KB
2018-04-04 08:39:18,288 INFO  SysUtils - Execute command: [git, init, /tmp/rdisk/1843/src]
2018-04-04 08:39:18,292 INFO  SysUtils - Initialized empty Git repository in /tmp/rdisk/1843/src/.git/

2018-04-04 08:39:18,294 INFO  ProjectBuildService - Gradle wrapper(s): /tmp/rdisk/1843/src/gradlew
2018-04-04 08:39:18,296 INFO  ProjectBuildService - Build script(s): /tmp/rdisk/1843/src/app/build.gradle
2018-04-04 08:39:18,298 INFO  ProjectBuildService - All script(s): /tmp/rdisk/1843/src/settings.gradle /tmp/rdisk/1843/src/app/build.gradle
2018-04-04 08:39:18,298 INFO  ProjectBuildService - Remote scripts: none
2018-04-04 08:39:18,298 INFO  ProjectFixService - Fixing project...
2018-04-04 08:39:18,303 INFO  LocalPropertiesFixService - Created fake /tmp/rdisk/1843/src/app/local.properties
2018-04-04 08:39:18,303 INFO  ProjectFixService - Build info for "/tmp/rdisk/1843/src/app/build.gradle": [buildToolsVersion=22.0.1,compileSdkVersion=22,minSdkVersion=15,targetSdkVersion=22]
2018-04-04 08:39:18,303 INFO  ProjectFixService - Project was maybe fixed
2018-04-04 08:39:18,303 INFO  ProjectTaskService - Detecting possible tasks...
2018-04-04 08:39:18,303 INFO  SysUtils - Execute command: [/tmp/rdisk/1843/src/gradlew, -b, /tmp/rdisk/1843/src/app/build.gradle, -Dorg.gradle.daemon=false, -Dorg.gradle.daemon.performance.enable-monitoring=false, -Dorg.gradle.configureondemand=true, tasks]
2018-04-04 08:39:26,884 ERROR ProjectTaskService - Could not detect possible Gradle tasks: Process exited with an error: 1 (Exit value: 1)
2018-04-04 08:39:26,884 INFO  ProjectTaskService - Detected possible tasks: 0
2018-04-04 08:39:26,884 INFO  ProjectTaskService - Excluded tasks (0): none
2018-04-04 08:39:26,884 INFO  SysUtils - Execute command: [/tmp/rdisk/1843/src/gradlew, -b, /tmp/rdisk/1843/src/app/build.gradle, -Dorg.gradle.daemon=false, -Dorg.gradle.daemon.performance.enable-monitoring=false, -Dorg.gradle.configureondemand=true, --stacktrace, build]
2018-04-04 08:39:31,584 ERROR SysUtils - Could not process external command
org.apache.commons.exec.ExecuteException: Process exited with an error: 1 (Exit value: 1)
	at org.apache.commons.exec.DefaultExecutor.executeInternal(DefaultExecutor.java:404)
	at org.apache.commons.exec.DefaultExecutor.execute(DefaultExecutor.java:166)
	at com.github.vbauer.apkmaster.util.SysUtils.execute(SysUtils.java:67)
	at com.github.vbauer.apkmaster.util.SysUtils.executeSimple(SysUtils.java:43)
	at com.github.vbauer.apkmaster.service.assembly.ProjectBuildService.buildProject(ProjectBuildService.java:78)
	at com.github.vbauer.apkmaster.service.assembly.ProjectBuildService.buildProject(ProjectBuildService.java:64)
	at com.github.vbauer.apkmaster.service.assembly.ProjectBuildService.buildProject(ProjectBuildService.java:43)
	at com.github.vbauer.apkmaster.service.FullProcessService.build(FullProcessService.java:84)
	at com.github.vbauer.apkmaster.service.FullProcessService.process(FullProcessService.java:34)
	at com.github.vbauer.apkmaster.app.MainApplication.process(MainApplication.java:38)
	at com.github.vbauer.apkmaster.app.MainApplication.main(MainApplication.java:20)
	at sun.reflect.GeneratedMethodAccessor8.invoke(Unknown Source)
	at sun.reflect.DelegatingMethodAccessorImpl.invoke(DelegatingMethodAccessorImpl.java:43)
	at java.lang.reflect.Method.invoke(Method.java:498)
	at com.android.arsenal.util.ReflectionUtils.invoke(ReflectionUtils.java:42)
	at com.android.arsenal.util.ApkMasterUtils.main(ApkMasterUtils.java:30)
	at com.android.arsenal.service.processor.impl.BuildProcessorServiceImpl.buildProject(BuildProcessorServiceImpl.java:197)
	at com.android.arsenal.service.processor.impl.BuildProcessorServiceImpl.build(BuildProcessorServiceImpl.java:131)
	at com.android.arsenal.service.processor.impl.BuildProcessorServiceImpl.lambda$null$1(BuildProcessorServiceImpl.java:114)
	at java.util.concurrent.FutureTask.run(FutureTask.java:266)
	at java.util.concurrent.Executors$RunnableAdapter.call(Executors.java:511)
	at java.util.concurrent.FutureTask.run(FutureTask.java:266)
	at java.util.concurrent.ThreadPoolExecutor.runWorker(ThreadPoolExecutor.java:1149)
	at java.util.concurrent.ThreadPoolExecutor$Worker.run(ThreadPoolExecutor.java:624)
	at java.lang.Thread.run(Thread.java:748)
2018-04-04 08:39:31,584 INFO  SysUtils - Configuration on demand is an incubating feature.

FAILURE: Build failed with an exception.

* Where:
Build file '/tmp/rdisk/1843/src/app/build.gradle' line: 122

* What went wrong:
A problem occurred evaluating project ':app'.
> /tmp/rdisk/1843/src/local.properties (No such file or directory)

* Try:
Run with --info or --debug option to get more log output.

* Exception is:
org.gradle.api.GradleScriptException: A problem occurred evaluating project ':app'.
	at org.gradle.groovy.scripts.internal.DefaultScriptRunnerFactory$ScriptRunnerImpl.run(DefaultScriptRunnerFactory.java:54)
	at org.gradle.configuration.DefaultScriptPluginFactory$ScriptPluginImpl.apply(DefaultScriptPluginFactory.java:148)
	at org.gradle.configuration.project.BuildScriptProcessor.execute(BuildScriptProcessor.java:39)
	at org.gradle.configuration.project.BuildScriptProcessor.execute(BuildScriptProcessor.java:26)
	at org.gradle.configuration.project.ConfigureActionsProjectEvaluator.evaluate(ConfigureActionsProjectEvaluator.java:34)
	at org.gradle.configuration.project.LifecycleProjectEvaluator.evaluate(LifecycleProjectEvaluator.java:59)
	at org.gradle.api.internal.project.AbstractProject.evaluate(AbstractProject.java:504)
	at org.gradle.api.internal.project.AbstractProject.evaluate(AbstractProject.java:83)
	at org.gradle.execution.TaskPathProjectEvaluator.configureHierarchy(TaskPathProjectEvaluator.java:42)
	at org.gradle.execution.TaskSelector.getSelection(TaskSelector.java:85)
	at org.gradle.execution.TaskSelector.getSelection(TaskSelector.java:76)
	at org.gradle.execution.commandline.CommandLineTaskParser.parseTasks(CommandLineTaskParser.java:42)
	at org.gradle.execution.TaskNameResolvingBuildConfigurationAction.configure(TaskNameResolvingBuildConfigurationAction.java:44)
	at org.gradle.execution.DefaultBuildExecuter.configure(DefaultBuildExecuter.java:42)
	at org.gradle.execution.DefaultBuildExecuter.access$100(DefaultBuildExecuter.java:23)
	at org.gradle.execution.DefaultBuildExecuter$1.proceed(DefaultBuildExecuter.java:48)
	at org.gradle.execution.ExcludedTaskFilteringBuildConfigurationAction.configure(ExcludedTaskFilteringBuildConfigurationAction.java:47)
	at org.gradle.execution.DefaultBuildExecuter.configure(DefaultBuildExecuter.java:42)
	at org.gradle.execution.DefaultBuildExecuter.access$100(DefaultBuildExecuter.java:23)
	at org.gradle.execution.DefaultBuildExecuter$1.proceed(DefaultBuildExecuter.java:48)
	at org.gradle.execution.DefaultTasksBuildExecutionAction.configure(DefaultTasksBuildExecutionAction.java:44)
	at org.gradle.execution.DefaultBuildExecuter.configure(DefaultBuildExecuter.java:42)
	at org.gradle.execution.DefaultBuildExecuter.select(DefaultBuildExecuter.java:35)
	at org.gradle.initialization.DefaultGradleLauncher.doBuildStages(DefaultGradleLauncher.java:142)
	at org.gradle.initialization.DefaultGradleLauncher.doBuild(DefaultGradleLauncher.java:106)
	at org.gradle.initialization.DefaultGradleLauncher.run(DefaultGradleLauncher.java:86)
	at org.gradle.launcher.exec.InProcessBuildActionExecuter$DefaultBuildController.run(InProcessBuildActionExecuter.java:80)
	at org.gradle.launcher.cli.ExecuteBuildAction.run(ExecuteBuildAction.java:33)
	at org.gradle.launcher.cli.ExecuteBuildAction.run(ExecuteBuildAction.java:24)
	at org.gradle.launcher.exec.InProcessBuildActionExecuter.execute(InProcessBuildActionExecuter.java:36)
	at org.gradle.launcher.exec.InProcessBuildActionExecuter.execute(InProcessBuildActionExecuter.java:26)
	at org.gradle.launcher.cli.RunBuildAction.run(RunBuildAction.java:51)
	at org.gradle.internal.Actions$RunnableActionAdapter.execute(Actions.java:171)
	at org.gradle.launcher.cli.CommandLineActionFactory$ParseAndBuildAction.execute(CommandLineActionFactory.java:237)
	at org.gradle.launcher.cli.CommandLineActionFactory$ParseAndBuildAction.execute(CommandLineActionFactory.java:210)
	at org.gradle.launcher.cli.JavaRuntimeValidationAction.execute(JavaRuntimeValidationAction.java:35)
	at org.gradle.launcher.cli.JavaRuntimeValidationAction.execute(JavaRuntimeValidationAction.java:24)
	at org.gradle.launcher.cli.CommandLineActionFactory$WithLogging.execute(CommandLineActionFactory.java:206)
	at org.gradle.launcher.cli.CommandLineActionFactory$WithLogging.execute(CommandLineActionFactory.java:169)
	at org.gradle.launcher.cli.ExceptionReportingAction.execute(ExceptionReportingAction.java:33)
	at org.gradle.launcher.cli.ExceptionReportingAction.execute(ExceptionReportingAction.java:22)
	at org.gradle.launcher.Main.doAction(Main.java:33)
	at org.gradle.launcher.bootstrap.EntryPoint.run(EntryPoint.java:45)
	at org.gradle.launcher.bootstrap.ProcessBootstrap.runNoExit(ProcessBootstrap.java:54)
	at org.gradle.launcher.bootstrap.ProcessBootstrap.run(ProcessBootstrap.java:35)
	at org.gradle.launcher.GradleMain.main(GradleMain.java:23)
	at org.gradle.wrapper.BootstrapMainStarter.start(BootstrapMainStarter.java:33)
	at org.gradle.wrapper.WrapperExecutor.execute(WrapperExecutor.java:130)
	at org.gradle.wrapper.GradleWrapperMain.main(GradleWrapperMain.java:48)
Caused by: java.io.FileNotFoundException: /tmp/rdisk/1843/src/local.properties (No such file or directory)
	at build_2nqbj5jqf21yj7gtzxajgyh63.run(/tmp/rdisk/1843/src/app/build.gradle:122)
	at org.gradle.groovy.scripts.internal.DefaultScriptRunnerFactory$ScriptRunnerImpl.run(DefaultScriptRunnerFactory.java:52)
	... 48 more


BUILD FAILED

Total time: 4.241 secs

2018-04-04 08:39:31,586 ERROR FullProcessService - Project build has not produced APK file
2018-04-04 08:39:31,588 ERROR FullProcessService - Could not find generated or existed APK file
