2018-04-04 01:32:40,568 INFO  DownloadService - Downloading "https://github.com/zserge/log/archive/master.zip", attempt 3
2018-04-04 01:33:41,147 INFO  GithubDownloadService - Could not find ZIP archive for master branch
2018-04-04 01:33:41,814 INFO  GithubDownloadService - Default branch of this repository: master
2018-04-04 01:33:41,814 INFO  DownloadService - Downloading "https://github.com/zserge/log/archive/master.zip", attempt 3
2018-04-04 01:34:43,046 DEBUG FullProcessService - Repository https://github.com/zserge/log available: true
2018-04-04 01:34:43,046 INFO  FullProcessService - Could not download ZIP file from Github, lets clone it
2018-04-04 01:34:43,046 INFO  SysUtils - Execute command: [git, clone, -q, --single-branch, --depth, 1, https://github.com/zserge/log, /tmp/rdisk/1958/src]
2018-04-04 01:34:44,388 INFO  SysUtils - 
2018-04-04 01:34:44,397 INFO  GitService - Deleted "/tmp/rdisk/1958/src/.git": true
2018-04-04 01:34:44,399 INFO  FullProcessService - Size of directory with sources: 25 KB
2018-04-04 01:34:44,399 INFO  SysUtils - Execute command: [git, init, /tmp/rdisk/1958/src]
2018-04-04 01:34:44,402 INFO  SysUtils - Initialized empty Git repository in /tmp/rdisk/1958/src/.git/

2018-04-04 01:34:44,406 INFO  ProjectBuildService - Gradle wrapper(s): none
2018-04-04 01:34:44,406 ERROR ProjectBuildService - Could not detect Gradle wrapper. Default Gradle installation will be used
2018-04-04 01:34:44,408 INFO  ProjectBuildService - Build script(s): /tmp/rdisk/1958/src/example-android/build.gradle /tmp/rdisk/1958/src/example-java/build.gradle /tmp/rdisk/1958/src/library/build.gradle
2018-04-04 01:34:44,410 INFO  ProjectBuildService - All script(s): /tmp/rdisk/1958/src/library/build.gradle /tmp/rdisk/1958/src/example-java/build.gradle /tmp/rdisk/1958/src/example-android/build.gradle
2018-04-04 01:34:44,410 INFO  ProjectBuildService - Remote scripts: none
2018-04-04 01:34:44,410 INFO  ProjectFixService - Fixing project...
2018-04-04 01:34:44,414 INFO  LocalPropertiesFixService - Created fake /tmp/rdisk/1958/src/example-android/local.properties
2018-04-04 01:34:44,415 INFO  ProjectFixService - Build info for "/tmp/rdisk/1958/src/example-android/build.gradle": [buildToolsVersion=22.0.1,compileSdkVersion=<null>,minSdkVersion=<null>,targetSdkVersion=<null>]
2018-04-04 01:34:44,415 INFO  ProjectFixService - Fixed build info for "/tmp/rdisk/1958/src/example-android/build.gradle": [buildToolsVersion=22.0.1,compileSdkVersion=27,minSdkVersion=27,targetSdkVersion=27]
2018-04-04 01:34:44,415 INFO  LocalPropertiesFixService - Created fake /tmp/rdisk/1958/src/example-java/local.properties
2018-04-04 01:34:44,417 INFO  ProjectFixService - Build info for "/tmp/rdisk/1958/src/example-java/build.gradle": [buildToolsVersion=22.0.1,compileSdkVersion=<null>,minSdkVersion=<null>,targetSdkVersion=<null>]
2018-04-04 01:34:44,417 INFO  ProjectFixService - Fixed build info for "/tmp/rdisk/1958/src/example-java/build.gradle": [buildToolsVersion=22.0.1,compileSdkVersion=27,minSdkVersion=27,targetSdkVersion=27]
2018-04-04 01:34:44,417 INFO  LocalPropertiesFixService - Created fake /tmp/rdisk/1958/src/library/local.properties
2018-04-04 01:34:44,418 INFO  ProjectFixService - Build info for "/tmp/rdisk/1958/src/library/build.gradle": [buildToolsVersion=22.0.1,compileSdkVersion=<null>,minSdkVersion=<null>,targetSdkVersion=<null>]
2018-04-04 01:34:44,418 INFO  ProjectFixService - Fixed build info for "/tmp/rdisk/1958/src/library/build.gradle": [buildToolsVersion=22.0.1,compileSdkVersion=27,minSdkVersion=27,targetSdkVersion=27]
2018-04-04 01:34:44,419 INFO  ProjectFixService - Project was maybe fixed
2018-04-04 01:34:44,419 INFO  ProjectTaskService - Detecting possible tasks...
2018-04-04 01:34:44,419 INFO  SysUtils - Execute command: [gradle, -b, /tmp/rdisk/1958/src/example-android/build.gradle, -Dorg.gradle.daemon=false, -Dorg.gradle.daemon.performance.enable-monitoring=false, -Dorg.gradle.configureondemand=true, tasks]
2018-04-04 01:34:49,072 ERROR ProjectTaskService - Could not detect possible Gradle tasks: Process exited with an error: 1 (Exit value: 1)
2018-04-04 01:34:49,072 INFO  ProjectTaskService - Detected possible tasks: 0
2018-04-04 01:34:49,073 INFO  ProjectTaskService - Excluded tasks (0): none
2018-04-04 01:34:49,073 INFO  SysUtils - Execute command: [gradle, -b, /tmp/rdisk/1958/src/example-android/build.gradle, -Dorg.gradle.daemon=false, -Dorg.gradle.daemon.performance.enable-monitoring=false, -Dorg.gradle.configureondemand=true, --stacktrace, build]
2018-04-04 01:34:52,193 ERROR SysUtils - Could not process external command
org.apache.commons.exec.ExecuteException: Process exited with an error: 1 (Exit value: 1)
	at org.apache.commons.exec.DefaultExecutor.executeInternal(DefaultExecutor.java:404)
	at org.apache.commons.exec.DefaultExecutor.execute(DefaultExecutor.java:166)
	at com.github.vbauer.apkmaster.util.SysUtils.execute(SysUtils.java:67)
	at com.github.vbauer.apkmaster.util.SysUtils.executeSimple(SysUtils.java:43)
	at com.github.vbauer.apkmaster.service.assembly.ProjectBuildService.buildProject(ProjectBuildService.java:78)
	at com.github.vbauer.apkmaster.service.assembly.ProjectBuildService.buildProject(ProjectBuildService.java:64)
	at com.github.vbauer.apkmaster.service.assembly.ProjectBuildService.buildProject(ProjectBuildService.java:43)
	at com.github.vbauer.apkmaster.service.FullProcessService.build(FullProcessService.java:84)
	at com.github.vbauer.apkmaster.service.FullProcessService.process(FullProcessService.java:34)
	at com.github.vbauer.apkmaster.app.MainApplication.process(MainApplication.java:38)
	at com.github.vbauer.apkmaster.app.MainApplication.main(MainApplication.java:20)
	at sun.reflect.GeneratedMethodAccessor8.invoke(Unknown Source)
	at sun.reflect.DelegatingMethodAccessorImpl.invoke(DelegatingMethodAccessorImpl.java:43)
	at java.lang.reflect.Method.invoke(Method.java:498)
	at com.android.arsenal.util.ReflectionUtils.invoke(ReflectionUtils.java:42)
	at com.android.arsenal.util.ApkMasterUtils.main(ApkMasterUtils.java:30)
	at com.android.arsenal.service.processor.impl.BuildProcessorServiceImpl.buildProject(BuildProcessorServiceImpl.java:197)
	at com.android.arsenal.service.processor.impl.BuildProcessorServiceImpl.build(BuildProcessorServiceImpl.java:131)
	at com.android.arsenal.service.processor.impl.BuildProcessorServiceImpl.lambda$null$1(BuildProcessorServiceImpl.java:114)
	at java.util.concurrent.FutureTask.run(FutureTask.java:266)
	at java.util.concurrent.Executors$RunnableAdapter.call(Executors.java:511)
	at java.util.concurrent.FutureTask.run(FutureTask.java:266)
	at java.util.concurrent.ThreadPoolExecutor.runWorker(ThreadPoolExecutor.java:1149)
	at java.util.concurrent.ThreadPoolExecutor$Worker.run(ThreadPoolExecutor.java:624)
	at java.lang.Thread.run(Thread.java:748)
2018-04-04 01:34:52,193 INFO  SysUtils - Configuration on demand is an incubating feature.

FAILURE: Build failed with an exception.

* Where:
Build file '/tmp/rdisk/1958/src/example-android/build.gradle' line: 10

* What went wrong:
A problem occurred evaluating root project 'example-android'.
> Failed to apply plugin [id 'com.android.application']
   > Gradle version 2.2 is required. Current version is 3.5. If using the gradle wrapper, try editing the distributionUrl in /root/Documents/workspace/java/bloodhound/gradle/wrapper/gradle-wrapper.properties to gradle-2.2-all.zip

* Try:
Run with --info or --debug option to get more log output.

* Exception is:
org.gradle.api.GradleScriptException: A problem occurred evaluating root project 'example-android'.
	at org.gradle.groovy.scripts.internal.DefaultScriptRunnerFactory$ScriptRunnerImpl.run(DefaultScriptRunnerFactory.java:92)
	at org.gradle.configuration.DefaultScriptPluginFactory$ScriptPluginImpl$2.run(DefaultScriptPluginFactory.java:176)
	at org.gradle.configuration.ProjectScriptTarget.addConfiguration(ProjectScriptTarget.java:77)
	at org.gradle.configuration.DefaultScriptPluginFactory$ScriptPluginImpl.apply(DefaultScriptPluginFactory.java:181)
	at org.gradle.configuration.project.BuildScriptProcessor.execute(BuildScriptProcessor.java:39)
	at org.gradle.configuration.project.BuildScriptProcessor.execute(BuildScriptProcessor.java:26)
	at org.gradle.configuration.project.ConfigureActionsProjectEvaluator.evaluate(ConfigureActionsProjectEvaluator.java:34)
	at org.gradle.configuration.project.LifecycleProjectEvaluator.doConfigure(LifecycleProjectEvaluator.java:70)
	at org.gradle.configuration.project.LifecycleProjectEvaluator.access$000(LifecycleProjectEvaluator.java:33)
	at org.gradle.configuration.project.LifecycleProjectEvaluator$1.execute(LifecycleProjectEvaluator.java:53)
	at org.gradle.configuration.project.LifecycleProjectEvaluator$1.execute(LifecycleProjectEvaluator.java:50)
	at org.gradle.internal.Transformers$4.transform(Transformers.java:169)
	at org.gradle.internal.progress.DefaultBuildOperationExecutor.run(DefaultBuildOperationExecutor.java:106)
	at org.gradle.internal.progress.DefaultBuildOperationExecutor.run(DefaultBuildOperationExecutor.java:61)
	at org.gradle.configuration.project.LifecycleProjectEvaluator.evaluate(LifecycleProjectEvaluator.java:50)
	at org.gradle.api.internal.project.DefaultProject.evaluate(DefaultProject.java:648)
	at org.gradle.api.internal.project.DefaultProject.evaluate(DefaultProject.java:126)
	at org.gradle.execution.TaskPathProjectEvaluator.configure(TaskPathProjectEvaluator.java:35)
	at org.gradle.configuration.DefaultBuildConfigurer.configure(DefaultBuildConfigurer.java:36)
	at org.gradle.initialization.DefaultGradleLauncher$ConfigureBuildAction.execute(DefaultGradleLauncher.java:207)
	at org.gradle.initialization.DefaultGradleLauncher$ConfigureBuildAction.execute(DefaultGradleLauncher.java:204)
	at org.gradle.internal.Transformers$4.transform(Transformers.java:169)
	at org.gradle.internal.progress.DefaultBuildOperationExecutor.run(DefaultBuildOperationExecutor.java:106)
	at org.gradle.internal.progress.DefaultBuildOperationExecutor.run(DefaultBuildOperationExecutor.java:56)
	at org.gradle.initialization.DefaultGradleLauncher.doBuildStages(DefaultGradleLauncher.java:146)
	at org.gradle.initialization.DefaultGradleLauncher.doBuild(DefaultGradleLauncher.java:112)
	at org.gradle.initialization.DefaultGradleLauncher.run(DefaultGradleLauncher.java:95)
	at org.gradle.launcher.exec.GradleBuildController.run(GradleBuildController.java:66)
	at org.gradle.tooling.internal.provider.ExecuteBuildActionRunner.run(ExecuteBuildActionRunner.java:28)
	at org.gradle.launcher.exec.ChainingBuildActionRunner.run(ChainingBuildActionRunner.java:35)
	at org.gradle.launcher.exec.InProcessBuildActionExecuter.execute(InProcessBuildActionExecuter.java:41)
	at org.gradle.launcher.exec.InProcessBuildActionExecuter.execute(InProcessBuildActionExecuter.java:26)
	at org.gradle.tooling.internal.provider.ContinuousBuildActionExecuter.execute(ContinuousBuildActionExecuter.java:75)
	at org.gradle.tooling.internal.provider.ContinuousBuildActionExecuter.execute(ContinuousBuildActionExecuter.java:49)
	at org.gradle.tooling.internal.provider.ServicesSetupBuildActionExecuter.execute(ServicesSetupBuildActionExecuter.java:49)
	at org.gradle.tooling.internal.provider.ServicesSetupBuildActionExecuter.execute(ServicesSetupBuildActionExecuter.java:31)
	at org.gradle.launcher.cli.RunBuildAction.run(RunBuildAction.java:51)
	at org.gradle.internal.Actions$RunnableActionAdapter.execute(Actions.java:173)
	at org.gradle.launcher.cli.CommandLineActionFactory$ParseAndBuildAction.execute(CommandLineActionFactory.java:281)
	at org.gradle.launcher.cli.CommandLineActionFactory$ParseAndBuildAction.execute(CommandLineActionFactory.java:254)
	at org.gradle.launcher.cli.JavaRuntimeValidationAction.execute(JavaRuntimeValidationAction.java:33)
	at org.gradle.launcher.cli.JavaRuntimeValidationAction.execute(JavaRuntimeValidationAction.java:24)
	at org.gradle.launcher.cli.ExceptionReportingAction.execute(ExceptionReportingAction.java:33)
	at org.gradle.launcher.cli.ExceptionReportingAction.execute(ExceptionReportingAction.java:22)
	at org.gradle.launcher.cli.CommandLineActionFactory$WithLogging.execute(CommandLineActionFactory.java:247)
	at org.gradle.launcher.cli.CommandLineActionFactory$WithLogging.execute(CommandLineActionFactory.java:182)
	at org.gradle.launcher.Main.doAction(Main.java:33)
	at org.gradle.launcher.bootstrap.EntryPoint.run(EntryPoint.java:45)
	at org.gradle.launcher.bootstrap.ProcessBootstrap.runNoExit(ProcessBootstrap.java:60)
	at org.gradle.launcher.bootstrap.ProcessBootstrap.run(ProcessBootstrap.java:37)
	at org.gradle.launcher.GradleMain.main(GradleMain.java:23)
Caused by: org.gradle.api.internal.plugins.PluginApplicationException: Failed to apply plugin [id 'com.android.application']
	at org.gradle.api.internal.plugins.DefaultPluginManager.doApply(DefaultPluginManager.java:156)
	at org.gradle.api.internal.plugins.DefaultPluginManager.apply(DefaultPluginManager.java:113)
	at org.gradle.api.internal.plugins.DefaultObjectConfigurationAction.applyType(DefaultObjectConfigurationAction.java:113)
	at org.gradle.api.internal.plugins.DefaultObjectConfigurationAction.access$200(DefaultObjectConfigurationAction.java:36)
	at org.gradle.api.internal.plugins.DefaultObjectConfigurationAction$3.run(DefaultObjectConfigurationAction.java:80)
	at org.gradle.api.internal.plugins.DefaultObjectConfigurationAction.execute(DefaultObjectConfigurationAction.java:136)
	at org.gradle.api.internal.project.AbstractPluginAware.apply(AbstractPluginAware.java:44)
	at org.gradle.api.internal.project.ProjectScript.apply(ProjectScript.java:34)
	at org.gradle.api.Script$apply$0.callCurrent(Unknown Source)
	at build_ihlczzfg681lirj1wkqyi4i.run(/tmp/rdisk/1958/src/example-android/build.gradle:10)
	at org.gradle.groovy.scripts.internal.DefaultScriptRunnerFactory$ScriptRunnerImpl.run(DefaultScriptRunnerFactory.java:90)
	... 50 more
Caused by: org.gradle.tooling.BuildException: Gradle version 2.2 is required. Current version is 3.5. If using the gradle wrapper, try editing the distributionUrl in /root/Documents/workspace/java/bloodhound/gradle/wrapper/gradle-wrapper.properties to gradle-2.2-all.zip
	at com.android.build.gradle.BasePlugin.checkGradleVersion(BasePlugin.groovy:436)
	at com.android.build.gradle.BasePlugin.configureProject(BasePlugin.groovy:265)
	at com.android.build.gradle.BasePlugin$_apply_closure1.doCall(BasePlugin.groovy:252)
	at com.android.build.gradle.BasePlugin$_apply_closure1.doCall(BasePlugin.groovy)
	at com.android.build.gradle.internal.profile.SpanRecorders$2.call(SpanRecorders.groovy:52)
	at com.android.builder.profile.ThreadRecorder$1.record(ThreadRecorder.java:48)
	at com.android.build.gradle.internal.profile.SpanRecorders.record(SpanRecorders.groovy:54)
	at com.android.build.gradle.BasePlugin.apply(BasePlugin.groovy:251)
	at com.android.build.gradle.AppPlugin.super$2$apply(AppPlugin.groovy)
	at com.android.build.gradle.AppPlugin.apply(AppPlugin.groovy:66)
	at com.android.build.gradle.AppPlugin.apply(AppPlugin.groovy)
	at org.gradle.api.internal.plugins.ImperativeOnlyPluginApplicator.applyImperative(ImperativeOnlyPluginApplicator.java:35)
	at org.gradle.api.internal.plugins.RuleBasedPluginApplicator.applyImperative(RuleBasedPluginApplicator.java:43)
	at org.gradle.api.internal.plugins.DefaultPluginManager.doApply(DefaultPluginManager.java:140)
	... 60 more


BUILD FAILED

Total time: 3.004 secs

2018-04-04 01:34:52,195 INFO  ProjectTaskService - Detecting possible tasks...
2018-04-04 01:34:52,196 INFO  SysUtils - Execute command: [gradle, -b, /tmp/rdisk/1958/src/example-java/build.gradle, -Dorg.gradle.daemon=false, -Dorg.gradle.daemon.performance.enable-monitoring=false, -Dorg.gradle.configureondemand=true, tasks]
2018-04-04 01:34:56,082 INFO  ProjectTaskService - Detected possible tasks: 49
2018-04-04 01:34:56,082 INFO  ProjectTaskService - Excluded tasks (3): javadoc test check
2018-04-04 01:34:56,083 INFO  SysUtils - Execute command: [gradle, -b, /tmp/rdisk/1958/src/example-java/build.gradle, -Dorg.gradle.daemon=false, -Dorg.gradle.daemon.performance.enable-monitoring=false, -Dorg.gradle.configureondemand=true, --stacktrace, -x, javadoc, -x, test, -x, check, build]
2018-04-04 01:35:02,440 INFO  SysUtils - Configuration on demand is an incubating feature.
:compileJava
Download https://jcenter.bintray.com/co/trikita/log/1.1.5/log-1.1.5.pom
Download https://jcenter.bintray.com/co/trikita/log/1.1.5/log-1.1.5.jar
:processResources NO-SOURCE
:classes
:jar
:startScripts
:distTar
:distZip
:assemble
:build

BUILD SUCCESSFUL

Total time: 6.2 secs

2018-04-04 01:35:02,443 INFO  ProjectTaskService - Detecting possible tasks...
2018-04-04 01:35:02,443 INFO  SysUtils - Execute command: [gradle, -b, /tmp/rdisk/1958/src/library/build.gradle, -Dorg.gradle.daemon=false, -Dorg.gradle.daemon.performance.enable-monitoring=false, -Dorg.gradle.configureondemand=true, tasks]
2018-04-04 01:35:08,351 INFO  ProjectTaskService - Detected possible tasks: 50
2018-04-04 01:35:08,351 INFO  ProjectTaskService - Excluded tasks (3): javadoc test check
2018-04-04 01:35:08,351 INFO  SysUtils - Execute command: [gradle, -b, /tmp/rdisk/1958/src/library/build.gradle, -Dorg.gradle.daemon=false, -Dorg.gradle.daemon.performance.enable-monitoring=false, -Dorg.gradle.configureondemand=true, --stacktrace, -x, javadoc, -x, test, -x, check, build]
2018-04-04 01:35:13,445 INFO  SysUtils - Configuration on demand is an incubating feature.
:compileJavawarning: [options] bootstrap class path not set in conjunction with -source 1.7
Note: /tmp/rdisk/1958/src/library/src/main/java/trikita/log/Log.java uses unchecked or unsafe operations.
Note: Recompile with -Xlint:unchecked for details.
1 warning

:processResources NO-SOURCE
:classes
:jar
:javadocJar
:sourcesJar
:assemble
:build

BUILD SUCCESSFUL

Total time: 4.966 secs

2018-04-04 01:35:13,449 ERROR FullProcessService - Project build has not produced APK file
2018-04-04 01:35:13,452 ERROR FullProcessService - Could not find generated or existed APK file
