2018-04-04 14:55:59,277 INFO  DownloadService - Downloading "https://github.com/pedrovgs/Nox/archive/master.zip", attempt 3
2018-04-04 14:56:00,656 INFO  DownloadService - Downloaded https://github.com/pedrovgs/Nox/archive/master.zip, attempt 3
2018-04-04 14:56:00,656 INFO  DownloadService - Size of file "/tmp/rdisk/1764/master.zip": 8 MB
2018-04-04 14:56:00,656 INFO  ArchiveUtils - Checking entries [.gradle] in ZIP file...
2018-04-04 14:56:00,657 INFO  ArchiveUtils - Has entries [.gradle] in ZIP file /tmp/rdisk/1764/master.zip: true
2018-04-04 14:56:00,657 DEBUG ZipUtil - Extracting '/tmp/rdisk/1764/master.zip' into '/tmp/rdisk/1764/src'.
2018-04-04 14:56:00,744 INFO  FullProcessService - Size of directory with sources: 8 MB
2018-04-04 14:56:00,744 INFO  SysUtils - Execute command: [git, init, /tmp/rdisk/1764/src]
2018-04-04 14:56:00,750 INFO  SysUtils - Initialized empty Git repository in /tmp/rdisk/1764/src/.git/

2018-04-04 14:56:00,753 INFO  ProjectBuildService - Gradle wrapper(s): /tmp/rdisk/1764/src/Nox-master/gradlew
2018-04-04 14:56:00,757 INFO  ProjectBuildService - Build script(s): /tmp/rdisk/1764/src/Nox-master/nox/build.gradle /tmp/rdisk/1764/src/Nox-master/sample/build.gradle /tmp/rdisk/1764/src/Nox-master/build.gradle
2018-04-04 14:56:00,760 INFO  ProjectBuildService - All script(s): /tmp/rdisk/1764/src/Nox-master/settings.gradle /tmp/rdisk/1764/src/Nox-master/sample/build.gradle /tmp/rdisk/1764/src/Nox-master/nox/build.gradle /tmp/rdisk/1764/src/Nox-master/build.gradle
2018-04-04 14:56:00,761 INFO  DownloadService - Downloading "https://raw.githubusercontent.com/chrisbanes/gradle-mvn-push/master/gradle-mvn-push.gradle", attempt 3
2018-04-04 14:56:00,790 INFO  DownloadService - Downloaded https://raw.githubusercontent.com/chrisbanes/gradle-mvn-push/master/gradle-mvn-push.gradle, attempt 3
2018-04-04 14:56:00,790 INFO  ProjectBuildService - Remote scripts: https://raw.githubusercontent.com/chrisbanes/gradle-mvn-push/master/gradle-mvn-push.gradle
2018-04-04 14:56:00,791 INFO  ProjectFixService - Fixing project...
2018-04-04 14:56:00,800 INFO  LocalPropertiesFixService - Created fake /tmp/rdisk/1764/src/Nox-master/nox/local.properties
2018-04-04 14:56:00,800 INFO  ProjectFixService - Build info for "/tmp/rdisk/1764/src/Nox-master/nox/build.gradle": [buildToolsVersion=22.0.1,compileSdkVersion=22,minSdkVersion=9,targetSdkVersion=22]
2018-04-04 14:56:00,801 INFO  LocalPropertiesFixService - Created fake /tmp/rdisk/1764/src/Nox-master/sample/local.properties
2018-04-04 14:56:00,801 INFO  ProjectFixService - Build info for "/tmp/rdisk/1764/src/Nox-master/sample/build.gradle": [buildToolsVersion=21.1.2,compileSdkVersion=21,minSdkVersion=9,targetSdkVersion=21]
2018-04-04 14:56:00,801 INFO  LocalPropertiesFixService - Created fake /tmp/rdisk/1764/src/Nox-master/local.properties
2018-04-04 14:56:00,802 INFO  WrapperPropertiesFixService - Gradle wrapper: https://services.gradle.org/distributions/gradle-2.2.1-all.zip
2018-04-04 14:56:00,802 INFO  WrapperPropertiesFixService - Gradle wrapper was changed from "-all.zip" to "-bin.zip" (https://services.gradle.org/distributions/gradle-2.2.1-bin.zip)
2018-04-04 14:56:00,803 INFO  ProjectFixService - Build info for "/tmp/rdisk/1764/src/Nox-master/build.gradle": [buildToolsVersion=21.1.2,compileSdkVersion=21,minSdkVersion=9,targetSdkVersion=21]
2018-04-04 14:56:00,803 INFO  ProjectFixService - Project was maybe fixed
2018-04-04 14:56:00,803 INFO  ProjectTaskService - Detecting possible tasks...
2018-04-04 14:56:00,803 INFO  SysUtils - Execute command: [/tmp/rdisk/1764/src/Nox-master/gradlew, -b, /tmp/rdisk/1764/src/Nox-master/nox/build.gradle, -Dorg.gradle.daemon=false, -Dorg.gradle.daemon.performance.enable-monitoring=false, -Dorg.gradle.configureondemand=true, tasks]
2018-04-04 14:56:11,312 INFO  ProjectTaskService - Detected possible tasks: 72
2018-04-04 14:56:11,312 INFO  ProjectTaskService - Excluded tasks (18): lintDebug mockableAndroidJar androidJavadocs deviceCheck lint androidSourcesJar uninstallDebugAndroidTest installDebugAndroidTest connectedCheck uninstallAll androidJavadocsJar testRelease checkstyle test check connectedAndroidTest lintRelease testDebug
2018-04-04 14:56:11,313 INFO  SysUtils - Execute command: [/tmp/rdisk/1764/src/Nox-master/gradlew, -b, /tmp/rdisk/1764/src/Nox-master/nox/build.gradle, -Dorg.gradle.daemon=false, -Dorg.gradle.daemon.performance.enable-monitoring=false, -Dorg.gradle.configureondemand=true, --stacktrace, -x, lintDebug, -x, mockableAndroidJar, -x, androidJavadocs, -x, deviceCheck, -x, lint, -x, androidSourcesJar, -x, uninstallDebugAndroidTest, -x, installDebugAndroidTest, -x, connectedCheck, -x, uninstallAll, -x, androidJavadocsJar, -x, testRelease, -x, checkstyle, -x, test, -x, check, -x, connectedAndroidTest, -x, lintRelease, -x, testDebug, build]
2018-04-04 14:56:23,004 INFO  SysUtils - Configuration on demand is an incubating feature.
WARNING: Dependency commons-logging:commons-logging:1.1.1 is ignored for debugUnitTest as it may be conflicting with the internal version provided by Android.
         In case of problem, please repackage it with jarjar to change the class packages
WARNING: Dependency org.apache.httpcomponents:httpclient:4.0.3 is ignored for debugUnitTest as it may be conflicting with the internal version provided by Android.
         In case of problem, please repackage it with jarjar to change the class packages
WARNING: Dependency commons-logging:commons-logging:1.1.1 is ignored for releaseUnitTest as it may be conflicting with the internal version provided by Android.
         In case of problem, please repackage it with jarjar to change the class packages
WARNING: Dependency org.apache.httpcomponents:httpclient:4.0.3 is ignored for releaseUnitTest as it may be conflicting with the internal version provided by Android.
         In case of problem, please repackage it with jarjar to change the class packages
:nox:compileLint
:nox:copyDebugLint UP-TO-DATE
:nox:preBuild UP-TO-DATE
:nox:preDebugBuild UP-TO-DATE
:nox:checkDebugManifest
:nox:preDebugAndroidTestBuild UP-TO-DATE
:nox:preReleaseBuild UP-TO-DATE
:nox:prepareComAndroidSupportAppcompatV72211Library
:nox:prepareComAndroidSupportSupportV42211Library
:nox:prepareDebugDependencies
:nox:compileDebugAidl
:nox:compileDebugRenderscript
:nox:generateDebugBuildConfig
:nox:generateDebugAssets UP-TO-DATE
:nox:mergeDebugAssets
:nox:generateDebugResValues
:nox:generateDebugResources
:nox:mergeDebugResources
:nox:processDebugManifest
:nox:processDebugResources
:nox:generateDebugSources
:nox:compileDebugJavaNote: Some input files use or override a deprecated API.
Note: Recompile with -Xlint:deprecation for details.
Note: /tmp/rdisk/1764/src/Nox-master/nox/src/main/java/com/github/pedrovgs/nox/NoxItemCatalog.java uses unchecked or unsafe operations.
Note: Recompile with -Xlint:unchecked for details.

:nox:extractDebugAnnotations
:nox:mergeDebugProguardFiles
:nox:processDebugJavaRes UP-TO-DATE
:nox:packageDebugJar
:nox:compileDebugNdk UP-TO-DATE
:nox:packageDebugJniLibs UP-TO-DATE
:nox:packageDebugLocalJar UP-TO-DATE
:nox:packageDebugRenderscript UP-TO-DATE
:nox:packageDebugResources
:nox:bundleDebug
:nox:assembleDebug
:nox:copyReleaseLint UP-TO-DATE
:nox:checkReleaseManifest
:nox:prepareReleaseDependencies
:nox:compileReleaseAidl
:nox:compileReleaseRenderscript
:nox:generateReleaseBuildConfig
:nox:generateReleaseAssets UP-TO-DATE
:nox:mergeReleaseAssets
:nox:generateReleaseResValues
:nox:generateReleaseResources
:nox:mergeReleaseResources
:nox:processReleaseManifest
:nox:processReleaseResources
:nox:generateReleaseSources
:nox:compileReleaseJavaNote: Some input files use or override a deprecated API.
Note: Recompile with -Xlint:deprecation for details.
Note: /tmp/rdisk/1764/src/Nox-master/nox/src/main/java/com/github/pedrovgs/nox/NoxItemCatalog.java uses unchecked or unsafe operations.
Note: Recompile with -Xlint:unchecked for details.

:nox:extractReleaseAnnotations
:nox:mergeReleaseProguardFiles
:nox:processReleaseJavaRes UP-TO-DATE
:nox:packageReleaseJar
:nox:compileReleaseNdk UP-TO-DATE
:nox:packageReleaseJniLibs UP-TO-DATE
:nox:packageReleaseLocalJar UP-TO-DATE
:nox:packageReleaseRenderscript UP-TO-DATE
:nox:packageReleaseResources
:nox:bundleRelease
:nox:assembleRelease
:nox:signArchives SKIPPED
:nox:assemble
:nox:build

BUILD SUCCESSFUL

Total time: 11.283 secs

2018-04-04 14:56:23,038 INFO  ProjectTaskService - Detecting possible tasks...
2018-04-04 14:56:23,038 INFO  SysUtils - Execute command: [/tmp/rdisk/1764/src/Nox-master/gradlew, -b, /tmp/rdisk/1764/src/Nox-master/sample/build.gradle, -Dorg.gradle.daemon=false, -Dorg.gradle.daemon.performance.enable-monitoring=false, -Dorg.gradle.configureondemand=true, tasks]
2018-04-04 14:56:28,573 ERROR ProjectTaskService - Could not detect possible Gradle tasks: Process exited with an error: 1 (Exit value: 1)
2018-04-04 14:56:28,574 INFO  ProjectTaskService - Detected possible tasks: 4
2018-04-04 14:56:28,574 INFO  ProjectTaskService - Excluded tasks (3): androidJavadocsJar androidJavadocs androidSourcesJar
2018-04-04 14:56:28,574 INFO  SysUtils - Execute command: [/tmp/rdisk/1764/src/Nox-master/gradlew, -b, /tmp/rdisk/1764/src/Nox-master/sample/build.gradle, -Dorg.gradle.daemon=false, -Dorg.gradle.daemon.performance.enable-monitoring=false, -Dorg.gradle.configureondemand=true, --stacktrace, -x, androidJavadocsJar, -x, androidJavadocs, -x, androidSourcesJar, build]
2018-04-04 14:56:32,933 ERROR SysUtils - Could not process external command
org.apache.commons.exec.ExecuteException: Process exited with an error: 1 (Exit value: 1)
	at org.apache.commons.exec.DefaultExecutor.executeInternal(DefaultExecutor.java:404)
	at org.apache.commons.exec.DefaultExecutor.execute(DefaultExecutor.java:166)
	at com.github.vbauer.apkmaster.util.SysUtils.execute(SysUtils.java:67)
	at com.github.vbauer.apkmaster.util.SysUtils.executeSimple(SysUtils.java:43)
	at com.github.vbauer.apkmaster.service.assembly.ProjectBuildService.buildProject(ProjectBuildService.java:78)
	at com.github.vbauer.apkmaster.service.assembly.ProjectBuildService.buildProject(ProjectBuildService.java:64)
	at com.github.vbauer.apkmaster.service.assembly.ProjectBuildService.buildProject(ProjectBuildService.java:43)
	at com.github.vbauer.apkmaster.service.FullProcessService.build(FullProcessService.java:84)
	at com.github.vbauer.apkmaster.service.FullProcessService.process(FullProcessService.java:34)
	at com.github.vbauer.apkmaster.app.MainApplication.process(MainApplication.java:38)
	at com.github.vbauer.apkmaster.app.MainApplication.main(MainApplication.java:20)
	at sun.reflect.GeneratedMethodAccessor9.invoke(Unknown Source)
	at sun.reflect.DelegatingMethodAccessorImpl.invoke(DelegatingMethodAccessorImpl.java:43)
	at java.lang.reflect.Method.invoke(Method.java:498)
	at com.android.arsenal.util.ReflectionUtils.invoke(ReflectionUtils.java:42)
	at com.android.arsenal.util.ApkMasterUtils.main(ApkMasterUtils.java:30)
	at com.android.arsenal.service.processor.impl.BuildProcessorServiceImpl.buildProject(BuildProcessorServiceImpl.java:197)
	at com.android.arsenal.service.processor.impl.BuildProcessorServiceImpl.build(BuildProcessorServiceImpl.java:131)
	at com.android.arsenal.service.processor.impl.BuildProcessorServiceImpl.lambda$null$1(BuildProcessorServiceImpl.java:114)
	at java.util.concurrent.FutureTask.run(FutureTask.java:266)
	at java.util.concurrent.Executors$RunnableAdapter.call(Executors.java:511)
	at java.util.concurrent.FutureTask.run(FutureTask.java:266)
	at java.util.concurrent.ThreadPoolExecutor.runWorker(ThreadPoolExecutor.java:1149)
	at java.util.concurrent.ThreadPoolExecutor$Worker.run(ThreadPoolExecutor.java:624)
	at java.lang.Thread.run(Thread.java:748)
2018-04-04 14:56:32,933 INFO  SysUtils - Configuration on demand is an incubating feature.

FAILURE: Build failed with an exception.

* Where:
Build file '/tmp/rdisk/1764/src/Nox-master/sample/build.gradle' line: 36

* What went wrong:
A problem occurred evaluating root project 'sample'.
> Project with path ':nox' could not be found in root project 'sample'.

* Try:
Run with --info or --debug option to get more log output.

* Exception is:
org.gradle.api.GradleScriptException: A problem occurred evaluating root project 'sample'.
	at org.gradle.groovy.scripts.internal.DefaultScriptRunnerFactory$ScriptRunnerImpl.run(DefaultScriptRunnerFactory.java:54)
	at org.gradle.configuration.DefaultScriptPluginFactory$ScriptPluginImpl.apply(DefaultScriptPluginFactory.java:148)
	at org.gradle.configuration.project.BuildScriptProcessor.execute(BuildScriptProcessor.java:39)
	at org.gradle.configuration.project.BuildScriptProcessor.execute(BuildScriptProcessor.java:26)
	at org.gradle.configuration.project.ConfigureActionsProjectEvaluator.evaluate(ConfigureActionsProjectEvaluator.java:34)
	at org.gradle.configuration.project.LifecycleProjectEvaluator.evaluate(LifecycleProjectEvaluator.java:59)
	at org.gradle.api.internal.project.AbstractProject.evaluate(AbstractProject.java:504)
	at org.gradle.api.internal.project.AbstractProject.evaluate(AbstractProject.java:83)
	at org.gradle.execution.TaskPathProjectEvaluator.configure(TaskPathProjectEvaluator.java:35)
	at org.gradle.configuration.DefaultBuildConfigurer.configure(DefaultBuildConfigurer.java:33)
	at org.gradle.initialization.DefaultGradleLauncher.doBuildStages(DefaultGradleLauncher.java:129)
	at org.gradle.initialization.DefaultGradleLauncher.doBuild(DefaultGradleLauncher.java:106)
	at org.gradle.initialization.DefaultGradleLauncher.run(DefaultGradleLauncher.java:86)
	at org.gradle.launcher.exec.InProcessBuildActionExecuter$DefaultBuildController.run(InProcessBuildActionExecuter.java:80)
	at org.gradle.launcher.cli.ExecuteBuildAction.run(ExecuteBuildAction.java:33)
	at org.gradle.launcher.cli.ExecuteBuildAction.run(ExecuteBuildAction.java:24)
	at org.gradle.launcher.exec.InProcessBuildActionExecuter.execute(InProcessBuildActionExecuter.java:36)
	at org.gradle.launcher.exec.InProcessBuildActionExecuter.execute(InProcessBuildActionExecuter.java:26)
	at org.gradle.launcher.cli.RunBuildAction.run(RunBuildAction.java:51)
	at org.gradle.internal.Actions$RunnableActionAdapter.execute(Actions.java:171)
	at org.gradle.launcher.cli.CommandLineActionFactory$ParseAndBuildAction.execute(CommandLineActionFactory.java:237)
	at org.gradle.launcher.cli.CommandLineActionFactory$ParseAndBuildAction.execute(CommandLineActionFactory.java:210)
	at org.gradle.launcher.cli.JavaRuntimeValidationAction.execute(JavaRuntimeValidationAction.java:35)
	at org.gradle.launcher.cli.JavaRuntimeValidationAction.execute(JavaRuntimeValidationAction.java:24)
	at org.gradle.launcher.cli.CommandLineActionFactory$WithLogging.execute(CommandLineActionFactory.java:206)
	at org.gradle.launcher.cli.CommandLineActionFactory$WithLogging.execute(CommandLineActionFactory.java:169)
	at org.gradle.launcher.cli.ExceptionReportingAction.execute(ExceptionReportingAction.java:33)
	at org.gradle.launcher.cli.ExceptionReportingAction.execute(ExceptionReportingAction.java:22)
	at org.gradle.launcher.Main.doAction(Main.java:33)
	at org.gradle.launcher.bootstrap.EntryPoint.run(EntryPoint.java:45)
	at org.gradle.launcher.bootstrap.ProcessBootstrap.runNoExit(ProcessBootstrap.java:54)
	at org.gradle.launcher.bootstrap.ProcessBootstrap.run(ProcessBootstrap.java:35)
	at org.gradle.launcher.GradleMain.main(GradleMain.java:23)
	at org.gradle.wrapper.BootstrapMainStarter.start(BootstrapMainStarter.java:33)
	at org.gradle.wrapper.WrapperExecutor.execute(WrapperExecutor.java:130)
	at org.gradle.wrapper.GradleWrapperMain.main(GradleWrapperMain.java:48)
Caused by: org.gradle.api.UnknownProjectException: Project with path ':nox' could not be found in root project 'sample'.
	at org.gradle.api.internal.project.AbstractProject.project(AbstractProject.java:450)
	at org.gradle.api.internal.BeanDynamicObject$MetaClassAdapter.invokeMethod(BeanDynamicObject.java:225)
	at org.gradle.api.internal.BeanDynamicObject.invokeMethod(BeanDynamicObject.java:129)
	at org.gradle.api.internal.CompositeDynamicObject.invokeMethod(CompositeDynamicObject.java:147)
	at org.gradle.groovy.scripts.BasicScript.methodMissing(BasicScript.java:79)
	at build_8aya62uhq5ngps8m0fgnla4k1$_run_closure3.doCall(/tmp/rdisk/1764/src/Nox-master/sample/build.gradle:36)
	at org.gradle.api.internal.ClosureBackedAction.execute(ClosureBackedAction.java:63)
	at org.gradle.util.ConfigureUtil.configure(ConfigureUtil.java:130)
	at org.gradle.util.ConfigureUtil.configure(ConfigureUtil.java:91)
	at org.gradle.api.internal.project.AbstractProject.dependencies(AbstractProject.java:843)
	at org.gradle.api.internal.BeanDynamicObject$MetaClassAdapter.invokeMethod(BeanDynamicObject.java:225)
	at org.gradle.api.internal.BeanDynamicObject.invokeMethod(BeanDynamicObject.java:129)
	at org.gradle.api.internal.CompositeDynamicObject.invokeMethod(CompositeDynamicObject.java:147)
	at org.gradle.groovy.scripts.BasicScript.methodMissing(BasicScript.java:79)
	at build_8aya62uhq5ngps8m0fgnla4k1.run(/tmp/rdisk/1764/src/Nox-master/sample/build.gradle:34)
	at org.gradle.groovy.scripts.internal.DefaultScriptRunnerFactory$ScriptRunnerImpl.run(DefaultScriptRunnerFactory.java:52)
	... 35 more


BUILD FAILED

Total time: 3.85 secs

2018-04-04 14:56:32,968 INFO  ProjectTaskService - Detecting possible tasks...
2018-04-04 14:56:32,968 INFO  SysUtils - Execute command: [/tmp/rdisk/1764/src/Nox-master/gradlew, -b, /tmp/rdisk/1764/src/Nox-master/build.gradle, -Dorg.gradle.daemon=false, -Dorg.gradle.daemon.performance.enable-monitoring=false, -Dorg.gradle.configureondemand=true, tasks]
2018-04-04 14:56:40,194 INFO  ProjectTaskService - Detected possible tasks: 72
2018-04-04 14:56:40,194 INFO  ProjectTaskService - Excluded tasks (18): lintDebug mockableAndroidJar androidJavadocs deviceCheck lint androidSourcesJar uninstallDebugAndroidTest installDebugAndroidTest connectedCheck uninstallAll androidJavadocsJar testRelease checkstyle test check connectedAndroidTest lintRelease testDebug
2018-04-04 14:56:40,194 INFO  SysUtils - Execute command: [/tmp/rdisk/1764/src/Nox-master/gradlew, -b, /tmp/rdisk/1764/src/Nox-master/build.gradle, -Dorg.gradle.daemon=false, -Dorg.gradle.daemon.performance.enable-monitoring=false, -Dorg.gradle.configureondemand=true, --stacktrace, -x, lintDebug, -x, mockableAndroidJar, -x, androidJavadocs, -x, deviceCheck, -x, lint, -x, androidSourcesJar, -x, uninstallDebugAndroidTest, -x, installDebugAndroidTest, -x, connectedCheck, -x, uninstallAll, -x, androidJavadocsJar, -x, testRelease, -x, checkstyle, -x, test, -x, check, -x, connectedAndroidTest, -x, lintRelease, -x, testDebug, build]
2018-04-04 14:56:47,773 INFO  SysUtils - Configuration on demand is an incubating feature.
WARNING: Dependency commons-logging:commons-logging:1.1.1 is ignored for debugUnitTest as it may be conflicting with the internal version provided by Android.
         In case of problem, please repackage it with jarjar to change the class packages
WARNING: Dependency org.apache.httpcomponents:httpclient:4.0.3 is ignored for debugUnitTest as it may be conflicting with the internal version provided by Android.
         In case of problem, please repackage it with jarjar to change the class packages
WARNING: Dependency commons-logging:commons-logging:1.1.1 is ignored for releaseUnitTest as it may be conflicting with the internal version provided by Android.
         In case of problem, please repackage it with jarjar to change the class packages
WARNING: Dependency org.apache.httpcomponents:httpclient:4.0.3 is ignored for releaseUnitTest as it may be conflicting with the internal version provided by Android.
         In case of problem, please repackage it with jarjar to change the class packages
:nox:compileLint
:nox:copyDebugLint UP-TO-DATE
:nox:preBuild UP-TO-DATE
:nox:preDebugBuild UP-TO-DATE
:nox:checkDebugManifest
:nox:preDebugAndroidTestBuild UP-TO-DATE
:nox:preReleaseBuild UP-TO-DATE
:nox:prepareComAndroidSupportAppcompatV72211Library UP-TO-DATE
:nox:prepareComAndroidSupportSupportV42211Library UP-TO-DATE
:nox:prepareDebugDependencies
:nox:compileDebugAidl UP-TO-DATE
:nox:compileDebugRenderscript UP-TO-DATE
:nox:generateDebugBuildConfig UP-TO-DATE
:nox:generateDebugAssets UP-TO-DATE
:nox:mergeDebugAssets UP-TO-DATE
:nox:generateDebugResValues UP-TO-DATE
:nox:generateDebugResources UP-TO-DATE
:nox:mergeDebugResources UP-TO-DATE
:nox:processDebugManifest UP-TO-DATE
:nox:processDebugResources UP-TO-DATE
:nox:generateDebugSources UP-TO-DATE
:nox:compileDebugJava UP-TO-DATE
:nox:extractDebugAnnotations UP-TO-DATE
:nox:mergeDebugProguardFiles UP-TO-DATE
:nox:processDebugJavaRes UP-TO-DATE
:nox:packageDebugJar UP-TO-DATE
:nox:compileDebugNdk UP-TO-DATE
:nox:packageDebugJniLibs UP-TO-DATE
:nox:packageDebugLocalJar UP-TO-DATE
:nox:packageDebugRenderscript UP-TO-DATE
:nox:packageDebugResources UP-TO-DATE
:nox:bundleDebug UP-TO-DATE
:nox:assembleDebug UP-TO-DATE
:nox:copyReleaseLint UP-TO-DATE
:nox:checkReleaseManifest
:nox:prepareReleaseDependencies
:nox:compileReleaseAidl UP-TO-DATE
:nox:compileReleaseRenderscript UP-TO-DATE
:nox:generateReleaseBuildConfig UP-TO-DATE
:nox:generateReleaseAssets UP-TO-DATE
:nox:mergeReleaseAssets UP-TO-DATE
:nox:generateReleaseResValues UP-TO-DATE
:nox:generateReleaseResources UP-TO-DATE
:nox:mergeReleaseResources UP-TO-DATE
:nox:processReleaseManifest UP-TO-DATE
:nox:processReleaseResources UP-TO-DATE
:nox:generateReleaseSources UP-TO-DATE
:nox:compileReleaseJava UP-TO-DATE
:nox:extractReleaseAnnotations UP-TO-DATE
:nox:mergeReleaseProguardFiles UP-TO-DATE
:nox:processReleaseJavaRes UP-TO-DATE
:nox:packageReleaseJar UP-TO-DATE
:nox:compileReleaseNdk UP-TO-DATE
:nox:packageReleaseJniLibs UP-TO-DATE
:nox:packageReleaseLocalJar UP-TO-DATE
:nox:packageReleaseRenderscript UP-TO-DATE
:nox:packageReleaseResources UP-TO-DATE
:nox:bundleRelease UP-TO-DATE
:nox:assembleRelease UP-TO-DATE
:nox:signArchives SKIPPED
:nox:assemble
:nox:build

BUILD SUCCESSFUL

Total time: 7.132 secs

2018-04-04 14:56:47,807 ERROR FullProcessService - Project build has not produced APK file
2018-04-04 14:56:47,840 ERROR FullProcessService - Could not find generated or existed APK file
