2018-04-04 09:53:00,671 INFO  DownloadService - Downloading "https://github.com/Raizlabs/UniversalAdapter/archive/master.zip", attempt 3
2018-04-04 09:54:01,274 INFO  GithubDownloadService - Could not find ZIP archive for master branch
2018-04-04 09:54:02,437 INFO  GithubDownloadService - Default branch of this repository: master
2018-04-04 09:54:02,437 INFO  DownloadService - Downloading "https://github.com/Raizlabs/UniversalAdapter/archive/master.zip", attempt 3
2018-04-04 09:55:03,810 DEBUG FullProcessService - Repository https://github.com/Raizlabs/UniversalAdapter available: true
2018-04-04 09:55:03,810 INFO  FullProcessService - Could not download ZIP file from Github, lets clone it
2018-04-04 09:55:03,810 INFO  SysUtils - Execute command: [git, clone, -q, --single-branch, --depth, 1, https://github.com/Raizlabs/UniversalAdapter, /tmp/rdisk/1813/src]
2018-04-04 09:55:08,420 INFO  SysUtils - 
2018-04-04 09:55:08,425 INFO  GitService - Deleted "/tmp/rdisk/1813/src/.git": true
2018-04-04 09:55:08,428 INFO  FullProcessService - Size of directory with sources: 242 KB
2018-04-04 09:55:08,428 INFO  SysUtils - Execute command: [git, init, /tmp/rdisk/1813/src]
2018-04-04 09:55:08,432 INFO  SysUtils - Initialized empty Git repository in /tmp/rdisk/1813/src/.git/

2018-04-04 09:55:08,436 INFO  ProjectBuildService - Gradle wrapper(s): /tmp/rdisk/1813/src/gradlew
2018-04-04 09:55:08,438 INFO  ProjectBuildService - Build script(s): /tmp/rdisk/1813/src/UniversalAdapter/build.gradle /tmp/rdisk/1813/src/sample/build.gradle /tmp/rdisk/1813/src/build.gradle
2018-04-04 09:55:08,441 INFO  ProjectBuildService - All script(s): /tmp/rdisk/1813/src/settings.gradle /tmp/rdisk/1813/src/sample/build.gradle /tmp/rdisk/1813/src/build.gradle /tmp/rdisk/1813/src/UniversalAdapter/build.gradle
2018-04-04 09:55:08,441 INFO  DownloadService - Downloading "https://raw.githubusercontent.com/Raizlabs/maven-releases/master/raizlabs_bintray_upload.gradle", attempt 3
2018-04-04 09:55:08,648 INFO  DownloadService - Downloaded https://raw.githubusercontent.com/Raizlabs/maven-releases/master/raizlabs_bintray_upload.gradle, attempt 3
2018-04-04 09:55:08,648 INFO  ProjectBuildService - Remote scripts: https://raw.githubusercontent.com/Raizlabs/maven-releases/master/raizlabs_bintray_upload.gradle
2018-04-04 09:55:08,648 INFO  ProjectFixService - Fixing project...
2018-04-04 09:55:08,656 INFO  LocalPropertiesFixService - Created fake /tmp/rdisk/1813/src/UniversalAdapter/local.properties
2018-04-04 09:55:08,656 INFO  ProjectFixService - Build info for "/tmp/rdisk/1813/src/UniversalAdapter/build.gradle": [buildToolsVersion=22.0.1,compileSdkVersion=22,minSdkVersion=15,targetSdkVersion=22]
2018-04-04 09:55:08,656 INFO  LocalPropertiesFixService - Created fake /tmp/rdisk/1813/src/sample/local.properties
2018-04-04 09:55:08,656 INFO  ProjectFixService - Build info for "/tmp/rdisk/1813/src/sample/build.gradle": [buildToolsVersion=22.0.1,compileSdkVersion=22,minSdkVersion=15,targetSdkVersion=22]
2018-04-04 09:55:08,656 INFO  LocalPropertiesFixService - Created fake /tmp/rdisk/1813/src/local.properties
2018-04-04 09:55:08,657 INFO  WrapperPropertiesFixService - Gradle wrapper: https://services.gradle.org/distributions/gradle-2.3-all.zip
2018-04-04 09:55:08,657 INFO  WrapperPropertiesFixService - Gradle wrapper was changed from "-all.zip" to "-bin.zip" (https://services.gradle.org/distributions/gradle-2.3-bin.zip)
2018-04-04 09:55:08,658 INFO  ProjectFixService - Build info for "/tmp/rdisk/1813/src/build.gradle": [buildToolsVersion=22.0.1,compileSdkVersion=22,minSdkVersion=15,targetSdkVersion=22]
2018-04-04 09:55:08,658 INFO  ProjectFixService - Project was maybe fixed
2018-04-04 09:55:08,658 INFO  ProjectTaskService - Detecting possible tasks...
2018-04-04 09:55:08,658 INFO  SysUtils - Execute command: [/tmp/rdisk/1813/src/gradlew, -b, /tmp/rdisk/1813/src/UniversalAdapter/build.gradle, -Dorg.gradle.daemon=false, -Dorg.gradle.daemon.performance.enable-monitoring=false, -Dorg.gradle.configureondemand=true, tasks]
2018-04-04 09:55:25,625 ERROR ProjectTaskService - Could not detect possible Gradle tasks: Process exited with an error: 1 (Exit value: 1)
2018-04-04 09:55:25,625 INFO  ProjectTaskService - Detected possible tasks: 3
2018-04-04 09:55:25,625 INFO  ProjectTaskService - Excluded tasks (3): androidJavadocsJar androidJavadocs androidSourcesJar
2018-04-04 09:55:25,625 INFO  SysUtils - Execute command: [/tmp/rdisk/1813/src/gradlew, -b, /tmp/rdisk/1813/src/UniversalAdapter/build.gradle, -Dorg.gradle.daemon=false, -Dorg.gradle.daemon.performance.enable-monitoring=false, -Dorg.gradle.configureondemand=true, --stacktrace, -x, androidJavadocsJar, -x, androidJavadocs, -x, androidSourcesJar, build]
2018-04-04 09:55:46,758 INFO  SysUtils - Configuration on demand is an incubating feature.
:UniversalAdapter:compileLint
:UniversalAdapter:copyDebugLint UP-TO-DATE
:UniversalAdapter:preBuild UP-TO-DATE
:UniversalAdapter:preDebugBuild UP-TO-DATE
:UniversalAdapter:checkDebugManifest
:UniversalAdapter:preDebugAndroidTestBuild UP-TO-DATE
:UniversalAdapter:preDebugUnitTestBuild UP-TO-DATE
:UniversalAdapter:preReleaseBuild UP-TO-DATE
:UniversalAdapter:preReleaseUnitTestBuild UP-TO-DATE
:UniversalAdapter:prepareComAndroidSupportAppcompatV72220Library
:UniversalAdapter:prepareComAndroidSupportRecyclerviewV72220Library
:UniversalAdapter:prepareComAndroidSupportSupportV42220Library
:UniversalAdapter:prepareComRaizlabsCoreUtils110Library
:UniversalAdapter:prepareDebugDependencies
:UniversalAdapter:compileDebugAidl
:UniversalAdapter:compileDebugRenderscript
:UniversalAdapter:generateDebugBuildConfig
:UniversalAdapter:generateDebugAssets UP-TO-DATE
:UniversalAdapter:mergeDebugAssets
:UniversalAdapter:generateDebugResValues
:UniversalAdapter:generateDebugResources
:UniversalAdapter:mergeDebugResources
:UniversalAdapter:processDebugManifest
:UniversalAdapter:processDebugResources
:UniversalAdapter:generateDebugSources
:UniversalAdapter:processDebugJavaRes UP-TO-DATE
:UniversalAdapter:compileDebugJavaNote: Some input files use unchecked or unsafe operations.
Note: Recompile with -Xlint:unchecked for details.

:UniversalAdapter:extractDebugAnnotations
:UniversalAdapter:mergeDebugProguardFiles
:UniversalAdapter:packageDebugJar
:UniversalAdapter:compileDebugNdk UP-TO-DATE
:UniversalAdapter:packageDebugJniLibs UP-TO-DATE
:UniversalAdapter:packageDebugLocalJar UP-TO-DATE
:UniversalAdapter:packageDebugRenderscript UP-TO-DATE
:UniversalAdapter:packageDebugResources
:UniversalAdapter:bundleDebug
:UniversalAdapter:compileDebugSources
:UniversalAdapter:assembleDebug
:UniversalAdapter:copyReleaseLint UP-TO-DATE
:UniversalAdapter:checkReleaseManifest
:UniversalAdapter:prepareReleaseDependencies
:UniversalAdapter:compileReleaseAidl
:UniversalAdapter:compileReleaseRenderscript
:UniversalAdapter:generateReleaseBuildConfig
:UniversalAdapter:generateReleaseAssets UP-TO-DATE
:UniversalAdapter:mergeReleaseAssets
:UniversalAdapter:generateReleaseResValues
:UniversalAdapter:generateReleaseResources
:UniversalAdapter:mergeReleaseResources
:UniversalAdapter:processReleaseManifest
:UniversalAdapter:processReleaseResources
:UniversalAdapter:generateReleaseSources
:UniversalAdapter:processReleaseJavaRes UP-TO-DATE
:UniversalAdapter:compileReleaseJavaNote: Some input files use unchecked or unsafe operations.
Note: Recompile with -Xlint:unchecked for details.

:UniversalAdapter:extractReleaseAnnotations
:UniversalAdapter:mergeReleaseProguardFiles
:UniversalAdapter:packageReleaseJar
:UniversalAdapter:compileReleaseNdk UP-TO-DATE
:UniversalAdapter:packageReleaseJniLibs UP-TO-DATE
:UniversalAdapter:packageReleaseLocalJar UP-TO-DATE
:UniversalAdapter:packageReleaseRenderscript UP-TO-DATE
:UniversalAdapter:packageReleaseResources
:UniversalAdapter:bundleRelease
:UniversalAdapter:compileReleaseSources
:UniversalAdapter:assembleRelease
:UniversalAdapter:assemble
:UniversalAdapter:lint
Ran lint on variant debug: 4 issues found
Ran lint on variant release: 4 issues found
Wrote HTML report to file:/tmp/rdisk/1813/src/UniversalAdapter/build/outputs/lint-results.html
Wrote XML report to /tmp/rdisk/1813/src/UniversalAdapter/build/outputs/lint-results.xml
:UniversalAdapter:preCompileDebugUnitTestJava
:UniversalAdapter:prepareDebugUnitTestDependencies
:UniversalAdapter:processDebugUnitTestJavaRes UP-TO-DATE
:UniversalAdapter:compileDebugUnitTestJava UP-TO-DATE
:UniversalAdapter:compileDebugUnitTestSources UP-TO-DATE
:UniversalAdapter:mockableAndroidJar
:UniversalAdapter:assembleDebugUnitTest
:UniversalAdapter:testDebug
:UniversalAdapter:preCompileReleaseUnitTestJava
:UniversalAdapter:prepareReleaseUnitTestDependencies
:UniversalAdapter:processReleaseUnitTestJavaRes UP-TO-DATE
:UniversalAdapter:compileReleaseUnitTestJava UP-TO-DATE
:UniversalAdapter:compileReleaseUnitTestSources UP-TO-DATE
:UniversalAdapter:assembleReleaseUnitTest
:UniversalAdapter:testRelease
:UniversalAdapter:test
:UniversalAdapter:check
:UniversalAdapter:build

BUILD SUCCESSFUL

Total time: 20.719 secs

2018-04-04 09:55:46,803 INFO  ProjectTaskService - Detecting possible tasks...
2018-04-04 09:55:46,803 INFO  SysUtils - Execute command: [/tmp/rdisk/1813/src/gradlew, -b, /tmp/rdisk/1813/src/sample/build.gradle, -Dorg.gradle.daemon=false, -Dorg.gradle.daemon.performance.enable-monitoring=false, -Dorg.gradle.configureondemand=true, tasks]
2018-04-04 09:55:54,368 INFO  ProjectTaskService - Detected possible tasks: 67
2018-04-04 09:55:54,368 INFO  ProjectTaskService - Excluded tasks (22): lintDebug mockableAndroidJar androidJavadocs deviceCheck lint androidSourcesJar uninstallRelease deviceAndroidTest uninstallDebugAndroidTest installDebugAndroidTest connectedCheck uninstallAll androidJavadocsJar testRelease test check connectedAndroidTest installDebug lintRelease testDebug connectedAndroidTestDebug uninstallDebug
2018-04-04 09:55:54,368 INFO  SysUtils - Execute command: [/tmp/rdisk/1813/src/gradlew, -b, /tmp/rdisk/1813/src/sample/build.gradle, -Dorg.gradle.daemon=false, -Dorg.gradle.daemon.performance.enable-monitoring=false, -Dorg.gradle.configureondemand=true, --stacktrace, -x, lintDebug, -x, mockableAndroidJar, -x, androidJavadocs, -x, deviceCheck, -x, lint, -x, androidSourcesJar, -x, uninstallRelease, -x, deviceAndroidTest, -x, uninstallDebugAndroidTest, -x, installDebugAndroidTest, -x, connectedCheck, -x, uninstallAll, -x, androidJavadocsJar, -x, testRelease, -x, test, -x, check, -x, connectedAndroidTest, -x, installDebug, -x, lintRelease, -x, testDebug, -x, connectedAndroidTestDebug, -x, uninstallDebug, build]
2018-04-04 09:56:01,699 ERROR SysUtils - Could not process external command
org.apache.commons.exec.ExecuteException: Process exited with an error: 1 (Exit value: 1)
	at org.apache.commons.exec.DefaultExecutor.executeInternal(DefaultExecutor.java:404)
	at org.apache.commons.exec.DefaultExecutor.execute(DefaultExecutor.java:166)
	at com.github.vbauer.apkmaster.util.SysUtils.execute(SysUtils.java:67)
	at com.github.vbauer.apkmaster.util.SysUtils.executeSimple(SysUtils.java:43)
	at com.github.vbauer.apkmaster.service.assembly.ProjectBuildService.buildProject(ProjectBuildService.java:78)
	at com.github.vbauer.apkmaster.service.assembly.ProjectBuildService.buildProject(ProjectBuildService.java:64)
	at com.github.vbauer.apkmaster.service.assembly.ProjectBuildService.buildProject(ProjectBuildService.java:43)
	at com.github.vbauer.apkmaster.service.FullProcessService.build(FullProcessService.java:84)
	at com.github.vbauer.apkmaster.service.FullProcessService.process(FullProcessService.java:34)
	at com.github.vbauer.apkmaster.app.MainApplication.process(MainApplication.java:38)
	at com.github.vbauer.apkmaster.app.MainApplication.main(MainApplication.java:20)
	at sun.reflect.GeneratedMethodAccessor8.invoke(Unknown Source)
	at sun.reflect.DelegatingMethodAccessorImpl.invoke(DelegatingMethodAccessorImpl.java:43)
	at java.lang.reflect.Method.invoke(Method.java:498)
	at com.android.arsenal.util.ReflectionUtils.invoke(ReflectionUtils.java:42)
	at com.android.arsenal.util.ApkMasterUtils.main(ApkMasterUtils.java:30)
	at com.android.arsenal.service.processor.impl.BuildProcessorServiceImpl.buildProject(BuildProcessorServiceImpl.java:197)
	at com.android.arsenal.service.processor.impl.BuildProcessorServiceImpl.build(BuildProcessorServiceImpl.java:131)
	at com.android.arsenal.service.processor.impl.BuildProcessorServiceImpl.lambda$null$1(BuildProcessorServiceImpl.java:114)
	at java.util.concurrent.FutureTask.run(FutureTask.java:266)
	at java.util.concurrent.Executors$RunnableAdapter.call(Executors.java:511)
	at java.util.concurrent.FutureTask.run(FutureTask.java:266)
	at java.util.concurrent.ThreadPoolExecutor.runWorker(ThreadPoolExecutor.java:1149)
	at java.util.concurrent.ThreadPoolExecutor$Worker.run(ThreadPoolExecutor.java:624)
	at java.lang.Thread.run(Thread.java:748)
2018-04-04 09:56:01,700 INFO  SysUtils - Configuration on demand is an incubating feature.

FAILURE: Build failed with an exception.

* What went wrong:
Task 'androidJavadocs' not found in project ':sample'.

* Try:
Run gradlew tasks to get a list of available tasks. Run with --info or --debug option to get more log output.

* Exception is:
org.gradle.execution.TaskSelectionException: Task 'androidJavadocs' not found in project ':sample'.
	at org.gradle.execution.TaskSelector.getSelection(TaskSelector.java:101)
	at org.gradle.execution.TaskSelector.getFilter(TaskSelector.java:64)
	at org.gradle.execution.ExcludedTaskFilteringBuildConfigurationAction.configure(ExcludedTaskFilteringBuildConfigurationAction.java:42)
	at org.gradle.execution.DefaultBuildExecuter.configure(DefaultBuildExecuter.java:42)
	at org.gradle.execution.DefaultBuildExecuter.access$100(DefaultBuildExecuter.java:23)
	at org.gradle.execution.DefaultBuildExecuter$1.proceed(DefaultBuildExecuter.java:48)
	at org.gradle.execution.DefaultTasksBuildExecutionAction.configure(DefaultTasksBuildExecutionAction.java:44)
	at org.gradle.execution.DefaultBuildExecuter.configure(DefaultBuildExecuter.java:42)
	at org.gradle.execution.DefaultBuildExecuter.select(DefaultBuildExecuter.java:35)
	at org.gradle.initialization.DefaultGradleLauncher.doBuildStages(DefaultGradleLauncher.java:142)
	at org.gradle.initialization.DefaultGradleLauncher.doBuild(DefaultGradleLauncher.java:106)
	at org.gradle.initialization.DefaultGradleLauncher.run(DefaultGradleLauncher.java:86)
	at org.gradle.launcher.exec.InProcessBuildActionExecuter$DefaultBuildController.run(InProcessBuildActionExecuter.java:80)
	at org.gradle.launcher.cli.ExecuteBuildAction.run(ExecuteBuildAction.java:33)
	at org.gradle.launcher.cli.ExecuteBuildAction.run(ExecuteBuildAction.java:24)
	at org.gradle.launcher.exec.InProcessBuildActionExecuter.execute(InProcessBuildActionExecuter.java:36)
	at org.gradle.launcher.exec.InProcessBuildActionExecuter.execute(InProcessBuildActionExecuter.java:26)
	at org.gradle.launcher.cli.RunBuildAction.run(RunBuildAction.java:51)
	at org.gradle.internal.Actions$RunnableActionAdapter.execute(Actions.java:169)
	at org.gradle.launcher.cli.CommandLineActionFactory$ParseAndBuildAction.execute(CommandLineActionFactory.java:237)
	at org.gradle.launcher.cli.CommandLineActionFactory$ParseAndBuildAction.execute(CommandLineActionFactory.java:210)
	at org.gradle.launcher.cli.JavaRuntimeValidationAction.execute(JavaRuntimeValidationAction.java:35)
	at org.gradle.launcher.cli.JavaRuntimeValidationAction.execute(JavaRuntimeValidationAction.java:24)
	at org.gradle.launcher.cli.CommandLineActionFactory$WithLogging.execute(CommandLineActionFactory.java:206)
	at org.gradle.launcher.cli.CommandLineActionFactory$WithLogging.execute(CommandLineActionFactory.java:169)
	at org.gradle.launcher.cli.ExceptionReportingAction.execute(ExceptionReportingAction.java:33)
	at org.gradle.launcher.cli.ExceptionReportingAction.execute(ExceptionReportingAction.java:22)
	at org.gradle.launcher.Main.doAction(Main.java:33)
	at org.gradle.launcher.bootstrap.EntryPoint.run(EntryPoint.java:45)
	at org.gradle.launcher.bootstrap.ProcessBootstrap.runNoExit(ProcessBootstrap.java:54)
	at org.gradle.launcher.bootstrap.ProcessBootstrap.run(ProcessBootstrap.java:35)
	at org.gradle.launcher.GradleMain.main(GradleMain.java:23)
	at org.gradle.wrapper.BootstrapMainStarter.start(BootstrapMainStarter.java:33)
	at org.gradle.wrapper.WrapperExecutor.execute(WrapperExecutor.java:130)
	at org.gradle.wrapper.GradleWrapperMain.main(GradleWrapperMain.java:48)


BUILD FAILED

Total time: 6.882 secs

2018-04-04 09:56:01,700 ERROR ProjectBuildService - Excluded tasks were detected wrong
2018-04-04 09:56:01,700 INFO  SysUtils - Execute command: [/tmp/rdisk/1813/src/gradlew, -b, /tmp/rdisk/1813/src/sample/build.gradle, -Dorg.gradle.daemon=false, -Dorg.gradle.daemon.performance.enable-monitoring=false, -Dorg.gradle.configureondemand=true, --stacktrace, build]
2018-04-04 09:56:36,448 INFO  SysUtils - Configuration on demand is an incubating feature.
:UniversalAdapter:compileLint
:UniversalAdapter:copyReleaseLint UP-TO-DATE
:UniversalAdapter:preBuild UP-TO-DATE
:UniversalAdapter:preReleaseBuild UP-TO-DATE
:UniversalAdapter:checkReleaseManifest
:UniversalAdapter:preDebugAndroidTestBuild UP-TO-DATE
:UniversalAdapter:preDebugBuild UP-TO-DATE
:UniversalAdapter:preDebugUnitTestBuild UP-TO-DATE
:UniversalAdapter:preReleaseUnitTestBuild UP-TO-DATE
:UniversalAdapter:prepareComAndroidSupportAppcompatV72220Library UP-TO-DATE
:UniversalAdapter:prepareComAndroidSupportRecyclerviewV72220Library UP-TO-DATE
:UniversalAdapter:prepareComAndroidSupportSupportV42220Library UP-TO-DATE
:UniversalAdapter:prepareComRaizlabsCoreUtils110Library UP-TO-DATE
:UniversalAdapter:prepareReleaseDependencies
:UniversalAdapter:compileReleaseAidl UP-TO-DATE
:UniversalAdapter:compileReleaseRenderscript UP-TO-DATE
:UniversalAdapter:generateReleaseBuildConfig UP-TO-DATE
:UniversalAdapter:generateReleaseAssets UP-TO-DATE
:UniversalAdapter:mergeReleaseAssets UP-TO-DATE
:UniversalAdapter:generateReleaseResValues UP-TO-DATE
:UniversalAdapter:generateReleaseResources UP-TO-DATE
:UniversalAdapter:mergeReleaseResources UP-TO-DATE
:UniversalAdapter:processReleaseManifest UP-TO-DATE
:UniversalAdapter:processReleaseResources UP-TO-DATE
:UniversalAdapter:generateReleaseSources UP-TO-DATE
:UniversalAdapter:processReleaseJavaRes UP-TO-DATE
:UniversalAdapter:compileReleaseJava UP-TO-DATE
:UniversalAdapter:extractReleaseAnnotations UP-TO-DATE
:UniversalAdapter:mergeReleaseProguardFiles UP-TO-DATE
:UniversalAdapter:packageReleaseJar UP-TO-DATE
:UniversalAdapter:compileReleaseNdk UP-TO-DATE
:UniversalAdapter:packageReleaseJniLibs UP-TO-DATE
:UniversalAdapter:packageReleaseLocalJar UP-TO-DATE
:UniversalAdapter:packageReleaseRenderscript UP-TO-DATE
:UniversalAdapter:packageReleaseResources UP-TO-DATE
:UniversalAdapter:bundleRelease UP-TO-DATE
:sample:preBuild UP-TO-DATE
:sample:preDebugBuild UP-TO-DATE
:sample:checkDebugManifest
:sample:preReleaseBuild UP-TO-DATE
:sample:prepareComAndroidSupportAppcompatV72221Library
:sample:prepareComAndroidSupportRecyclerviewV72220Library
:sample:prepareComAndroidSupportSupportV42221Library
:sample:prepareComRaizlabsCoreUtils110Library
:sample:prepareComRaizlabsUniversalAdapter222Library
:sample:prepareDebugDependencies
:sample:compileDebugAidl
:sample:compileDebugRenderscript
:sample:generateDebugBuildConfig
:sample:generateDebugAssets UP-TO-DATE
:sample:mergeDebugAssets
:sample:generateDebugResValues
:sample:generateDebugResources
:sample:mergeDebugResources
:sample:processDebugManifest
:sample:processDebugResources
:sample:generateDebugSources
:sample:processDebugJavaRes UP-TO-DATE
:sample:compileDebugJavaNote: /tmp/rdisk/1813/src/sample/src/main/java/com/raizlabs/universaladapter/sample/MergedActivity.java uses or overrides a deprecated API.
Note: Recompile with -Xlint:deprecation for details.
Note: Some input files use unchecked or unsafe operations.
Note: Recompile with -Xlint:unchecked for details.

:sample:compileDebugNdk UP-TO-DATE
:sample:compileDebugSources
:sample:preDexDebug
:sample:dexDebug
:sample:validateDebugSigning
:sample:packageDebug
:sample:zipalignDebug
:sample:assembleDebug
:sample:checkReleaseManifest
:sample:prepareReleaseDependencies
:sample:compileReleaseAidl
:sample:compileReleaseRenderscript
:sample:generateReleaseBuildConfig
:sample:generateReleaseAssets UP-TO-DATE
:sample:mergeReleaseAssets
:sample:generateReleaseResValues
:sample:generateReleaseResources
:sample:mergeReleaseResources
:sample:processReleaseManifest
:sample:processReleaseResources
:sample:generateReleaseSources
:sample:processReleaseJavaRes UP-TO-DATE
:sample:compileReleaseJavaNote: /tmp/rdisk/1813/src/sample/src/main/java/com/raizlabs/universaladapter/sample/MergedActivity.java uses or overrides a deprecated API.
Note: Recompile with -Xlint:deprecation for details.
Note: Some input files use unchecked or unsafe operations.
Note: Recompile with -Xlint:unchecked for details.

:sample:compileReleaseNdk UP-TO-DATE
:sample:compileReleaseSources
:sample:lintVitalRelease SKIPPED
:sample:preDexRelease
:sample:dexRelease
:sample:packageRelease
:sample:assembleRelease
:sample:assemble
:sample:compileLint
:sample:lint
Ran lint on variant debug: 10 issues found
Ran lint on variant release: 10 issues found
Wrote HTML report to file:/tmp/rdisk/1813/src/sample/build/outputs/lint-results.html
Wrote XML report to /tmp/rdisk/1813/src/sample/build/outputs/lint-results.xml
:sample:preCompileDebugUnitTestJava
:sample:preDebugUnitTestBuild UP-TO-DATE
:sample:prepareDebugUnitTestDependencies
:sample:processDebugUnitTestJavaRes UP-TO-DATE
:sample:compileDebugUnitTestJava UP-TO-DATE
:sample:compileDebugUnitTestSources UP-TO-DATE
:sample:mockableAndroidJar
:sample:assembleDebugUnitTest
:sample:testDebug
:sample:preCompileReleaseUnitTestJava
:sample:preReleaseUnitTestBuild UP-TO-DATE
:sample:prepareReleaseUnitTestDependencies
:sample:processReleaseUnitTestJavaRes UP-TO-DATE
:sample:compileReleaseUnitTestJava UP-TO-DATE
:sample:compileReleaseUnitTestSources UP-TO-DATE
:sample:assembleReleaseUnitTest
:sample:testRelease
:sample:test
:sample:check
:sample:build

BUILD SUCCESSFUL

Total time: 34.317 secs

2018-04-04 09:56:36,515 INFO  FullProcessService - Found APK file: /tmp/rdisk/1813/src/sample/build/outputs/apk/sample-release-unsigned.apk
