2018-04-04 10:15:31,129 INFO  DownloadService - Downloading "https://github.com/doridori/Dynamo/archive/master.zip", attempt 3
2018-04-04 10:16:31,605 INFO  GithubDownloadService - Could not find ZIP archive for master branch
2018-04-04 10:16:32,334 INFO  GithubDownloadService - Default branch of this repository: master
2018-04-04 10:16:32,334 INFO  DownloadService - Downloading "https://github.com/doridori/Dynamo/archive/master.zip", attempt 3
2018-04-04 10:17:33,701 DEBUG FullProcessService - Repository https://github.com/doridori/Dynamo available: true
2018-04-04 10:17:33,702 INFO  FullProcessService - Could not download ZIP file from Github, lets clone it
2018-04-04 10:17:33,702 INFO  SysUtils - Execute command: [git, clone, -q, --single-branch, --depth, 1, https://github.com/doridori/Dynamo, /tmp/rdisk/1805/src]
2018-04-04 10:17:38,518 INFO  SysUtils - 
2018-04-04 10:17:38,533 INFO  GitService - Deleted "/tmp/rdisk/1805/src/.git": true
2018-04-04 10:17:38,536 INFO  FullProcessService - Size of directory with sources: 716 KB
2018-04-04 10:17:38,536 INFO  SysUtils - Execute command: [git, init, /tmp/rdisk/1805/src]
2018-04-04 10:17:38,541 INFO  SysUtils - Initialized empty Git repository in /tmp/rdisk/1805/src/.git/

2018-04-04 10:17:38,543 INFO  ProjectBuildService - Gradle wrapper(s): /tmp/rdisk/1805/src/gradlew /tmp/rdisk/1805/src/Dynamo/gradlew /tmp/rdisk/1805/src/Dynamo/gradle/gradlew /tmp/rdisk/1805/src/Dynamo Example/gradlew
2018-04-04 10:17:38,546 INFO  ProjectBuildService - Build script(s): /tmp/rdisk/1805/src/Dynamo Example/app/build.gradle /tmp/rdisk/1805/src/Dynamo Example/build.gradle /tmp/rdisk/1805/src/Dynamo/build.gradle
2018-04-04 10:17:38,549 INFO  ProjectBuildService - All script(s): /tmp/rdisk/1805/src/Dynamo/settings.gradle /tmp/rdisk/1805/src/Dynamo/build.gradle /tmp/rdisk/1805/src/Dynamo Example/settings.gradle /tmp/rdisk/1805/src/Dynamo Example/build.gradle /tmp/rdisk/1805/src/Dynamo Example/app/build.gradle
2018-04-04 10:17:38,549 INFO  ProjectBuildService - Remote scripts: none
2018-04-04 10:17:38,549 INFO  ProjectFixService - Fixing project...
2018-04-04 10:17:38,556 INFO  LocalPropertiesFixService - Created fake /tmp/rdisk/1805/src/Dynamo Example/app/local.properties
2018-04-04 10:17:38,556 INFO  ProjectFixService - Build info for "/tmp/rdisk/1805/src/Dynamo Example/app/build.gradle": [buildToolsVersion=21.1.2,compileSdkVersion=21,minSdkVersion=18,targetSdkVersion=21]
2018-04-04 10:17:38,556 INFO  LocalPropertiesFixService - Created fake /tmp/rdisk/1805/src/Dynamo Example/local.properties
2018-04-04 10:17:38,557 INFO  WrapperPropertiesFixService - Gradle wrapper: https://services.gradle.org/distributions/gradle-2.2.1-all.zip
2018-04-04 10:17:38,557 INFO  WrapperPropertiesFixService - Gradle wrapper was changed from "-all.zip" to "-bin.zip" (https://services.gradle.org/distributions/gradle-2.2.1-bin.zip)
2018-04-04 10:17:38,559 INFO  ProjectFixService - Build info for "/tmp/rdisk/1805/src/Dynamo Example/build.gradle": [buildToolsVersion=21.1.2,compileSdkVersion=21,minSdkVersion=18,targetSdkVersion=21]
2018-04-04 10:17:38,559 INFO  LocalPropertiesFixService - Created fake /tmp/rdisk/1805/src/Dynamo/local.properties
2018-04-04 10:17:38,559 INFO  WrapperPropertiesFixService - Gradle wrapper: https://services.gradle.org/distributions/gradle-2.3-bin.zip
2018-04-04 10:17:38,561 INFO  ProjectFixService - Build info for "/tmp/rdisk/1805/src/Dynamo/build.gradle": [buildToolsVersion=21.1.2,compileSdkVersion=21,minSdkVersion=18,targetSdkVersion=21]
2018-04-04 10:17:38,561 INFO  ProjectFixService - Project was maybe fixed
2018-04-04 10:17:38,561 INFO  ProjectTaskService - Detecting possible tasks...
2018-04-04 10:17:38,561 INFO  SysUtils - Execute command: [/tmp/rdisk/1805/src/Dynamo Example/gradlew, -b, "/tmp/rdisk/1805/src/Dynamo Example/app/build.gradle", -Dorg.gradle.daemon=false, -Dorg.gradle.daemon.performance.enable-monitoring=false, -Dorg.gradle.configureondemand=true, tasks]
2018-04-04 10:17:40,314 ERROR ProjectTaskService - Could not detect possible Gradle tasks: Process exited with an error: 1 (Exit value: 1)
2018-04-04 10:17:40,314 INFO  ProjectTaskService - Detected possible tasks: 0
2018-04-04 10:17:40,315 INFO  ProjectTaskService - Excluded tasks (0): none
2018-04-04 10:17:40,315 INFO  SysUtils - Execute command: [/tmp/rdisk/1805/src/Dynamo Example/gradlew, -b, "/tmp/rdisk/1805/src/Dynamo Example/app/build.gradle", -Dorg.gradle.daemon=false, -Dorg.gradle.daemon.performance.enable-monitoring=false, -Dorg.gradle.configureondemand=true, --stacktrace, build]
2018-04-04 10:17:41,963 ERROR SysUtils - Could not process external command
org.apache.commons.exec.ExecuteException: Process exited with an error: 1 (Exit value: 1)
	at org.apache.commons.exec.DefaultExecutor.executeInternal(DefaultExecutor.java:404)
	at org.apache.commons.exec.DefaultExecutor.execute(DefaultExecutor.java:166)
	at com.github.vbauer.apkmaster.util.SysUtils.execute(SysUtils.java:67)
	at com.github.vbauer.apkmaster.util.SysUtils.executeSimple(SysUtils.java:43)
	at com.github.vbauer.apkmaster.service.assembly.ProjectBuildService.buildProject(ProjectBuildService.java:78)
	at com.github.vbauer.apkmaster.service.assembly.ProjectBuildService.buildProject(ProjectBuildService.java:64)
	at com.github.vbauer.apkmaster.service.assembly.ProjectBuildService.buildProject(ProjectBuildService.java:43)
	at com.github.vbauer.apkmaster.service.FullProcessService.build(FullProcessService.java:84)
	at com.github.vbauer.apkmaster.service.FullProcessService.process(FullProcessService.java:34)
	at com.github.vbauer.apkmaster.app.MainApplication.process(MainApplication.java:38)
	at com.github.vbauer.apkmaster.app.MainApplication.main(MainApplication.java:20)
	at sun.reflect.GeneratedMethodAccessor8.invoke(Unknown Source)
	at sun.reflect.DelegatingMethodAccessorImpl.invoke(DelegatingMethodAccessorImpl.java:43)
	at java.lang.reflect.Method.invoke(Method.java:498)
	at com.android.arsenal.util.ReflectionUtils.invoke(ReflectionUtils.java:42)
	at com.android.arsenal.util.ApkMasterUtils.main(ApkMasterUtils.java:30)
	at com.android.arsenal.service.processor.impl.BuildProcessorServiceImpl.buildProject(BuildProcessorServiceImpl.java:197)
	at com.android.arsenal.service.processor.impl.BuildProcessorServiceImpl.build(BuildProcessorServiceImpl.java:131)
	at com.android.arsenal.service.processor.impl.BuildProcessorServiceImpl.lambda$null$1(BuildProcessorServiceImpl.java:114)
	at java.util.concurrent.FutureTask.run(FutureTask.java:266)
	at java.util.concurrent.Executors$RunnableAdapter.call(Executors.java:511)
	at java.util.concurrent.FutureTask.run(FutureTask.java:266)
	at java.util.concurrent.ThreadPoolExecutor.runWorker(ThreadPoolExecutor.java:1149)
	at java.util.concurrent.ThreadPoolExecutor$Worker.run(ThreadPoolExecutor.java:624)
	at java.lang.Thread.run(Thread.java:748)
2018-04-04 10:17:41,964 INFO  SysUtils - 
FAILURE: Build failed with an exception.

* What went wrong:
Build file '/root/Documents/workspace/java/bloodhound/"/tmp/rdisk/1805/src/Dynamo Example/app/build.gradle"' does not exist.

* Try:
Run with --info or --debug option to get more log output.

* Exception is:
org.gradle.api.InvalidUserDataException: Build file '/root/Documents/workspace/java/bloodhound/"/tmp/rdisk/1805/src/Dynamo Example/app/build.gradle"' does not exist.
	at org.gradle.initialization.BuildFileProjectSpec.checkPreconditions(BuildFileProjectSpec.java:52)
	at org.gradle.initialization.AbstractProjectSpec.containsProject(AbstractProjectSpec.java:27)
	at org.gradle.initialization.SettingsHandler.findAndLoadSettings(SettingsHandler.java:50)
	at org.gradle.initialization.DefaultGradleLauncher.doBuildStages(DefaultGradleLauncher.java:121)
	at org.gradle.initialization.DefaultGradleLauncher.doBuild(DefaultGradleLauncher.java:106)
	at org.gradle.initialization.DefaultGradleLauncher.run(DefaultGradleLauncher.java:86)
	at org.gradle.launcher.exec.InProcessBuildActionExecuter$DefaultBuildController.run(InProcessBuildActionExecuter.java:80)
	at org.gradle.launcher.cli.ExecuteBuildAction.run(ExecuteBuildAction.java:33)
	at org.gradle.launcher.cli.ExecuteBuildAction.run(ExecuteBuildAction.java:24)
	at org.gradle.launcher.exec.InProcessBuildActionExecuter.execute(InProcessBuildActionExecuter.java:36)
	at org.gradle.launcher.exec.InProcessBuildActionExecuter.execute(InProcessBuildActionExecuter.java:26)
	at org.gradle.launcher.cli.RunBuildAction.run(RunBuildAction.java:51)
	at org.gradle.internal.Actions$RunnableActionAdapter.execute(Actions.java:171)
	at org.gradle.launcher.cli.CommandLineActionFactory$ParseAndBuildAction.execute(CommandLineActionFactory.java:237)
	at org.gradle.launcher.cli.CommandLineActionFactory$ParseAndBuildAction.execute(CommandLineActionFactory.java:210)
	at org.gradle.launcher.cli.JavaRuntimeValidationAction.execute(JavaRuntimeValidationAction.java:35)
	at org.gradle.launcher.cli.JavaRuntimeValidationAction.execute(JavaRuntimeValidationAction.java:24)
	at org.gradle.launcher.cli.CommandLineActionFactory$WithLogging.execute(CommandLineActionFactory.java:206)
	at org.gradle.launcher.cli.CommandLineActionFactory$WithLogging.execute(CommandLineActionFactory.java:169)
	at org.gradle.launcher.cli.ExceptionReportingAction.execute(ExceptionReportingAction.java:33)
	at org.gradle.launcher.cli.ExceptionReportingAction.execute(ExceptionReportingAction.java:22)
	at org.gradle.launcher.Main.doAction(Main.java:33)
	at org.gradle.launcher.bootstrap.EntryPoint.run(EntryPoint.java:45)
	at org.gradle.launcher.bootstrap.ProcessBootstrap.runNoExit(ProcessBootstrap.java:54)
	at org.gradle.launcher.bootstrap.ProcessBootstrap.run(ProcessBootstrap.java:35)
	at org.gradle.launcher.GradleMain.main(GradleMain.java:23)
	at org.gradle.wrapper.BootstrapMainStarter.start(BootstrapMainStarter.java:33)
	at org.gradle.wrapper.WrapperExecutor.execute(WrapperExecutor.java:130)
	at org.gradle.wrapper.GradleWrapperMain.main(GradleWrapperMain.java:48)


BUILD FAILED

Total time: 1.551 secs

2018-04-04 10:17:41,967 INFO  ProjectTaskService - Detecting possible tasks...
2018-04-04 10:17:41,967 INFO  SysUtils - Execute command: [/tmp/rdisk/1805/src/Dynamo Example/gradlew, -b, "/tmp/rdisk/1805/src/Dynamo Example/build.gradle", -Dorg.gradle.daemon=false, -Dorg.gradle.daemon.performance.enable-monitoring=false, -Dorg.gradle.configureondemand=true, tasks]
2018-04-04 10:17:43,673 ERROR ProjectTaskService - Could not detect possible Gradle tasks: Process exited with an error: 1 (Exit value: 1)
2018-04-04 10:17:43,674 INFO  ProjectTaskService - Detected possible tasks: 0
2018-04-04 10:17:43,674 INFO  ProjectTaskService - Excluded tasks (0): none
2018-04-04 10:17:43,674 INFO  SysUtils - Execute command: [/tmp/rdisk/1805/src/Dynamo Example/gradlew, -b, "/tmp/rdisk/1805/src/Dynamo Example/build.gradle", -Dorg.gradle.daemon=false, -Dorg.gradle.daemon.performance.enable-monitoring=false, -Dorg.gradle.configureondemand=true, --stacktrace, build]
2018-04-04 10:17:45,370 ERROR SysUtils - Could not process external command
org.apache.commons.exec.ExecuteException: Process exited with an error: 1 (Exit value: 1)
	at org.apache.commons.exec.DefaultExecutor.executeInternal(DefaultExecutor.java:404)
	at org.apache.commons.exec.DefaultExecutor.execute(DefaultExecutor.java:166)
	at com.github.vbauer.apkmaster.util.SysUtils.execute(SysUtils.java:67)
	at com.github.vbauer.apkmaster.util.SysUtils.executeSimple(SysUtils.java:43)
	at com.github.vbauer.apkmaster.service.assembly.ProjectBuildService.buildProject(ProjectBuildService.java:78)
	at com.github.vbauer.apkmaster.service.assembly.ProjectBuildService.buildProject(ProjectBuildService.java:64)
	at com.github.vbauer.apkmaster.service.assembly.ProjectBuildService.buildProject(ProjectBuildService.java:43)
	at com.github.vbauer.apkmaster.service.FullProcessService.build(FullProcessService.java:84)
	at com.github.vbauer.apkmaster.service.FullProcessService.process(FullProcessService.java:34)
	at com.github.vbauer.apkmaster.app.MainApplication.process(MainApplication.java:38)
	at com.github.vbauer.apkmaster.app.MainApplication.main(MainApplication.java:20)
	at sun.reflect.GeneratedMethodAccessor8.invoke(Unknown Source)
	at sun.reflect.DelegatingMethodAccessorImpl.invoke(DelegatingMethodAccessorImpl.java:43)
	at java.lang.reflect.Method.invoke(Method.java:498)
	at com.android.arsenal.util.ReflectionUtils.invoke(ReflectionUtils.java:42)
	at com.android.arsenal.util.ApkMasterUtils.main(ApkMasterUtils.java:30)
	at com.android.arsenal.service.processor.impl.BuildProcessorServiceImpl.buildProject(BuildProcessorServiceImpl.java:197)
	at com.android.arsenal.service.processor.impl.BuildProcessorServiceImpl.build(BuildProcessorServiceImpl.java:131)
	at com.android.arsenal.service.processor.impl.BuildProcessorServiceImpl.lambda$null$1(BuildProcessorServiceImpl.java:114)
	at java.util.concurrent.FutureTask.run(FutureTask.java:266)
	at java.util.concurrent.Executors$RunnableAdapter.call(Executors.java:511)
	at java.util.concurrent.FutureTask.run(FutureTask.java:266)
	at java.util.concurrent.ThreadPoolExecutor.runWorker(ThreadPoolExecutor.java:1149)
	at java.util.concurrent.ThreadPoolExecutor$Worker.run(ThreadPoolExecutor.java:624)
	at java.lang.Thread.run(Thread.java:748)
2018-04-04 10:17:45,370 INFO  SysUtils - 
FAILURE: Build failed with an exception.

* What went wrong:
Build file '/root/Documents/workspace/java/bloodhound/"/tmp/rdisk/1805/src/Dynamo Example/build.gradle"' does not exist.

* Try:
Run with --info or --debug option to get more log output.

* Exception is:
org.gradle.api.InvalidUserDataException: Build file '/root/Documents/workspace/java/bloodhound/"/tmp/rdisk/1805/src/Dynamo Example/build.gradle"' does not exist.
	at org.gradle.initialization.BuildFileProjectSpec.checkPreconditions(BuildFileProjectSpec.java:52)
	at org.gradle.initialization.AbstractProjectSpec.containsProject(AbstractProjectSpec.java:27)
	at org.gradle.initialization.SettingsHandler.findAndLoadSettings(SettingsHandler.java:50)
	at org.gradle.initialization.DefaultGradleLauncher.doBuildStages(DefaultGradleLauncher.java:121)
	at org.gradle.initialization.DefaultGradleLauncher.doBuild(DefaultGradleLauncher.java:106)
	at org.gradle.initialization.DefaultGradleLauncher.run(DefaultGradleLauncher.java:86)
	at org.gradle.launcher.exec.InProcessBuildActionExecuter$DefaultBuildController.run(InProcessBuildActionExecuter.java:80)
	at org.gradle.launcher.cli.ExecuteBuildAction.run(ExecuteBuildAction.java:33)
	at org.gradle.launcher.cli.ExecuteBuildAction.run(ExecuteBuildAction.java:24)
	at org.gradle.launcher.exec.InProcessBuildActionExecuter.execute(InProcessBuildActionExecuter.java:36)
	at org.gradle.launcher.exec.InProcessBuildActionExecuter.execute(InProcessBuildActionExecuter.java:26)
	at org.gradle.launcher.cli.RunBuildAction.run(RunBuildAction.java:51)
	at org.gradle.internal.Actions$RunnableActionAdapter.execute(Actions.java:171)
	at org.gradle.launcher.cli.CommandLineActionFactory$ParseAndBuildAction.execute(CommandLineActionFactory.java:237)
	at org.gradle.launcher.cli.CommandLineActionFactory$ParseAndBuildAction.execute(CommandLineActionFactory.java:210)
	at org.gradle.launcher.cli.JavaRuntimeValidationAction.execute(JavaRuntimeValidationAction.java:35)
	at org.gradle.launcher.cli.JavaRuntimeValidationAction.execute(JavaRuntimeValidationAction.java:24)
	at org.gradle.launcher.cli.CommandLineActionFactory$WithLogging.execute(CommandLineActionFactory.java:206)
	at org.gradle.launcher.cli.CommandLineActionFactory$WithLogging.execute(CommandLineActionFactory.java:169)
	at org.gradle.launcher.cli.ExceptionReportingAction.execute(ExceptionReportingAction.java:33)
	at org.gradle.launcher.cli.ExceptionReportingAction.execute(ExceptionReportingAction.java:22)
	at org.gradle.launcher.Main.doAction(Main.java:33)
	at org.gradle.launcher.bootstrap.EntryPoint.run(EntryPoint.java:45)
	at org.gradle.launcher.bootstrap.ProcessBootstrap.runNoExit(ProcessBootstrap.java:54)
	at org.gradle.launcher.bootstrap.ProcessBootstrap.run(ProcessBootstrap.java:35)
	at org.gradle.launcher.GradleMain.main(GradleMain.java:23)
	at org.gradle.wrapper.BootstrapMainStarter.start(BootstrapMainStarter.java:33)
	at org.gradle.wrapper.WrapperExecutor.execute(WrapperExecutor.java:130)
	at org.gradle.wrapper.GradleWrapperMain.main(GradleWrapperMain.java:48)


BUILD FAILED

Total time: 1.565 secs

2018-04-04 10:17:45,373 INFO  ProjectTaskService - Detecting possible tasks...
2018-04-04 10:17:45,373 INFO  SysUtils - Execute command: [/tmp/rdisk/1805/src/Dynamo/gradlew, -b, /tmp/rdisk/1805/src/Dynamo/build.gradle, -Dorg.gradle.daemon=false, -Dorg.gradle.daemon.performance.enable-monitoring=false, -Dorg.gradle.configureondemand=true, tasks]
2018-04-04 10:17:58,758 INFO  ProjectTaskService - Detected possible tasks: 50
2018-04-04 10:17:58,759 INFO  ProjectTaskService - Excluded tasks (3): javadoc test check
2018-04-04 10:17:58,759 INFO  SysUtils - Execute command: [/tmp/rdisk/1805/src/Dynamo/gradlew, -b, /tmp/rdisk/1805/src/Dynamo/build.gradle, -Dorg.gradle.daemon=false, -Dorg.gradle.daemon.performance.enable-monitoring=false, -Dorg.gradle.configureondemand=true, --stacktrace, -x, javadoc, -x, test, -x, check, build]
2018-04-04 10:18:03,318 INFO  SysUtils - Configuration on demand is an incubating feature.
Configuration(s) specified but the install task does not exist in project :.
:compileJavawarning: [options] bootstrap class path not set in conjunction with -source 1.7
Note: /tmp/rdisk/1805/src/Dynamo/src/main/java/couk/doridori/dynamo/Dynamo.java uses unchecked or unsafe operations.
Note: Recompile with -Xlint:unchecked for details.
1 warning

:processResources UP-TO-DATE
:classes
:jar
:javadocJar
:sourcesJar
:assemble
:build

BUILD SUCCESSFUL

Total time: 4.114 secs

2018-04-04 10:18:03,322 ERROR FullProcessService - Project build has not produced APK file
2018-04-04 10:18:03,325 ERROR FullProcessService - Could not find generated or existed APK file
