2018-04-04 04:01:26,688 INFO  DownloadService - Downloading "https://github.com/VigneshPeriasami/confirmdialog/archive/master.zip", attempt 3
2018-04-04 04:02:27,319 INFO  GithubDownloadService - Could not find ZIP archive for master branch
2018-04-04 04:02:27,324 INFO  GithubDownloadService - Default branch of this repository: null
2018-04-04 04:02:27,324 ERROR GithubDownloadService - Could not detect default branch for Github repository
2018-04-04 04:02:28,119 DEBUG FullProcessService - Repository https://github.com/VigneshPeriasami/confirmdialog available: true
2018-04-04 04:02:28,119 INFO  FullProcessService - Could not download ZIP file from Github, lets clone it
2018-04-04 04:02:28,120 INFO  SysUtils - Execute command: [git, clone, -q, --single-branch, --depth, 1, https://github.com/VigneshPeriasami/confirmdialog, /tmp/rdisk/1907/src]
2018-04-04 04:02:30,328 INFO  SysUtils - 
2018-04-04 04:02:30,341 INFO  GitService - Deleted "/tmp/rdisk/1907/src/.git": true
2018-04-04 04:02:30,344 INFO  FullProcessService - Size of directory with sources: 607 KB
2018-04-04 04:02:30,344 INFO  SysUtils - Execute command: [git, init, /tmp/rdisk/1907/src]
2018-04-04 04:02:30,348 INFO  SysUtils - Initialized empty Git repository in /tmp/rdisk/1907/src/.git/

2018-04-04 04:02:30,350 INFO  ProjectBuildService - Gradle wrapper(s): /tmp/rdisk/1907/src/gradlew
2018-04-04 04:02:30,353 INFO  ProjectBuildService - Build script(s): /tmp/rdisk/1907/src/confirmdialog-sample/build.gradle /tmp/rdisk/1907/src/confirmdialog/build.gradle /tmp/rdisk/1907/src/build.gradle
2018-04-04 04:02:30,355 INFO  ProjectBuildService - All script(s): /tmp/rdisk/1907/src/settings.gradle /tmp/rdisk/1907/src/confirmdialog/build.gradle /tmp/rdisk/1907/src/confirmdialog-sample/build.gradle /tmp/rdisk/1907/src/build.gradle
2018-04-04 04:02:30,355 INFO  DownloadService - Downloading "https://raw.githubusercontent.com/chrisbanes/gradle-mvn-push/master/gradle-mvn-push.gradle", attempt 3
2018-04-04 04:02:30,491 INFO  DownloadService - Downloaded https://raw.githubusercontent.com/chrisbanes/gradle-mvn-push/master/gradle-mvn-push.gradle, attempt 3
2018-04-04 04:02:30,491 INFO  ProjectBuildService - Remote scripts: https://raw.githubusercontent.com/chrisbanes/gradle-mvn-push/master/gradle-mvn-push.gradle
2018-04-04 04:02:30,491 INFO  ProjectFixService - Fixing project...
2018-04-04 04:02:30,498 INFO  LocalPropertiesFixService - Created fake /tmp/rdisk/1907/src/confirmdialog-sample/local.properties
2018-04-04 04:02:30,500 INFO  ProjectFixService - Build info for "/tmp/rdisk/1907/src/confirmdialog-sample/build.gradle": [buildToolsVersion=23.0.1,compileSdkVersion=23,minSdkVersion=9,targetSdkVersion=23]
2018-04-04 04:02:30,500 INFO  LocalPropertiesFixService - Created fake /tmp/rdisk/1907/src/confirmdialog/local.properties
2018-04-04 04:02:30,502 INFO  ProjectFixService - Build info for "/tmp/rdisk/1907/src/confirmdialog/build.gradle": [buildToolsVersion=23.0.1,compileSdkVersion=23,minSdkVersion=9,targetSdkVersion=23]
2018-04-04 04:02:30,502 INFO  LocalPropertiesFixService - Created fake /tmp/rdisk/1907/src/local.properties
2018-04-04 04:02:30,502 INFO  WrapperPropertiesFixService - Gradle wrapper: https://services.gradle.org/distributions/gradle-2.2.1-all.zip
2018-04-04 04:02:30,502 INFO  WrapperPropertiesFixService - Gradle wrapper was changed from "-all.zip" to "-bin.zip" (https://services.gradle.org/distributions/gradle-2.2.1-bin.zip)
2018-04-04 04:02:30,503 INFO  ProjectFixService - Build info for "/tmp/rdisk/1907/src/build.gradle": [buildToolsVersion=23.0.1,compileSdkVersion=23,minSdkVersion=9,targetSdkVersion=23]
2018-04-04 04:02:30,503 INFO  ProjectFixService - Project was maybe fixed
2018-04-04 04:02:30,503 INFO  ProjectTaskService - Detecting possible tasks...
2018-04-04 04:02:30,503 INFO  SysUtils - Execute command: [/tmp/rdisk/1907/src/gradlew, -b, /tmp/rdisk/1907/src/confirmdialog-sample/build.gradle, -Dorg.gradle.daemon=false, -Dorg.gradle.daemon.performance.enable-monitoring=false, -Dorg.gradle.configureondemand=true, tasks]
2018-04-04 04:02:41,058 INFO  ProjectTaskService - Detected possible tasks: 69
2018-04-04 04:02:41,058 INFO  ProjectTaskService - Excluded tasks (22): lintDebug mockableAndroidJar androidJavadocs deviceCheck lint androidSourcesJar testReleaseUnitTest uninstallRelease deviceAndroidTest uninstallDebugAndroidTest installDebugAndroidTest connectedCheck connectedDebugAndroidTest uninstallAll androidJavadocsJar test check testDebugUnitTest connectedAndroidTest installDebug lintRelease uninstallDebug
2018-04-04 04:02:41,058 INFO  SysUtils - Execute command: [/tmp/rdisk/1907/src/gradlew, -b, /tmp/rdisk/1907/src/confirmdialog-sample/build.gradle, -Dorg.gradle.daemon=false, -Dorg.gradle.daemon.performance.enable-monitoring=false, -Dorg.gradle.configureondemand=true, --stacktrace, -x, lintDebug, -x, mockableAndroidJar, -x, androidJavadocs, -x, deviceCheck, -x, lint, -x, androidSourcesJar, -x, testReleaseUnitTest, -x, uninstallRelease, -x, deviceAndroidTest, -x, uninstallDebugAndroidTest, -x, installDebugAndroidTest, -x, connectedCheck, -x, connectedDebugAndroidTest, -x, uninstallAll, -x, androidJavadocsJar, -x, test, -x, check, -x, testDebugUnitTest, -x, connectedAndroidTest, -x, installDebug, -x, lintRelease, -x, uninstallDebug, build]
2018-04-04 04:02:48,086 ERROR SysUtils - Could not process external command
org.apache.commons.exec.ExecuteException: Process exited with an error: 1 (Exit value: 1)
	at org.apache.commons.exec.DefaultExecutor.executeInternal(DefaultExecutor.java:404)
	at org.apache.commons.exec.DefaultExecutor.execute(DefaultExecutor.java:166)
	at com.github.vbauer.apkmaster.util.SysUtils.execute(SysUtils.java:67)
	at com.github.vbauer.apkmaster.util.SysUtils.executeSimple(SysUtils.java:43)
	at com.github.vbauer.apkmaster.service.assembly.ProjectBuildService.buildProject(ProjectBuildService.java:78)
	at com.github.vbauer.apkmaster.service.assembly.ProjectBuildService.buildProject(ProjectBuildService.java:64)
	at com.github.vbauer.apkmaster.service.assembly.ProjectBuildService.buildProject(ProjectBuildService.java:43)
	at com.github.vbauer.apkmaster.service.FullProcessService.build(FullProcessService.java:84)
	at com.github.vbauer.apkmaster.service.FullProcessService.process(FullProcessService.java:34)
	at com.github.vbauer.apkmaster.app.MainApplication.process(MainApplication.java:38)
	at com.github.vbauer.apkmaster.app.MainApplication.main(MainApplication.java:20)
	at sun.reflect.GeneratedMethodAccessor8.invoke(Unknown Source)
	at sun.reflect.DelegatingMethodAccessorImpl.invoke(DelegatingMethodAccessorImpl.java:43)
	at java.lang.reflect.Method.invoke(Method.java:498)
	at com.android.arsenal.util.ReflectionUtils.invoke(ReflectionUtils.java:42)
	at com.android.arsenal.util.ApkMasterUtils.main(ApkMasterUtils.java:30)
	at com.android.arsenal.service.processor.impl.BuildProcessorServiceImpl.buildProject(BuildProcessorServiceImpl.java:197)
	at com.android.arsenal.service.processor.impl.BuildProcessorServiceImpl.build(BuildProcessorServiceImpl.java:131)
	at com.android.arsenal.service.processor.impl.BuildProcessorServiceImpl.lambda$null$1(BuildProcessorServiceImpl.java:114)
	at java.util.concurrent.FutureTask.run(FutureTask.java:266)
	at java.util.concurrent.Executors$RunnableAdapter.call(Executors.java:511)
	at java.util.concurrent.FutureTask.run(FutureTask.java:266)
	at java.util.concurrent.ThreadPoolExecutor.runWorker(ThreadPoolExecutor.java:1149)
	at java.util.concurrent.ThreadPoolExecutor$Worker.run(ThreadPoolExecutor.java:624)
	at java.lang.Thread.run(Thread.java:748)
2018-04-04 04:02:48,086 INFO  SysUtils - Configuration on demand is an incubating feature.

FAILURE: Build failed with an exception.

* What went wrong:
Task 'androidJavadocs' not found in project ':confirmdialog-sample'.

* Try:
Run gradlew tasks to get a list of available tasks. Run with --info or --debug option to get more log output.

* Exception is:
org.gradle.execution.TaskSelectionException: Task 'androidJavadocs' not found in project ':confirmdialog-sample'.
	at org.gradle.execution.TaskSelector.getSelection(TaskSelector.java:101)
	at org.gradle.execution.TaskSelector.getFilter(TaskSelector.java:64)
	at org.gradle.execution.ExcludedTaskFilteringBuildConfigurationAction.configure(ExcludedTaskFilteringBuildConfigurationAction.java:42)
	at org.gradle.execution.DefaultBuildExecuter.configure(DefaultBuildExecuter.java:42)
	at org.gradle.execution.DefaultBuildExecuter.access$100(DefaultBuildExecuter.java:23)
	at org.gradle.execution.DefaultBuildExecuter$1.proceed(DefaultBuildExecuter.java:48)
	at org.gradle.execution.DefaultTasksBuildExecutionAction.configure(DefaultTasksBuildExecutionAction.java:44)
	at org.gradle.execution.DefaultBuildExecuter.configure(DefaultBuildExecuter.java:42)
	at org.gradle.execution.DefaultBuildExecuter.select(DefaultBuildExecuter.java:35)
	at org.gradle.initialization.DefaultGradleLauncher.doBuildStages(DefaultGradleLauncher.java:142)
	at org.gradle.initialization.DefaultGradleLauncher.doBuild(DefaultGradleLauncher.java:106)
	at org.gradle.initialization.DefaultGradleLauncher.run(DefaultGradleLauncher.java:86)
	at org.gradle.launcher.exec.InProcessBuildActionExecuter$DefaultBuildController.run(InProcessBuildActionExecuter.java:80)
	at org.gradle.launcher.cli.ExecuteBuildAction.run(ExecuteBuildAction.java:33)
	at org.gradle.launcher.cli.ExecuteBuildAction.run(ExecuteBuildAction.java:24)
	at org.gradle.launcher.exec.InProcessBuildActionExecuter.execute(InProcessBuildActionExecuter.java:36)
	at org.gradle.launcher.exec.InProcessBuildActionExecuter.execute(InProcessBuildActionExecuter.java:26)
	at org.gradle.launcher.cli.RunBuildAction.run(RunBuildAction.java:51)
	at org.gradle.internal.Actions$RunnableActionAdapter.execute(Actions.java:171)
	at org.gradle.launcher.cli.CommandLineActionFactory$ParseAndBuildAction.execute(CommandLineActionFactory.java:237)
	at org.gradle.launcher.cli.CommandLineActionFactory$ParseAndBuildAction.execute(CommandLineActionFactory.java:210)
	at org.gradle.launcher.cli.JavaRuntimeValidationAction.execute(JavaRuntimeValidationAction.java:35)
	at org.gradle.launcher.cli.JavaRuntimeValidationAction.execute(JavaRuntimeValidationAction.java:24)
	at org.gradle.launcher.cli.CommandLineActionFactory$WithLogging.execute(CommandLineActionFactory.java:206)
	at org.gradle.launcher.cli.CommandLineActionFactory$WithLogging.execute(CommandLineActionFactory.java:169)
	at org.gradle.launcher.cli.ExceptionReportingAction.execute(ExceptionReportingAction.java:33)
	at org.gradle.launcher.cli.ExceptionReportingAction.execute(ExceptionReportingAction.java:22)
	at org.gradle.launcher.Main.doAction(Main.java:33)
	at org.gradle.launcher.bootstrap.EntryPoint.run(EntryPoint.java:45)
	at org.gradle.launcher.bootstrap.ProcessBootstrap.runNoExit(ProcessBootstrap.java:54)
	at org.gradle.launcher.bootstrap.ProcessBootstrap.run(ProcessBootstrap.java:35)
	at org.gradle.launcher.GradleMain.main(GradleMain.java:23)
	at org.gradle.wrapper.BootstrapMainStarter.start(BootstrapMainStarter.java:33)
	at org.gradle.wrapper.WrapperExecutor.execute(WrapperExecutor.java:130)
	at org.gradle.wrapper.GradleWrapperMain.main(GradleWrapperMain.java:48)


BUILD FAILED

Total time: 6.576 secs

2018-04-04 04:02:48,086 ERROR ProjectBuildService - Excluded tasks were detected wrong
2018-04-04 04:02:48,086 INFO  SysUtils - Execute command: [/tmp/rdisk/1907/src/gradlew, -b, /tmp/rdisk/1907/src/confirmdialog-sample/build.gradle, -Dorg.gradle.daemon=false, -Dorg.gradle.daemon.performance.enable-monitoring=false, -Dorg.gradle.configureondemand=true, --stacktrace, build]
2018-04-04 04:03:25,273 INFO  SysUtils - Configuration on demand is an incubating feature.
:confirmdialog:compileLint
:confirmdialog:copyReleaseLint UP-TO-DATE
:confirmdialog:mergeReleaseProguardFiles
:confirmdialog:preBuild UP-TO-DATE
:confirmdialog:preReleaseBuild UP-TO-DATE
:confirmdialog:checkReleaseManifest
:confirmdialog:prepareReleaseDependencies
:confirmdialog:compileReleaseAidl
:confirmdialog:compileReleaseRenderscript
:confirmdialog:generateReleaseBuildConfig
:confirmdialog:generateReleaseAssets UP-TO-DATE
:confirmdialog:mergeReleaseAssets
:confirmdialog:generateReleaseResValues
:confirmdialog:generateReleaseResources
:confirmdialog:packageReleaseResources
:confirmdialog:processReleaseManifest
:confirmdialog:processReleaseResources
:confirmdialog:generateReleaseSources
:confirmdialog:processReleaseJavaRes UP-TO-DATE
:confirmdialog:compileReleaseJavaWithJavac
:confirmdialog:packageReleaseJar
:confirmdialog:compileReleaseNdk UP-TO-DATE
:confirmdialog:packageReleaseJniLibs UP-TO-DATE
:confirmdialog:packageReleaseLocalJar UP-TO-DATE
:confirmdialog:packageReleaseRenderscript UP-TO-DATE
:confirmdialog:bundleRelease
:confirmdialog-sample:preBuild UP-TO-DATE
:confirmdialog-sample:preDebugBuild UP-TO-DATE
:confirmdialog-sample:checkDebugManifest
:confirmdialog-sample:preReleaseBuild UP-TO-DATE
:confirmdialog-sample:prepareComAndroidSupportAppcompatV72311Library
:confirmdialog-sample:prepareComAndroidSupportSupportV42311Library
:confirmdialog-sample:prepareSrcConfirmdialogUnspecifiedLibrary
:confirmdialog-sample:prepareDebugDependencies
:confirmdialog-sample:compileDebugAidl
:confirmdialog-sample:compileDebugRenderscript
:confirmdialog-sample:generateDebugBuildConfig
:confirmdialog-sample:generateDebugAssets UP-TO-DATE
:confirmdialog-sample:mergeDebugAssets
:confirmdialog-sample:generateDebugResValues
:confirmdialog-sample:generateDebugResources
:confirmdialog-sample:mergeDebugResources
:confirmdialog-sample:processDebugManifest
:confirmdialog-sample:processDebugResources
:confirmdialog-sample:generateDebugSources
:confirmdialog-sample:processDebugJavaRes UP-TO-DATE
:confirmdialog-sample:compileDebugJavaWithJavac
:confirmdialog-sample:compileDebugNdk UP-TO-DATE
:confirmdialog-sample:compileDebugSources
:confirmdialog-sample:preDexDebug
:confirmdialog-sample:dexDebug
:confirmdialog-sample:validateDebugSigning
:confirmdialog-sample:packageDebug
:confirmdialog-sample:zipalignDebug
:confirmdialog-sample:assembleDebug
:confirmdialog-sample:checkReleaseManifest
:confirmdialog-sample:prepareReleaseDependencies
:confirmdialog-sample:compileReleaseAidl
:confirmdialog-sample:compileReleaseRenderscript
:confirmdialog-sample:generateReleaseBuildConfig
:confirmdialog-sample:generateReleaseAssets UP-TO-DATE
:confirmdialog-sample:mergeReleaseAssets
:confirmdialog-sample:generateReleaseResValues
:confirmdialog-sample:generateReleaseResources
:confirmdialog-sample:mergeReleaseResources
:confirmdialog-sample:processReleaseManifest
:confirmdialog-sample:processReleaseResources
:confirmdialog-sample:generateReleaseSources
:confirmdialog-sample:processReleaseJavaRes UP-TO-DATE
:confirmdialog-sample:compileReleaseJavaWithJavac
:confirmdialog-sample:compileReleaseNdk UP-TO-DATE
:confirmdialog-sample:compileReleaseSources
:confirmdialog-sample:preDexRelease
:confirmdialog-sample:dexRelease
:confirmdialog-sample:packageRelease
:confirmdialog-sample:assembleRelease
:confirmdialog-sample:assemble
:confirmdialog-sample:checkstyleDebug
Download https://jcenter.bintray.com/com/puppycrawl/tools/checkstyle/5.7/checkstyle-5.7.pom
Download https://jcenter.bintray.com/com/puppycrawl/tools/checkstyle/5.7/checkstyle-5.7.jar
:confirmdialog-sample:checkstyleRelease
:confirmdialog-sample:compileLint
:confirmdialog-sample:lint
Ran lint on variant release: 3 issues found
Ran lint on variant debug: 3 issues found
Wrote HTML report to file:/tmp/rdisk/1907/src/confirmdialog-sample/build/outputs/lint-results.html
Wrote XML report to /tmp/rdisk/1907/src/confirmdialog-sample/build/outputs/lint-results.xml
:confirmdialog-sample:preDebugUnitTestBuild UP-TO-DATE
:confirmdialog-sample:prepareDebugUnitTestDependencies
:confirmdialog-sample:processDebugUnitTestJavaRes UP-TO-DATE
:confirmdialog-sample:compileDebugUnitTestJavaWithJavac UP-TO-DATE
:confirmdialog-sample:compileDebugUnitTestSources UP-TO-DATE
:confirmdialog-sample:mockableAndroidJar
:confirmdialog-sample:assembleDebugUnitTest
:confirmdialog-sample:testDebugUnitTest
:confirmdialog-sample:preReleaseUnitTestBuild UP-TO-DATE
:confirmdialog-sample:prepareReleaseUnitTestDependencies
:confirmdialog-sample:processReleaseUnitTestJavaRes UP-TO-DATE
:confirmdialog-sample:compileReleaseUnitTestJavaWithJavac UP-TO-DATE
:confirmdialog-sample:compileReleaseUnitTestSources UP-TO-DATE
:confirmdialog-sample:assembleReleaseUnitTest
:confirmdialog-sample:testReleaseUnitTest
:confirmdialog-sample:test
:confirmdialog-sample:check
:confirmdialog-sample:build

BUILD SUCCESSFUL

Total time: 36.724 secs

2018-04-04 04:03:25,311 INFO  FullProcessService - Found APK file: /tmp/rdisk/1907/src/confirmdialog-sample/build/outputs/apk/confirmdialog-sample-release-unsigned.apk
