2016-07-14 07:09:41,995 INFO  c.g.v.a.s.n.DownloadService - Downloading "https://github.com/JetBrains/anko/archive/master.zip", attempt 3
2016-07-14 07:09:45,672 INFO  c.g.v.a.s.n.DownloadService - Downloaded https://github.com/JetBrains/anko/archive/master.zip, attempt 3
2016-07-14 07:09:47,929 DEBUG o.z.z.ZipUtil - Extracting '/var/folders/3k/mymj0cx15f9c3m0kv4gch66h0000gn/T/1468458581332-0/master.zip' into '/var/folders/3k/mymj0cx15f9c3m0kv4gch66h0000gn/T/1468458581332-0/src'.
2016-07-14 07:09:48,198 INFO  c.g.v.a.s.FullProcessService - Size of directory with sources: 2 MB
2016-07-14 07:09:48,350 INFO  c.g.v.a.s.a.ProjectBuildService - Gradle wrapper(s): /var/folders/3k/mymj0cx15f9c3m0kv4gch66h0000gn/T/1468458581332-0/src/anko-master/anko/library/robolectricTests/gradlew /var/folders/3k/mymj0cx15f9c3m0kv4gch66h0000gn/T/1468458581332-0/src/anko-master/anko/props/mvn/gradlew /var/folders/3k/mymj0cx15f9c3m0kv4gch66h0000gn/T/1468458581332-0/src/anko-master/gradlew
2016-07-14 07:09:48,399 INFO  c.g.v.a.s.a.ProjectBuildService - Build script(s): /var/folders/3k/mymj0cx15f9c3m0kv4gch66h0000gn/T/1468458581332-0/src/anko-master/anko/library/robolectricTests/build.gradle /var/folders/3k/mymj0cx15f9c3m0kv4gch66h0000gn/T/1468458581332-0/src/anko-master/anko/props/mvn/build.gradle /var/folders/3k/mymj0cx15f9c3m0kv4gch66h0000gn/T/1468458581332-0/src/anko-master/build.gradle
2016-07-14 07:09:48,487 INFO  c.g.v.a.s.a.ProjectBuildService - All script(s): /var/folders/3k/mymj0cx15f9c3m0kv4gch66h0000gn/T/1468458581332-0/src/anko-master/anko/library/robolectricTests/build.gradle /var/folders/3k/mymj0cx15f9c3m0kv4gch66h0000gn/T/1468458581332-0/src/anko-master/anko/props/mvn/build.gradle /var/folders/3k/mymj0cx15f9c3m0kv4gch66h0000gn/T/1468458581332-0/src/anko-master/build.gradle
2016-07-14 07:09:48,509 INFO  c.g.v.a.s.a.ProjectBuildService - Remote scripts: none
2016-07-14 07:09:48,523 INFO  c.g.v.a.s.a.ProjectFixService - Fixing project...
2016-07-14 07:09:48,790 INFO  c.g.v.a.s.AndroidToolsService - ANDROID_HOME: /Users/vbauer/Library/Android/sdk
2016-07-14 07:09:48,790 INFO  c.g.v.a.s.AndroidToolsService - NDK_HOME: /Users/vbauer/Library/Android/ndk
2016-07-14 07:09:48,794 INFO  c.g.v.a.s.AndroidToolsService - Available build tools: 19.1.0 20.0.0 21.1.1 21.1.2 22.0.0 22.0.1 23.0.1 23.0.2 23.0.3 24.0.0
2016-07-14 07:09:48,796 INFO  c.g.v.a.s.AndroidToolsService - Available build tools after clean up: 19.1.0 20.0.0 21.1.1 21.1.2 22.0.0 22.0.1 23.0.1 23.0.2 23.0.3 24.0.0
2016-07-14 07:09:48,801 INFO  c.g.v.a.s.AndroidToolsService - Available platforms: 10 11 12 13 14 15 16 17 18 19 20 21 22 23 24 7 8 9 24
2016-07-14 07:09:48,804 INFO  c.g.v.a.s.AndroidToolsService - Available platforms after clean up: 7 8 9 10 11 12 13 14 15 16 17 18 19 20 21 22 23 24
2016-07-14 07:09:48,810 INFO  c.g.v.a.s.a.f.LocalPropertiesFixService - Updated fake /var/folders/3k/mymj0cx15f9c3m0kv4gch66h0000gn/T/1468458581332-0/src/anko-master/anko/library/robolectricTests/local.properties
2016-07-14 07:09:48,814 INFO  c.g.v.a.s.a.f.WrapperPropertiesFixService - Project uses full gradle wrapper: true (https://services.gradle.org/distributions/gradle-2.10-all.zip)
2016-07-14 07:09:48,815 INFO  c.g.v.a.s.a.f.WrapperPropertiesFixService - Gradle wrapper was changed from "-all.zip" to "-bin.zip" (https://services.gradle.org/distributions/gradle-2.10-bin.zip)
2016-07-14 07:09:48,824 INFO  c.g.v.a.s.a.ProjectFixService - Build info for "/var/folders/3k/mymj0cx15f9c3m0kv4gch66h0000gn/T/1468458581332-0/src/anko-master/anko/library/robolectricTests/build.gradle": [buildToolsVersion=23.0.1,compileSdkVersion=21,minSdkVersion=15,targetSdkVersion=21]
2016-07-14 07:09:48,835 INFO  c.g.v.a.s.a.f.LocalPropertiesFixService - Created fake /var/folders/3k/mymj0cx15f9c3m0kv4gch66h0000gn/T/1468458581332-0/src/anko-master/anko/props/mvn/local.properties
2016-07-14 07:09:48,836 INFO  c.g.v.a.s.a.f.WrapperPropertiesFixService - Project uses full gradle wrapper: true (http://services.gradle.org/distributions/gradle-2.10-all.zip)
2016-07-14 07:09:48,837 INFO  c.g.v.a.s.a.f.WrapperPropertiesFixService - Gradle wrapper was changed from "-all.zip" to "-bin.zip" (http://services.gradle.org/distributions/gradle-2.10-bin.zip)
2016-07-14 07:09:48,843 INFO  c.g.v.a.s.a.ProjectFixService - Build info for "/var/folders/3k/mymj0cx15f9c3m0kv4gch66h0000gn/T/1468458581332-0/src/anko-master/anko/props/mvn/build.gradle": [buildToolsVersion=23.0.1,compileSdkVersion=21,minSdkVersion=15,targetSdkVersion=21]
2016-07-14 07:09:48,845 INFO  c.g.v.a.s.a.f.LocalPropertiesFixService - Updated fake /var/folders/3k/mymj0cx15f9c3m0kv4gch66h0000gn/T/1468458581332-0/src/anko-master/local.properties
2016-07-14 07:09:48,847 INFO  c.g.v.a.s.a.f.WrapperPropertiesFixService - Project uses full gradle wrapper: true (https://services.gradle.org/distributions/gradle-2.10-all.zip)
2016-07-14 07:09:48,849 INFO  c.g.v.a.s.a.f.WrapperPropertiesFixService - Gradle wrapper was changed from "-all.zip" to "-bin.zip" (https://services.gradle.org/distributions/gradle-2.10-bin.zip)
2016-07-14 07:09:48,853 INFO  c.g.v.a.s.a.ProjectFixService - Build info for "/var/folders/3k/mymj0cx15f9c3m0kv4gch66h0000gn/T/1468458581332-0/src/anko-master/build.gradle": [buildToolsVersion=23.0.1,compileSdkVersion=21,minSdkVersion=15,targetSdkVersion=21]
2016-07-14 07:09:48,854 INFO  c.g.v.a.s.a.ProjectFixService - Project was maybe fixed
2016-07-14 07:09:48,866 INFO  c.g.v.a.s.a.ProjectTaskService - Detecting possible tasks...
2016-07-14 07:09:48,871 INFO  c.g.v.a.u.SysUtils - Execute command: [/var/folders/3k/mymj0cx15f9c3m0kv4gch66h0000gn/T/1468458581332-0/src/anko-master/anko/library/robolectricTests/gradlew, -b, /var/folders/3k/mymj0cx15f9c3m0kv4gch66h0000gn/T/1468458581332-0/src/anko-master/anko/library/robolectricTests/build.gradle, tasks]
2016-07-14 07:10:03,890 INFO  c.g.v.a.s.a.ProjectTaskService - Detected possible tasks: 72
2016-07-14 07:10:03,894 INFO  c.g.v.a.s.a.ProjectTaskService - Excluded tasks: lintDebug test check deviceCheck testDebugUnitTest connectedAndroidTest lint testReleaseUnitTest lintRelease deviceAndroidTest connectedCheck
2016-07-14 07:10:03,895 INFO  c.g.v.a.u.SysUtils - Execute command: [/var/folders/3k/mymj0cx15f9c3m0kv4gch66h0000gn/T/1468458581332-0/src/anko-master/anko/library/robolectricTests/gradlew, -b, /var/folders/3k/mymj0cx15f9c3m0kv4gch66h0000gn/T/1468458581332-0/src/anko-master/anko/library/robolectricTests/build.gradle, --stacktrace, -x, lintDebug, -x, test, -x, check, -x, deviceCheck, -x, testDebugUnitTest, -x, connectedAndroidTest, -x, lint, -x, testReleaseUnitTest, -x, lintRelease, -x, deviceAndroidTest, -x, connectedCheck, build]
2016-07-14 07:10:28,396 INFO  c.g.v.a.s.a.ProjectBuildService - Incremental java compilation is an incubating feature.
:preBuild UP-TO-DATE
:preDebugBuild UP-TO-DATE
:checkDebugManifest
:prepareDebugDependencies
:compileDebugAidl
:compileDebugRenderscript
:generateDebugBuildConfig
:mergeDebugShaders
:compileDebugShaders
:generateDebugAssets
:mergeDebugAssets
:generateDebugResValues
:generateDebugResources
:mergeDebugResources
:processDebugManifest
:processDebugResources
:generateDebugSources
:incrementalDebugJavaCompilationSafeguard
:compileDebugKotline: /private/var/folders/3k/mymj0cx15f9c3m0kv4gch66h0000gn/T/1468458581332-0/src/anko-master/anko/library/robolectricTests/src/main/java/AndroidLayoutParamsTestActivity.kt: (5, 22): Unresolved reference: anko
e: /private/var/folders/3k/mymj0cx15f9c3m0kv4gch66h0000gn/T/1468458581332-0/src/anko-master/anko/library/robolectricTests/src/main/java/AndroidLayoutParamsTestActivity.kt: (17, 9): Unresolved reference: UI
e: /private/var/folders/3k/mymj0cx15f9c3m0kv4gch66h0000gn/T/1468458581332-0/src/anko-master/anko/library/robolectricTests/src/main/java/AndroidLayoutParamsTestActivity.kt: (18, 13): Unresolved reference: linearLayout
e: /private/var/folders/3k/mymj0cx15f9c3m0kv4gch66h0000gn/T/1468458581332-0/src/anko-master/anko/library/robolectricTests/src/main/java/AndroidLayoutParamsTestActivity.kt: (19, 17): Unresolved reference: editText
e: /private/var/folders/3k/mymj0cx15f9c3m0kv4gch66h0000gn/T/1468458581332-0/src/anko-master/anko/library/robolectricTests/src/main/java/AndroidLayoutParamsTestActivity.kt: (20, 21): Unresolved reference: lparams
e: /private/var/folders/3k/mymj0cx15f9c3m0kv4gch66h0000gn/T/1468458581332-0/src/anko-master/anko/library/robolectricTests/src/main/java/AndroidLayoutParamsTestActivity.kt: (21, 25): Unresolved reference: bottomMargin
e: /private/var/folders/3k/mymj0cx15f9c3m0kv4gch66h0000gn/T/1468458581332-0/src/anko-master/anko/library/robolectricTests/src/main/java/AndroidLayoutParamsTestActivity.kt: (22, 25): Unresolved reference: leftMargin
e: /private/var/folders/3k/mymj0cx15f9c3m0kv4gch66h0000gn/T/1468458581332-0/src/anko-master/anko/library/robolectricTests/src/main/java/AndroidLayoutParamsTestActivity.kt: (23, 25): Unresolved reference: rightMargin
e: /private/var/folders/3k/mymj0cx15f9c3m0kv4gch66h0000gn/T/1468458581332-0/src/anko-master/anko/library/robolectricTests/src/main/java/AndroidLayoutParamsTestActivity.kt: (24, 25): Unresolved reference: topMargin
e: /private/var/folders/3k/mymj0cx15f9c3m0kv4gch66h0000gn/T/1468458581332-0/src/anko-master/anko/library/robolectricTests/src/main/java/AndroidLayoutParamsTestActivity.kt: (25, 25): Unresolved reference: height
e: /private/var/folders/3k/mymj0cx15f9c3m0kv4gch66h0000gn/T/1468458581332-0/src/anko-master/anko/library/robolectricTests/src/main/java/AndroidLayoutParamsTestActivity.kt: (26, 25): Unresolved reference: gravity
e: /private/var/folders/3k/mymj0cx15f9c3m0kv4gch66h0000gn/T/1468458581332-0/src/anko-master/anko/library/robolectricTests/src/main/java/AndroidLayoutParamsTestActivity.kt: (27, 25): Unresolved reference: weight
e: /private/var/folders/3k/mymj0cx15f9c3m0kv4gch66h0000gn/T/1468458581332-0/src/anko-master/anko/library/robolectricTests/src/main/java/AndroidLayoutParamsTestActivity.kt: (31, 13): Unresolved reference: relativeLayout
e: /private/var/folders/3k/mymj0cx15f9c3m0kv4gch66h0000gn/T/1468458581332-0/src/anko-master/anko/library/robolectricTests/src/main/java/AndroidLayoutParamsTestActivity.kt: (32, 17): Unresolved reference: editText
e: /private/var/folders/3k/mymj0cx15f9c3m0kv4gch66h0000gn/T/1468458581332-0/src/anko-master/anko/library/robolectricTests/src/main/java/AndroidLayoutParamsTestActivity.kt: (33, 21): Unresolved reference: lparams
e: /private/var/folders/3k/mymj0cx15f9c3m0kv4gch66h0000gn/T/1468458581332-0/src/anko-master/anko/library/robolectricTests/src/main/java/AndroidLayoutParamsTestActivity.kt: (34, 25): Unresolved reference: bottomMargin
e: /private/var/folders/3k/mymj0cx15f9c3m0kv4gch66h0000gn/T/1468458581332-0/src/anko-master/anko/library/robolectricTests/src/main/java/AndroidLayoutParamsTestActivity.kt: (35, 25): Unresolved reference: leftMargin
e: /private/var/folders/3k/mymj0cx15f9c3m0kv4gch66h0000gn/T/1468458581332-0/src/anko-master/anko/library/robolectricTests/src/main/java/AndroidLayoutParamsTestActivity.kt: (36, 25): Unresolved reference: rightMargin
e: /private/var/folders/3k/mymj0cx15f9c3m0kv4gch66h0000gn/T/1468458581332-0/src/anko-master/anko/library/robolectricTests/src/main/java/AndroidLayoutParamsTestActivity.kt: (37, 25): Unresolved reference: topMargin
e: /private/var/folders/3k/mymj0cx15f9c3m0kv4gch66h0000gn/T/1468458581332-0/src/anko-master/anko/library/robolectricTests/src/main/java/AndroidLayoutParamsTestActivity.kt: (38, 25): Unresolved reference: height
e: /private/var/folders/3k/mymj0cx15f9c3m0kv4gch66h0000gn/T/1468458581332-0/src/anko-master/anko/library/robolectricTests/src/main/java/AndroidLayoutParamsTestActivity.kt: (39, 25): Unresolved reference: addRule
e: /private/var/folders/3k/mymj0cx15f9c3m0kv4gch66h0000gn/T/1468458581332-0/src/anko-master/anko/library/robolectricTests/src/main/java/AndroidLayoutParamsTestActivity.kt: (40, 25): Unresolved reference: addRule
e: /private/var/folders/3k/mymj0cx15f9c3m0kv4gch66h0000gn/T/1468458581332-0/src/anko-master/anko/library/robolectricTests/src/main/java/AndroidLayoutParamsTestActivity.kt: (44, 13): Unresolved reference: absoluteLayout
e: /private/var/folders/3k/mymj0cx15f9c3m0kv4gch66h0000gn/T/1468458581332-0/src/anko-master/anko/library/robolectricTests/src/main/java/AndroidLayoutParamsTestActivity.kt: (45, 17): Unresolved reference: editText
e: /private/var/folders/3k/mymj0cx15f9c3m0kv4gch66h0000gn/T/1468458581332-0/src/anko-master/anko/library/robolectricTests/src/main/java/AndroidLayoutParamsTestActivity.kt: (46, 21): Unresolved reference: lparams
e: /private/var/folders/3k/mymj0cx15f9c3m0kv4gch66h0000gn/T/1468458581332-0/src/anko-master/anko/library/robolectricTests/src/main/java/AndroidLayoutParamsTestActivity.kt: (47, 25): Unresolved reference: height
e: /private/var/folders/3k/mymj0cx15f9c3m0kv4gch66h0000gn/T/1468458581332-0/src/anko-master/anko/library/robolectricTests/src/main/java/AndroidLayoutParamsTestActivity.kt: (48, 25): Unresolved reference: x
e: /private/var/folders/3k/mymj0cx15f9c3m0kv4gch66h0000gn/T/1468458581332-0/src/anko-master/anko/library/robolectricTests/src/main/java/AndroidLayoutParamsTestActivity.kt: (49, 25): Unresolved reference: y
e: /private/var/folders/3k/mymj0cx15f9c3m0kv4gch66h0000gn/T/1468458581332-0/src/anko-master/anko/library/robolectricTests/src/main/java/AndroidLayoutParamsTestActivity.kt: (53, 13): Unresolved reference: frameLayout
e: /private/var/folders/3k/mymj0cx15f9c3m0kv4gch66h0000gn/T/1468458581332-0/src/anko-master/anko/library/robolectricTests/src/main/java/AndroidLayoutParamsTestActivity.kt: (54, 17): Unresolved reference: editText
e: /private/var/folders/3k/mymj0cx15f9c3m0kv4gch66h0000gn/T/1468458581332-0/src/anko-master/anko/library/robolectricTests/src/main/java/AndroidLayoutParamsTestActivity.kt: (55, 21): Unresolved reference: lparams
e: /private/var/folders/3k/mymj0cx15f9c3m0kv4gch66h0000gn/T/1468458581332-0/src/anko-master/anko/library/robolectricTests/src/main/java/AndroidLayoutParamsTestActivity.kt: (56, 25): Unresolved reference: bottomMargin
e: /private/var/folders/3k/mymj0cx15f9c3m0kv4gch66h0000gn/T/1468458581332-0/src/anko-master/anko/library/robolectricTests/src/main/java/AndroidLayoutParamsTestActivity.kt: (57, 25): Unresolved reference: leftMargin
e: /private/var/folders/3k/mymj0cx15f9c3m0kv4gch66h0000gn/T/1468458581332-0/src/anko-master/anko/library/robolectricTests/src/main/java/AndroidLayoutParamsTestActivity.kt: (58, 25): Unresolved reference: rightMargin
e: /private/var/folders/3k/mymj0cx15f9c3m0kv4gch66h0000gn/T/1468458581332-0/src/anko-master/anko/library/robolectricTests/src/main/java/AndroidLayoutParamsTestActivity.kt: (59, 25): Unresolved reference: topMargin
e: /private/var/folders/3k/mymj0cx15f9c3m0kv4gch66h0000gn/T/1468458581332-0/src/anko-master/anko/library/robolectricTests/src/main/java/AndroidLayoutParamsTestActivity.kt: (60, 25): Unresolved reference: height
e: /private/var/folders/3k/mymj0cx15f9c3m0kv4gch66h0000gn/T/1468458581332-0/src/anko-master/anko/library/robolectricTests/src/main/java/AndroidLayoutParamsTestActivity.kt: (61, 25): Unresolved reference: gravity
e: /private/var/folders/3k/mymj0cx15f9c3m0kv4gch66h0000gn/T/1468458581332-0/src/anko-master/anko/library/robolectricTests/src/main/java/AndroidLayoutParamsTestActivity.kt: (65, 13): Unresolved reference: gridLayout
e: /private/var/folders/3k/mymj0cx15f9c3m0kv4gch66h0000gn/T/1468458581332-0/src/anko-master/anko/library/robolectricTests/src/main/java/AndroidLayoutParamsTestActivity.kt: (66, 17): Unresolved reference: editText
e: /private/var/folders/3k/mymj0cx15f9c3m0kv4gch66h0000gn/T/1468458581332-0/src/anko-master/anko/library/robolectricTests/src/main/java/AndroidLayoutParamsTestActivity.kt: (67, 21): Unresolved reference: lparams
e: /private/var/folders/3k/mymj0cx15f9c3m0kv4gch66h0000gn/T/1468458581332-0/src/anko-master/anko/library/robolectricTests/src/main/java/AndroidLayoutParamsTestActivity.kt: (68, 25): Unresolved reference: bottomMargin
e: /private/var/folders/3k/mymj0cx15f9c3m0kv4gch66h0000gn/T/1468458581332-0/src/anko-master/anko/library/robolectricTests/src/main/java/AndroidLayoutParamsTestActivity.kt: (69, 25): Unresolved reference: leftMargin
e: /private/var/folders/3k/mymj0cx15f9c3m0kv4gch66h0000gn/T/1468458581332-0/src/anko-master/anko/library/robolectricTests/src/main/java/AndroidLayoutParamsTestActivity.kt: (70, 25): Unresolved reference: rightMargin
e: /private/var/folders/3k/mymj0cx15f9c3m0kv4gch66h0000gn/T/1468458581332-0/src/anko-master/anko/library/robolectricTests/src/main/java/AndroidLayoutParamsTestActivity.kt: (71, 25): Unresolved reference: topMargin
e: /private/var/folders/3k/mymj0cx15f9c3m0kv4gch66h0000gn/T/1468458581332-0/src/anko-master/anko/library/robolectricTests/src/main/java/AndroidLayoutParamsTestActivity.kt: (72, 25): Unresolved reference: height
e: /private/var/folders/3k/mymj0cx15f9c3m0kv4gch66h0000gn/T/1468458581332-0/src/anko-master/anko/library/robolectricTests/src/main/java/AndroidLayoutParamsTestActivity.kt: (73, 25): Unresolved reference: gravity
e: /private/var/folders/3k/mymj0cx15f9c3m0kv4gch66h0000gn/T/1468458581332-0/src/anko-master/anko/library/robolectricTests/src/main/java/AndroidLayoutsTestActivity.kt: (5, 22): Unresolved reference: anko
e: /private/var/folders/3k/mymj0cx15f9c3m0kv4gch66h0000gn/T/1468458581332-0/src/anko-master/anko/library/robolectricTests/src/main/java/AndroidLayoutsTestActivity.kt: (11, 9): Unresolved reference: UI
e: /private/var/folders/3k/mymj0cx15f9c3m0kv4gch66h0000gn/T/1468458581332-0/src/anko-master/anko/library/robolectricTests/src/main/java/AndroidLayoutsTestActivity.kt: (12, 13): Unresolved reference: linearLayout
e: /private/var/folders/3k/mymj0cx15f9c3m0kv4gch66h0000gn/T/1468458581332-0/src/anko-master/anko/library/robolectricTests/src/main/java/AndroidLayoutsTestActivity.kt: (13, 13): Unresolved reference: relativeLayout
e: /private/var/folders/3k/mymj0cx15f9c3m0kv4gch66h0000gn/T/1468458581332-0/src/anko-master/anko/library/robolectricTests/src/main/java/AndroidLayoutsTestActivity.kt: (14, 13): Unresolved reference: absoluteLayout
e: /private/var/folders/3k/mymj0cx15f9c3m0kv4gch66h0000gn/T/1468458581332-0/src/anko-master/anko/library/robolectricTests/src/main/java/AndroidLayoutsTestActivity.kt: (15, 13): Unresolved reference: frameLayout
e: /private/var/folders/3k/mymj0cx15f9c3m0kv4gch66h0000gn/T/1468458581332-0/src/anko-master/anko/library/robolectricTests/src/main/java/AndroidLayoutsTestActivity.kt: (16, 13): Unresolved reference: gridLayout
e: /private/var/folders/3k/mymj0cx15f9c3m0kv4gch66h0000gn/T/1468458581332-0/src/anko-master/anko/library/robolectricTests/src/main/java/AndroidListenerHelpersTestActivity.kt: (5, 22): Unresolved reference: anko
e: /private/var/folders/3k/mymj0cx15f9c3m0kv4gch66h0000gn/T/1468458581332-0/src/anko-master/anko/library/robolectricTests/src/main/java/AndroidListenerHelpersTestActivity.kt: (13, 9): Unresolved reference: UI
e: /private/var/folders/3k/mymj0cx15f9c3m0kv4gch66h0000gn/T/1468458581332-0/src/anko-master/anko/library/robolectricTests/src/main/java/AndroidListenerHelpersTestActivity.kt: (14, 13): Unresolved reference: linearLayout
e: /private/var/folders/3k/mymj0cx15f9c3m0kv4gch66h0000gn/T/1468458581332-0/src/anko-master/anko/library/robolectricTests/src/main/java/AndroidListenerHelpersTestActivity.kt: (15, 16): Unresolved reference: button
e: /private/var/folders/3k/mymj0cx15f9c3m0kv4gch66h0000gn/T/1468458581332-0/src/anko-master/anko/library/robolectricTests/src/main/java/AndroidListenerHelpersTestActivity.kt: (16, 19): Unresolved reference: onClick
e: /private/var/folders/3k/mymj0cx15f9c3m0kv4gch66h0000gn/T/1468458581332-0/src/anko-master/anko/library/robolectricTests/src/main/java/AndroidListenerHelpersTestActivity.kt: (17, 23): Unresolved reference: text
e: /private/var/folders/3k/mymj0cx15f9c3m0kv4gch66h0000gn/T/1468458581332-0/src/anko-master/anko/library/robolectricTests/src/main/java/AndroidListenerHelpersTestActivity.kt: (20, 16): Unresolved reference: checkBox
e: /private/var/folders/3k/mymj0cx15f9c3m0kv4gch66h0000gn/T/1468458581332-0/src/anko-master/anko/library/robolectricTests/src/main/java/AndroidListenerHelpersTestActivity.kt: (21, 19): Unresolved reference: onCheckedChange
e: /private/var/folders/3k/mymj0cx15f9c3m0kv4gch66h0000gn/T/1468458581332-0/src/anko-master/anko/library/robolectricTests/src/main/java/AndroidListenerHelpersTestActivity.kt: (22, 22): Cannot infer a type for this parameter. Please specify it explicitly.
e: /private/var/folders/3k/mymj0cx15f9c3m0kv4gch66h0000gn/T/1468458581332-0/src/anko-master/anko/library/robolectricTests/src/main/java/AndroidListenerHelpersTestActivity.kt: (22, 26): Cannot infer a type for this parameter. Please specify it explicitly.
e: /private/var/folders/3k/mymj0cx15f9c3m0kv4gch66h0000gn/T/1468458581332-0/src/anko-master/anko/library/robolectricTests/src/main/java/AndroidListenerHelpersTestActivity.kt: (24, 29): Unresolved reference: text
e: /private/var/folders/3k/mymj0cx15f9c3m0kv4gch66h0000gn/T/1468458581332-0/src/anko-master/anko/library/robolectricTests/src/main/java/AndroidMultiMethodListenersActivity.kt: (5, 22): Unresolved reference: anko
e: /private/var/folders/3k/mymj0cx15f9c3m0kv4gch66h0000gn/T/1468458581332-0/src/anko-master/anko/library/robolectricTests/src/main/java/AndroidMultiMethodListenersActivity.kt: (13, 9): Unresolved reference: UI
e: /private/var/folders/3k/mymj0cx15f9c3m0kv4gch66h0000gn/T/1468458581332-0/src/anko-master/anko/library/robolectricTests/src/main/java/AndroidMultiMethodListenersActivity.kt: (14, 13): Unresolved reference: linearLayout
e: /private/var/folders/3k/mymj0cx15f9c3m0kv4gch66h0000gn/T/1468458581332-0/src/anko-master/anko/library/robolectricTests/src/main/java/AndroidMultiMethodListenersActivity.kt: (15, 17): Unresolved reference: listView
e: /private/var/folders/3k/mymj0cx15f9c3m0kv4gch66h0000gn/T/1468458581332-0/src/anko-master/anko/library/robolectricTests/src/main/java/AndroidMultiMethodListenersActivity.kt: (16, 21): Unresolved reference: onScrollListener
e: /private/var/folders/3k/mymj0cx15f9c3m0kv4gch66h0000gn/T/1468458581332-0/src/anko-master/anko/library/robolectricTests/src/main/java/AndroidMultiMethodListenersActivity.kt: (17, 25): Unresolved reference: onScroll
e: /private/var/folders/3k/mymj0cx15f9c3m0kv4gch66h0000gn/T/1468458581332-0/src/anko-master/anko/library/robolectricTests/src/main/java/AndroidMultiMethodListenersActivity.kt: (17, 36): Cannot infer a type for this parameter. Please specify it explicitly.
e: /private/var/folders/3k/mymj0cx15f9c3m0kv4gch66h0000gn/T/1468458581332-0/src/anko-master/anko/library/robolectricTests/src/main/java/AndroidMultiMethodListenersActivity.kt: (17, 39): Cannot infer a type for this parameter. Please specify it explicitly.
e: /private/var/folders/3k/mymj0cx15f9c3m0kv4gch66h0000gn/T/1468458581332-0/src/anko-master/anko/library/robolectricTests/src/main/java/AndroidMultiMethodListenersActivity.kt: (17, 42): Cannot infer a type for this parameter. Please specify it explicitly.
e: /private/var/folders/3k/mymj0cx15f9c3m0kv4gch66h0000gn/T/1468458581332-0/src/anko-master/anko/library/robolectricTests/src/main/java/AndroidMultiMethodListenersActivity.kt: (17, 45): Cannot infer a type for this parameter. Please specify it explicitly.
e: /private/var/folders/3k/mymj0cx15f9c3m0kv4gch66h0000gn/T/1468458581332-0/src/anko-master/anko/library/robolectricTests/src/main/java/AndroidMultiMethodListenersActivity.kt: (18, 25): Unresolved reference: onScrollStateChanged
e: /private/var/folders/3k/mymj0cx15f9c3m0kv4gch66h0000gn/T/1468458581332-0/src/anko-master/anko/library/robolectricTests/src/main/java/AndroidMultiMethodListenersActivity.kt: (18, 48): Cannot infer a type for this parameter. Please specify it explicitly.
e: /private/var/folders/3k/mymj0cx15f9c3m0kv4gch66h0000gn/T/1468458581332-0/src/anko-master/anko/library/robolectricTests/src/main/java/AndroidMultiMethodListenersActivity.kt: (18, 51): Cannot infer a type for this parameter. Please specify it explicitly.
e: /private/var/folders/3k/mymj0cx15f9c3m0kv4gch66h0000gn/T/1468458581332-0/src/anko-master/anko/library/robolectricTests/src/main/java/AndroidMultiMethodListenersActivity.kt: (21, 17): Unresolved reference: searchView
e: /private/var/folders/3k/mymj0cx15f9c3m0kv4gch66h0000gn/T/1468458581332-0/src/anko-master/anko/library/robolectricTests/src/main/java/AndroidMultiMethodListenersActivity.kt: (22, 21): Unresolved reference: onQueryTextListener
e: /private/var/folders/3k/mymj0cx15f9c3m0kv4gch66h0000gn/T/1468458581332-0/src/anko-master/anko/library/robolectricTests/src/main/java/AndroidMultiMethodListenersActivity.kt: (23, 25): Unresolved reference: onQueryTextChange
e: /private/var/folders/3k/mymj0cx15f9c3m0kv4gch66h0000gn/T/1468458581332-0/src/anko-master/anko/library/robolectricTests/src/main/java/AndroidMultiMethodListenersActivity.kt: (23, 45): Cannot infer a type for this parameter. Please specify it explicitly.
e: /private/var/folders/3k/mymj0cx15f9c3m0kv4gch66h0000gn/T/1468458581332-0/src/anko-master/anko/library/robolectricTests/src/main/java/AndroidMultiMethodListenersActivity.kt: (24, 25): Unresolved reference: onQueryTextSubmit
e: /private/var/folders/3k/mymj0cx15f9c3m0kv4gch66h0000gn/T/1468458581332-0/src/anko-master/anko/library/robolectricTests/src/main/java/AndroidMultiMethodListenersActivity.kt: (24, 45): Cannot infer a type for this parameter. Please specify it explicitly.
e: /private/var/folders/3k/mymj0cx15f9c3m0kv4gch66h0000gn/T/1468458581332-0/src/anko-master/anko/library/robolectricTests/src/main/java/AndroidMultiMethodListenersActivity.kt: (27, 17): Unresolved reference: seekBar
e: /private/var/folders/3k/mymj0cx15f9c3m0kv4gch66h0000gn/T/1468458581332-0/src/anko-master/anko/library/robolectricTests/src/main/java/AndroidMultiMethodListenersActivity.kt: (28, 21): Unresolved reference: onSeekBarChangeListener
e: /private/var/folders/3k/mymj0cx15f9c3m0kv4gch66h0000gn/T/1468458581332-0/src/anko-master/anko/library/robolectricTests/src/main/java/AndroidMultiMethodListenersActivity.kt: (29, 25): Unresolved reference: onProgressChanged
e: /private/var/folders/3k/mymj0cx15f9c3m0kv4gch66h0000gn/T/1468458581332-0/src/anko-master/anko/library/robolectricTests/src/main/java/AndroidMultiMethodListenersActivity.kt: (29, 45): Cannot infer a type for this parameter. Please specify it explicitly.
e: /private/var/folders/3k/mymj0cx15f9c3m0kv4gch66h0000gn/T/1468458581332-0/src/anko-master/anko/library/robolectricTests/src/main/java/AndroidMultiMethodListenersActivity.kt: (29, 48): Cannot infer a type for this parameter. Please specify it explicitly.
e: /private/var/folders/3k/mymj0cx15f9c3m0kv4gch66h0000gn/T/1468458581332-0/src/anko-master/anko/library/robolectricTests/src/main/java/AndroidMultiMethodListenersActivity.kt: (29, 51): Cannot infer a type for this parameter. Please specify it explicitly.
e: /private/var/folders/3k/mymj0cx15f9c3m0kv4gch66h0000gn/T/1468458581332-0/src/anko-master/anko/library/robolectricTests/src/main/java/AndroidMultiMethodListenersActivity.kt: (30, 25): Unresolved reference: onStartTrackingTouch
e: /private/var/folders/3k/mymj0cx15f9c3m0kv4gch66h0000gn/T/1468458581332-0/src/anko-master/anko/library/robolectricTests/src/main/java/AndroidMultiMethodListenersActivity.kt: (30, 48): Cannot infer a type for this parameter. Please specify it explicitly.
e: /private/var/folders/3k/mymj0cx15f9c3m0kv4gch66h0000gn/T/1468458581332-0/src/anko-master/anko/library/robolectricTests/src/main/java/AndroidMultiMethodListenersActivity.kt: (31, 25): Unresolved reference: onStopTrackingTouch
e: /private/var/folders/3k/mymj0cx15f9c3m0kv4gch66h0000gn/T/1468458581332-0/src/anko-master/anko/library/robolectricTests/src/main/java/AndroidMultiMethodListenersActivity.kt: (31, 47): Cannot infer a type for this parameter. Please specify it explicitly.
e: /private/var/folders/3k/mymj0cx15f9c3m0kv4gch66h0000gn/T/1468458581332-0/src/anko-master/anko/library/robolectricTests/src/main/java/AndroidPropertiesTestActivity.kt: (5, 22): Unresolved reference: anko
e: /private/var/folders/3k/mymj0cx15f9c3m0kv4gch66h0000gn/T/1468458581332-0/src/anko-master/anko/library/robolectricTests/src/main/java/AndroidPropertiesTestActivity.kt: (11, 9): Unresolved reference: UI
e: /private/var/folders/3k/mymj0cx15f9c3m0kv4gch66h0000gn/T/1468458581332-0/src/anko-master/anko/library/robolectricTests/src/main/java/AndroidPropertiesTestActivity.kt: (12, 13): Unresolved reference: linearLayout
e: /private/var/folders/3k/mymj0cx15f9c3m0kv4gch66h0000gn/T/1468458581332-0/src/anko-master/anko/library/robolectricTests/src/main/java/AndroidPropertiesTestActivity.kt: (13, 26): Unresolved reference: baseline
e: /private/var/folders/3k/mymj0cx15f9c3m0kv4gch66h0000gn/T/1468458581332-0/src/anko-master/anko/library/robolectricTests/src/main/java/AndroidPropertiesTestActivity.kt: (14, 17): Unresolved reference: baselineAlignedChildIndex
e: /private/var/folders/3k/mymj0cx15f9c3m0kv4gch66h0000gn/T/1468458581332-0/src/anko-master/anko/library/robolectricTests/src/main/java/AndroidPropertiesTestActivity.kt: (15, 17): Unresolved reference: dividerPadding
e: /private/var/folders/3k/mymj0cx15f9c3m0kv4gch66h0000gn/T/1468458581332-0/src/anko-master/anko/library/robolectricTests/src/main/java/AndroidPropertiesTestActivity.kt: (16, 17): Unresolved reference: orientation
e: /private/var/folders/3k/mymj0cx15f9c3m0kv4gch66h0000gn/T/1468458581332-0/src/anko-master/anko/library/robolectricTests/src/main/java/AndroidPropertiesTestActivity.kt: (17, 17): Unresolved reference: showDividers
e: /private/var/folders/3k/mymj0cx15f9c3m0kv4gch66h0000gn/T/1468458581332-0/src/anko-master/anko/library/robolectricTests/src/main/java/AndroidPropertiesTestActivity.kt: (18, 17): Unresolved reference: weightSum
e: /private/var/folders/3k/mymj0cx15f9c3m0kv4gch66h0000gn/T/1468458581332-0/src/anko-master/anko/library/robolectricTests/src/main/java/AndroidPropertiesTestActivity.kt: (19, 17): Unresolved reference: textSwitcher
e: /private/var/folders/3k/mymj0cx15f9c3m0kv4gch66h0000gn/T/1468458581332-0/src/anko-master/anko/library/robolectricTests/src/main/java/AndroidPropertiesTestActivity.kt: (20, 17): Unresolved reference: calendarView
e: /private/var/folders/3k/mymj0cx15f9c3m0kv4gch66h0000gn/T/1468458581332-0/src/anko-master/anko/library/robolectricTests/src/main/java/AndroidPropertiesTestActivity.kt: (21, 21): Unresolved reference: date
e: /private/var/folders/3k/mymj0cx15f9c3m0kv4gch66h0000gn/T/1468458581332-0/src/anko-master/anko/library/robolectricTests/src/main/java/AndroidPropertiesTestActivity.kt: (22, 21): Unresolved reference: showWeekNumber
e: /private/var/folders/3k/mymj0cx15f9c3m0kv4gch66h0000gn/T/1468458581332-0/src/anko-master/anko/library/robolectricTests/src/main/java/AndroidPropertiesTestActivity.kt: (24, 17): Unresolved reference: zoomButton
e: /private/var/folders/3k/mymj0cx15f9c3m0kv4gch66h0000gn/T/1468458581332-0/src/anko-master/anko/library/robolectricTests/src/main/java/AndroidPropertiesTestActivity.kt: (25, 17): Unresolved reference: viewSwitcher
e: /private/var/folders/3k/mymj0cx15f9c3m0kv4gch66h0000gn/T/1468458581332-0/src/anko-master/anko/library/robolectricTests/src/main/java/AndroidPropertiesTestActivity.kt: (26, 17): Unresolved reference: digitalClock
e: /private/var/folders/3k/mymj0cx15f9c3m0kv4gch66h0000gn/T/1468458581332-0/src/anko-master/anko/library/robolectricTests/src/main/java/AndroidPropertiesTestActivity.kt: (27, 17): Unresolved reference: multiAutoCompleteTextView
e: /private/var/folders/3k/mymj0cx15f9c3m0kv4gch66h0000gn/T/1468458581332-0/src/anko-master/anko/library/robolectricTests/src/main/java/AndroidPropertiesTestActivity.kt: (28, 17): Unresolved reference: checkBox
e: /private/var/folders/3k/mymj0cx15f9c3m0kv4gch66h0000gn/T/1468458581332-0/src/anko-master/anko/library/robolectricTests/src/main/java/AndroidPropertiesTestActivity.kt: (29, 21): Unresolved reference: isChecked
e: /private/var/folders/3k/mymj0cx15f9c3m0kv4gch66h0000gn/T/1468458581332-0/src/anko-master/anko/library/robolectricTests/src/main/java/AndroidPropertiesTestActivity.kt: (31, 17): Unresolved reference: imageButton
e: /private/var/folders/3k/mymj0cx15f9c3m0kv4gch66h0000gn/T/1468458581332-0/src/anko-master/anko/library/robolectricTests/src/main/java/AndroidPropertiesTestActivity.kt: (32, 17): Unresolved reference: videoView
e: /private/var/folders/3k/mymj0cx15f9c3m0kv4gch66h0000gn/T/1468458581332-0/src/anko-master/anko/library/robolectricTests/src/main/java/AndroidPropertiesTestActivity.kt: (33, 46): Unresolved reference: currentPosition
e: /private/var/folders/3k/mymj0cx15f9c3m0kv4gch66h0000gn/T/1468458581332-0/src/anko-master/anko/library/robolectricTests/src/main/java/AndroidPropertiesTestActivity.kt: (35, 17): Unresolved reference: horizontalScrollView
e: /private/var/folders/3k/mymj0cx15f9c3m0kv4gch66h0000gn/T/1468458581332-0/src/anko-master/anko/library/robolectricTests/src/main/java/AndroidPropertiesTestActivity.kt: (36, 17): Unresolved reference: numberPicker
e: /private/var/folders/3k/mymj0cx15f9c3m0kv4gch66h0000gn/T/1468458581332-0/src/anko-master/anko/library/robolectricTests/src/main/java/AndroidPropertiesTestActivity.kt: (37, 46): Unresolved reference: displayedValues
e: /private/var/folders/3k/mymj0cx15f9c3m0kv4gch66h0000gn/T/1468458581332-0/src/anko-master/anko/library/robolectricTests/src/main/java/AndroidPropertiesTestActivity.kt: (38, 21): Unresolved reference: maxValue
e: /private/var/folders/3k/mymj0cx15f9c3m0kv4gch66h0000gn/T/1468458581332-0/src/anko-master/anko/library/robolectricTests/src/main/java/AndroidPropertiesTestActivity.kt: (39, 21): Unresolved reference: value
e: /private/var/folders/3k/mymj0cx15f9c3m0kv4gch66h0000gn/T/1468458581332-0/src/anko-master/anko/library/robolectricTests/src/main/java/AndroidPropertiesTestActivity.kt: (41, 17): Unresolved reference: analogClock
e: /private/var/folders/3k/mymj0cx15f9c3m0kv4gch66h0000gn/T/1468458581332-0/src/anko-master/anko/library/robolectricTests/src/main/java/AndroidPropertiesTestActivity.kt: (42, 17): Unresolved reference: scrollView
e: /private/var/folders/3k/mymj0cx15f9c3m0kv4gch66h0000gn/T/1468458581332-0/src/anko-master/anko/library/robolectricTests/src/main/java/AndroidPropertiesTestActivity.kt: (43, 17): Unresolved reference: textView
e: /private/var/folders/3k/mymj0cx15f9c3m0kv4gch66h0000gn/T/1468458581332-0/src/anko-master/anko/library/robolectricTests/src/main/java/AndroidPropertiesTestActivity.kt: (44, 21): Unresolved reference: compoundDrawablePadding
e: /private/var/folders/3k/mymj0cx15f9c3m0kv4gch66h0000gn/T/1468458581332-0/src/anko-master/anko/library/robolectricTests/src/main/java/AndroidPropertiesTestActivity.kt: (45, 21): Unresolved reference: customSelectionActionModeCallback
e: /private/var/folders/3k/mymj0cx15f9c3m0kv4gch66h0000gn/T/1468458581332-0/src/anko-master/anko/library/robolectricTests/src/main/java/AndroidPropertiesTestActivity.kt: (46, 21): Function invocation 'error(...)' expected
e: /private/var/folders/3k/mymj0cx15f9c3m0kv4gch66h0000gn/T/1468458581332-0/src/anko-master/anko/library/robolectricTests/src/main/java/AndroidPropertiesTestActivity.kt: (46, 21): No value passed for parameter message
e: /private/var/folders/3k/mymj0cx15f9c3m0kv4gch66h0000gn/T/1468458581332-0/src/anko-master/anko/library/robolectricTests/src/main/java/AndroidPropertiesTestActivity.kt: (46, 21): Variable expected
e: /private/var/folders/3k/mymj0cx15f9c3m0kv4gch66h0000gn/T/1468458581332-0/src/anko-master/anko/library/robolectricTests/src/main/java/AndroidPropertiesTestActivity.kt: (46, 29): Type mismatch: inferred type is String but Nothing was expected
e: /private/var/folders/3k/mymj0cx15f9c3m0kv4gch66h0000gn/T/1468458581332-0/src/anko-master/anko/library/robolectricTests/src/main/java/AndroidPropertiesTestActivity.kt: (47, 21): Unresolved reference: freezesText
e: /private/var/folders/3k/mymj0cx15f9c3m0kv4gch66h0000gn/T/1468458581332-0/src/anko-master/anko/library/robolectricTests/src/main/java/AndroidPropertiesTestActivity.kt: (48, 21): Unresolved reference: imeOptions
e: /private/var/folders/3k/mymj0cx15f9c3m0kv4gch66h0000gn/T/1468458581332-0/src/anko-master/anko/library/robolectricTests/src/main/java/AndroidPropertiesTestActivity.kt: (49, 21): Unresolved reference: linksClickable
e: /private/var/folders/3k/mymj0cx15f9c3m0kv4gch66h0000gn/T/1468458581332-0/src/anko-master/anko/library/robolectricTests/src/main/java/AndroidPropertiesTestActivity.kt: (51, 17): Unresolved reference: tabWidget
e: /private/var/folders/3k/mymj0cx15f9c3m0kv4gch66h0000gn/T/1468458581332-0/src/anko-master/anko/library/robolectricTests/src/main/java/AndroidPropertiesTestActivity.kt: (52, 39): Unresolved reference: tabCount
e: /private/var/folders/3k/mymj0cx15f9c3m0kv4gch66h0000gn/T/1468458581332-0/src/anko-master/anko/library/robolectricTests/src/main/java/AndroidPropertiesTestActivity.kt: (54, 17): Unresolved reference: radioButton
e: /private/var/folders/3k/mymj0cx15f9c3m0kv4gch66h0000gn/T/1468458581332-0/src/anko-master/anko/library/robolectricTests/src/main/java/AndroidPropertiesTestActivity.kt: (55, 17): Unresolved reference: toggleButton
e: /private/var/folders/3k/mymj0cx15f9c3m0kv4gch66h0000gn/T/1468458581332-0/src/anko-master/anko/library/robolectricTests/src/main/java/AndroidPropertiesTestActivity.kt: (56, 21): Unresolved reference: textOff
e: /private/var/folders/3k/mymj0cx15f9c3m0kv4gch66h0000gn/T/1468458581332-0/src/anko-master/anko/library/robolectricTests/src/main/java/AndroidPropertiesTestActivity.kt: (57, 21): Unresolved reference: textOn
e: /private/var/folders/3k/mymj0cx15f9c3m0kv4gch66h0000gn/T/1468458581332-0/src/anko-master/anko/library/robolectricTests/src/main/java/AndroidPropertiesTestActivity.kt: (59, 17): Unresolved reference: seekBar
e: /private/var/folders/3k/mymj0cx15f9c3m0kv4gch66h0000gn/T/1468458581332-0/src/anko-master/anko/library/robolectricTests/src/main/java/AndroidPropertiesTestActivity.kt: (60, 17): Unresolved reference: datePicker
e: /private/var/folders/3k/mymj0cx15f9c3m0kv4gch66h0000gn/T/1468458581332-0/src/anko-master/anko/library/robolectricTests/src/main/java/AndroidPropertiesTestActivity.kt: (61, 43): Unresolved reference: calendarView
e: /private/var/folders/3k/mymj0cx15f9c3m0kv4gch66h0000gn/T/1468458581332-0/src/anko-master/anko/library/robolectricTests/src/main/java/AndroidPropertiesTestActivity.kt: (62, 36): Unresolved reference: month
e: /private/var/folders/3k/mymj0cx15f9c3m0kv4gch66h0000gn/T/1468458581332-0/src/anko-master/anko/library/robolectricTests/src/main/java/AndroidPropertiesTestActivity.kt: (63, 35): Unresolved reference: year
e: /private/var/folders/3k/mymj0cx15f9c3m0kv4gch66h0000gn/T/1468458581332-0/src/anko-master/anko/library/robolectricTests/src/main/java/AndroidPropertiesTestActivity.kt: (65, 17): Unresolved reference: timePicker
e: /private/var/folders/3k/mymj0cx15f9c3m0kv4gch66h0000gn/T/1468458581332-0/src/anko-master/anko/library/robolectricTests/src/main/java/AndroidPropertiesTestActivity.kt: (66, 21): Unresolved reference: currentHour
e: /private/var/folders/3k/mymj0cx15f9c3m0kv4gch66h0000gn/T/1468458581332-0/src/anko-master/anko/library/robolectricTests/src/main/java/AndroidPropertiesTestActivity.kt: (68, 17): Unresolved reference: zoomControls
e: /private/var/folders/3k/mymj0cx15f9c3m0kv4gch66h0000gn/T/1468458581332-0/src/anko-master/anko/library/robolectricTests/src/main/java/AndroidPropertiesTestActivity.kt: (69, 17): Unresolved reference: imageView
e: /private/var/folders/3k/mymj0cx15f9c3m0kv4gch66h0000gn/T/1468458581332-0/src/anko-master/anko/library/robolectricTests/src/main/java/AndroidPropertiesTestActivity.kt: (70, 21): Unresolved reference: baseline
e: /private/var/folders/3k/mymj0cx15f9c3m0kv4gch66h0000gn/T/1468458581332-0/src/anko-master/anko/library/robolectricTests/src/main/java/AndroidPropertiesTestActivity.kt: (71, 21): Unresolved reference: imageMatrix
e: /private/var/folders/3k/mymj0cx15f9c3m0kv4gch66h0000gn/T/1468458581332-0/src/anko-master/anko/library/robolectricTests/src/main/java/AndroidPropertiesTestActivity.kt: (73, 17): Unresolved reference: autoCompleteTextView
e: /private/var/folders/3k/mymj0cx15f9c3m0kv4gch66h0000gn/T/1468458581332-0/src/anko-master/anko/library/robolectricTests/src/main/java/AndroidPropertiesTestActivity.kt: (74, 21): Unresolved reference: dropDownAnchor
e: /private/var/folders/3k/mymj0cx15f9c3m0kv4gch66h0000gn/T/1468458581332-0/src/anko-master/anko/library/robolectricTests/src/main/java/AndroidPropertiesTestActivity.kt: (75, 21): Unresolved reference: dropDownHeight
e: /private/var/folders/3k/mymj0cx15f9c3m0kv4gch66h0000gn/T/1468458581332-0/src/anko-master/anko/library/robolectricTests/src/main/java/AndroidPropertiesTestActivity.kt: (76, 21): Unresolved reference: dropDownHorizontalOffset
e: /private/var/folders/3k/mymj0cx15f9c3m0kv4gch66h0000gn/T/1468458581332-0/src/anko-master/anko/library/robolectricTests/src/main/java/AndroidPropertiesTestActivity.kt: (77, 21): Unresolved reference: threshold
e: /private/var/folders/3k/mymj0cx15f9c3m0kv4gch66h0000gn/T/1468458581332-0/src/anko-master/anko/library/robolectricTests/src/main/java/AndroidPropertiesTestActivity.kt: (78, 21): Unresolved reference: validator
e: /private/var/folders/3k/mymj0cx15f9c3m0kv4gch66h0000gn/T/1468458581332-0/src/anko-master/anko/library/robolectricTests/src/main/java/AndroidPropertiesTestActivity.kt: (80, 17): Unresolved reference: switch
e: /private/var/folders/3k/mymj0cx15f9c3m0kv4gch66h0000gn/T/1468458581332-0/src/anko-master/anko/library/robolectricTests/src/main/java/AndroidPropertiesTestActivity.kt: (81, 21): Unresolved reference: textOff
e: /private/var/folders/3k/mymj0cx15f9c3m0kv4gch66h0000gn/T/1468458581332-0/src/anko-master/anko/library/robolectricTests/src/main/java/AndroidPropertiesTestActivity.kt: (83, 17): Unresolved reference: progressBar
e: /private/var/folders/3k/mymj0cx15f9c3m0kv4gch66h0000gn/T/1468458581332-0/src/anko-master/anko/library/robolectricTests/src/main/java/AndroidPropertiesTestActivity.kt: (84, 21): Unresolved reference: progress
e: /private/var/folders/3k/mymj0cx15f9c3m0kv4gch66h0000gn/T/1468458581332-0/src/anko-master/anko/library/robolectricTests/src/main/java/AndroidPropertiesTestActivity.kt: (85, 21): Unresolved reference: secondaryProgress
e: /private/var/folders/3k/mymj0cx15f9c3m0kv4gch66h0000gn/T/1468458581332-0/src/anko-master/anko/library/robolectricTests/src/main/java/AndroidPropertiesTestActivity.kt: (87, 17): Unresolved reference: space
e: /private/var/folders/3k/mymj0cx15f9c3m0kv4gch66h0000gn/T/1468458581332-0/src/anko-master/anko/library/robolectricTests/src/main/java/AndroidPropertiesTestActivity.kt: (88, 17): Unresolved reference: listView
e: /private/var/folders/3k/mymj0cx15f9c3m0kv4gch66h0000gn/T/1468458581332-0/src/anko-master/anko/library/robolectricTests/src/main/java/AndroidPropertiesTestActivity.kt: (89, 43): Unresolved reference: checkItemIds
e: /private/var/folders/3k/mymj0cx15f9c3m0kv4gch66h0000gn/T/1468458581332-0/src/anko-master/anko/library/robolectricTests/src/main/java/AndroidPropertiesTestActivity.kt: (90, 21): Unresolved reference: itemsCanFocus
e: /private/var/folders/3k/mymj0cx15f9c3m0kv4gch66h0000gn/T/1468458581332-0/src/anko-master/anko/library/robolectricTests/src/main/java/AndroidPropertiesTestActivity.kt: (91, 21): Unresolved reference: overscrollHeader
e: /private/var/folders/3k/mymj0cx15f9c3m0kv4gch66h0000gn/T/1468458581332-0/src/anko-master/anko/library/robolectricTests/src/main/java/AndroidPropertiesTestActivity.kt: (93, 17): Unresolved reference: gridView
e: /private/var/folders/3k/mymj0cx15f9c3m0kv4gch66h0000gn/T/1468458581332-0/src/anko-master/anko/library/robolectricTests/src/main/java/AndroidPropertiesTestActivity.kt: (94, 21): Unresolved reference: gravity
e: /private/var/folders/3k/mymj0cx15f9c3m0kv4gch66h0000gn/T/1468458581332-0/src/anko-master/anko/library/robolectricTests/src/main/java/AndroidPropertiesTestActivity.kt: (95, 21): Unresolved reference: numColumns
e: /private/var/folders/3k/mymj0cx15f9c3m0kv4gch66h0000gn/T/1468458581332-0/src/anko-master/anko/library/robolectricTests/src/main/java/AndroidPropertiesTestActivity.kt: (97, 17): Unresolved reference: spinner
e: /private/var/folders/3k/mymj0cx15f9c3m0kv4gch66h0000gn/T/1468458581332-0/src/anko-master/anko/library/robolectricTests/src/main/java/AndroidPropertiesTestActivity.kt: (98, 17): Unresolved reference: gallery
e: /private/var/folders/3k/mymj0cx15f9c3m0kv4gch66h0000gn/T/1468458581332-0/src/anko-master/anko/library/robolectricTests/src/main/java/AndroidPropertiesTestActivity.kt: (99, 17): Unresolved reference: imageSwitcher
e: /private/var/folders/3k/mymj0cx15f9c3m0kv4gch66h0000gn/T/1468458581332-0/src/anko-master/anko/library/robolectricTests/src/main/java/AndroidPropertiesTestActivity.kt: (100, 17): Unresolved reference: checkedTextView
e: /private/var/folders/3k/mymj0cx15f9c3m0kv4gch66h0000gn/T/1468458581332-0/src/anko-master/anko/library/robolectricTests/src/main/java/AndroidPropertiesTestActivity.kt: (101, 17): Unresolved reference: chronometer
e: /private/var/folders/3k/mymj0cx15f9c3m0kv4gch66h0000gn/T/1468458581332-0/src/anko-master/anko/library/robolectricTests/src/main/java/AndroidPropertiesTestActivity.kt: (102, 21): Unresolved reference: base
e: /private/var/folders/3k/mymj0cx15f9c3m0kv4gch66h0000gn/T/1468458581332-0/src/anko-master/anko/library/robolectricTests/src/main/java/AndroidPropertiesTestActivity.kt: (103, 21): Function invocation 'format(...)' expected
e: /private/var/folders/3k/mymj0cx15f9c3m0kv4gch66h0000gn/T/1468458581332-0/src/anko-master/anko/library/robolectricTests/src/main/java/AndroidPropertiesTestActivity.kt: (103, 21): Unresolved reference. None of the following candidates is applicable because of receiver type mismatch: 
@InlineOnly public inline fun String.format(locale: Locale, vararg args: Any?): String defined in kotlin.text
@InlineOnly public inline fun String.format(vararg args: Any?): String defined in kotlin.text
@InlineOnly public inline fun String.Companion.format(locale: Locale, format: String, vararg args: Any?): String defined in kotlin.text
@InlineOnly public inline fun String.Companion.format(format: String, vararg args: Any?): String defined in kotlin.text
e: /private/var/folders/3k/mymj0cx15f9c3m0kv4gch66h0000gn/T/1468458581332-0/src/anko-master/anko/library/robolectricTests/src/main/java/AndroidPropertiesTestActivity.kt: (106, 17): Unresolved reference: button
e: /private/var/folders/3k/mymj0cx15f9c3m0kv4gch66h0000gn/T/1468458581332-0/src/anko-master/anko/library/robolectricTests/src/main/java/AndroidPropertiesTestActivity.kt: (107, 17): Unresolved reference: editText
e: /private/var/folders/3k/mymj0cx15f9c3m0kv4gch66h0000gn/T/1468458581332-0/src/anko-master/anko/library/robolectricTests/src/main/java/AndroidPropertiesTestActivity.kt: (108, 17): Unresolved reference: ratingBar
e: /private/var/folders/3k/mymj0cx15f9c3m0kv4gch66h0000gn/T/1468458581332-0/src/anko-master/anko/library/robolectricTests/src/main/java/AndroidPropertiesTestActivity.kt: (109, 21): Unresolved reference: numStars
e: /private/var/folders/3k/mymj0cx15f9c3m0kv4gch66h0000gn/T/1468458581332-0/src/anko-master/anko/library/robolectricTests/src/main/java/AndroidPropertiesTestActivity.kt: (110, 21): Unresolved reference: rating
e: /private/var/folders/3k/mymj0cx15f9c3m0kv4gch66h0000gn/T/1468458581332-0/src/anko-master/anko/library/robolectricTests/src/main/java/AndroidPropertiesTestActivity.kt: (111, 21): Unresolved reference: stepSize
e: /private/var/folders/3k/mymj0cx15f9c3m0kv4gch66h0000gn/T/1468458581332-0/src/anko-master/anko/library/robolectricTests/src/main/java/AndroidPropertiesTestActivity.kt: (113, 17): Unresolved reference: stackView
e: /private/var/folders/3k/mymj0cx15f9c3m0kv4gch66h0000gn/T/1468458581332-0/src/anko-master/anko/library/robolectricTests/src/main/java/AndroidPropertiesTestActivity.kt: (114, 17): Unresolved reference: quickContactBadge
e: /private/var/folders/3k/mymj0cx15f9c3m0kv4gch66h0000gn/T/1468458581332-0/src/anko-master/anko/library/robolectricTests/src/main/java/AndroidPropertiesTestActivity.kt: (115, 17): Unresolved reference: twoLineListItem
e: /private/var/folders/3k/mymj0cx15f9c3m0kv4gch66h0000gn/T/1468458581332-0/src/anko-master/anko/library/robolectricTests/src/main/java/AndroidPropertiesTestActivity.kt: (116, 17): Unresolved reference: dialerFilter
e: /private/var/folders/3k/mymj0cx15f9c3m0kv4gch66h0000gn/T/1468458581332-0/src/anko-master/anko/library/robolectricTests/src/main/java/AndroidPropertiesTestActivity.kt: (117, 37): Unresolved reference: digits
e: /private/var/folders/3k/mymj0cx15f9c3m0kv4gch66h0000gn/T/1468458581332-0/src/anko-master/anko/library/robolectricTests/src/main/java/AndroidPropertiesTestActivity.kt: (119, 17): Unresolved reference: tabHost
e: /private/var/folders/3k/mymj0cx15f9c3m0kv4gch66h0000gn/T/1468458581332-0/src/anko-master/anko/library/robolectricTests/src/main/java/AndroidPropertiesTestActivity.kt: (120, 21): Unresolved reference: currentTab
e: /private/var/folders/3k/mymj0cx15f9c3m0kv4gch66h0000gn/T/1468458581332-0/src/anko-master/anko/library/robolectricTests/src/main/java/AndroidPropertiesTestActivity.kt: (121, 45): Unresolved reference: currentTabView
e: /private/var/folders/3k/mymj0cx15f9c3m0kv4gch66h0000gn/T/1468458581332-0/src/anko-master/anko/library/robolectricTests/src/main/java/AndroidPropertiesTestActivity.kt: (124, 17): Unresolved reference: viewAnimator
e: /private/var/folders/3k/mymj0cx15f9c3m0kv4gch66h0000gn/T/1468458581332-0/src/anko-master/anko/library/robolectricTests/src/main/java/AndroidPropertiesTestActivity.kt: (125, 17): Unresolved reference: expandableListView
e: /private/var/folders/3k/mymj0cx15f9c3m0kv4gch66h0000gn/T/1468458581332-0/src/anko-master/anko/library/robolectricTests/src/main/java/AndroidPropertiesTestActivity.kt: (126, 21): Unresolved reference: adapter
e: /private/var/folders/3k/mymj0cx15f9c3m0kv4gch66h0000gn/T/1468458581332-0/src/anko-master/anko/library/robolectricTests/src/main/java/AndroidPropertiesTestActivity.kt: (127, 48): Unresolved reference: selectedPosition
e: /private/var/folders/3k/mymj0cx15f9c3m0kv4gch66h0000gn/T/1468458581332-0/src/anko-master/anko/library/robolectricTests/src/main/java/AndroidPropertiesTestActivity.kt: (129, 17): Unresolved reference: viewFlipper
e: /private/var/folders/3k/mymj0cx15f9c3m0kv4gch66h0000gn/T/1468458581332-0/src/anko-master/anko/library/robolectricTests/src/main/java/AndroidSimpleTestActivity.kt: (5, 22): Unresolved reference: anko
e: /private/var/folders/3k/mymj0cx15f9c3m0kv4gch66h0000gn/T/1468458581332-0/src/anko-master/anko/library/robolectricTests/src/main/java/AndroidSimpleTestActivity.kt: (11, 9): Unresolved reference: UI
e: /private/var/folders/3k/mymj0cx15f9c3m0kv4gch66h0000gn/T/1468458581332-0/src/anko-master/anko/library/robolectricTests/src/main/java/AndroidSimpleTestActivity.kt: (12, 13): Unresolved reference: linearLayout
e: /private/var/folders/3k/mymj0cx15f9c3m0kv4gch66h0000gn/T/1468458581332-0/src/anko-master/anko/library/robolectricTests/src/main/java/AndroidSimpleTestActivity.kt: (13, 17): Unresolved reference: orientation
e: /private/var/folders/3k/mymj0cx15f9c3m0kv4gch66h0000gn/T/1468458581332-0/src/anko-master/anko/library/robolectricTests/src/main/java/AndroidSimpleTestActivity.kt: (14, 27): Unresolved reference: textView
e: /private/var/folders/3k/mymj0cx15f9c3m0kv4gch66h0000gn/T/1468458581332-0/src/anko-master/anko/library/robolectricTests/src/main/java/AndroidSimpleTestActivity.kt: (15, 21): Unresolved reference: text
e: /private/var/folders/3k/mymj0cx15f9c3m0kv4gch66h0000gn/T/1468458581332-0/src/anko-master/anko/library/robolectricTests/src/main/java/AndroidSimpleTestActivity.kt: (17, 26): Unresolved reference: button
e: /private/var/folders/3k/mymj0cx15f9c3m0kv4gch66h0000gn/T/1468458581332-0/src/anko-master/anko/library/robolectricTests/src/main/java/AndroidSimpleTestActivity.kt: (18, 21): Unresolved reference: text
e: /private/var/folders/3k/mymj0cx15f9c3m0kv4gch66h0000gn/T/1468458581332-0/src/anko-master/anko/library/robolectricTests/src/main/java/AndroidSimpleTestActivity.kt: (19, 21): Unresolved reference: onClick
e: /private/var/folders/3k/mymj0cx15f9c3m0kv4gch66h0000gn/T/1468458581332-0/src/anko-master/anko/library/robolectricTests/src/main/java/AndroidSimpleTestActivity.kt: (22, 21): Unresolved reference: setOnClickListener
e: /private/var/folders/3k/mymj0cx15f9c3m0kv4gch66h0000gn/T/1468458581332-0/src/anko-master/anko/library/robolectricTests/src/main/java/AndroidSimpleTestActivity.kt: (23, 36): Unresolved reference: text
e: /private/var/folders/3k/mymj0cx15f9c3m0kv4gch66h0000gn/T/1468458581332-0/src/anko-master/anko/library/robolectricTests/src/main/java/AndroidSimpleTestActivity.kt: (26, 17): Unresolved reference: linearLayout
e: /private/var/folders/3k/mymj0cx15f9c3m0kv4gch66h0000gn/T/1468458581332-0/src/anko-master/anko/library/robolectricTests/src/main/java/AndroidSimpleTestActivity.kt: (27, 21): Unresolved reference: orientation
e: /private/var/folders/3k/mymj0cx15f9c3m0kv4gch66h0000gn/T/1468458581332-0/src/anko-master/anko/library/robolectricTests/src/main/java/AndroidSimpleTestActivity.kt: (28, 21): Unresolved reference: checkBox
e: /private/var/folders/3k/mymj0cx15f9c3m0kv4gch66h0000gn/T/1468458581332-0/src/anko-master/anko/library/robolectricTests/src/main/java/AndroidSimpleTestActivity.kt: (29, 25): Unresolved reference: text
e: /private/var/folders/3k/mymj0cx15f9c3m0kv4gch66h0000gn/T/1468458581332-0/src/anko-master/anko/library/robolectricTests/src/main/java/AndroidSimpleTestActivity.kt: (31, 30): Unresolved reference: button
e: /private/var/folders/3k/mymj0cx15f9c3m0kv4gch66h0000gn/T/1468458581332-0/src/anko-master/anko/library/robolectricTests/src/main/java/AndroidSimpleTestActivity.kt: (32, 25): Unresolved reference: text
e: /private/var/folders/3k/mymj0cx15f9c3m0kv4gch66h0000gn/T/1468458581332-0/src/anko-master/anko/library/robolectricTests/src/main/java/AndroidWidgetTestActivity.kt: (5, 22): Unresolved reference: anko
e: /private/var/folders/3k/mymj0cx15f9c3m0kv4gch66h0000gn/T/1468458581332-0/src/anko-master/anko/library/robolectricTests/src/main/java/AndroidWidgetTestActivity.kt: (11, 9): Unresolved reference: UI
e: /private/var/folders/3k/mymj0cx15f9c3m0kv4gch66h0000gn/T/1468458581332-0/src/anko-master/anko/library/robolectricTests/src/main/java/AndroidWidgetTestActivity.kt: (12, 13): Unresolved reference: verticalLayout
e: /private/var/folders/3k/mymj0cx15f9c3m0kv4gch66h0000gn/T/1468458581332-0/src/anko-master/anko/library/robolectricTests/src/main/java/AndroidWidgetTestActivity.kt: (13, 17): Unresolved reference: textSwitcher
e: /private/var/folders/3k/mymj0cx15f9c3m0kv4gch66h0000gn/T/1468458581332-0/src/anko-master/anko/library/robolectricTests/src/main/java/AndroidWidgetTestActivity.kt: (14, 17): Unresolved reference: calendarView
e: /private/var/folders/3k/mymj0cx15f9c3m0kv4gch66h0000gn/T/1468458581332-0/src/anko-master/anko/library/robolectricTests/src/main/java/AndroidWidgetTestActivity.kt: (15, 17): Unresolved reference: zoomButton
e: /private/var/folders/3k/mymj0cx15f9c3m0kv4gch66h0000gn/T/1468458581332-0/src/anko-master/anko/library/robolectricTests/src/main/java/AndroidWidgetTestActivity.kt: (16, 17): Unresolved reference: viewSwitcher
e: /private/var/folders/3k/mymj0cx15f9c3m0kv4gch66h0000gn/T/1468458581332-0/src/anko-master/anko/library/robolectricTests/src/main/java/AndroidWidgetTestActivity.kt: (17, 17): Unresolved reference: digitalClock
e: /private/var/folders/3k/mymj0cx15f9c3m0kv4gch66h0000gn/T/1468458581332-0/src/anko-master/anko/library/robolectricTests/src/main/java/AndroidWidgetTestActivity.kt: (18, 17): Unresolved reference: multiAutoCompleteTextView
e: /private/var/folders/3k/mymj0cx15f9c3m0kv4gch66h0000gn/T/1468458581332-0/src/anko-master/anko/library/robolectricTests/src/main/java/AndroidWidgetTestActivity.kt: (19, 17): Unresolved reference: checkBox
e: /private/var/folders/3k/mymj0cx15f9c3m0kv4gch66h0000gn/T/1468458581332-0/src/anko-master/anko/library/robolectricTests/src/main/java/AndroidWidgetTestActivity.kt: (20, 17): Unresolved reference: imageButton
e: /private/var/folders/3k/mymj0cx15f9c3m0kv4gch66h0000gn/T/1468458581332-0/src/anko-master/anko/library/robolectricTests/src/main/java/AndroidWidgetTestActivity.kt: (21, 17): Unresolved reference: videoView
e: /private/var/folders/3k/mymj0cx15f9c3m0kv4gch66h0000gn/T/1468458581332-0/src/anko-master/anko/library/robolectricTests/src/main/java/AndroidWidgetTestActivity.kt: (22, 17): Unresolved reference: horizontalScrollView
e: /private/var/folders/3k/mymj0cx15f9c3m0kv4gch66h0000gn/T/1468458581332-0/src/anko-master/anko/library/robolectricTests/src/main/java/AndroidWidgetTestActivity.kt: (23, 17): Unresolved reference: numberPicker
e: /private/var/folders/3k/mymj0cx15f9c3m0kv4gch66h0000gn/T/1468458581332-0/src/anko-master/anko/library/robolectricTests/src/main/java/AndroidWidgetTestActivity.kt: (24, 17): Unresolved reference: analogClock
e: /private/var/folders/3k/mymj0cx15f9c3m0kv4gch66h0000gn/T/1468458581332-0/src/anko-master/anko/library/robolectricTests/src/main/java/AndroidWidgetTestActivity.kt: (25, 17): Unresolved reference: scrollView
e: /private/var/folders/3k/mymj0cx15f9c3m0kv4gch66h0000gn/T/1468458581332-0/src/anko-master/anko/library/robolectricTests/src/main/java/AndroidWidgetTestActivity.kt: (26, 17): Unresolved reference: textView
e: /private/var/folders/3k/mymj0cx15f9c3m0kv4gch66h0000gn/T/1468458581332-0/src/anko-master/anko/library/robolectricTests/src/main/java/AndroidWidgetTestActivity.kt: (27, 17): Unresolved reference: tabWidget
e: /private/var/folders/3k/mymj0cx15f9c3m0kv4gch66h0000gn/T/1468458581332-0/src/anko-master/anko/library/robolectricTests/src/main/java/AndroidWidgetTestActivity.kt: (28, 17): Unresolved reference: radioButton
e: /private/var/folders/3k/mymj0cx15f9c3m0kv4gch66h0000gn/T/1468458581332-0/src/anko-master/anko/library/robolectricTests/src/main/java/AndroidWidgetTestActivity.kt: (29, 17): Unresolved reference: toggleButton
e: /private/var/folders/3k/mymj0cx15f9c3m0kv4gch66h0000gn/T/1468458581332-0/src/anko-master/anko/library/robolectricTests/src/main/java/AndroidWidgetTestActivity.kt: (30, 17): Unresolved reference: seekBar
e: /private/var/folders/3k/mymj0cx15f9c3m0kv4gch66h0000gn/T/1468458581332-0/src/anko-master/anko/library/robolectricTests/src/main/java/AndroidWidgetTestActivity.kt: (31, 17): Unresolved reference: datePicker
e: /private/var/folders/3k/mymj0cx15f9c3m0kv4gch66h0000gn/T/1468458581332-0/src/anko-master/anko/library/robolectricTests/src/main/java/AndroidWidgetTestActivity.kt: (32, 17): Unresolved reference: radioGroup
e: /private/var/folders/3k/mymj0cx15f9c3m0kv4gch66h0000gn/T/1468458581332-0/src/anko-master/anko/library/robolectricTests/src/main/java/AndroidWidgetTestActivity.kt: (33, 17): Unresolved reference: timePicker
e: /private/var/folders/3k/mymj0cx15f9c3m0kv4gch66h0000gn/T/1468458581332-0/src/anko-master/anko/library/robolectricTests/src/main/java/AndroidWidgetTestActivity.kt: (34, 17): Unresolved reference: zoomControls
e: /private/var/folders/3k/mymj0cx15f9c3m0kv4gch66h0000gn/T/1468458581332-0/src/anko-master/anko/library/robolectricTests/src/main/java/AndroidWidgetTestActivity.kt: (35, 17): Unresolved reference: imageView
e: /private/var/folders/3k/mymj0cx15f9c3m0kv4gch66h0000gn/T/1468458581332-0/src/anko-master/anko/library/robolectricTests/src/main/java/AndroidWidgetTestActivity.kt: (36, 17): Unresolved reference: searchView
e: /private/var/folders/3k/mymj0cx15f9c3m0kv4gch66h0000gn/T/1468458581332-0/src/anko-master/anko/library/robolectricTests/src/main/java/AndroidWidgetTestActivity.kt: (37, 17): Unresolved reference: autoCompleteTextView
e: /private/var/folders/3k/mymj0cx15f9c3m0kv4gch66h0000gn/T/1468458581332-0/src/anko-master/anko/library/robolectricTests/src/main/java/AndroidWidgetTestActivity.kt: (38, 17): Unresolved reference: switch
e: /private/var/folders/3k/mymj0cx15f9c3m0kv4gch66h0000gn/T/1468458581332-0/src/anko-master/anko/library/robolectricTests/src/main/java/AndroidWidgetTestActivity.kt: (39, 17): Unresolved reference: progressBar
e: /private/var/folders/3k/mymj0cx15f9c3m0kv4gch66h0000gn/T/1468458581332-0/src/anko-master/anko/library/robolectricTests/src/main/java/AndroidWidgetTestActivity.kt: (40, 17): Unresolved reference: space
e: /private/var/folders/3k/mymj0cx15f9c3m0kv4gch66h0000gn/T/1468458581332-0/src/anko-master/anko/library/robolectricTests/src/main/java/AndroidWidgetTestActivity.kt: (41, 17): Unresolved reference: listView
e: /private/var/folders/3k/mymj0cx15f9c3m0kv4gch66h0000gn/T/1468458581332-0/src/anko-master/anko/library/robolectricTests/src/main/java/AndroidWidgetTestActivity.kt: (42, 17): Unresolved reference: gridView
e: /private/var/folders/3k/mymj0cx15f9c3m0kv4gch66h0000gn/T/1468458581332-0/src/anko-master/anko/library/robolectricTests/src/main/java/AndroidWidgetTestActivity.kt: (43, 17): Unresolved reference: spinner
e: /private/var/folders/3k/mymj0cx15f9c3m0kv4gch66h0000gn/T/1468458581332-0/src/anko-master/anko/library/robolectricTests/src/main/java/AndroidWidgetTestActivity.kt: (44, 17): Unresolved reference: gallery
e: /private/var/folders/3k/mymj0cx15f9c3m0kv4gch66h0000gn/T/1468458581332-0/src/anko-master/anko/library/robolectricTests/src/main/java/AndroidWidgetTestActivity.kt: (45, 17): Unresolved reference: imageSwitcher
e: /private/var/folders/3k/mymj0cx15f9c3m0kv4gch66h0000gn/T/1468458581332-0/src/anko-master/anko/library/robolectricTests/src/main/java/AndroidWidgetTestActivity.kt: (46, 17): Unresolved reference: checkedTextView
e: /private/var/folders/3k/mymj0cx15f9c3m0kv4gch66h0000gn/T/1468458581332-0/src/anko-master/anko/library/robolectricTests/src/main/java/AndroidWidgetTestActivity.kt: (47, 17): Unresolved reference: chronometer
e: /private/var/folders/3k/mymj0cx15f9c3m0kv4gch66h0000gn/T/1468458581332-0/src/anko-master/anko/library/robolectricTests/src/main/java/AndroidWidgetTestActivity.kt: (48, 17): Unresolved reference: button
e: /private/var/folders/3k/mymj0cx15f9c3m0kv4gch66h0000gn/T/1468458581332-0/src/anko-master/anko/library/robolectricTests/src/main/java/AndroidWidgetTestActivity.kt: (49, 17): Unresolved reference: editText
e: /private/var/folders/3k/mymj0cx15f9c3m0kv4gch66h0000gn/T/1468458581332-0/src/anko-master/anko/library/robolectricTests/src/main/java/AndroidWidgetTestActivity.kt: (50, 17): Unresolved reference: ratingBar
e: /private/var/folders/3k/mymj0cx15f9c3m0kv4gch66h0000gn/T/1468458581332-0/src/anko-master/anko/library/robolectricTests/src/main/java/AndroidWidgetTestActivity.kt: (51, 17): Unresolved reference: stackView
e: /private/var/folders/3k/mymj0cx15f9c3m0kv4gch66h0000gn/T/1468458581332-0/src/anko-master/anko/library/robolectricTests/src/main/java/AndroidWidgetTestActivity.kt: (52, 17): Unresolved reference: quickContactBadge
e: /private/var/folders/3k/mymj0cx15f9c3m0kv4gch66h0000gn/T/1468458581332-0/src/anko-master/anko/library/robolectricTests/src/main/java/AndroidWidgetTestActivity.kt: (53, 17): Unresolved reference: twoLineListItem
e: /private/var/folders/3k/mymj0cx15f9c3m0kv4gch66h0000gn/T/1468458581332-0/src/anko-master/anko/library/robolectricTests/src/main/java/AndroidWidgetTestActivity.kt: (54, 17): Unresolved reference: dialerFilter
e: /private/var/folders/3k/mymj0cx15f9c3m0kv4gch66h0000gn/T/1468458581332-0/src/anko-master/anko/library/robolectricTests/src/main/java/AndroidWidgetTestActivity.kt: (55, 17): Unresolved reference: tabHost
e: /private/var/folders/3k/mymj0cx15f9c3m0kv4gch66h0000gn/T/1468458581332-0/src/anko-master/anko/library/robolectricTests/src/main/java/AndroidWidgetTestActivity.kt: (56, 17): Unresolved reference: viewAnimator
e: /private/var/folders/3k/mymj0cx15f9c3m0kv4gch66h0000gn/T/1468458581332-0/src/anko-master/anko/library/robolectricTests/src/main/java/AndroidWidgetTestActivity.kt: (57, 17): Unresolved reference: expandableListView
e: /private/var/folders/3k/mymj0cx15f9c3m0kv4gch66h0000gn/T/1468458581332-0/src/anko-master/anko/library/robolectricTests/src/main/java/AndroidWidgetTestActivity.kt: (58, 17): Unresolved reference: viewFlipper
 FAILED

FAILURE: Build failed with an exception.

* What went wrong:
Execution failed for task ':compileDebugKotlin'.
> Compilation error. See log for more details

* Try:
Run with --info or --debug option to get more log output.

* Exception is:
org.gradle.api.tasks.TaskExecutionException: Execution failed for task ':compileDebugKotlin'.
	at org.gradle.api.internal.tasks.execution.ExecuteActionsTaskExecuter.executeActions(ExecuteActionsTaskExecuter.java:69)
	at org.gradle.api.internal.tasks.execution.ExecuteActionsTaskExecuter.execute(ExecuteActionsTaskExecuter.java:46)
	at org.gradle.api.internal.tasks.execution.PostExecutionAnalysisTaskExecuter.execute(PostExecutionAnalysisTaskExecuter.java:35)
	at org.gradle.api.internal.tasks.execution.SkipUpToDateTaskExecuter.execute(SkipUpToDateTaskExecuter.java:64)
	at org.gradle.api.internal.tasks.execution.ValidatingTaskExecuter.execute(ValidatingTaskExecuter.java:58)
	at org.gradle.api.internal.tasks.execution.SkipEmptySourceFilesTaskExecuter.execute(SkipEmptySourceFilesTaskExecuter.java:52)
	at org.gradle.api.internal.tasks.execution.SkipTaskWithNoActionsExecuter.execute(SkipTaskWithNoActionsExecuter.java:52)
	at org.gradle.api.internal.tasks.execution.SkipOnlyIfTaskExecuter.execute(SkipOnlyIfTaskExecuter.java:53)
	at org.gradle.api.internal.tasks.execution.ExecuteAtMostOnceTaskExecuter.execute(ExecuteAtMostOnceTaskExecuter.java:43)
	at org.gradle.execution.taskgraph.DefaultTaskGraphExecuter$EventFiringTaskWorker.execute(DefaultTaskGraphExecuter.java:203)
	at org.gradle.execution.taskgraph.DefaultTaskGraphExecuter$EventFiringTaskWorker.execute(DefaultTaskGraphExecuter.java:185)
	at org.gradle.execution.taskgraph.AbstractTaskPlanExecutor$TaskExecutorWorker.processTask(AbstractTaskPlanExecutor.java:66)
	at org.gradle.execution.taskgraph.AbstractTaskPlanExecutor$TaskExecutorWorker.run(AbstractTaskPlanExecutor.java:50)
	at org.gradle.execution.taskgraph.DefaultTaskPlanExecutor.process(DefaultTaskPlanExecutor.java:25)
	at org.gradle.execution.taskgraph.DefaultTaskGraphExecuter.execute(DefaultTaskGraphExecuter.java:110)
	at org.gradle.execution.SelectedTaskExecutionAction.execute(SelectedTaskExecutionAction.java:37)
	at org.gradle.execution.DefaultBuildExecuter.execute(DefaultBuildExecuter.java:37)
	at org.gradle.execution.DefaultBuildExecuter.access$000(DefaultBuildExecuter.java:23)
	at org.gradle.execution.DefaultBuildExecuter$1.proceed(DefaultBuildExecuter.java:43)
	at org.gradle.execution.DryRunBuildExecutionAction.execute(DryRunBuildExecutionAction.java:32)
	at org.gradle.execution.DefaultBuildExecuter.execute(DefaultBuildExecuter.java:37)
	at org.gradle.execution.DefaultBuildExecuter.execute(DefaultBuildExecuter.java:30)
	at org.gradle.initialization.DefaultGradleLauncher$4.run(DefaultGradleLauncher.java:154)
	at org.gradle.internal.Factories$1.create(Factories.java:22)
	at org.gradle.internal.progress.DefaultBuildOperationExecutor.run(DefaultBuildOperationExecutor.java:90)
	at org.gradle.internal.progress.DefaultBuildOperationExecutor.run(DefaultBuildOperationExecutor.java:52)
	at org.gradle.initialization.DefaultGradleLauncher.doBuildStages(DefaultGradleLauncher.java:151)
	at org.gradle.initialization.DefaultGradleLauncher.access$200(DefaultGradleLauncher.java:32)
	at org.gradle.initialization.DefaultGradleLauncher$1.create(DefaultGradleLauncher.java:99)
	at org.gradle.initialization.DefaultGradleLauncher$1.create(DefaultGradleLauncher.java:93)
	at org.gradle.internal.progress.DefaultBuildOperationExecutor.run(DefaultBuildOperationExecutor.java:90)
	at org.gradle.internal.progress.DefaultBuildOperationExecutor.run(DefaultBuildOperationExecutor.java:62)
	at org.gradle.initialization.DefaultGradleLauncher.doBuild(DefaultGradleLauncher.java:93)
	at org.gradle.initialization.DefaultGradleLauncher.run(DefaultGradleLauncher.java:82)
	at org.gradle.launcher.exec.InProcessBuildActionExecuter$DefaultBuildController.run(InProcessBuildActionExecuter.java:94)
	at org.gradle.tooling.internal.provider.ExecuteBuildActionRunner.run(ExecuteBuildActionRunner.java:28)
	at org.gradle.launcher.exec.ChainingBuildActionRunner.run(ChainingBuildActionRunner.java:35)
	at org.gradle.launcher.exec.InProcessBuildActionExecuter.execute(InProcessBuildActionExecuter.java:43)
	at org.gradle.launcher.exec.InProcessBuildActionExecuter.execute(InProcessBuildActionExecuter.java:28)
	at org.gradle.launcher.exec.ContinuousBuildActionExecuter.execute(ContinuousBuildActionExecuter.java:78)
	at org.gradle.launcher.exec.ContinuousBuildActionExecuter.execute(ContinuousBuildActionExecuter.java:48)
	at org.gradle.launcher.exec.DaemonUsageSuggestingBuildActionExecuter.execute(DaemonUsageSuggestingBuildActionExecuter.java:51)
	at org.gradle.launcher.exec.DaemonUsageSuggestingBuildActionExecuter.execute(DaemonUsageSuggestingBuildActionExecuter.java:28)
	at org.gradle.launcher.cli.RunBuildAction.run(RunBuildAction.java:43)
	at org.gradle.internal.Actions$RunnableActionAdapter.execute(Actions.java:170)
	at org.gradle.launcher.cli.CommandLineActionFactory$ParseAndBuildAction.execute(CommandLineActionFactory.java:237)
	at org.gradle.launcher.cli.CommandLineActionFactory$ParseAndBuildAction.execute(CommandLineActionFactory.java:210)
	at org.gradle.launcher.cli.JavaRuntimeValidationAction.execute(JavaRuntimeValidationAction.java:35)
	at org.gradle.launcher.cli.JavaRuntimeValidationAction.execute(JavaRuntimeValidationAction.java:24)
	at org.gradle.launcher.cli.CommandLineActionFactory$WithLogging.execute(CommandLineActionFactory.java:206)
	at org.gradle.launcher.cli.CommandLineActionFactory$WithLogging.execute(CommandLineActionFactory.java:169)
	at org.gradle.launcher.cli.ExceptionReportingAction.execute(ExceptionReportingAction.java:33)
	at org.gradle.launcher.cli.ExceptionReportingAction.execute(ExceptionReportingAction.java:22)
	at org.gradle.launcher.Main.doAction(Main.java:33)
	at org.gradle.launcher.bootstrap.EntryPoint.run(EntryPoint.java:45)
	at org.gradle.launcher.bootstrap.ProcessBootstrap.runNoExit(ProcessBootstrap.java:54)
	at org.gradle.launcher.bootstrap.ProcessBootstrap.run(ProcessBootstrap.java:35)
	at org.gradle.launcher.GradleMain.main(GradleMain.java:23)
	at org.gradle.wrapper.BootstrapMainStarter.start(BootstrapMainStarter.java:33)
	at org.gradle.wrapper.WrapperExecutor.execute(WrapperExecutor.java:130)
	at org.gradle.wrapper.GradleWrapperMain.main(GradleWrapperMain.java:48)
Caused by: org.gradle.api.GradleException: Compilation error. See log for more details
	at org.jetbrains.kotlin.gradle.tasks.KotlinCompile$callCompiler$10.invoke(Tasks.kt:361)
	at org.jetbrains.kotlin.gradle.tasks.KotlinCompile.callCompiler(Tasks.kt:370)
	at org.jetbrains.kotlin.gradle.tasks.KotlinCompile.callCompiler(Tasks.kt:149)
	at org.jetbrains.kotlin.gradle.tasks.AbstractKotlinCompile.execute(Tasks.kt:110)
	at org.gradle.internal.reflect.JavaMethod.invoke(JavaMethod.java:75)
	at org.gradle.api.internal.project.taskfactory.AnnotationProcessingTaskFactory$IncrementalTaskAction.doExecute(AnnotationProcessingTaskFactory.java:244)
	at org.gradle.api.internal.project.taskfactory.AnnotationProcessingTaskFactory$StandardTaskAction.execute(AnnotationProcessingTaskFactory.java:220)
	at org.gradle.api.internal.project.taskfactory.AnnotationProcessingTaskFactory$IncrementalTaskAction.execute(AnnotationProcessingTaskFactory.java:231)
	at org.gradle.api.internal.project.taskfactory.AnnotationProcessingTaskFactory$StandardTaskAction.execute(AnnotationProcessingTaskFactory.java:209)
	at org.gradle.api.internal.tasks.execution.ExecuteActionsTaskExecuter.executeAction(ExecuteActionsTaskExecuter.java:80)
	at org.gradle.api.internal.tasks.execution.ExecuteActionsTaskExecuter.executeActions(ExecuteActionsTaskExecuter.java:61)
	... 60 more


BUILD FAILED

Total time: 23.927 secs

2016-07-14 07:10:28,416 ERROR c.g.v.a.s.a.ProjectBuildService - Can not build project using script "/var/folders/3k/mymj0cx15f9c3m0kv4gch66h0000gn/T/1468458581332-0/src/anko-master/anko/library/robolectricTests/build.gradle"
2016-07-14 07:10:28,456 INFO  c.g.v.a.s.a.ProjectTaskService - Detecting possible tasks...
2016-07-14 07:10:28,457 INFO  c.g.v.a.u.SysUtils - Execute command: [/var/folders/3k/mymj0cx15f9c3m0kv4gch66h0000gn/T/1468458581332-0/src/anko-master/anko/props/mvn/gradlew, -b, /var/folders/3k/mymj0cx15f9c3m0kv4gch66h0000gn/T/1468458581332-0/src/anko-master/anko/props/mvn/build.gradle, tasks]
2016-07-14 07:10:43,497 ERROR c.g.v.a.s.a.ProjectTaskService - Could not detect possible Gradle tasks: Process exited with an error: 1 (Exit value: 1)
2016-07-14 07:10:43,497 INFO  c.g.v.a.s.a.ProjectTaskService - Detected possible tasks: 0
2016-07-14 07:10:43,498 INFO  c.g.v.a.s.a.ProjectTaskService - Excluded tasks: none
2016-07-14 07:10:43,498 INFO  c.g.v.a.u.SysUtils - Execute command: [/var/folders/3k/mymj0cx15f9c3m0kv4gch66h0000gn/T/1468458581332-0/src/anko-master/anko/props/mvn/gradlew, -b, /var/folders/3k/mymj0cx15f9c3m0kv4gch66h0000gn/T/1468458581332-0/src/anko-master/anko/props/mvn/build.gradle, --stacktrace, build]
2016-07-14 07:10:51,659 INFO  c.g.v.a.s.a.ProjectBuildService - Failed to notify ProjectEvaluationListener.afterEvaluate(), but primary configuration failure takes precedence.
java.lang.IllegalStateException: buildToolsVersion is not specified.
	at com.google.common.base.Preconditions.checkState(Preconditions.java:176)
	at com.android.build.gradle.BasePlugin.createAndroidTasks(BasePlugin.java:599)
	at com.android.build.gradle.BasePlugin$10$1.call(BasePlugin.java:566)
	at com.android.build.gradle.BasePlugin$10$1.call(BasePlugin.java:563)
	at com.android.builder.profile.ThreadRecorder$1.record(ThreadRecorder.java:55)
	at com.android.builder.profile.ThreadRecorder$1.record(ThreadRecorder.java:47)
	at com.android.build.gradle.BasePlugin$10.execute(BasePlugin.java:562)
	at com.android.build.gradle.BasePlugin$10.execute(BasePlugin.java:559)
	at org.gradle.internal.event.BroadcastDispatch$ActionInvocationHandler.dispatch(BroadcastDispatch.java:93)
	at org.gradle.internal.event.BroadcastDispatch$ActionInvocationHandler.dispatch(BroadcastDispatch.java:82)
	at org.gradle.internal.event.AbstractBroadcastDispatch.dispatch(AbstractBroadcastDispatch.java:44)
	at org.gradle.internal.event.BroadcastDispatch.dispatch(BroadcastDispatch.java:79)
	at org.gradle.internal.event.BroadcastDispatch.dispatch(BroadcastDispatch.java:30)
	at org.gradle.messaging.dispatch.ProxyDispatchAdapter$DispatchingInvocationHandler.invoke(ProxyDispatchAdapter.java:93)
	at com.sun.proxy.$Proxy11.afterEvaluate(Unknown Source)
	at org.gradle.configuration.project.LifecycleProjectEvaluator.notifyAfterEvaluate(LifecycleProjectEvaluator.java:67)
	at org.gradle.configuration.project.LifecycleProjectEvaluator.evaluate(LifecycleProjectEvaluator.java:61)
	at org.gradle.api.internal.project.AbstractProject.evaluate(AbstractProject.java:510)
	at org.gradle.api.internal.project.AbstractProject.evaluate(AbstractProject.java:90)
	at org.gradle.execution.TaskPathProjectEvaluator.configureHierarchy(TaskPathProjectEvaluator.java:42)
	at org.gradle.configuration.DefaultBuildConfigurer.configure(DefaultBuildConfigurer.java:35)
	at org.gradle.initialization.DefaultGradleLauncher$2.run(DefaultGradleLauncher.java:125)
	at org.gradle.internal.Factories$1.create(Factories.java:22)
	at org.gradle.internal.progress.DefaultBuildOperationExecutor.run(DefaultBuildOperationExecutor.java:90)
	at org.gradle.internal.progress.DefaultBuildOperationExecutor.run(DefaultBuildOperationExecutor.java:52)
	at org.gradle.initialization.DefaultGradleLauncher.doBuildStages(DefaultGradleLauncher.java:122)
	at org.gradle.initialization.DefaultGradleLauncher.access$200(DefaultGradleLauncher.java:32)
	at org.gradle.initialization.DefaultGradleLauncher$1.create(DefaultGradleLauncher.java:99)
	at org.gradle.initialization.DefaultGradleLauncher$1.create(DefaultGradleLauncher.java:93)
	at org.gradle.internal.progress.DefaultBuildOperationExecutor.run(DefaultBuildOperationExecutor.java:90)
	at org.gradle.internal.progress.DefaultBuildOperationExecutor.run(DefaultBuildOperationExecutor.java:62)
	at org.gradle.initialization.DefaultGradleLauncher.doBuild(DefaultGradleLauncher.java:93)
	at org.gradle.initialization.DefaultGradleLauncher.run(DefaultGradleLauncher.java:82)
	at org.gradle.launcher.exec.InProcessBuildActionExecuter$DefaultBuildController.run(InProcessBuildActionExecuter.java:94)
	at org.gradle.tooling.internal.provider.ExecuteBuildActionRunner.run(ExecuteBuildActionRunner.java:28)
	at org.gradle.launcher.exec.ChainingBuildActionRunner.run(ChainingBuildActionRunner.java:35)
	at org.gradle.launcher.exec.InProcessBuildActionExecuter.execute(InProcessBuildActionExecuter.java:43)
	at org.gradle.launcher.exec.InProcessBuildActionExecuter.execute(InProcessBuildActionExecuter.java:28)
	at org.gradle.launcher.exec.ContinuousBuildActionExecuter.execute(ContinuousBuildActionExecuter.java:78)
	at org.gradle.launcher.exec.ContinuousBuildActionExecuter.execute(ContinuousBuildActionExecuter.java:48)
	at org.gradle.launcher.exec.DaemonUsageSuggestingBuildActionExecuter.execute(DaemonUsageSuggestingBuildActionExecuter.java:51)
	at org.gradle.launcher.exec.DaemonUsageSuggestingBuildActionExecuter.execute(DaemonUsageSuggestingBuildActionExecuter.java:28)
	at org.gradle.launcher.cli.RunBuildAction.run(RunBuildAction.java:43)
	at org.gradle.internal.Actions$RunnableActionAdapter.execute(Actions.java:170)
	at org.gradle.launcher.cli.CommandLineActionFactory$ParseAndBuildAction.execute(CommandLineActionFactory.java:237)
	at org.gradle.launcher.cli.CommandLineActionFactory$ParseAndBuildAction.execute(CommandLineActionFactory.java:210)
	at org.gradle.launcher.cli.JavaRuntimeValidationAction.execute(JavaRuntimeValidationAction.java:35)
	at org.gradle.launcher.cli.JavaRuntimeValidationAction.execute(JavaRuntimeValidationAction.java:24)
	at org.gradle.launcher.cli.CommandLineActionFactory$WithLogging.execute(CommandLineActionFactory.java:206)
	at org.gradle.launcher.cli.CommandLineActionFactory$WithLogging.execute(CommandLineActionFactory.java:169)
	at org.gradle.launcher.cli.ExceptionReportingAction.execute(ExceptionReportingAction.java:33)
	at org.gradle.launcher.cli.ExceptionReportingAction.execute(ExceptionReportingAction.java:22)
	at org.gradle.launcher.Main.doAction(Main.java:33)
	at org.gradle.launcher.bootstrap.EntryPoint.run(EntryPoint.java:45)
	at sun.reflect.NativeMethodAccessorImpl.invoke0(Native Method)
	at sun.reflect.NativeMethodAccessorImpl.invoke(NativeMethodAccessorImpl.java:62)
	at sun.reflect.DelegatingMethodAccessorImpl.invoke(DelegatingMethodAccessorImpl.java:43)
	at java.lang.reflect.Method.invoke(Method.java:497)
	at org.gradle.launcher.bootstrap.ProcessBootstrap.runNoExit(ProcessBootstrap.java:54)
	at org.gradle.launcher.bootstrap.ProcessBootstrap.run(ProcessBootstrap.java:35)
	at org.gradle.launcher.GradleMain.main(GradleMain.java:23)
	at sun.reflect.NativeMethodAccessorImpl.invoke0(Native Method)
	at sun.reflect.NativeMethodAccessorImpl.invoke(NativeMethodAccessorImpl.java:62)
	at sun.reflect.DelegatingMethodAccessorImpl.invoke(DelegatingMethodAccessorImpl.java:43)
	at java.lang.reflect.Method.invoke(Method.java:497)
	at org.gradle.wrapper.BootstrapMainStarter.start(BootstrapMainStarter.java:33)
	at org.gradle.wrapper.WrapperExecutor.execute(WrapperExecutor.java:130)
	at org.gradle.wrapper.GradleWrapperMain.main(GradleWrapperMain.java:48)

FAILURE: Build failed with an exception.

* Where:
Build file '/private/var/folders/3k/mymj0cx15f9c3m0kv4gch66h0000gn/T/1468458581332-0/src/anko-master/anko/props/mvn/build.gradle' line: 18

* What went wrong:
A problem occurred evaluating root project 'mvn'.
> Cannot invoke method mod() on null object

* Try:
Run with --info or --debug option to get more log output.

* Exception is:
org.gradle.api.GradleScriptException: A problem occurred evaluating root project 'mvn'.
	at org.gradle.groovy.scripts.internal.DefaultScriptRunnerFactory$ScriptRunnerImpl.run(DefaultScriptRunnerFactory.java:93)
	at org.gradle.configuration.DefaultScriptPluginFactory$ScriptPluginImpl$1.run(DefaultScriptPluginFactory.java:144)
	at org.gradle.configuration.ProjectScriptTarget.addConfiguration(ProjectScriptTarget.java:72)
	at org.gradle.configuration.DefaultScriptPluginFactory$ScriptPluginImpl.apply(DefaultScriptPluginFactory.java:149)
	at org.gradle.configuration.project.BuildScriptProcessor.execute(BuildScriptProcessor.java:38)
	at org.gradle.configuration.project.BuildScriptProcessor.execute(BuildScriptProcessor.java:25)
	at org.gradle.configuration.project.ConfigureActionsProjectEvaluator.evaluate(ConfigureActionsProjectEvaluator.java:34)
	at org.gradle.configuration.project.LifecycleProjectEvaluator.evaluate(LifecycleProjectEvaluator.java:55)
	at org.gradle.api.internal.project.AbstractProject.evaluate(AbstractProject.java:510)
	at org.gradle.api.internal.project.AbstractProject.evaluate(AbstractProject.java:90)
	at org.gradle.execution.TaskPathProjectEvaluator.configureHierarchy(TaskPathProjectEvaluator.java:42)
	at org.gradle.configuration.DefaultBuildConfigurer.configure(DefaultBuildConfigurer.java:35)
	at org.gradle.initialization.DefaultGradleLauncher$2.run(DefaultGradleLauncher.java:125)
	at org.gradle.internal.Factories$1.create(Factories.java:22)
	at org.gradle.internal.progress.DefaultBuildOperationExecutor.run(DefaultBuildOperationExecutor.java:90)
	at org.gradle.internal.progress.DefaultBuildOperationExecutor.run(DefaultBuildOperationExecutor.java:52)
	at org.gradle.initialization.DefaultGradleLauncher.doBuildStages(DefaultGradleLauncher.java:122)
	at org.gradle.initialization.DefaultGradleLauncher.access$200(DefaultGradleLauncher.java:32)
	at org.gradle.initialization.DefaultGradleLauncher$1.create(DefaultGradleLauncher.java:99)
	at org.gradle.initialization.DefaultGradleLauncher$1.create(DefaultGradleLauncher.java:93)
	at org.gradle.internal.progress.DefaultBuildOperationExecutor.run(DefaultBuildOperationExecutor.java:90)
	at org.gradle.internal.progress.DefaultBuildOperationExecutor.run(DefaultBuildOperationExecutor.java:62)
	at org.gradle.initialization.DefaultGradleLauncher.doBuild(DefaultGradleLauncher.java:93)
	at org.gradle.initialization.DefaultGradleLauncher.run(DefaultGradleLauncher.java:82)
	at org.gradle.launcher.exec.InProcessBuildActionExecuter$DefaultBuildController.run(InProcessBuildActionExecuter.java:94)
	at org.gradle.tooling.internal.provider.ExecuteBuildActionRunner.run(ExecuteBuildActionRunner.java:28)
	at org.gradle.launcher.exec.ChainingBuildActionRunner.run(ChainingBuildActionRunner.java:35)
	at org.gradle.launcher.exec.InProcessBuildActionExecuter.execute(InProcessBuildActionExecuter.java:43)
	at org.gradle.launcher.exec.InProcessBuildActionExecuter.execute(InProcessBuildActionExecuter.java:28)
	at org.gradle.launcher.exec.ContinuousBuildActionExecuter.execute(ContinuousBuildActionExecuter.java:78)
	at org.gradle.launcher.exec.ContinuousBuildActionExecuter.execute(ContinuousBuildActionExecuter.java:48)
	at org.gradle.launcher.exec.DaemonUsageSuggestingBuildActionExecuter.execute(DaemonUsageSuggestingBuildActionExecuter.java:51)
	at org.gradle.launcher.exec.DaemonUsageSuggestingBuildActionExecuter.execute(DaemonUsageSuggestingBuildActionExecuter.java:28)
	at org.gradle.launcher.cli.RunBuildAction.run(RunBuildAction.java:43)
	at org.gradle.internal.Actions$RunnableActionAdapter.execute(Actions.java:170)
	at org.gradle.launcher.cli.CommandLineActionFactory$ParseAndBuildAction.execute(CommandLineActionFactory.java:237)
	at org.gradle.launcher.cli.CommandLineActionFactory$ParseAndBuildAction.execute(CommandLineActionFactory.java:210)
	at org.gradle.launcher.cli.JavaRuntimeValidationAction.execute(JavaRuntimeValidationAction.java:35)
	at org.gradle.launcher.cli.JavaRuntimeValidationAction.execute(JavaRuntimeValidationAction.java:24)
	at org.gradle.launcher.cli.CommandLineActionFactory$WithLogging.execute(CommandLineActionFactory.java:206)
	at org.gradle.launcher.cli.CommandLineActionFactory$WithLogging.execute(CommandLineActionFactory.java:169)
	at org.gradle.launcher.cli.ExceptionReportingAction.execute(ExceptionReportingAction.java:33)
	at org.gradle.launcher.cli.ExceptionReportingAction.execute(ExceptionReportingAction.java:22)
	at org.gradle.launcher.Main.doAction(Main.java:33)
	at org.gradle.launcher.bootstrap.EntryPoint.run(EntryPoint.java:45)
	at org.gradle.launcher.bootstrap.ProcessBootstrap.runNoExit(ProcessBootstrap.java:54)
	at org.gradle.launcher.bootstrap.ProcessBootstrap.run(ProcessBootstrap.java:35)
	at org.gradle.launcher.GradleMain.main(GradleMain.java:23)
	at org.gradle.wrapper.BootstrapMainStarter.start(BootstrapMainStarter.java:33)
	at org.gradle.wrapper.WrapperExecutor.execute(WrapperExecutor.java:130)
	at org.gradle.wrapper.GradleWrapperMain.main(GradleWrapperMain.java:48)
Caused by: java.lang.NullPointerException: Cannot invoke method mod() on null object
	at build_bx3n1wmjbalf6v4ysd2yww09z$_run_closure1.doCall(/private/var/folders/3k/mymj0cx15f9c3m0kv4gch66h0000gn/T/1468458581332-0/src/anko-master/anko/props/mvn/build.gradle:18)
	at org.gradle.api.internal.ClosureBackedAction.execute(ClosureBackedAction.java:67)
	at org.gradle.api.internal.plugins.ExtensionsStorage$ExtensionHolder.configure(ExtensionsStorage.java:145)
	at org.gradle.api.internal.plugins.ExtensionsStorage.configureExtension(ExtensionsStorage.java:69)
	at org.gradle.api.internal.plugins.DefaultConvention$ExtensionsDynamicObject.invokeMethod(DefaultConvention.java:207)
	at org.gradle.api.internal.CompositeDynamicObject.invokeMethod(CompositeDynamicObject.java:150)
	at org.gradle.groovy.scripts.BasicScript.methodMissing(BasicScript.java:79)
	at build_bx3n1wmjbalf6v4ysd2yww09z.run(/private/var/folders/3k/mymj0cx15f9c3m0kv4gch66h0000gn/T/1468458581332-0/src/anko-master/anko/props/mvn/build.gradle:17)
	at org.gradle.groovy.scripts.internal.DefaultScriptRunnerFactory$ScriptRunnerImpl.run(DefaultScriptRunnerFactory.java:91)
	... 50 more


BUILD FAILED

Total time: 7.593 secs

2016-07-14 07:10:51,660 ERROR c.g.v.a.s.a.ProjectBuildService - Can not build project using script "/var/folders/3k/mymj0cx15f9c3m0kv4gch66h0000gn/T/1468458581332-0/src/anko-master/anko/props/mvn/build.gradle"
2016-07-14 07:10:51,675 INFO  c.g.v.a.s.a.ProjectTaskService - Detecting possible tasks...
2016-07-14 07:10:51,676 INFO  c.g.v.a.u.SysUtils - Execute command: [/var/folders/3k/mymj0cx15f9c3m0kv4gch66h0000gn/T/1468458581332-0/src/anko-master/gradlew, -b, /var/folders/3k/mymj0cx15f9c3m0kv4gch66h0000gn/T/1468458581332-0/src/anko-master/build.gradle, tasks]
2016-07-14 07:11:00,170 INFO  c.g.v.a.s.a.ProjectTaskService - Detected possible tasks: 25
2016-07-14 07:11:00,171 INFO  c.g.v.a.s.a.ProjectTaskService - Excluded tasks: none
2016-07-14 07:11:00,171 INFO  c.g.v.a.u.SysUtils - Execute command: [/var/folders/3k/mymj0cx15f9c3m0kv4gch66h0000gn/T/1468458581332-0/src/anko-master/gradlew, -b, /var/folders/3k/mymj0cx15f9c3m0kv4gch66h0000gn/T/1468458581332-0/src/anko-master/build.gradle, --stacktrace, build]
2016-07-14 07:11:07,075 INFO  c.g.v.a.s.a.ProjectBuildService - :buildEnvironment

------------------------------------------------------------
Root project
------------------------------------------------------------

classpath
No dependencies

BUILD SUCCESSFUL

Total time: 6.252 secs

This build could be faster, please consider using the Gradle Daemon: https://docs.gradle.org/2.10/userguide/gradle_daemon.html

2016-07-14 07:11:07,092 ERROR c.g.v.a.s.FullProcessService - Project build has not produced APK file
2016-07-14 07:11:07,119 ERROR c.g.v.a.s.FullProcessService - Could not find generated or existed APK file
