2018-04-04 10:50:56,425 INFO  DownloadService - Downloading "https://github.com/kevindjf/Session/archive/master.zip", attempt 3
2018-04-04 10:51:56,901 INFO  GithubDownloadService - Could not find ZIP archive for master branch
2018-04-04 10:51:57,692 INFO  GithubDownloadService - Default branch of this repository: master
2018-04-04 10:51:57,692 INFO  DownloadService - Downloading "https://github.com/kevindjf/Session/archive/master.zip", attempt 3
2018-04-04 10:52:59,047 DEBUG FullProcessService - Repository https://github.com/kevindjf/Session available: true
2018-04-04 10:52:59,047 INFO  FullProcessService - Could not download ZIP file from Github, lets clone it
2018-04-04 10:52:59,047 INFO  SysUtils - Execute command: [git, clone, -q, --single-branch, --depth, 1, https://github.com/kevindjf/Session, /tmp/rdisk/1792/src]
2018-04-04 10:53:00,496 INFO  SysUtils - 
2018-04-04 10:53:00,511 INFO  GitService - Deleted "/tmp/rdisk/1792/src/.git": true
2018-04-04 10:53:00,514 INFO  FullProcessService - Size of directory with sources: 267 KB
2018-04-04 10:53:00,514 INFO  SysUtils - Execute command: [git, init, /tmp/rdisk/1792/src]
2018-04-04 10:53:00,519 INFO  SysUtils - Initialized empty Git repository in /tmp/rdisk/1792/src/.git/

2018-04-04 10:53:00,522 INFO  ProjectBuildService - Gradle wrapper(s): /tmp/rdisk/1792/src/gradlew
2018-04-04 10:53:00,524 INFO  ProjectBuildService - Build script(s): /tmp/rdisk/1792/src/sample/build.gradle /tmp/rdisk/1792/src/session/build.gradle /tmp/rdisk/1792/src/build.gradle
2018-04-04 10:53:00,527 INFO  ProjectBuildService - All script(s): /tmp/rdisk/1792/src/settings.gradle /tmp/rdisk/1792/src/session/build.gradle /tmp/rdisk/1792/src/sample/build.gradle /tmp/rdisk/1792/src/build.gradle
2018-04-04 10:53:00,527 INFO  DownloadService - Downloading "https://raw.githubusercontent.com/blundell/release-android-library/master/android-release-aar.gradle", attempt 3
2018-04-04 10:53:00,669 INFO  DownloadService - Downloaded https://raw.githubusercontent.com/blundell/release-android-library/master/android-release-aar.gradle, attempt 3
2018-04-04 10:53:00,669 INFO  ProjectBuildService - Remote scripts: https://raw.githubusercontent.com/blundell/release-android-library/master/android-release-aar.gradle
2018-04-04 10:53:00,669 INFO  ProjectFixService - Fixing project...
2018-04-04 10:53:00,676 INFO  LocalPropertiesFixService - Created fake /tmp/rdisk/1792/src/sample/local.properties
2018-04-04 10:53:00,676 INFO  ProjectFixService - Build info for "/tmp/rdisk/1792/src/sample/build.gradle": [buildToolsVersion=21.1.1,compileSdkVersion=21,minSdkVersion=15,targetSdkVersion=21]
2018-04-04 10:53:00,676 INFO  LocalPropertiesFixService - Created fake /tmp/rdisk/1792/src/session/local.properties
2018-04-04 10:53:00,676 INFO  ProjectFixService - Build info for "/tmp/rdisk/1792/src/session/build.gradle": [buildToolsVersion=21.1.1,compileSdkVersion=21,minSdkVersion=15,targetSdkVersion=22]
2018-04-04 10:53:00,677 INFO  LocalPropertiesFixService - Created fake /tmp/rdisk/1792/src/local.properties
2018-04-04 10:53:00,677 INFO  WrapperPropertiesFixService - Gradle wrapper: https://services.gradle.org/distributions/gradle-2.2.1-all.zip
2018-04-04 10:53:00,677 INFO  WrapperPropertiesFixService - Gradle wrapper was changed from "-all.zip" to "-bin.zip" (https://services.gradle.org/distributions/gradle-2.2.1-bin.zip)
2018-04-04 10:53:00,678 INFO  ProjectFixService - Build info for "/tmp/rdisk/1792/src/build.gradle": [buildToolsVersion=21.1.1,compileSdkVersion=21,minSdkVersion=15,targetSdkVersion=22]
2018-04-04 10:53:00,678 INFO  ProjectFixService - Project was maybe fixed
2018-04-04 10:53:00,678 INFO  ProjectTaskService - Detecting possible tasks...
2018-04-04 10:53:00,678 INFO  SysUtils - Execute command: [/tmp/rdisk/1792/src/gradlew, -b, /tmp/rdisk/1792/src/sample/build.gradle, -Dorg.gradle.daemon=false, -Dorg.gradle.daemon.performance.enable-monitoring=false, -Dorg.gradle.configureondemand=true, tasks]
2018-04-04 10:53:12,845 INFO  ProjectTaskService - Detected possible tasks: 57
2018-04-04 10:53:12,845 INFO  ProjectTaskService - Excluded tasks (14): lintDebug androidJavadocs deviceCheck lint androidSourcesJar uninstallRelease connectedCheck uninstallAll androidJavadocsJar check connectedAndroidTest installDebug lintRelease uninstallDebug
2018-04-04 10:53:12,845 INFO  SysUtils - Execute command: [/tmp/rdisk/1792/src/gradlew, -b, /tmp/rdisk/1792/src/sample/build.gradle, -Dorg.gradle.daemon=false, -Dorg.gradle.daemon.performance.enable-monitoring=false, -Dorg.gradle.configureondemand=true, --stacktrace, -x, lintDebug, -x, androidJavadocs, -x, deviceCheck, -x, lint, -x, androidSourcesJar, -x, uninstallRelease, -x, connectedCheck, -x, uninstallAll, -x, androidJavadocsJar, -x, check, -x, connectedAndroidTest, -x, installDebug, -x, lintRelease, -x, uninstallDebug, build]
2018-04-04 10:53:19,304 ERROR SysUtils - Could not process external command
org.apache.commons.exec.ExecuteException: Process exited with an error: 1 (Exit value: 1)
	at org.apache.commons.exec.DefaultExecutor.executeInternal(DefaultExecutor.java:404)
	at org.apache.commons.exec.DefaultExecutor.execute(DefaultExecutor.java:166)
	at com.github.vbauer.apkmaster.util.SysUtils.execute(SysUtils.java:67)
	at com.github.vbauer.apkmaster.util.SysUtils.executeSimple(SysUtils.java:43)
	at com.github.vbauer.apkmaster.service.assembly.ProjectBuildService.buildProject(ProjectBuildService.java:78)
	at com.github.vbauer.apkmaster.service.assembly.ProjectBuildService.buildProject(ProjectBuildService.java:64)
	at com.github.vbauer.apkmaster.service.assembly.ProjectBuildService.buildProject(ProjectBuildService.java:43)
	at com.github.vbauer.apkmaster.service.FullProcessService.build(FullProcessService.java:84)
	at com.github.vbauer.apkmaster.service.FullProcessService.process(FullProcessService.java:34)
	at com.github.vbauer.apkmaster.app.MainApplication.process(MainApplication.java:38)
	at com.github.vbauer.apkmaster.app.MainApplication.main(MainApplication.java:20)
	at sun.reflect.GeneratedMethodAccessor8.invoke(Unknown Source)
	at sun.reflect.DelegatingMethodAccessorImpl.invoke(DelegatingMethodAccessorImpl.java:43)
	at java.lang.reflect.Method.invoke(Method.java:498)
	at com.android.arsenal.util.ReflectionUtils.invoke(ReflectionUtils.java:42)
	at com.android.arsenal.util.ApkMasterUtils.main(ApkMasterUtils.java:30)
	at com.android.arsenal.service.processor.impl.BuildProcessorServiceImpl.buildProject(BuildProcessorServiceImpl.java:197)
	at com.android.arsenal.service.processor.impl.BuildProcessorServiceImpl.build(BuildProcessorServiceImpl.java:131)
	at com.android.arsenal.service.processor.impl.BuildProcessorServiceImpl.lambda$null$1(BuildProcessorServiceImpl.java:114)
	at java.util.concurrent.FutureTask.run(FutureTask.java:266)
	at java.util.concurrent.Executors$RunnableAdapter.call(Executors.java:511)
	at java.util.concurrent.FutureTask.run(FutureTask.java:266)
	at java.util.concurrent.ThreadPoolExecutor.runWorker(ThreadPoolExecutor.java:1149)
	at java.util.concurrent.ThreadPoolExecutor$Worker.run(ThreadPoolExecutor.java:624)
	at java.lang.Thread.run(Thread.java:748)
2018-04-04 10:53:19,304 INFO  SysUtils - Configuration on demand is an incubating feature.

FAILURE: Build failed with an exception.

* What went wrong:
Task 'androidJavadocs' not found in project ':sample'.

* Try:
Run gradlew tasks to get a list of available tasks. Run with --info or --debug option to get more log output.

* Exception is:
org.gradle.execution.TaskSelectionException: Task 'androidJavadocs' not found in project ':sample'.
	at org.gradle.execution.TaskSelector.getSelection(TaskSelector.java:101)
	at org.gradle.execution.TaskSelector.getFilter(TaskSelector.java:64)
	at org.gradle.execution.ExcludedTaskFilteringBuildConfigurationAction.configure(ExcludedTaskFilteringBuildConfigurationAction.java:42)
	at org.gradle.execution.DefaultBuildExecuter.configure(DefaultBuildExecuter.java:42)
	at org.gradle.execution.DefaultBuildExecuter.access$100(DefaultBuildExecuter.java:23)
	at org.gradle.execution.DefaultBuildExecuter$1.proceed(DefaultBuildExecuter.java:48)
	at org.gradle.execution.DefaultTasksBuildExecutionAction.configure(DefaultTasksBuildExecutionAction.java:44)
	at org.gradle.execution.DefaultBuildExecuter.configure(DefaultBuildExecuter.java:42)
	at org.gradle.execution.DefaultBuildExecuter.select(DefaultBuildExecuter.java:35)
	at org.gradle.initialization.DefaultGradleLauncher.doBuildStages(DefaultGradleLauncher.java:142)
	at org.gradle.initialization.DefaultGradleLauncher.doBuild(DefaultGradleLauncher.java:106)
	at org.gradle.initialization.DefaultGradleLauncher.run(DefaultGradleLauncher.java:86)
	at org.gradle.launcher.exec.InProcessBuildActionExecuter$DefaultBuildController.run(InProcessBuildActionExecuter.java:80)
	at org.gradle.launcher.cli.ExecuteBuildAction.run(ExecuteBuildAction.java:33)
	at org.gradle.launcher.cli.ExecuteBuildAction.run(ExecuteBuildAction.java:24)
	at org.gradle.launcher.exec.InProcessBuildActionExecuter.execute(InProcessBuildActionExecuter.java:36)
	at org.gradle.launcher.exec.InProcessBuildActionExecuter.execute(InProcessBuildActionExecuter.java:26)
	at org.gradle.launcher.cli.RunBuildAction.run(RunBuildAction.java:51)
	at org.gradle.internal.Actions$RunnableActionAdapter.execute(Actions.java:171)
	at org.gradle.launcher.cli.CommandLineActionFactory$ParseAndBuildAction.execute(CommandLineActionFactory.java:237)
	at org.gradle.launcher.cli.CommandLineActionFactory$ParseAndBuildAction.execute(CommandLineActionFactory.java:210)
	at org.gradle.launcher.cli.JavaRuntimeValidationAction.execute(JavaRuntimeValidationAction.java:35)
	at org.gradle.launcher.cli.JavaRuntimeValidationAction.execute(JavaRuntimeValidationAction.java:24)
	at org.gradle.launcher.cli.CommandLineActionFactory$WithLogging.execute(CommandLineActionFactory.java:206)
	at org.gradle.launcher.cli.CommandLineActionFactory$WithLogging.execute(CommandLineActionFactory.java:169)
	at org.gradle.launcher.cli.ExceptionReportingAction.execute(ExceptionReportingAction.java:33)
	at org.gradle.launcher.cli.ExceptionReportingAction.execute(ExceptionReportingAction.java:22)
	at org.gradle.launcher.Main.doAction(Main.java:33)
	at org.gradle.launcher.bootstrap.EntryPoint.run(EntryPoint.java:45)
	at org.gradle.launcher.bootstrap.ProcessBootstrap.runNoExit(ProcessBootstrap.java:54)
	at org.gradle.launcher.bootstrap.ProcessBootstrap.run(ProcessBootstrap.java:35)
	at org.gradle.launcher.GradleMain.main(GradleMain.java:23)
	at org.gradle.wrapper.BootstrapMainStarter.start(BootstrapMainStarter.java:33)
	at org.gradle.wrapper.WrapperExecutor.execute(WrapperExecutor.java:130)
	at org.gradle.wrapper.GradleWrapperMain.main(GradleWrapperMain.java:48)


BUILD FAILED

Total time: 5.997 secs

2018-04-04 10:53:19,304 ERROR ProjectBuildService - Excluded tasks were detected wrong
2018-04-04 10:53:19,304 INFO  SysUtils - Execute command: [/tmp/rdisk/1792/src/gradlew, -b, /tmp/rdisk/1792/src/sample/build.gradle, -Dorg.gradle.daemon=false, -Dorg.gradle.daemon.performance.enable-monitoring=false, -Dorg.gradle.configureondemand=true, --stacktrace, build]
2018-04-04 10:53:49,314 INFO  SysUtils - Configuration on demand is an incubating feature.
:sample:preBuild
:sample:compileDebugNdk
:sample:preDebugBuild
:sample:checkDebugManifest
:sample:preReleaseBuild
:session:compileLint
:session:copyReleaseLint UP-TO-DATE
:session:preBuild
:session:preReleaseBuild
:session:checkReleaseManifest
:session:preDebugBuild
:session:preDebugTestBuild
:session:prepareComAndroidSupportAppcompatV72211Library
:session:prepareComAndroidSupportSupportV42211Library
:session:prepareReleaseDependencies
:session:compileReleaseAidl
:session:compileReleaseRenderscript
:session:generateReleaseBuildConfig
:session:generateReleaseAssets UP-TO-DATE
:session:mergeReleaseAssets
:session:generateReleaseResValues
:session:generateReleaseResources
:session:mergeReleaseResources
:session:processReleaseManifest
:session:processReleaseResources
:session:generateReleaseSources
:session:compileReleaseJava
:session:extractReleaseAnnotations
:session:mergeReleaseProguardFiles
:session:processReleaseJavaRes UP-TO-DATE
:session:packageReleaseJar
:session:compileReleaseNdk
:session:packageReleaseJniLibs UP-TO-DATE
:session:packageReleaseLocalJar UP-TO-DATE
:session:packageReleaseRenderscript UP-TO-DATE
:session:packageReleaseResources
:session:bundleRelease
:sample:prepareComAndroidSupportAppcompatV72211Library
:sample:prepareComAndroidSupportSupportV42211Library
:sample:prepareSrcSessionUnspecifiedLibrary
:sample:prepareDebugDependencies
:sample:compileDebugAidl
:sample:compileDebugRenderscript
:sample:generateDebugBuildConfig
:sample:generateDebugAssets UP-TO-DATE
:sample:mergeDebugAssets
:sample:generateDebugResValues
:sample:generateDebugResources
:sample:mergeDebugResources
:sample:processDebugManifest
:sample:processDebugResources
:sample:generateDebugSources
:sample:compileDebugJavaNote: /tmp/rdisk/1792/src/sample/src/main/java/com/github/kevindjf/session/sample/MainActivity.java uses or overrides a deprecated API.
Note: Recompile with -Xlint:deprecation for details.

:sample:preDexDebug
:sample:dexDebug
:sample:processDebugJavaRes UP-TO-DATE
:sample:validateDebugSigning
:sample:packageDebug
:sample:zipalignDebug
:sample:assembleDebug
:sample:checkReleaseManifest
:sample:prepareReleaseDependencies
:sample:compileReleaseAidl
:sample:compileReleaseRenderscript
:sample:generateReleaseBuildConfig
:sample:generateReleaseAssets UP-TO-DATE
:sample:mergeReleaseAssets
:sample:generateReleaseResValues
:sample:generateReleaseResources
:sample:mergeReleaseResources
:sample:processReleaseManifest
:sample:processReleaseResources
:sample:generateReleaseSources
:sample:compileReleaseJavaNote: /tmp/rdisk/1792/src/sample/src/main/java/com/github/kevindjf/session/sample/MainActivity.java uses or overrides a deprecated API.
Note: Recompile with -Xlint:deprecation for details.

:sample:lintVitalRelease SKIPPED
:sample:compileReleaseNdk
:sample:preDexRelease
:sample:dexRelease
:sample:processReleaseJavaRes UP-TO-DATE
:sample:packageRelease
:sample:assembleRelease
:sample:assemble
:sample:compileLint
:sample:lint
Ran lint on variant release: 3 issues found
Ran lint on variant debug: 3 issues found
Wrote HTML report to file:/tmp/rdisk/1792/src/sample/build/outputs/lint-results.html
Wrote XML report to /tmp/rdisk/1792/src/sample/build/outputs/lint-results.xml
:sample:check
:sample:build

BUILD SUCCESSFUL

Total time: 29.551 secs

2018-04-04 10:53:49,369 INFO  FullProcessService - Found APK file: /tmp/rdisk/1792/src/sample/build/outputs/apk/sample-release-unsigned.apk
