2018-05-11 14:18:21,228 INFO  DownloadService - Downloading "https://github.com/dlazaro66/QRCodeReaderView/archive/master.zip", attempt 3
2018-05-11 14:18:21,939 INFO  DownloadService - Downloaded https://github.com/dlazaro66/QRCodeReaderView/archive/master.zip, attempt 3
2018-05-11 14:18:21,940 INFO  DownloadService - Size of file "/tmp/rdisk/1891/master.zip": 1 MB
2018-05-11 14:18:21,940 INFO  ArchiveUtils - Checking entries [.gradle] in ZIP file...
2018-05-11 14:18:21,941 INFO  ArchiveUtils - Has entries [.gradle] in ZIP file /tmp/rdisk/1891/master.zip: true
2018-05-11 14:18:21,950 DEBUG ZipUtil - Extracting '/tmp/rdisk/1891/master.zip' into '/tmp/rdisk/1891/src'.
2018-05-11 14:18:21,981 INFO  FullProcessService - Size of directory with sources: 1 MB
2018-05-11 14:18:21,981 INFO  SysUtils - Execute command: [git, init, /tmp/rdisk/1891/src]
2018-05-11 14:18:21,992 INFO  SysUtils - Initialized empty Git repository in /tmp/rdisk/1891/src/.git/

2018-05-11 14:18:21,996 INFO  ProjectBuildService - Gradle wrapper(s): /tmp/rdisk/1891/src/QRCodeReaderView-master/gradlew
2018-05-11 14:18:22,000 INFO  ProjectBuildService - Build script(s): /tmp/rdisk/1891/src/QRCodeReaderView-master/qrcodereaderview/build.gradle /tmp/rdisk/1891/src/QRCodeReaderView-master/samples/build.gradle /tmp/rdisk/1891/src/QRCodeReaderView-master/build.gradle
2018-05-11 14:18:22,003 INFO  ProjectBuildService - All script(s): /tmp/rdisk/1891/src/QRCodeReaderView-master/settings.gradle /tmp/rdisk/1891/src/QRCodeReaderView-master/samples/build.gradle /tmp/rdisk/1891/src/QRCodeReaderView-master/qrcodereaderview/build.gradle /tmp/rdisk/1891/src/QRCodeReaderView-master/build.gradle
2018-05-11 14:18:22,003 INFO  ProjectBuildService - Remote scripts: none
2018-05-11 14:18:22,003 INFO  ProjectFixService - Fixing project...
2018-05-11 14:18:22,012 INFO  LocalPropertiesFixService - Created fake /tmp/rdisk/1891/src/QRCodeReaderView-master/qrcodereaderview/local.properties
2018-05-11 14:18:22,013 INFO  ProjectFixService - Build info for "/tmp/rdisk/1891/src/QRCodeReaderView-master/qrcodereaderview/build.gradle": [buildToolsVersion=26.0.2,compileSdkVersion=26,minSdkVersion=14,targetSdkVersion=26]
2018-05-11 14:18:22,013 INFO  LocalPropertiesFixService - Created fake /tmp/rdisk/1891/src/QRCodeReaderView-master/samples/local.properties
2018-05-11 14:18:22,014 INFO  ProjectFixService - Build info for "/tmp/rdisk/1891/src/QRCodeReaderView-master/samples/build.gradle": [buildToolsVersion=26.0.2,compileSdkVersion=26,minSdkVersion=14,targetSdkVersion=26]
2018-05-11 14:18:22,014 INFO  LocalPropertiesFixService - Created fake /tmp/rdisk/1891/src/QRCodeReaderView-master/local.properties
2018-05-11 14:18:22,015 INFO  WrapperPropertiesFixService - Gradle wrapper: https://services.gradle.org/distributions/gradle-4.1-all.zip
2018-05-11 14:18:22,015 INFO  WrapperPropertiesFixService - Gradle wrapper was changed from "-all.zip" to "-bin.zip" (https://services.gradle.org/distributions/gradle-4.1-bin.zip)
2018-05-11 14:18:22,017 INFO  ProjectFixService - Build info for "/tmp/rdisk/1891/src/QRCodeReaderView-master/build.gradle": [buildToolsVersion=26.0.2,compileSdkVersion=26,minSdkVersion=14,targetSdkVersion=26]
2018-05-11 14:18:22,017 INFO  ProjectFixService - Project was maybe fixed
2018-05-11 14:18:22,018 INFO  ProjectTaskService - Detecting possible tasks...
2018-05-11 14:18:22,018 INFO  SysUtils - Execute command: [/tmp/rdisk/1891/src/QRCodeReaderView-master/gradlew, -b, /tmp/rdisk/1891/src/QRCodeReaderView-master/qrcodereaderview/build.gradle, -Dorg.gradle.daemon=false, -Dorg.gradle.daemon.performance.enable-monitoring=false, -Dorg.gradle.configureondemand=true, tasks]
2018-05-11 14:18:30,820 INFO  ProjectTaskService - Detected possible tasks: 69
2018-05-11 14:18:30,821 INFO  ProjectTaskService - Excluded tasks (16): lintDebug mockableAndroidJar deviceCheck lint testReleaseUnitTest deviceAndroidTest uninstallDebugAndroidTest installDebugAndroidTest connectedCheck connectedDebugAndroidTest uninstallAll test check testDebugUnitTest connectedAndroidTest lintRelease
2018-05-11 14:18:30,821 INFO  SysUtils - Execute command: [/tmp/rdisk/1891/src/QRCodeReaderView-master/gradlew, -b, /tmp/rdisk/1891/src/QRCodeReaderView-master/qrcodereaderview/build.gradle, -Dorg.gradle.daemon=false, -Dorg.gradle.daemon.performance.enable-monitoring=false, -Dorg.gradle.configureondemand=true, --stacktrace, -x, lintDebug, -x, mockableAndroidJar, -x, deviceCheck, -x, lint, -x, testReleaseUnitTest, -x, deviceAndroidTest, -x, uninstallDebugAndroidTest, -x, installDebugAndroidTest, -x, connectedCheck, -x, connectedDebugAndroidTest, -x, uninstallAll, -x, test, -x, check, -x, testDebugUnitTest, -x, connectedAndroidTest, -x, lintRelease, build]
2018-05-11 14:18:45,516 INFO  SysUtils - Configuration on demand is an incubating feature.
Configuration 'compile' in project ':qrcodereaderview' is deprecated. Use 'implementation' instead.
Configuration 'testCompile' in project ':qrcodereaderview' is deprecated. Use 'testImplementation' instead.
The Task.leftShift(Closure) method has been deprecated and is scheduled to be removed in Gradle 5.0. Please use Task.doLast(Action) instead.
	at org.gradle.api.internal.AbstractTask.leftShift(AbstractTask.java:584)
	at org.gradle.api.Task$leftShift.call(Unknown Source)
	at org.codehaus.groovy.runtime.callsite.CallSiteArray.defaultCall(CallSiteArray.java:48)
	at org.codehaus.groovy.runtime.callsite.AbstractCallSite.call(AbstractCallSite.java:113)
	at org.codehaus.groovy.runtime.callsite.AbstractCallSite.call(AbstractCallSite.java:125)
	at build_3fozheecepvh8dqpwvaryz0k1.run(/tmp/rdisk/1891/src/QRCodeReaderView-master/qrcodereaderview/build.gradle:135)
	at org.gradle.groovy.scripts.internal.DefaultScriptRunnerFactory$ScriptRunnerImpl.run(DefaultScriptRunnerFactory.java:90)
	at org.gradle.configuration.DefaultScriptPluginFactory$ScriptPluginImpl$2.run(DefaultScriptPluginFactory.java:187)
	at org.gradle.configuration.ProjectScriptTarget.addConfiguration(ProjectScriptTarget.java:77)
	at org.gradle.configuration.DefaultScriptPluginFactory$ScriptPluginImpl.apply(DefaultScriptPluginFactory.java:192)
	at org.gradle.configuration.BuildOperationScriptPlugin$1.run(BuildOperationScriptPlugin.java:61)
	at org.gradle.internal.progress.DefaultBuildOperationExecutor$RunnableBuildOperationWorker.execute(DefaultBuildOperationExecutor.java:336)
	at org.gradle.internal.progress.DefaultBuildOperationExecutor$RunnableBuildOperationWorker.execute(DefaultBuildOperationExecutor.java:328)
	at org.gradle.internal.progress.DefaultBuildOperationExecutor.execute(DefaultBuildOperationExecutor.java:197)
	at org.gradle.internal.progress.DefaultBuildOperationExecutor.run(DefaultBuildOperationExecutor.java:107)
	at org.gradle.configuration.BuildOperationScriptPlugin.apply(BuildOperationScriptPlugin.java:58)
	at org.gradle.configuration.project.BuildScriptProcessor.execute(BuildScriptProcessor.java:39)
	at org.gradle.configuration.project.BuildScriptProcessor.execute(BuildScriptProcessor.java:26)
	at org.gradle.configuration.project.ConfigureActionsProjectEvaluator.evaluate(ConfigureActionsProjectEvaluator.java:34)
	at org.gradle.configuration.project.LifecycleProjectEvaluator.doConfigure(LifecycleProjectEvaluator.java:63)
	at org.gradle.configuration.project.LifecycleProjectEvaluator.access$100(LifecycleProjectEvaluator.java:33)
	at org.gradle.configuration.project.LifecycleProjectEvaluator$ConfigureProject.run(LifecycleProjectEvaluator.java:103)
	at org.gradle.internal.progress.DefaultBuildOperationExecutor$RunnableBuildOperationWorker.execute(DefaultBuildOperationExecutor.java:336)
	at org.gradle.internal.progress.DefaultBuildOperationExecutor$RunnableBuildOperationWorker.execute(DefaultBuildOperationExecutor.java:328)
	at org.gradle.internal.progress.DefaultBuildOperationExecutor.execute(DefaultBuildOperationExecutor.java:197)
	at org.gradle.internal.progress.DefaultBuildOperationExecutor.run(DefaultBuildOperationExecutor.java:107)
	at org.gradle.configuration.project.LifecycleProjectEvaluator.evaluate(LifecycleProjectEvaluator.java:49)
	at org.gradle.api.internal.project.DefaultProject.evaluate(DefaultProject.java:651)
	at org.gradle.api.internal.project.DefaultProject.evaluate(DefaultProject.java:133)
	at org.gradle.execution.TaskPathProjectEvaluator.configure(TaskPathProjectEvaluator.java:35)
	at org.gradle.execution.TaskSelector.getFilter(TaskSelector.java:59)
	at org.gradle.execution.ExcludedTaskFilteringBuildConfigurationAction.configure(ExcludedTaskFilteringBuildConfigurationAction.java:42)
	at org.gradle.execution.DefaultBuildConfigurationActionExecuter.configure(DefaultBuildConfigurationActionExecuter.java:48)
	at org.gradle.execution.DefaultBuildConfigurationActionExecuter.select(DefaultBuildConfigurationActionExecuter.java:36)
	at org.gradle.initialization.DefaultGradleLauncher$CalculateTaskGraph.run(DefaultGradleLauncher.java:265)
	at org.gradle.internal.progress.DefaultBuildOperationExecutor$RunnableBuildOperationWorker.execute(DefaultBuildOperationExecutor.java:336)
	at org.gradle.internal.progress.DefaultBuildOperationExecutor$RunnableBuildOperationWorker.execute(DefaultBuildOperationExecutor.java:328)
	at org.gradle.internal.progress.DefaultBuildOperationExecutor.execute(DefaultBuildOperationExecutor.java:197)
	at org.gradle.internal.progress.DefaultBuildOperationExecutor.run(DefaultBuildOperationExecutor.java:107)
	at org.gradle.initialization.DefaultGradleLauncher.constructTaskGraph(DefaultGradleLauncher.java:173)
	at org.gradle.initialization.DefaultGradleLauncher.doBuildStages(DefaultGradleLauncher.java:128)
	at org.gradle.initialization.DefaultGradleLauncher.executeTasks(DefaultGradleLauncher.java:107)
	at org.gradle.internal.invocation.GradleBuildController$1.call(GradleBuildController.java:78)
	at org.gradle.internal.invocation.GradleBuildController$1.call(GradleBuildController.java:75)
	at org.gradle.internal.work.DefaultWorkerLeaseService.withLocks(DefaultWorkerLeaseService.java:152)
	at org.gradle.internal.invocation.GradleBuildController.doBuild(GradleBuildController.java:100)
	at org.gradle.internal.invocation.GradleBuildController.run(GradleBuildController.java:75)
	at org.gradle.tooling.internal.provider.ExecuteBuildActionRunner.run(ExecuteBuildActionRunner.java:28)
	at org.gradle.launcher.exec.ChainingBuildActionRunner.run(ChainingBuildActionRunner.java:35)
	at org.gradle.tooling.internal.provider.ValidatingBuildActionRunner.run(ValidatingBuildActionRunner.java:32)
	at org.gradle.launcher.exec.RunAsBuildOperationBuildActionRunner$1.run(RunAsBuildOperationBuildActionRunner.java:43)
	at org.gradle.internal.progress.DefaultBuildOperationExecutor$RunnableBuildOperationWorker.execute(DefaultBuildOperationExecutor.java:336)
	at org.gradle.internal.progress.DefaultBuildOperationExecutor$RunnableBuildOperationWorker.execute(DefaultBuildOperationExecutor.java:328)
	at org.gradle.internal.progress.DefaultBuildOperationExecutor.execute(DefaultBuildOperationExecutor.java:197)
	at org.gradle.internal.progress.DefaultBuildOperationExecutor.run(DefaultBuildOperationExecutor.java:107)
	at org.gradle.launcher.exec.RunAsBuildOperationBuildActionRunner.run(RunAsBuildOperationBuildActionRunner.java:40)
	at org.gradle.tooling.internal.provider.SubscribableBuildActionRunner.run(SubscribableBuildActionRunner.java:51)
	at org.gradle.launcher.exec.InProcessBuildActionExecuter.execute(InProcessBuildActionExecuter.java:45)
	at org.gradle.launcher.exec.InProcessBuildActionExecuter.execute(InProcessBuildActionExecuter.java:29)
	at org.gradle.launcher.exec.BuildTreeScopeBuildActionExecuter.execute(BuildTreeScopeBuildActionExecuter.java:39)
	at org.gradle.launcher.exec.BuildTreeScopeBuildActionExecuter.execute(BuildTreeScopeBuildActionExecuter.java:25)
	at org.gradle.tooling.internal.provider.ContinuousBuildActionExecuter.execute(ContinuousBuildActionExecuter.java:71)
	at org.gradle.tooling.internal.provider.ContinuousBuildActionExecuter.execute(ContinuousBuildActionExecuter.java:45)
	at org.gradle.tooling.internal.provider.ServicesSetupBuildActionExecuter.execute(ServicesSetupBuildActionExecuter.java:51)
	at org.gradle.tooling.internal.provider.ServicesSetupBuildActionExecuter.execute(ServicesSetupBuildActionExecuter.java:32)
	at org.gradle.tooling.internal.provider.GradleThreadBuildActionExecuter.execute(GradleThreadBuildActionExecuter.java:36)
	at org.gradle.tooling.internal.provider.GradleThreadBuildActionExecuter.execute(GradleThreadBuildActionExecuter.java:25)
	at org.gradle.tooling.internal.provider.ParallelismConfigurationBuildActionExecuter.execute(ParallelismConfigurationBuildActionExecuter.java:43)
	at org.gradle.tooling.internal.provider.ParallelismConfigurationBuildActionExecuter.execute(ParallelismConfigurationBuildActionExecuter.java:29)
	at org.gradle.tooling.internal.provider.StartParamsValidatingActionExecuter.execute(StartParamsValidatingActionExecuter.java:64)
	at org.gradle.tooling.internal.provider.StartParamsValidatingActionExecuter.execute(StartParamsValidatingActionExecuter.java:29)
	at org.gradle.tooling.internal.provider.SessionFailureReportingActionExecuter.execute(SessionFailureReportingActionExecuter.java:55)
	at org.gradle.tooling.internal.provider.SessionFailureReportingActionExecuter.execute(SessionFailureReportingActionExecuter.java:42)
	at org.gradle.tooling.internal.provider.SetupLoggingActionExecuter.execute(SetupLoggingActionExecuter.java:58)
	at org.gradle.tooling.internal.provider.SetupLoggingActionExecuter.execute(SetupLoggingActionExecuter.java:33)
	at org.gradle.launcher.cli.RunBuildAction.run(RunBuildAction.java:51)
	at org.gradle.internal.Actions$RunnableActionAdapter.execute(Actions.java:173)
	at org.gradle.launcher.cli.CommandLineActionFactory$ParseAndBuildAction.execute(CommandLineActionFactory.java:287)
	at org.gradle.launcher.cli.CommandLineActionFactory$ParseAndBuildAction.execute(CommandLineActionFactory.java:260)
	at org.gradle.launcher.cli.JavaRuntimeValidationAction.execute(JavaRuntimeValidationAction.java:33)
	at org.gradle.launcher.cli.JavaRuntimeValidationAction.execute(JavaRuntimeValidationAction.java:24)
	at org.gradle.launcher.cli.ExceptionReportingAction.execute(ExceptionReportingAction.java:33)
	at org.gradle.launcher.cli.ExceptionReportingAction.execute(ExceptionReportingAction.java:22)
	at org.gradle.launcher.cli.CommandLineActionFactory$WithLogging.execute(CommandLineActionFactory.java:253)
	at org.gradle.launcher.cli.CommandLineActionFactory$WithLogging.execute(CommandLineActionFactory.java:182)
	at org.gradle.launcher.Main.doAction(Main.java:33)
	at org.gradle.launcher.bootstrap.EntryPoint.run(EntryPoint.java:45)
	at sun.reflect.NativeMethodAccessorImpl.invoke0(Native Method)
	at sun.reflect.NativeMethodAccessorImpl.invoke(NativeMethodAccessorImpl.java:62)
	at sun.reflect.DelegatingMethodAccessorImpl.invoke(DelegatingMethodAccessorImpl.java:43)
	at java.lang.reflect.Method.invoke(Method.java:498)
	at org.gradle.launcher.bootstrap.ProcessBootstrap.runNoExit(ProcessBootstrap.java:60)
	at org.gradle.launcher.bootstrap.ProcessBootstrap.run(ProcessBootstrap.java:37)
	at org.gradle.launcher.GradleMain.main(GradleMain.java:23)
	at sun.reflect.NativeMethodAccessorImpl.invoke0(Native Method)
	at sun.reflect.NativeMethodAccessorImpl.invoke(NativeMethodAccessorImpl.java:62)
	at sun.reflect.DelegatingMethodAccessorImpl.invoke(DelegatingMethodAccessorImpl.java:43)
	at java.lang.reflect.Method.invoke(Method.java:498)
	at org.gradle.wrapper.BootstrapMainStarter.start(BootstrapMainStarter.java:30)
	at org.gradle.wrapper.WrapperExecutor.execute(WrapperExecutor.java:129)
	at org.gradle.wrapper.GradleWrapperMain.main(GradleWrapperMain.java:61)
:qrcodereaderview:preBuild UP-TO-DATE
:qrcodereaderview:preDebugBuild UP-TO-DATE
:qrcodereaderview:compileDebugAidl
:qrcodereaderview:compileDebugNdk NO-SOURCE
:qrcodereaderview:compileDebugRenderscript
:qrcodereaderview:checkDebugManifest
:qrcodereaderview:generateDebugBuildConfig
:qrcodereaderview:prepareLintJar
:qrcodereaderview:generateDebugResValues
:qrcodereaderview:generateDebugResources
:qrcodereaderview:packageDebugResources
:qrcodereaderview:platformAttrExtractor
:qrcodereaderview:processDebugManifest
:qrcodereaderview:javaPreCompileDebug
:qrcodereaderview:processDebugResources
:qrcodereaderview:generateDebugSources
:qrcodereaderview:compileDebugJavaWithJavacNote: Some input files use or override a deprecated API.
Note: Recompile with -Xlint:deprecation for details.

:qrcodereaderview:extractDebugAnnotations
:qrcodereaderview:mergeDebugShaders
:qrcodereaderview:compileDebugShaders
:qrcodereaderview:generateDebugAssets
:qrcodereaderview:mergeDebugAssets
:qrcodereaderview:mergeDebugConsumerProguardFiles
:qrcodereaderview:packageDebugRenderscript NO-SOURCE
:qrcodereaderview:processDebugJavaRes NO-SOURCE
:qrcodereaderview:transformResourcesWithMergeJavaResForDebug
:qrcodereaderview:transformClassesAndResourcesWithSyncLibJarsForDebug
:qrcodereaderview:mergeDebugJniLibFolders
:qrcodereaderview:transformNativeLibsWithMergeJniLibsForDebug
:qrcodereaderview:transformNativeLibsWithStripDebugSymbolForDebug
:qrcodereaderview:transformNativeLibsWithSyncJniLibsForDebug
:qrcodereaderview:bundleDebug
:qrcodereaderview:compileDebugSources
:qrcodereaderview:assembleDebug
:qrcodereaderview:preReleaseBuild UP-TO-DATE
:qrcodereaderview:compileReleaseAidl
:qrcodereaderview:compileReleaseNdk NO-SOURCE
:qrcodereaderview:compileReleaseRenderscript
:qrcodereaderview:checkReleaseManifest
:qrcodereaderview:generateReleaseBuildConfig
:qrcodereaderview:generateReleaseResValues
:qrcodereaderview:generateReleaseResources
:qrcodereaderview:packageReleaseResources
:qrcodereaderview:processReleaseManifest
:qrcodereaderview:processReleaseResources
:qrcodereaderview:generateReleaseSources
:qrcodereaderview:javaPreCompileRelease
:qrcodereaderview:compileReleaseJavaWithJavacNote: Some input files use or override a deprecated API.
Note: Recompile with -Xlint:deprecation for details.

:qrcodereaderview:extractReleaseAnnotations
:qrcodereaderview:mergeReleaseShaders
:qrcodereaderview:compileReleaseShaders
:qrcodereaderview:generateReleaseAssets
:qrcodereaderview:mergeReleaseAssets
:qrcodereaderview:mergeReleaseConsumerProguardFiles
:qrcodereaderview:packageReleaseRenderscript NO-SOURCE
:qrcodereaderview:processReleaseJavaRes NO-SOURCE
:qrcodereaderview:transformResourcesWithMergeJavaResForRelease
:qrcodereaderview:transformClassesAndResourcesWithSyncLibJarsForRelease
:qrcodereaderview:mergeReleaseJniLibFolders
:qrcodereaderview:transformNativeLibsWithMergeJniLibsForRelease
:qrcodereaderview:transformNativeLibsWithStripDebugSymbolForRelease
:qrcodereaderview:transformNativeLibsWithSyncJniLibsForRelease
:qrcodereaderview:bundleRelease
:qrcodereaderview:compileReleaseSources
:qrcodereaderview:mergeReleaseResources
:qrcodereaderview:verifyReleaseResources
:qrcodereaderview:assembleRelease
:qrcodereaderview:javadoc/tmp/rdisk/1891/src/QRCodeReaderView-master/qrcodereaderview/src/main/java/com/google/zxing/client/android/camera/CameraManager.java:25: error: cannot find symbol
import com.google.zxing.PlanarYUVLuminanceSource;
                       ^
  symbol:   class PlanarYUVLuminanceSource
  location: package com.google.zxing
/tmp/rdisk/1891/src/QRCodeReaderView-master/qrcodereaderview/src/main/java/com/google/zxing/client/android/camera/CameraManager.java:234: error: cannot find symbol
  public PlanarYUVLuminanceSource buildLuminanceSource(byte[] data, int width, int height) {
         ^
  symbol:   class PlanarYUVLuminanceSource
  location: class CameraManager
/tmp/rdisk/1891/src/QRCodeReaderView-master/qrcodereaderview/src/main/java/com/dlazaro66/qrcodereaderview/QRToViewPointTransformer.java:6: error: cannot find symbol
import com.google.zxing.ResultPoint;
                       ^
  symbol:   class ResultPoint
  location: package com.google.zxing
/tmp/rdisk/1891/src/QRCodeReaderView-master/qrcodereaderview/src/main/java/com/dlazaro66/qrcodereaderview/QRToViewPointTransformer.java:10: error: cannot find symbol
  public PointF[] transform(ResultPoint[] qrPoints, boolean isMirrorPreview,
                            ^
  symbol:   class ResultPoint
  location: class QRToViewPointTransformer
/tmp/rdisk/1891/src/QRCodeReaderView-master/qrcodereaderview/src/main/java/com/dlazaro66/qrcodereaderview/QRToViewPointTransformer.java:24: error: cannot find symbol
  public PointF transform(ResultPoint qrPoint, boolean isMirrorPreview, Orientation orientation,
                          ^
  symbol:   class ResultPoint
  location: class QRToViewPointTransformer
/tmp/rdisk/1891/src/QRCodeReaderView-master/qrcodereaderview/src/main/java/com/dlazaro66/qrcodereaderview/QRCodeReaderView.java:31: error: cannot find symbol
import com.google.zxing.BinaryBitmap;
                       ^
  symbol:   class BinaryBitmap
  location: package com.google.zxing
/tmp/rdisk/1891/src/QRCodeReaderView-master/qrcodereaderview/src/main/java/com/dlazaro66/qrcodereaderview/QRCodeReaderView.java:32: error: cannot find symbol
import com.google.zxing.ChecksumException;
                       ^
  symbol:   class ChecksumException
  location: package com.google.zxing
/tmp/rdisk/1891/src/QRCodeReaderView-master/qrcodereaderview/src/main/java/com/dlazaro66/qrcodereaderview/QRCodeReaderView.java:33: error: cannot find symbol
import com.google.zxing.DecodeHintType;
                       ^
  symbol:   class DecodeHintType
  location: package com.google.zxing
/tmp/rdisk/1891/src/QRCodeReaderView-master/qrcodereaderview/src/main/java/com/dlazaro66/qrcodereaderview/QRCodeReaderView.java:34: error: cannot find symbol
import com.google.zxing.FormatException;
                       ^
  symbol:   class FormatException
  location: package com.google.zxing
/tmp/rdisk/1891/src/QRCodeReaderView-master/qrcodereaderview/src/main/java/com/dlazaro66/qrcodereaderview/QRCodeReaderView.java:35: error: cannot find symbol
import com.google.zxing.NotFoundException;
                       ^
  symbol:   class NotFoundException
  location: package com.google.zxing
/tmp/rdisk/1891/src/QRCodeReaderView-master/qrcodereaderview/src/main/java/com/dlazaro66/qrcodereaderview/QRCodeReaderView.java:36: error: cannot find symbol
import com.google.zxing.PlanarYUVLuminanceSource;
                       ^
  symbol:   class PlanarYUVLuminanceSource
  location: package com.google.zxing
/tmp/rdisk/1891/src/QRCodeReaderView-master/qrcodereaderview/src/main/java/com/dlazaro66/qrcodereaderview/QRCodeReaderView.java:37: error: cannot find symbol
import com.google.zxing.Result;
                       ^
  symbol:   class Result
  location: package com.google.zxing
/tmp/rdisk/1891/src/QRCodeReaderView-master/qrcodereaderview/src/main/java/com/dlazaro66/qrcodereaderview/QRCodeReaderView.java:38: error: cannot find symbol
import com.google.zxing.ResultPoint;
                       ^
  symbol:   class ResultPoint
  location: package com.google.zxing
/tmp/rdisk/1891/src/QRCodeReaderView-master/qrcodereaderview/src/main/java/com/dlazaro66/qrcodereaderview/QRCodeReaderView.java:40: error: package com.google.zxing.common does not exist
import com.google.zxing.common.HybridBinarizer;
                              ^
/tmp/rdisk/1891/src/QRCodeReaderView-master/qrcodereaderview/src/main/java/com/dlazaro66/qrcodereaderview/QRCodeReaderView.java:41: error: package com.google.zxing.qrcode does not exist
import com.google.zxing.qrcode.QRCodeReader;
                              ^
/tmp/rdisk/1891/src/QRCodeReaderView-master/qrcodereaderview/src/main/java/com/dlazaro66/qrcodereaderview/QRCodeReaderView.java:67: error: cannot find symbol
    private QRCodeReader mQRCodeReader;
            ^
  symbol:   class QRCodeReader
  location: class QRCodeReaderView
/tmp/rdisk/1891/src/QRCodeReaderView-master/qrcodereaderview/src/main/java/com/dlazaro66/qrcodereaderview/QRCodeReaderView.java:345: error: cannot find symbol
    private static class DecodeFrameTask extends AsyncTask<byte[], Void, Result> {
                                                                         ^
  symbol:   class Result
  location: class QRCodeReaderView
/tmp/rdisk/1891/src/QRCodeReaderView-master/qrcodereaderview/src/main/java/com/dlazaro66/qrcodereaderview/QRCodeReaderView.java:73: error: cannot find symbol
    private Map<DecodeHintType, Object> decodeHints;
                ^
  symbol:   class DecodeHintType
  location: class QRCodeReaderView
/tmp/rdisk/1891/src/QRCodeReaderView-master/qrcodereaderview/src/main/java/com/dlazaro66/qrcodereaderview/QRCodeReaderView.java:129: error: cannot find symbol
    public void setDecodeHints(Map<DecodeHintType, Object> decodeHints) {
                                   ^
  symbol:   class DecodeHintType
  location: class QRCodeReaderView
/tmp/rdisk/1891/src/QRCodeReaderView-master/qrcodereaderview/src/main/java/com/dlazaro66/qrcodereaderview/QRCodeReaderView.java:348: error: cannot find symbol
        private final WeakReference<Map<DecodeHintType, Object>> hintsRef;
                                        ^
  symbol:   class DecodeHintType
  location: class DecodeFrameTask
/tmp/rdisk/1891/src/QRCodeReaderView-master/qrcodereaderview/src/main/java/com/dlazaro66/qrcodereaderview/QRCodeReaderView.java:352: error: cannot find symbol
        DecodeFrameTask(QRCodeReaderView view, Map<DecodeHintType, Object> hints) {
                                                   ^
  symbol:   class DecodeHintType
  location: class DecodeFrameTask
/tmp/rdisk/1891/src/QRCodeReaderView-master/qrcodereaderview/src/main/java/com/dlazaro66/qrcodereaderview/QRCodeReaderView.java:358: error: cannot find symbol
        protected Result doInBackground(byte[]... params) {
                  ^
  symbol:   class Result
  location: class DecodeFrameTask
/tmp/rdisk/1891/src/QRCodeReaderView-master/qrcodereaderview/src/main/java/com/dlazaro66/qrcodereaderview/QRCodeReaderView.java:387: error: cannot find symbol
        protected void onPostExecute(Result result) {
                                     ^
  symbol:   class Result
  location: class DecodeFrameTask
/tmp/rdisk/1891/src/QRCodeReaderView-master/qrcodereaderview/src/main/java/com/dlazaro66/qrcodereaderview/QRCodeReaderView.java:410: error: cannot find symbol
                                                    ResultPoint[] resultPoints) {
                                                    ^
  symbol:   class ResultPoint
  location: class DecodeFrameTask
/tmp/rdisk/1891/src/QRCodeReaderView-master/qrcodereaderview/src/main/java/com/google/zxing/client/android/camera/CameraManager.java:100: warning: no description for @param
   * @param height @throws IOException Indicates the camera driver failed to open.
     ^
/tmp/rdisk/1891/src/QRCodeReaderView-master/qrcodereaderview/src/main/java/com/google/zxing/client/android/camera/CameraManager.java:102: warning: no @param for width
  public synchronized void openDriver(SurfaceHolder holder, int width, int height)
                           ^

26 warnings
:qrcodereaderview:javadocJar
:qrcodereaderview:sourcesJar
:qrcodereaderview:assemble
:qrcodereaderview:build

BUILD SUCCESSFUL in 14s
51 actionable tasks: 51 executed

2018-05-11 14:18:45,532 INFO  ProjectTaskService - Detecting possible tasks...
2018-05-11 14:18:45,532 INFO  SysUtils - Execute command: [/tmp/rdisk/1891/src/QRCodeReaderView-master/gradlew, -b, /tmp/rdisk/1891/src/QRCodeReaderView-master/samples/build.gradle, -Dorg.gradle.daemon=false, -Dorg.gradle.daemon.performance.enable-monitoring=false, -Dorg.gradle.configureondemand=true, tasks]
2018-05-11 14:18:53,119 INFO  ProjectTaskService - Detected possible tasks: 66
2018-05-11 14:18:53,119 INFO  ProjectTaskService - Excluded tasks (19): lintDebug mockableAndroidJar deviceCheck lint testReleaseUnitTest uninstallRelease deviceAndroidTest uninstallDebugAndroidTest installDebugAndroidTest connectedCheck connectedDebugAndroidTest uninstallAll test check testDebugUnitTest connectedAndroidTest installDebug lintRelease uninstallDebug
2018-05-11 14:18:53,119 INFO  SysUtils - Execute command: [/tmp/rdisk/1891/src/QRCodeReaderView-master/gradlew, -b, /tmp/rdisk/1891/src/QRCodeReaderView-master/samples/build.gradle, -Dorg.gradle.daemon=false, -Dorg.gradle.daemon.performance.enable-monitoring=false, -Dorg.gradle.configureondemand=true, --stacktrace, -x, lintDebug, -x, mockableAndroidJar, -x, deviceCheck, -x, lint, -x, testReleaseUnitTest, -x, uninstallRelease, -x, deviceAndroidTest, -x, uninstallDebugAndroidTest, -x, installDebugAndroidTest, -x, connectedCheck, -x, connectedDebugAndroidTest, -x, uninstallAll, -x, test, -x, check, -x, testDebugUnitTest, -x, connectedAndroidTest, -x, installDebug, -x, lintRelease, -x, uninstallDebug, build]
2018-05-11 14:19:32,653 INFO  SysUtils - Configuration on demand is an incubating feature.
Configuration 'compile' in project ':samples' is deprecated. Use 'implementation' instead.
:samples:preBuild UP-TO-DATE
:samples:preDebugBuild
:samples:compileDebugAidl
:samples:compileDebugRenderscript
:samples:checkDebugManifest
:samples:generateDebugBuildConfig
:samples:prepareLintJar
:samples:generateDebugResValues
:samples:generateDebugResources
:samples:mergeDebugResources
:samples:createDebugCompatibleScreenManifests
:samples:processDebugManifest
:samples:splitsDiscoveryTaskDebug
:samples:processDebugResources
:samples:generateDebugSources
:samples:javaPreCompileDebug
:samples:compileDebugJavaWithJavac
:samples:compileDebugNdk NO-SOURCE
:samples:compileDebugSources
:samples:mergeDebugShaders
:samples:compileDebugShaders
:samples:generateDebugAssets
:samples:mergeDebugAssets
:samples:transformClassesWithDexBuilderForDebug
:samples:transformDexArchiveWithExternalLibsDexMergerForDebug
:samples:transformDexArchiveWithDexMergerForDebug
:samples:mergeDebugJniLibFolders
:samples:transformNativeLibsWithMergeJniLibsForDebug
:samples:transformNativeLibsWithStripDebugSymbolForDebug
:samples:processDebugJavaRes NO-SOURCE
:samples:transformResourcesWithMergeJavaResForDebug
:samples:validateSigningDebug
:samples:packageDebug
:samples:assembleDebug
:samples:preReleaseBuild
:samples:compileReleaseAidl
:samples:compileReleaseRenderscript
:samples:checkReleaseManifest
:samples:generateReleaseBuildConfig
:samples:generateReleaseResValues
:samples:generateReleaseResources
:samples:mergeReleaseResources
:samples:createReleaseCompatibleScreenManifests
:samples:processReleaseManifest
:samples:splitsDiscoveryTaskRelease
:samples:processReleaseResources
:samples:generateReleaseSources
:samples:javaPreCompileRelease
:samples:compileReleaseJavaWithJavac
:samples:compileReleaseNdk NO-SOURCE
:samples:compileReleaseSources
:samples:mergeReleaseShaders
:samples:compileReleaseShaders
:samples:generateReleaseAssets
:samples:mergeReleaseAssets
:samples:transformClassesWithPreDexForRelease
:samples:transformDexWithDexForRelease
:samples:mergeReleaseJniLibFolders
:samples:transformNativeLibsWithMergeJniLibsForRelease
:samples:transformNativeLibsWithStripDebugSymbolForRelease
:samples:processReleaseJavaRes NO-SOURCE
:samples:transformResourcesWithMergeJavaResForRelease
:samples:packageRelease
:samples:lintVitalRelease
:samples:assembleRelease
:samples:assemble
:samples:build

BUILD SUCCESSFUL in 39s
50 actionable tasks: 50 executed

2018-05-11 14:19:32,714 INFO  FullProcessService - Found APK file: /tmp/rdisk/1891/src/QRCodeReaderView-master/samples/build/outputs/apk/release/samples-release-unsigned.apk
