2018-04-04 01:35:13,464 INFO  DownloadService - Downloading "https://github.com/tsengvn/Typekit/archive/master.zip", attempt 3
2018-04-04 01:36:13,910 INFO  GithubDownloadService - Could not find ZIP archive for master branch
2018-04-04 01:36:14,576 INFO  GithubDownloadService - Default branch of this repository: master
2018-04-04 01:36:14,576 INFO  DownloadService - Downloading "https://github.com/tsengvn/Typekit/archive/master.zip", attempt 3
2018-04-04 01:37:15,770 DEBUG FullProcessService - Repository https://github.com/tsengvn/Typekit available: true
2018-04-04 01:37:15,770 INFO  FullProcessService - Could not download ZIP file from Github, lets clone it
2018-04-04 01:37:15,770 INFO  SysUtils - Execute command: [git, clone, -q, --single-branch, --depth, 1, https://github.com/tsengvn/Typekit, /tmp/rdisk/1957/src]
2018-04-04 01:37:17,608 INFO  SysUtils - 
2018-04-04 01:37:17,622 INFO  GitService - Deleted "/tmp/rdisk/1957/src/.git": true
2018-04-04 01:37:17,624 INFO  FullProcessService - Size of directory with sources: 532 KB
2018-04-04 01:37:17,624 INFO  SysUtils - Execute command: [git, init, /tmp/rdisk/1957/src]
2018-04-04 01:37:17,634 INFO  SysUtils - Initialized empty Git repository in /tmp/rdisk/1957/src/.git/

2018-04-04 01:37:17,637 INFO  ProjectBuildService - Gradle wrapper(s): /tmp/rdisk/1957/src/gradlew
2018-04-04 01:37:17,639 INFO  ProjectBuildService - Build script(s): /tmp/rdisk/1957/src/sample/build.gradle /tmp/rdisk/1957/src/typekit/build.gradle /tmp/rdisk/1957/src/build.gradle
2018-04-04 01:37:17,641 INFO  ProjectBuildService - All script(s): /tmp/rdisk/1957/src/typekit/build.gradle /tmp/rdisk/1957/src/settings.gradle /tmp/rdisk/1957/src/sample/build.gradle /tmp/rdisk/1957/src/gradle/deploy.gradle /tmp/rdisk/1957/src/build.gradle
2018-04-04 01:37:17,642 INFO  DownloadService - Downloading "https://raw.githubusercontent.com/nuuneoi/JCenter/master/bintrayv1.gradle", attempt 3
2018-04-04 01:37:17,970 INFO  DownloadService - Downloaded https://raw.githubusercontent.com/nuuneoi/JCenter/master/bintrayv1.gradle, attempt 3
2018-04-04 01:37:17,970 INFO  DownloadService - Downloading "https://raw.githubusercontent.com/nuuneoi/JCenter/master/installv1.gradle", attempt 3
2018-04-04 01:37:18,106 INFO  DownloadService - Downloaded https://raw.githubusercontent.com/nuuneoi/JCenter/master/installv1.gradle, attempt 3
2018-04-04 01:37:18,106 INFO  ProjectBuildService - Remote scripts: https://raw.githubusercontent.com/nuuneoi/JCenter/master/bintrayv1.gradle https://raw.githubusercontent.com/nuuneoi/JCenter/master/installv1.gradle
2018-04-04 01:37:18,106 INFO  ProjectFixService - Fixing project...
2018-04-04 01:37:18,115 INFO  LocalPropertiesFixService - Created fake /tmp/rdisk/1957/src/sample/local.properties
2018-04-04 01:37:18,115 INFO  ProjectFixService - Build info for "/tmp/rdisk/1957/src/sample/build.gradle": [buildToolsVersion=21.1.2,compileSdkVersion=22,minSdkVersion=10,targetSdkVersion=22]
2018-04-04 01:37:18,115 INFO  LocalPropertiesFixService - Created fake /tmp/rdisk/1957/src/typekit/local.properties
2018-04-04 01:37:18,115 INFO  ProjectFixService - Build info for "/tmp/rdisk/1957/src/typekit/build.gradle": [buildToolsVersion=21.1.2,compileSdkVersion=22,minSdkVersion=10,targetSdkVersion=22]
2018-04-04 01:37:18,115 INFO  LocalPropertiesFixService - Created fake /tmp/rdisk/1957/src/local.properties
2018-04-04 01:37:18,116 INFO  WrapperPropertiesFixService - Gradle wrapper: https://services.gradle.org/distributions/gradle-2.10-all.zip
2018-04-04 01:37:18,116 INFO  WrapperPropertiesFixService - Gradle wrapper was changed from "-all.zip" to "-bin.zip" (https://services.gradle.org/distributions/gradle-2.10-bin.zip)
2018-04-04 01:37:18,116 INFO  ProjectFixService - Build info for "/tmp/rdisk/1957/src/build.gradle": [buildToolsVersion=21.1.2,compileSdkVersion=22,minSdkVersion=10,targetSdkVersion=22]
2018-04-04 01:37:18,117 INFO  ProjectFixService - Project was maybe fixed
2018-04-04 01:37:18,117 INFO  ProjectTaskService - Detecting possible tasks...
2018-04-04 01:37:18,117 INFO  SysUtils - Execute command: [/tmp/rdisk/1957/src/gradlew, -b, /tmp/rdisk/1957/src/sample/build.gradle, -Dorg.gradle.daemon=false, -Dorg.gradle.daemon.performance.enable-monitoring=false, -Dorg.gradle.configureondemand=true, tasks]
2018-04-04 01:37:28,626 INFO  ProjectTaskService - Detected possible tasks: 73
2018-04-04 01:37:28,626 INFO  ProjectTaskService - Excluded tasks (22): lintDebug mockableAndroidJar javadocJar deviceCheck lint testReleaseUnitTest javadoc uninstallRelease deviceAndroidTest uninstallDebugAndroidTest installDebugAndroidTest connectedCheck connectedDebugAndroidTest uninstallAll sourcesJar test check testDebugUnitTest connectedAndroidTest installDebug lintRelease uninstallDebug
2018-04-04 01:37:28,626 INFO  SysUtils - Execute command: [/tmp/rdisk/1957/src/gradlew, -b, /tmp/rdisk/1957/src/sample/build.gradle, -Dorg.gradle.daemon=false, -Dorg.gradle.daemon.performance.enable-monitoring=false, -Dorg.gradle.configureondemand=true, --stacktrace, -x, lintDebug, -x, mockableAndroidJar, -x, javadocJar, -x, deviceCheck, -x, lint, -x, testReleaseUnitTest, -x, javadoc, -x, uninstallRelease, -x, deviceAndroidTest, -x, uninstallDebugAndroidTest, -x, installDebugAndroidTest, -x, connectedCheck, -x, connectedDebugAndroidTest, -x, uninstallAll, -x, sourcesJar, -x, test, -x, check, -x, testDebugUnitTest, -x, connectedAndroidTest, -x, installDebug, -x, lintRelease, -x, uninstallDebug, build]
2018-04-04 01:37:36,541 ERROR SysUtils - Could not process external command
org.apache.commons.exec.ExecuteException: Process exited with an error: 1 (Exit value: 1)
	at org.apache.commons.exec.DefaultExecutor.executeInternal(DefaultExecutor.java:404)
	at org.apache.commons.exec.DefaultExecutor.execute(DefaultExecutor.java:166)
	at com.github.vbauer.apkmaster.util.SysUtils.execute(SysUtils.java:67)
	at com.github.vbauer.apkmaster.util.SysUtils.executeSimple(SysUtils.java:43)
	at com.github.vbauer.apkmaster.service.assembly.ProjectBuildService.buildProject(ProjectBuildService.java:78)
	at com.github.vbauer.apkmaster.service.assembly.ProjectBuildService.buildProject(ProjectBuildService.java:64)
	at com.github.vbauer.apkmaster.service.assembly.ProjectBuildService.buildProject(ProjectBuildService.java:43)
	at com.github.vbauer.apkmaster.service.FullProcessService.build(FullProcessService.java:84)
	at com.github.vbauer.apkmaster.service.FullProcessService.process(FullProcessService.java:34)
	at com.github.vbauer.apkmaster.app.MainApplication.process(MainApplication.java:38)
	at com.github.vbauer.apkmaster.app.MainApplication.main(MainApplication.java:20)
	at sun.reflect.GeneratedMethodAccessor8.invoke(Unknown Source)
	at sun.reflect.DelegatingMethodAccessorImpl.invoke(DelegatingMethodAccessorImpl.java:43)
	at java.lang.reflect.Method.invoke(Method.java:498)
	at com.android.arsenal.util.ReflectionUtils.invoke(ReflectionUtils.java:42)
	at com.android.arsenal.util.ApkMasterUtils.main(ApkMasterUtils.java:30)
	at com.android.arsenal.service.processor.impl.BuildProcessorServiceImpl.buildProject(BuildProcessorServiceImpl.java:197)
	at com.android.arsenal.service.processor.impl.BuildProcessorServiceImpl.build(BuildProcessorServiceImpl.java:131)
	at com.android.arsenal.service.processor.impl.BuildProcessorServiceImpl.lambda$null$1(BuildProcessorServiceImpl.java:114)
	at java.util.concurrent.FutureTask.run(FutureTask.java:266)
	at java.util.concurrent.Executors$RunnableAdapter.call(Executors.java:511)
	at java.util.concurrent.FutureTask.run(FutureTask.java:266)
	at java.util.concurrent.ThreadPoolExecutor.runWorker(ThreadPoolExecutor.java:1149)
	at java.util.concurrent.ThreadPoolExecutor$Worker.run(ThreadPoolExecutor.java:624)
	at java.lang.Thread.run(Thread.java:748)
2018-04-04 01:37:36,541 INFO  SysUtils - Configuration on demand is an incubating feature.
Observed package id 'build-tools;28.0.0-preview' in inconsistent location '/root/Applications/android-sdk/build-tools/28.0.0-rc1' (Expected '/root/Applications/android-sdk/build-tools/28.0.0-preview')
Incremental java compilation is an incubating feature.

FAILURE: Build failed with an exception.

* What went wrong:
Task 'javadocJar' not found in project ':sample'.

* Try:
Run gradlew tasks to get a list of available tasks. Run with --info or --debug option to get more log output.

* Exception is:
org.gradle.execution.TaskSelectionException: Task 'javadocJar' not found in project ':sample'.
	at org.gradle.execution.TaskSelector.getSelection(TaskSelector.java:100)
	at org.gradle.execution.TaskSelector.getFilter(TaskSelector.java:63)
	at org.gradle.execution.ExcludedTaskFilteringBuildConfigurationAction.configure(ExcludedTaskFilteringBuildConfigurationAction.java:42)
	at org.gradle.execution.DefaultBuildConfigurationActionExecuter.configure(DefaultBuildConfigurationActionExecuter.java:48)
	at org.gradle.execution.DefaultBuildConfigurationActionExecuter.select(DefaultBuildConfigurationActionExecuter.java:36)
	at org.gradle.initialization.DefaultGradleLauncher$3.run(DefaultGradleLauncher.java:143)
	at org.gradle.internal.Factories$1.create(Factories.java:22)
	at org.gradle.internal.progress.DefaultBuildOperationExecutor.run(DefaultBuildOperationExecutor.java:90)
	at org.gradle.internal.progress.DefaultBuildOperationExecutor.run(DefaultBuildOperationExecutor.java:52)
	at org.gradle.initialization.DefaultGradleLauncher.doBuildStages(DefaultGradleLauncher.java:140)
	at org.gradle.initialization.DefaultGradleLauncher.access$200(DefaultGradleLauncher.java:32)
	at org.gradle.initialization.DefaultGradleLauncher$1.create(DefaultGradleLauncher.java:99)
	at org.gradle.initialization.DefaultGradleLauncher$1.create(DefaultGradleLauncher.java:93)
	at org.gradle.internal.progress.DefaultBuildOperationExecutor.run(DefaultBuildOperationExecutor.java:90)
	at org.gradle.internal.progress.DefaultBuildOperationExecutor.run(DefaultBuildOperationExecutor.java:62)
	at org.gradle.initialization.DefaultGradleLauncher.doBuild(DefaultGradleLauncher.java:93)
	at org.gradle.initialization.DefaultGradleLauncher.run(DefaultGradleLauncher.java:82)
	at org.gradle.launcher.exec.InProcessBuildActionExecuter$DefaultBuildController.run(InProcessBuildActionExecuter.java:94)
	at org.gradle.tooling.internal.provider.ExecuteBuildActionRunner.run(ExecuteBuildActionRunner.java:28)
	at org.gradle.launcher.exec.ChainingBuildActionRunner.run(ChainingBuildActionRunner.java:35)
	at org.gradle.launcher.exec.InProcessBuildActionExecuter.execute(InProcessBuildActionExecuter.java:43)
	at org.gradle.launcher.exec.InProcessBuildActionExecuter.execute(InProcessBuildActionExecuter.java:28)
	at org.gradle.launcher.exec.ContinuousBuildActionExecuter.execute(ContinuousBuildActionExecuter.java:78)
	at org.gradle.launcher.exec.ContinuousBuildActionExecuter.execute(ContinuousBuildActionExecuter.java:48)
	at org.gradle.launcher.exec.DaemonUsageSuggestingBuildActionExecuter.execute(DaemonUsageSuggestingBuildActionExecuter.java:51)
	at org.gradle.launcher.exec.DaemonUsageSuggestingBuildActionExecuter.execute(DaemonUsageSuggestingBuildActionExecuter.java:28)
	at org.gradle.launcher.cli.RunBuildAction.run(RunBuildAction.java:43)
	at org.gradle.internal.Actions$RunnableActionAdapter.execute(Actions.java:170)
	at org.gradle.launcher.cli.CommandLineActionFactory$ParseAndBuildAction.execute(CommandLineActionFactory.java:237)
	at org.gradle.launcher.cli.CommandLineActionFactory$ParseAndBuildAction.execute(CommandLineActionFactory.java:210)
	at org.gradle.launcher.cli.JavaRuntimeValidationAction.execute(JavaRuntimeValidationAction.java:35)
	at org.gradle.launcher.cli.JavaRuntimeValidationAction.execute(JavaRuntimeValidationAction.java:24)
	at org.gradle.launcher.cli.CommandLineActionFactory$WithLogging.execute(CommandLineActionFactory.java:206)
	at org.gradle.launcher.cli.CommandLineActionFactory$WithLogging.execute(CommandLineActionFactory.java:169)
	at org.gradle.launcher.cli.ExceptionReportingAction.execute(ExceptionReportingAction.java:33)
	at org.gradle.launcher.cli.ExceptionReportingAction.execute(ExceptionReportingAction.java:22)
	at org.gradle.launcher.Main.doAction(Main.java:33)
	at org.gradle.launcher.bootstrap.EntryPoint.run(EntryPoint.java:45)
	at org.gradle.launcher.bootstrap.ProcessBootstrap.runNoExit(ProcessBootstrap.java:54)
	at org.gradle.launcher.bootstrap.ProcessBootstrap.run(ProcessBootstrap.java:35)
	at org.gradle.launcher.GradleMain.main(GradleMain.java:23)
	at org.gradle.wrapper.BootstrapMainStarter.start(BootstrapMainStarter.java:33)
	at org.gradle.wrapper.WrapperExecutor.execute(WrapperExecutor.java:130)
	at org.gradle.wrapper.GradleWrapperMain.main(GradleWrapperMain.java:48)


BUILD FAILED

Total time: 7.491 secs

2018-04-04 01:37:36,542 ERROR ProjectBuildService - Excluded tasks were detected wrong
2018-04-04 01:37:36,542 INFO  SysUtils - Execute command: [/tmp/rdisk/1957/src/gradlew, -b, /tmp/rdisk/1957/src/sample/build.gradle, -Dorg.gradle.daemon=false, -Dorg.gradle.daemon.performance.enable-monitoring=false, -Dorg.gradle.configureondemand=true, --stacktrace, build]
2018-04-04 01:38:15,766 INFO  SysUtils - Configuration on demand is an incubating feature.
Observed package id 'build-tools;28.0.0-preview' in inconsistent location '/root/Applications/android-sdk/build-tools/28.0.0-rc1' (Expected '/root/Applications/android-sdk/build-tools/28.0.0-preview')
Incremental java compilation is an incubating feature.
:sample:preBuild UP-TO-DATE
:sample:preDebugBuild UP-TO-DATE
:sample:checkDebugManifest
:sample:preReleaseBuild UP-TO-DATE
:typekit:preBuild UP-TO-DATE
:typekit:preReleaseBuild UP-TO-DATE
:typekit:compileReleaseNdk UP-TO-DATE
:typekit:compileLint
:typekit:copyReleaseLint UP-TO-DATE
:typekit:checkReleaseManifest
:typekit:preDebugAndroidTestBuild UP-TO-DATE
:typekit:preDebugBuild UP-TO-DATE
:typekit:preDebugUnitTestBuild UP-TO-DATE
:typekit:preReleaseUnitTestBuild UP-TO-DATE
:typekit:prepareComAndroidSupportAppcompatV72211Library
:typekit:prepareComAndroidSupportSupportV42211Library
:typekit:prepareReleaseDependencies
:typekit:compileReleaseAidl
:typekit:compileReleaseRenderscript
:typekit:generateReleaseBuildConfig
:typekit:mergeReleaseShaders
:typekit:compileReleaseShaders
:typekit:generateReleaseAssets
:typekit:mergeReleaseAssets
:typekit:generateReleaseResValues
:typekit:generateReleaseResources
:typekit:mergeReleaseResources
:typekit:processReleaseManifest
:typekit:processReleaseResources
:typekit:generateReleaseSources
:typekit:incrementalReleaseJavaCompilationSafeguard
:typekit:compileReleaseJavaWithJavac
:typekit:compileReleaseJavaWithJavac - is not incremental (e.g. outputs have changed, no previous execution, etc.).
:typekit:extractReleaseAnnotations
:typekit:mergeReleaseProguardFiles
:typekit:packageReleaseRenderscript UP-TO-DATE
:typekit:packageReleaseResources
:typekit:processReleaseJavaRes UP-TO-DATE
:typekit:transformResourcesWithMergeJavaResForRelease
:typekit:transformClassesAndResourcesWithSyncLibJarsForRelease
:typekit:mergeReleaseJniLibFolders
:typekit:transformNative_libsWithMergeJniLibsForRelease
:typekit:transformNative_libsWithSyncJniLibsForRelease
:typekit:bundleRelease
:sample:prepareComAndroidSupportAppcompatV72211Library
:sample:prepareComAndroidSupportSupportV42211Library
:sample:prepareComTsengvnTypekit101Library
:sample:prepareDebugDependencies
:sample:compileDebugAidl
:sample:compileDebugRenderscript
:sample:generateDebugBuildConfig
:sample:mergeDebugShaders
:sample:compileDebugShaders
:sample:generateDebugAssets
:sample:mergeDebugAssets
:sample:generateDebugResValues
:sample:generateDebugResources
:sample:mergeDebugResources
:sample:processDebugManifest
:sample:processDebugResources
:sample:generateDebugSources
:sample:incrementalDebugJavaCompilationSafeguard
:sample:compileDebugJavaWithJavac
:sample:compileDebugJavaWithJavac - is not incremental (e.g. outputs have changed, no previous execution, etc.).
:sample:compileDebugNdk UP-TO-DATE
:sample:compileDebugSources
:sample:prePackageMarkerForDebug
:sample:transformClassesWithDexForDebug
Running dex in-process requires build tools 23.0.2.
For faster builds update this project to use the latest build tools.
:sample:mergeDebugJniLibFolders
:sample:transformNative_libsWithMergeJniLibsForDebug
:sample:processDebugJavaRes UP-TO-DATE
:sample:transformResourcesWithMergeJavaResForDebug
:sample:validateDebugSigning
:sample:packageDebug
:sample:zipalignDebug
:sample:assembleDebug
:sample:checkReleaseManifest
:sample:prepareReleaseDependencies
:sample:compileReleaseAidl
:sample:compileReleaseRenderscript
:sample:generateReleaseBuildConfig
:sample:mergeReleaseShaders
:sample:compileReleaseShaders
:sample:generateReleaseAssets
:sample:mergeReleaseAssets
:sample:generateReleaseResValues
:sample:generateReleaseResources
:sample:mergeReleaseResources
:sample:processReleaseManifest
:sample:processReleaseResources
:sample:generateReleaseSources
:sample:incrementalReleaseJavaCompilationSafeguard
:sample:compileReleaseJavaWithJavac
:sample:compileReleaseJavaWithJavac - is not incremental (e.g. outputs have changed, no previous execution, etc.).
:sample:compileReleaseNdk UP-TO-DATE
:sample:compileReleaseSources
:sample:lintVitalRelease
:sample:prePackageMarkerForRelease
:sample:transformClassesWithDexForRelease
:sample:mergeReleaseJniLibFolders
:sample:transformNative_libsWithMergeJniLibsForRelease
:sample:processReleaseJavaRes UP-TO-DATE
:sample:transformResourcesWithMergeJavaResForRelease
:sample:packageRelease
:sample:assembleRelease
:sample:assemble
:sample:compileLint
:sample:lint
Ran lint on variant debug: 10 issues found
Ran lint on variant release: 10 issues found
Wrote HTML report to file:///tmp/rdisk/1957/src/sample/build/outputs/lint-results-debug.html
Wrote XML report to file:///tmp/rdisk/1957/src/sample/build/outputs/lint-results-debug.xml
:sample:incrementalDebugUnitTestJavaCompilationSafeguard UP-TO-DATE
:sample:preDebugUnitTestBuild UP-TO-DATE
:sample:prepareDebugUnitTestDependencies
:sample:compileDebugUnitTestJavaWithJavac UP-TO-DATE
:sample:processDebugUnitTestJavaRes UP-TO-DATE
:sample:compileDebugUnitTestSources UP-TO-DATE
:sample:mockableAndroidJar
:sample:assembleDebugUnitTest
:sample:testDebugUnitTest
:sample:incrementalReleaseUnitTestJavaCompilationSafeguard UP-TO-DATE
:sample:preReleaseUnitTestBuild UP-TO-DATE
:sample:prepareReleaseUnitTestDependencies
:sample:compileReleaseUnitTestJavaWithJavac UP-TO-DATE
:sample:processReleaseUnitTestJavaRes UP-TO-DATE
:sample:compileReleaseUnitTestSources UP-TO-DATE
:sample:assembleReleaseUnitTest
:sample:testReleaseUnitTest
:sample:test
:sample:check
:sample:build

BUILD SUCCESSFUL

Total time: 38.783 secs

2018-04-04 01:38:15,842 INFO  FullProcessService - Found APK file: /tmp/rdisk/1957/src/sample/build/outputs/apk/sample-release-unsigned.apk
