2018-04-04 05:13:47,513 INFO  DownloadService - Downloading "https://github.com/DASAR/ShiftColorPicker/archive/master.zip", attempt 3
2018-04-04 05:14:47,984 INFO  GithubDownloadService - Could not find ZIP archive for master branch
2018-04-04 05:14:48,695 INFO  GithubDownloadService - Default branch of this repository: master
2018-04-04 05:14:48,695 INFO  DownloadService - Downloading "https://github.com/DASAR/ShiftColorPicker/archive/master.zip", attempt 3
2018-04-04 05:15:49,932 DEBUG FullProcessService - Repository https://github.com/DASAR/ShiftColorPicker available: true
2018-04-04 05:15:49,932 INFO  FullProcessService - Could not download ZIP file from Github, lets clone it
2018-04-04 05:15:49,932 INFO  SysUtils - Execute command: [git, clone, -q, --single-branch, --depth, 1, https://github.com/DASAR/ShiftColorPicker, /tmp/rdisk/1882/src]
2018-04-04 05:15:53,190 INFO  SysUtils - 
2018-04-04 05:15:53,209 INFO  GitService - Deleted "/tmp/rdisk/1882/src/.git": true
2018-04-04 05:15:53,212 INFO  FullProcessService - Size of directory with sources: 255 KB
2018-04-04 05:15:53,212 INFO  SysUtils - Execute command: [git, init, /tmp/rdisk/1882/src]
2018-04-04 05:15:53,216 INFO  SysUtils - Initialized empty Git repository in /tmp/rdisk/1882/src/.git/

2018-04-04 05:15:53,219 INFO  ProjectBuildService - Gradle wrapper(s): /tmp/rdisk/1882/src/gradlew
2018-04-04 05:15:53,222 INFO  ProjectBuildService - Build script(s): /tmp/rdisk/1882/src/sample/build.gradle /tmp/rdisk/1882/src/sample2/build.gradle /tmp/rdisk/1882/src/shiftcolorpicker/build.gradle /tmp/rdisk/1882/src/build.gradle
2018-04-04 05:15:53,224 INFO  ProjectBuildService - All script(s): /tmp/rdisk/1882/src/shiftcolorpicker/build.gradle /tmp/rdisk/1882/src/settings.gradle /tmp/rdisk/1882/src/sample2/build.gradle /tmp/rdisk/1882/src/sample/build.gradle /tmp/rdisk/1882/src/build.gradle
2018-04-04 05:15:53,224 INFO  ProjectBuildService - Remote scripts: none
2018-04-04 05:15:53,225 INFO  ProjectFixService - Fixing project...
2018-04-04 05:15:53,230 INFO  LocalPropertiesFixService - Created fake /tmp/rdisk/1882/src/sample/local.properties
2018-04-04 05:15:53,231 INFO  ProjectFixService - Build info for "/tmp/rdisk/1882/src/sample/build.gradle": [buildToolsVersion=22.0.1,compileSdkVersion=22,minSdkVersion=9,targetSdkVersion=22]
2018-04-04 05:15:53,231 INFO  LocalPropertiesFixService - Created fake /tmp/rdisk/1882/src/sample2/local.properties
2018-04-04 05:15:53,231 INFO  ProjectFixService - Build info for "/tmp/rdisk/1882/src/sample2/build.gradle": [buildToolsVersion=22.0.1,compileSdkVersion=22,minSdkVersion=14,targetSdkVersion=22]
2018-04-04 05:15:53,231 INFO  LocalPropertiesFixService - Created fake /tmp/rdisk/1882/src/shiftcolorpicker/local.properties
2018-04-04 05:15:53,231 INFO  ProjectFixService - Build info for "/tmp/rdisk/1882/src/shiftcolorpicker/build.gradle": [buildToolsVersion=22.0.1,compileSdkVersion=22,minSdkVersion=9,targetSdkVersion=22]
2018-04-04 05:15:53,232 INFO  LocalPropertiesFixService - Created fake /tmp/rdisk/1882/src/local.properties
2018-04-04 05:15:53,232 INFO  WrapperPropertiesFixService - Gradle wrapper: https://services.gradle.org/distributions/gradle-2.2.1-all.zip
2018-04-04 05:15:53,232 INFO  WrapperPropertiesFixService - Gradle wrapper was changed from "-all.zip" to "-bin.zip" (https://services.gradle.org/distributions/gradle-2.2.1-bin.zip)
2018-04-04 05:15:53,232 INFO  ProjectFixService - Build info for "/tmp/rdisk/1882/src/build.gradle": [buildToolsVersion=22.0.1,compileSdkVersion=22,minSdkVersion=9,targetSdkVersion=22]
2018-04-04 05:15:53,233 INFO  ProjectFixService - Project was maybe fixed
2018-04-04 05:15:53,233 INFO  ProjectTaskService - Detecting possible tasks...
2018-04-04 05:15:53,233 INFO  SysUtils - Execute command: [/tmp/rdisk/1882/src/gradlew, -b, /tmp/rdisk/1882/src/sample/build.gradle, -Dorg.gradle.daemon=false, -Dorg.gradle.daemon.performance.enable-monitoring=false, -Dorg.gradle.configureondemand=true, tasks]
2018-04-04 05:15:53,339 ERROR ProjectTaskService - Could not detect possible Gradle tasks: Process exited with an error: 1 (Exit value: 1)
2018-04-04 05:15:53,339 INFO  ProjectTaskService - Detected possible tasks: 0
2018-04-04 05:15:53,339 INFO  ProjectTaskService - Excluded tasks (0): none
2018-04-04 05:15:53,340 INFO  SysUtils - Execute command: [/tmp/rdisk/1882/src/gradlew, -b, /tmp/rdisk/1882/src/sample/build.gradle, -Dorg.gradle.daemon=false, -Dorg.gradle.daemon.performance.enable-monitoring=false, -Dorg.gradle.configureondemand=true, --stacktrace, build]
2018-04-04 05:15:53,448 ERROR SysUtils - Could not process external command
org.apache.commons.exec.ExecuteException: Process exited with an error: 1 (Exit value: 1)
	at org.apache.commons.exec.DefaultExecutor.executeInternal(DefaultExecutor.java:404)
	at org.apache.commons.exec.DefaultExecutor.execute(DefaultExecutor.java:166)
	at com.github.vbauer.apkmaster.util.SysUtils.execute(SysUtils.java:67)
	at com.github.vbauer.apkmaster.util.SysUtils.executeSimple(SysUtils.java:43)
	at com.github.vbauer.apkmaster.service.assembly.ProjectBuildService.buildProject(ProjectBuildService.java:78)
	at com.github.vbauer.apkmaster.service.assembly.ProjectBuildService.buildProject(ProjectBuildService.java:64)
	at com.github.vbauer.apkmaster.service.assembly.ProjectBuildService.buildProject(ProjectBuildService.java:43)
	at com.github.vbauer.apkmaster.service.FullProcessService.build(FullProcessService.java:84)
	at com.github.vbauer.apkmaster.service.FullProcessService.process(FullProcessService.java:34)
	at com.github.vbauer.apkmaster.app.MainApplication.process(MainApplication.java:38)
	at com.github.vbauer.apkmaster.app.MainApplication.main(MainApplication.java:20)
	at sun.reflect.GeneratedMethodAccessor8.invoke(Unknown Source)
	at sun.reflect.DelegatingMethodAccessorImpl.invoke(DelegatingMethodAccessorImpl.java:43)
	at java.lang.reflect.Method.invoke(Method.java:498)
	at com.android.arsenal.util.ReflectionUtils.invoke(ReflectionUtils.java:42)
	at com.android.arsenal.util.ApkMasterUtils.main(ApkMasterUtils.java:30)
	at com.android.arsenal.service.processor.impl.BuildProcessorServiceImpl.buildProject(BuildProcessorServiceImpl.java:197)
	at com.android.arsenal.service.processor.impl.BuildProcessorServiceImpl.build(BuildProcessorServiceImpl.java:131)
	at com.android.arsenal.service.processor.impl.BuildProcessorServiceImpl.lambda$null$1(BuildProcessorServiceImpl.java:114)
	at java.util.concurrent.FutureTask.run(FutureTask.java:266)
	at java.util.concurrent.Executors$RunnableAdapter.call(Executors.java:511)
	at java.util.concurrent.FutureTask.run(FutureTask.java:266)
	at java.util.concurrent.ThreadPoolExecutor.runWorker(ThreadPoolExecutor.java:1149)
	at java.util.concurrent.ThreadPoolExecutor$Worker.run(ThreadPoolExecutor.java:624)
	at java.lang.Thread.run(Thread.java:748)
2018-04-04 05:15:53,448 INFO  SysUtils - Error: Could not find or load main class org.gradle.wrapper.GradleWrapperMain

2018-04-04 05:15:53,451 INFO  ProjectTaskService - Detecting possible tasks...
2018-04-04 05:15:53,452 INFO  SysUtils - Execute command: [/tmp/rdisk/1882/src/gradlew, -b, /tmp/rdisk/1882/src/sample2/build.gradle, -Dorg.gradle.daemon=false, -Dorg.gradle.daemon.performance.enable-monitoring=false, -Dorg.gradle.configureondemand=true, tasks]
2018-04-04 05:15:53,552 ERROR ProjectTaskService - Could not detect possible Gradle tasks: Process exited with an error: 1 (Exit value: 1)
2018-04-04 05:15:53,552 INFO  ProjectTaskService - Detected possible tasks: 0
2018-04-04 05:15:53,552 INFO  ProjectTaskService - Excluded tasks (0): none
2018-04-04 05:15:53,552 INFO  SysUtils - Execute command: [/tmp/rdisk/1882/src/gradlew, -b, /tmp/rdisk/1882/src/sample2/build.gradle, -Dorg.gradle.daemon=false, -Dorg.gradle.daemon.performance.enable-monitoring=false, -Dorg.gradle.configureondemand=true, --stacktrace, build]
2018-04-04 05:15:53,658 ERROR SysUtils - Could not process external command
org.apache.commons.exec.ExecuteException: Process exited with an error: 1 (Exit value: 1)
	at org.apache.commons.exec.DefaultExecutor.executeInternal(DefaultExecutor.java:404)
	at org.apache.commons.exec.DefaultExecutor.execute(DefaultExecutor.java:166)
	at com.github.vbauer.apkmaster.util.SysUtils.execute(SysUtils.java:67)
	at com.github.vbauer.apkmaster.util.SysUtils.executeSimple(SysUtils.java:43)
	at com.github.vbauer.apkmaster.service.assembly.ProjectBuildService.buildProject(ProjectBuildService.java:78)
	at com.github.vbauer.apkmaster.service.assembly.ProjectBuildService.buildProject(ProjectBuildService.java:64)
	at com.github.vbauer.apkmaster.service.assembly.ProjectBuildService.buildProject(ProjectBuildService.java:43)
	at com.github.vbauer.apkmaster.service.FullProcessService.build(FullProcessService.java:84)
	at com.github.vbauer.apkmaster.service.FullProcessService.process(FullProcessService.java:34)
	at com.github.vbauer.apkmaster.app.MainApplication.process(MainApplication.java:38)
	at com.github.vbauer.apkmaster.app.MainApplication.main(MainApplication.java:20)
	at sun.reflect.GeneratedMethodAccessor8.invoke(Unknown Source)
	at sun.reflect.DelegatingMethodAccessorImpl.invoke(DelegatingMethodAccessorImpl.java:43)
	at java.lang.reflect.Method.invoke(Method.java:498)
	at com.android.arsenal.util.ReflectionUtils.invoke(ReflectionUtils.java:42)
	at com.android.arsenal.util.ApkMasterUtils.main(ApkMasterUtils.java:30)
	at com.android.arsenal.service.processor.impl.BuildProcessorServiceImpl.buildProject(BuildProcessorServiceImpl.java:197)
	at com.android.arsenal.service.processor.impl.BuildProcessorServiceImpl.build(BuildProcessorServiceImpl.java:131)
	at com.android.arsenal.service.processor.impl.BuildProcessorServiceImpl.lambda$null$1(BuildProcessorServiceImpl.java:114)
	at java.util.concurrent.FutureTask.run(FutureTask.java:266)
	at java.util.concurrent.Executors$RunnableAdapter.call(Executors.java:511)
	at java.util.concurrent.FutureTask.run(FutureTask.java:266)
	at java.util.concurrent.ThreadPoolExecutor.runWorker(ThreadPoolExecutor.java:1149)
	at java.util.concurrent.ThreadPoolExecutor$Worker.run(ThreadPoolExecutor.java:624)
	at java.lang.Thread.run(Thread.java:748)
2018-04-04 05:15:53,658 INFO  SysUtils - Error: Could not find or load main class org.gradle.wrapper.GradleWrapperMain

2018-04-04 05:15:53,660 INFO  ProjectTaskService - Detecting possible tasks...
2018-04-04 05:15:53,660 INFO  SysUtils - Execute command: [/tmp/rdisk/1882/src/gradlew, -b, /tmp/rdisk/1882/src/shiftcolorpicker/build.gradle, -Dorg.gradle.daemon=false, -Dorg.gradle.daemon.performance.enable-monitoring=false, -Dorg.gradle.configureondemand=true, tasks]
2018-04-04 05:15:53,771 ERROR ProjectTaskService - Could not detect possible Gradle tasks: Process exited with an error: 1 (Exit value: 1)
2018-04-04 05:15:53,771 INFO  ProjectTaskService - Detected possible tasks: 0
2018-04-04 05:15:53,771 INFO  ProjectTaskService - Excluded tasks (0): none
2018-04-04 05:15:53,771 INFO  SysUtils - Execute command: [/tmp/rdisk/1882/src/gradlew, -b, /tmp/rdisk/1882/src/shiftcolorpicker/build.gradle, -Dorg.gradle.daemon=false, -Dorg.gradle.daemon.performance.enable-monitoring=false, -Dorg.gradle.configureondemand=true, --stacktrace, build]
2018-04-04 05:15:53,882 ERROR SysUtils - Could not process external command
org.apache.commons.exec.ExecuteException: Process exited with an error: 1 (Exit value: 1)
	at org.apache.commons.exec.DefaultExecutor.executeInternal(DefaultExecutor.java:404)
	at org.apache.commons.exec.DefaultExecutor.execute(DefaultExecutor.java:166)
	at com.github.vbauer.apkmaster.util.SysUtils.execute(SysUtils.java:67)
	at com.github.vbauer.apkmaster.util.SysUtils.executeSimple(SysUtils.java:43)
	at com.github.vbauer.apkmaster.service.assembly.ProjectBuildService.buildProject(ProjectBuildService.java:78)
	at com.github.vbauer.apkmaster.service.assembly.ProjectBuildService.buildProject(ProjectBuildService.java:64)
	at com.github.vbauer.apkmaster.service.assembly.ProjectBuildService.buildProject(ProjectBuildService.java:43)
	at com.github.vbauer.apkmaster.service.FullProcessService.build(FullProcessService.java:84)
	at com.github.vbauer.apkmaster.service.FullProcessService.process(FullProcessService.java:34)
	at com.github.vbauer.apkmaster.app.MainApplication.process(MainApplication.java:38)
	at com.github.vbauer.apkmaster.app.MainApplication.main(MainApplication.java:20)
	at sun.reflect.GeneratedMethodAccessor8.invoke(Unknown Source)
	at sun.reflect.DelegatingMethodAccessorImpl.invoke(DelegatingMethodAccessorImpl.java:43)
	at java.lang.reflect.Method.invoke(Method.java:498)
	at com.android.arsenal.util.ReflectionUtils.invoke(ReflectionUtils.java:42)
	at com.android.arsenal.util.ApkMasterUtils.main(ApkMasterUtils.java:30)
	at com.android.arsenal.service.processor.impl.BuildProcessorServiceImpl.buildProject(BuildProcessorServiceImpl.java:197)
	at com.android.arsenal.service.processor.impl.BuildProcessorServiceImpl.build(BuildProcessorServiceImpl.java:131)
	at com.android.arsenal.service.processor.impl.BuildProcessorServiceImpl.lambda$null$1(BuildProcessorServiceImpl.java:114)
	at java.util.concurrent.FutureTask.run(FutureTask.java:266)
	at java.util.concurrent.Executors$RunnableAdapter.call(Executors.java:511)
	at java.util.concurrent.FutureTask.run(FutureTask.java:266)
	at java.util.concurrent.ThreadPoolExecutor.runWorker(ThreadPoolExecutor.java:1149)
	at java.util.concurrent.ThreadPoolExecutor$Worker.run(ThreadPoolExecutor.java:624)
	at java.lang.Thread.run(Thread.java:748)
2018-04-04 05:15:53,883 INFO  SysUtils - Error: Could not find or load main class org.gradle.wrapper.GradleWrapperMain

2018-04-04 05:15:53,885 INFO  ProjectTaskService - Detecting possible tasks...
2018-04-04 05:15:53,885 INFO  SysUtils - Execute command: [/tmp/rdisk/1882/src/gradlew, -b, /tmp/rdisk/1882/src/build.gradle, -Dorg.gradle.daemon=false, -Dorg.gradle.daemon.performance.enable-monitoring=false, -Dorg.gradle.configureondemand=true, tasks]
2018-04-04 05:15:53,990 ERROR ProjectTaskService - Could not detect possible Gradle tasks: Process exited with an error: 1 (Exit value: 1)
2018-04-04 05:15:53,990 INFO  ProjectTaskService - Detected possible tasks: 0
2018-04-04 05:15:53,990 INFO  ProjectTaskService - Excluded tasks (0): none
2018-04-04 05:15:53,990 INFO  SysUtils - Execute command: [/tmp/rdisk/1882/src/gradlew, -b, /tmp/rdisk/1882/src/build.gradle, -Dorg.gradle.daemon=false, -Dorg.gradle.daemon.performance.enable-monitoring=false, -Dorg.gradle.configureondemand=true, --stacktrace, build]
2018-04-04 05:15:54,093 ERROR SysUtils - Could not process external command
org.apache.commons.exec.ExecuteException: Process exited with an error: 1 (Exit value: 1)
	at org.apache.commons.exec.DefaultExecutor.executeInternal(DefaultExecutor.java:404)
	at org.apache.commons.exec.DefaultExecutor.execute(DefaultExecutor.java:166)
	at com.github.vbauer.apkmaster.util.SysUtils.execute(SysUtils.java:67)
	at com.github.vbauer.apkmaster.util.SysUtils.executeSimple(SysUtils.java:43)
	at com.github.vbauer.apkmaster.service.assembly.ProjectBuildService.buildProject(ProjectBuildService.java:78)
	at com.github.vbauer.apkmaster.service.assembly.ProjectBuildService.buildProject(ProjectBuildService.java:64)
	at com.github.vbauer.apkmaster.service.assembly.ProjectBuildService.buildProject(ProjectBuildService.java:43)
	at com.github.vbauer.apkmaster.service.FullProcessService.build(FullProcessService.java:84)
	at com.github.vbauer.apkmaster.service.FullProcessService.process(FullProcessService.java:34)
	at com.github.vbauer.apkmaster.app.MainApplication.process(MainApplication.java:38)
	at com.github.vbauer.apkmaster.app.MainApplication.main(MainApplication.java:20)
	at sun.reflect.GeneratedMethodAccessor8.invoke(Unknown Source)
	at sun.reflect.DelegatingMethodAccessorImpl.invoke(DelegatingMethodAccessorImpl.java:43)
	at java.lang.reflect.Method.invoke(Method.java:498)
	at com.android.arsenal.util.ReflectionUtils.invoke(ReflectionUtils.java:42)
	at com.android.arsenal.util.ApkMasterUtils.main(ApkMasterUtils.java:30)
	at com.android.arsenal.service.processor.impl.BuildProcessorServiceImpl.buildProject(BuildProcessorServiceImpl.java:197)
	at com.android.arsenal.service.processor.impl.BuildProcessorServiceImpl.build(BuildProcessorServiceImpl.java:131)
	at com.android.arsenal.service.processor.impl.BuildProcessorServiceImpl.lambda$null$1(BuildProcessorServiceImpl.java:114)
	at java.util.concurrent.FutureTask.run(FutureTask.java:266)
	at java.util.concurrent.Executors$RunnableAdapter.call(Executors.java:511)
	at java.util.concurrent.FutureTask.run(FutureTask.java:266)
	at java.util.concurrent.ThreadPoolExecutor.runWorker(ThreadPoolExecutor.java:1149)
	at java.util.concurrent.ThreadPoolExecutor$Worker.run(ThreadPoolExecutor.java:624)
	at java.lang.Thread.run(Thread.java:748)
2018-04-04 05:15:54,093 INFO  SysUtils - Error: Could not find or load main class org.gradle.wrapper.GradleWrapperMain

2018-04-04 05:15:54,096 ERROR FullProcessService - Project build has not produced APK file
2018-04-04 05:15:54,099 ERROR FullProcessService - Could not find generated or existed APK file
